
================================================================================
NEW RUN STARTED AT 2025-06-21 08:31:25
Process ID: 49
================================================================================
08:31:25 │ INFO │ Logging system initialized successfully
08:31:27 │ INFO │ USDA carb table loaded: 303 distinct food descriptions
08:31:27 │ INFO │ Carb map initialised (303 keys)
08:31:27 │ INFO │ ✅ All sanity checks passed

================================================================================
NEW RUN STARTED AT 2025-06-21 08:31:30
Process ID: 103
================================================================================
08:31:30 │ INFO │ Logging system initialized successfully

================================================================================
NEW RUN STARTED AT 2025-06-21 08:31:30
Process ID: 152
================================================================================
08:31:30 │ INFO │ Logging system initialized successfully
08:31:31 │ INFO │ USDA carb table loaded: 303 distinct food descriptions
08:31:32 │ INFO │ Carb map initialised (303 keys)
08:31:32 │ INFO │ ✅ All sanity checks passed
08:31:32 │ INFO │ ❌ Final exception caught: cannot access local variable 'args' where it is not associated with a value
08:31:32 │ INFO │ USDA carb table loaded: 303 distinct food descriptions
08:31:32 │ INFO │ Carb map initialised (303 keys)
08:31:32 │ INFO │ ✅ All sanity checks passed

================================================================================
NEW RUN STARTED AT 2025-06-21 08:32:52
Process ID: 201
================================================================================
08:32:52 │ INFO │ Logging system initialized successfully
08:32:54 │ INFO │ USDA carb table loaded: 303 distinct food descriptions
08:32:54 │ INFO │ Carb map initialised (303 keys)
08:32:54 │ INFO │ ✅ All sanity checks passed

================================================================================
NEW RUN STARTED AT 2025-06-21 08:33:05
Process ID: 250
================================================================================
08:33:05 │ INFO │ Logging system initialized successfully
08:33:06 │ INFO │ USDA carb table loaded: 303 distinct food descriptions
08:33:06 │ INFO │ Carb map initialised (303 keys)
08:33:06 │ INFO │ ✅ All sanity checks passed
