============================================
Pipeline Run Started: יום ו 20 יונ 2025 22:16:41
============================================
[2025-06-20 22:16:41] 🛠️  Shutting down existing containers...
[2025-06-20 22:16:41] 🛠️  Building Docker images...
#1 [internal] load build definition from Dockerfile
#1 transferring dockerfile: 32B done
#1 DONE 0.0s

#2 [internal] load .dockerignore
#2 transferring context: 2B done
#2 DONE 0.0s

#3 [internal] load metadata for docker.io/library/python:3.11-slim
#3 DONE 0.8s

#4 [ 1/12] FROM docker.io/library/python:3.11-slim@sha256:9e1912aab0a30bbd9488eb79063f68f42a68ab0946cbe98fecf197fe5b085506
#4 resolve docker.io/library/python:3.11-slim@sha256:9e1912aab0a30bbd9488eb79063f68f42a68ab0946cbe98fecf197fe5b085506 done
#4 DONE 0.0s

#5 [internal] load build context
#5 transferring context: 818B done
#5 DONE 0.0s

#6 [ 7/12] RUN curl -L     https://fdc.nal.usda.gov/fdc-datasets/FoodData_Central_foundation_food_csv_2025-04-24.zip     -o /tmp/fdc.zip &&     unzip -q /tmp/fdc.zip -d /tmp &&     cp /tmp/FoodData_Central_foundation_food_csv_2025-04-24/food.csv        /tmp/FoodData_Central_foundation_food_csv_2025-04-24/food_nutrient.csv        /tmp/FoodData_Central_foundation_food_csv_2025-04-24/nutrient.csv        /app/data/usda/ &&     rm -rf /tmp/fdc.zip /tmp/FoodData_Central_foundation_food_csv_2025-04-24
#6 CACHED

#7 [10/12] RUN mkdir -p /app/pretrained_models
#7 CACHED

#8 [ 2/12] WORKDIR /app
#8 CACHED

#9 [ 4/12] RUN mkdir -p /app/data/usda
#9 CACHED

#10 [ 9/12] RUN pip install --no-cache-dir -r requirements.txt
#10 CACHED

#11 [ 3/12] RUN apt-get update &&     apt-get install -y --no-install-recommends         build-essential         curl         unzip         dos2unix &&     rm -rf /var/lib/apt/lists/*
#11 CACHED

#12 [11/12] COPY --chmod=755 . /app/
#12 CACHED

#13 [ 8/12] COPY requirements.txt .
#13 CACHED

#14 [ 5/12] RUN curl -L https://argmax.nyc3.digitaloceanspaces.com/recipes/allrecipes.parquet     -o /app/data/allrecipes.parquet
#14 CACHED

#15 [ 6/12] RUN curl -L https://argmax.nyc3.digitaloceanspaces.com/recipes/ground_truth_sample.csv     -o /app/data/ground_truth_sample.csv
#15 CACHED

#16 [12/12] RUN if [ -f "/app/pretrained_models/models.zip" ]; then         echo "🔓 Extracting pretrained models..." &&         unzip -o /app/pretrained_models/models.zip -d /app/pretrained_models &&         rm /app/pretrained_models/models.zip;     else         echo "✅ No pretrained models found, skipping extraction.";     fi
#16 CACHED

#17 exporting to image
#17 exporting layers done
#17 writing image sha256:617564112ca69b94cdfbf9aede081d9c4ab61d4ac506ee28ebfddedb92e6e555 done
#17 naming to docker.io/library/search_by_ingredients_v1t3ls0n-web done
#17 DONE 0.0s
[2025-06-20 22:16:42] 🚀 Starting services...
Network search_by_ingredients_v1t3ls0n_argmax  Creating
Network search_by_ingredients_v1t3ls0n_argmax  Created
Container search_by_ingredients_v1t3ls0n-os-1  Creating
Container search_by_ingredients_v1t3ls0n-os-1  Created
Container search_by_ingredients_v1t3ls0n-web-1  Creating
Container search_by_ingredients_v1t3ls0n-web-1  Created
Container search_by_ingredients_v1t3ls0n-os-1  Starting
Container search_by_ingredients_v1t3ls0n-os-1  Started
Container search_by_ingredients_v1t3ls0n-os-1  Waiting
Container search_by_ingredients_v1t3ls0n-os-1  Healthy
Container search_by_ingredients_v1t3ls0n-web-1  Starting
Container search_by_ingredients_v1t3ls0n-web-1  Started
[2025-06-20 22:16:54] 📋 Starting container log collection...
[2025-06-20 22:16:54] ⏳ Waiting for services to initialize...
search_by_ingredients_v1t3ls0n-web-1  | 2025-06-20T19:16:54.339552181Z dos2unix: converting file web/init.sh to Unix format...
search_by_ingredients_v1t3ls0n-web-1  | 2025-06-20T19:16:54.344939374Z 📊 Running initial indexing...
search_by_ingredients_v1t3ls0n-os-1   | 2025-06-20T19:16:43.511217278Z Disabling OpenSearch Security Plugin
search_by_ingredients_v1t3ls0n-os-1   | 2025-06-20T19:16:43.511232410Z Enabling execution of OPENSEARCH_HOME/bin/opensearch-performance-analyzer/performance-analyzer-agent-cli for OpenSearch Performance Analyzer Plugin
search_by_ingredients_v1t3ls0n-os-1   | 2025-06-20T19:16:44.534753747Z WARNING: Using incubator modules: jdk.incubator.vector
search_by_ingredients_v1t3ls0n-os-1   | 2025-06-20T19:16:44.536997133Z WARNING: Unknown module: org.apache.arrow.memory.core specified to --add-opens
search_by_ingredients_v1t3ls0n-os-1   | 2025-06-20T19:16:45.534894389Z [2025-06-20T19:16:45,533][WARN ][stderr                   ] [7f697bf4fc2b] Jun 20, 2025 7:16:45 PM org.opensearch.javaagent.bootstrap.AgentPolicy setPolicy
search_by_ingredients_v1t3ls0n-os-1   | 2025-06-20T19:16:45.534943391Z [2025-06-20T19:16:45,534][WARN ][stderr                   ] [7f697bf4fc2b] INFO: Policy attached successfully: org.opensearch.bootstrap.OpenSearchPolicy@6fd12c5
search_by_ingredients_v1t3ls0n-os-1   | 2025-06-20T19:16:45.541329853Z [2025-06-20T19:16:45,541][INFO ][o.o.n.Node               ] [7f697bf4fc2b] version[3.0.0], pid[1], build[tar/dc4efa821904cc2d7ea7ef61c0f577d3fc0d8be9/2025-05-03T06:25:26.379676844Z], OS[Linux/5.15.167.4-microsoft-standard-WSL2/amd64], JVM[Eclipse Adoptium/OpenJDK 64-Bit Server VM/21.0.7/21.0.7+6-LTS]
search_by_ingredients_v1t3ls0n-os-1   | 2025-06-20T19:16:45.541349567Z [2025-06-20T19:16:45,541][INFO ][o.o.n.Node               ] [7f697bf4fc2b] JVM home [/usr/share/opensearch/jdk], using bundled JDK/JRE [true]
search_by_ingredients_v1t3ls0n-os-1   | 2025-06-20T19:16:45.541455873Z [2025-06-20T19:16:45,541][INFO ][o.o.n.Node               ] [7f697bf4fc2b] JVM arguments [-Xshare:auto, -Dopensearch.networkaddress.cache.ttl=60, -Dopensearch.networkaddress.cache.negative.ttl=10, -XX:+AlwaysPreTouch, -Xss1m, -Djava.awt.headless=true, -Dfile.encoding=UTF-8, -Djna.nosys=true, -XX:-OmitStackTraceInFastThrow, -XX:+ShowCodeDetailsInExceptionMessages, -Dio.netty.noUnsafe=true, -Dio.netty.noKeySetOptimization=true, -Dio.netty.recycler.maxCapacityPerThread=0, -Dio.netty.allocator.numDirectArenas=0, -Dlog4j.shutdownHookEnabled=false, -Dlog4j2.disable.jmx=true, -Djava.locale.providers=SPI,CLDR, -Xms1g, -Xmx1g, -XX:+UseG1GC, -XX:G1ReservePercent=25, -XX:InitiatingHeapOccupancyPercent=30, -Djava.io.tmpdir=/tmp/opensearch-12303762493432534268, -XX:+HeapDumpOnOutOfMemoryError, -XX:HeapDumpPath=data, -XX:ErrorFile=logs/hs_err_pid%p.log, -Xlog:gc*,gc+age=trace,safepoint:file=logs/gc.log:utctime,pid,tags:filecount=32,filesize=64m, --add-modules=jdk.incubator.vector, -javaagent:agent/opensearch-agent.jar, --add-opens=java.base/java.nio=org.apache.arrow.memory.core,ALL-UNNAMED, -Dclk.tck=100, -Djdk.attach.allowAttachSelf=true, -Djava.security.policy=/usr/share/opensearch/config/opensearch-performance-analyzer/opensearch_security.policy, --add-opens=jdk.attach/sun.tools.attach=ALL-UNNAMED, -Dopensearch.cgroups.hierarchy.override=/, -Xms512m, -Xmx512m, -XX:MaxDirectMemorySize=268435456, -Dopensearch.path.home=/usr/share/opensearch, -Dopensearch.path.conf=/usr/share/opensearch/config, -Dopensearch.distribution.type=tar, -Dopensearch.bundled_jdk=true]
search_by_ingredients_v1t3ls0n-os-1   | 2025-06-20T19:16:45.627034919Z [2025-06-20T19:16:45,626][WARN ][stderr                   ] [7f697bf4fc2b] Jun 20, 2025 7:16:45 PM org.apache.lucene.internal.vectorization.PanamaVectorizationProvider <init>
search_by_ingredients_v1t3ls0n-os-1   | 2025-06-20T19:16:45.627053907Z [2025-06-20T19:16:45,626][WARN ][stderr                   ] [7f697bf4fc2b] INFO: Java vector incubator API enabled; uses preferredBitSize=256; FMA enabled
search_by_ingredients_v1t3ls0n-os-1   | 2025-06-20T19:16:46.121252543Z [2025-06-20T19:16:46,121][INFO ][o.o.s.s.t.SSLConfig      ] [7f697bf4fc2b] SSL dual mode is disabled
search_by_ingredients_v1t3ls0n-os-1   | 2025-06-20T19:16:46.121609719Z [2025-06-20T19:16:46,121][WARN ][o.o.s.OpenSearchSecurityPlugin] [7f697bf4fc2b] OpenSearch Security plugin installed but disabled. This can expose your configuration (including passwords) to the public.
search_by_ingredients_v1t3ls0n-os-1   | 2025-06-20T19:16:46.576223999Z [2025-06-20T19:16:46,576][ERROR][o.o.p.c.c.PluginSettings ] [7f697bf4fc2b] Loading config file /usr/share/opensearch/config/opensearch-performance-analyzer/performance-analyzer.properties failed with error: org.opensearch.performanceanalyzer.commons.config.ConfigFileException: java.io.FileNotFoundException: /usr/share/opensearch/config/opensearch-performance-analyzer/performance-analyzer.properties (No such file or directory). Disabling plugin.
search_by_ingredients_v1t3ls0n-os-1   | 2025-06-20T19:16:46.576363654Z [2025-06-20T19:16:46,576][INFO ][o.o.p.c.c.PluginSettings ] [7f697bf4fc2b] Config: metricsLocation: /dev/shm/performanceanalyzer/, metricsDeletionInterval: 1, httpsEnabled: false, cleanup-metrics-db-files: false, batch-metrics-retention-period-minutes: 7, rpc-port: 9650, webservice-port 9600
search_by_ingredients_v1t3ls0n-os-1   | 2025-06-20T19:16:46.695248390Z [2025-06-20T19:16:46,693][ERROR][o.o.p.c.c.StatsCollector ] [7f697bf4fc2b] Error in loading metadata for folderLocation: /usr/share/opensearch/config/opensearch-performance-analyzer/, fileLocation: plugin-stats-metadata
search_by_ingredients_v1t3ls0n-os-1   | 2025-06-20T19:16:46.695272778Z java.io.FileNotFoundException: /usr/share/opensearch/config/opensearch-performance-analyzer/plugin-stats-metadata (No such file or directory)
search_by_ingredients_v1t3ls0n-os-1   | 2025-06-20T19:16:46.695274175Z 	at java.base/java.io.FileInputStream.open0(Native Method) ~[?:?]
search_by_ingredients_v1t3ls0n-os-1   | 2025-06-20T19:16:46.695275295Z 	at java.base/java.io.FileInputStream.open(FileInputStream.java:213) ~[?:?]
search_by_ingredients_v1t3ls0n-os-1   | 2025-06-20T19:16:46.695276208Z 	at java.base/java.io.FileInputStream.<init>(FileInputStream.java:152) ~[?:?]
search_by_ingredients_v1t3ls0n-os-1   | 2025-06-20T19:16:46.695277314Z 	at java.base/java.io.FileInputStream.<init>(FileInputStream.java:106) ~[?:?]
search_by_ingredients_v1t3ls0n-os-1   | 2025-06-20T19:16:46.695278379Z 	at org.opensearch.performanceanalyzer.commons.collectors.StatsCollector.loadMetadata(StatsCollector.java:158) ~[performance-analyzer-commons-2.0.0.jar:?]
search_by_ingredients_v1t3ls0n-os-1   | 2025-06-20T19:16:46.695279351Z 	at org.opensearch.performanceanalyzer.commons.collectors.StatsCollector.instance(StatsCollector.java:73) ~[performance-analyzer-commons-2.0.0.jar:?]
search_by_ingredients_v1t3ls0n-os-1   | 2025-06-20T19:16:46.695280309Z 	at org.opensearch.performanceanalyzer.PerformanceAnalyzerPlugin.scheduleRcaCollectors(PerformanceAnalyzerPlugin.java:264) ~[opensearch-performance-analyzer-3.0.0.0.jar:3.0.0.0]
search_by_ingredients_v1t3ls0n-os-1   | 2025-06-20T19:16:46.695281275Z 	at org.opensearch.performanceanalyzer.PerformanceAnalyzerPlugin.<init>(PerformanceAnalyzerPlugin.java:213) ~[opensearch-performance-analyzer-3.0.0.0.jar:3.0.0.0]
search_by_ingredients_v1t3ls0n-os-1   | 2025-06-20T19:16:46.695282300Z 	at java.base/jdk.internal.reflect.DirectConstructorHandleAccessor.newInstance(DirectConstructorHandleAccessor.java:62) [?:?]
search_by_ingredients_v1t3ls0n-os-1   | 2025-06-20T19:16:46.695283284Z 	at java.base/java.lang.reflect.Constructor.newInstanceWithCaller(Constructor.java:502) [?:?]
search_by_ingredients_v1t3ls0n-os-1   | 2025-06-20T19:16:46.695284179Z 	at java.base/java.lang.reflect.Constructor.newInstance(Constructor.java:486) [?:?]
search_by_ingredients_v1t3ls0n-os-1   | 2025-06-20T19:16:46.695285096Z 	at org.opensearch.plugins.PluginsService.loadPlugin(PluginsService.java:840) [opensearch-3.0.0.jar:3.0.0]
search_by_ingredients_v1t3ls0n-os-1   | 2025-06-20T19:16:46.695286011Z 	at org.opensearch.plugins.PluginsService.loadBundle(PluginsService.java:788) [opensearch-3.0.0.jar:3.0.0]
search_by_ingredients_v1t3ls0n-os-1   | 2025-06-20T19:16:46.695286907Z 	at org.opensearch.plugins.PluginsService.loadBundles(PluginsService.java:582) [opensearch-3.0.0.jar:3.0.0]
search_by_ingredients_v1t3ls0n-os-1   | 2025-06-20T19:16:46.695295195Z 	at org.opensearch.plugins.PluginsService.<init>(PluginsService.java:197) [opensearch-3.0.0.jar:3.0.0]
search_by_ingredients_v1t3ls0n-os-1   | 2025-06-20T19:16:46.695296882Z 	at org.opensearch.node.Node.<init>(Node.java:533) [opensearch-3.0.0.jar:3.0.0]
search_by_ingredients_v1t3ls0n-os-1   | 2025-06-20T19:16:46.695297871Z 	at org.opensearch.node.Node.<init>(Node.java:460) [opensearch-3.0.0.jar:3.0.0]
search_by_ingredients_v1t3ls0n-os-1   | 2025-06-20T19:16:46.695298779Z 	at org.opensearch.bootstrap.Bootstrap$5.<init>(Bootstrap.java:243) [opensearch-3.0.0.jar:3.0.0]
search_by_ingredients_v1t3ls0n-os-1   | 2025-06-20T19:16:46.695299723Z 	at org.opensearch.bootstrap.Bootstrap.setup(Bootstrap.java:243) [opensearch-3.0.0.jar:3.0.0]
search_by_ingredients_v1t3ls0n-os-1   | 2025-06-20T19:16:46.695300641Z 	at org.opensearch.bootstrap.Bootstrap.init(Bootstrap.java:405) [opensearch-3.0.0.jar:3.0.0]
search_by_ingredients_v1t3ls0n-os-1   | 2025-06-20T19:16:46.695301534Z 	at org.opensearch.bootstrap.OpenSearch.init(OpenSearch.java:168) [opensearch-3.0.0.jar:3.0.0]
search_by_ingredients_v1t3ls0n-os-1   | 2025-06-20T19:16:46.695302422Z 	at org.opensearch.bootstrap.OpenSearch.execute(OpenSearch.java:159) [opensearch-3.0.0.jar:3.0.0]
search_by_ingredients_v1t3ls0n-os-1   | 2025-06-20T19:16:46.695303314Z 	at org.opensearch.common.cli.EnvironmentAwareCommand.execute(EnvironmentAwareCommand.java:110) [opensearch-3.0.0.jar:3.0.0]
search_by_ingredients_v1t3ls0n-os-1   | 2025-06-20T19:16:46.695304245Z 	at org.opensearch.cli.Command.mainWithoutErrorHandling(Command.java:138) [opensearch-cli-3.0.0.jar:3.0.0]
search_by_ingredients_v1t3ls0n-os-1   | 2025-06-20T19:16:46.695305163Z 	at org.opensearch.cli.Command.main(Command.java:101) [opensearch-cli-3.0.0.jar:3.0.0]
search_by_ingredients_v1t3ls0n-os-1   | 2025-06-20T19:16:46.695306050Z 	at org.opensearch.bootstrap.OpenSearch.main(OpenSearch.java:125) [opensearch-3.0.0.jar:3.0.0]
search_by_ingredients_v1t3ls0n-os-1   | 2025-06-20T19:16:46.695306958Z 	at org.opensearch.bootstrap.OpenSearch.main(OpenSearch.java:91) [opensearch-3.0.0.jar:3.0.0]
search_by_ingredients_v1t3ls0n-os-1   | 2025-06-20T19:16:46.696632211Z [2025-06-20T19:16:46,696][INFO ][o.o.p.c.SearchBackPressureStatsCollector] [7f697bf4fc2b] SearchBackPressureStatsCollector started
search_by_ingredients_v1t3ls0n-os-1   | 2025-06-20T19:16:46.907263928Z [2025-06-20T19:16:46,906][INFO ][o.o.i.r.ReindexModulePlugin] [7f697bf4fc2b] ReindexPlugin reloadSPI called
search_by_ingredients_v1t3ls0n-os-1   | 2025-06-20T19:16:46.907666580Z [2025-06-20T19:16:46,907][INFO ][o.o.i.r.ReindexModulePlugin] [7f697bf4fc2b] Unable to find any implementation for RemoteReindexExtension
search_by_ingredients_v1t3ls0n-os-1   | 2025-06-20T19:16:46.925119190Z [2025-06-20T19:16:46,924][INFO ][o.o.j.JobSchedulerPlugin ] [7f697bf4fc2b] Loaded scheduler extension: opensearch_time_series_analytics, index: .opendistro-anomaly-detector-jobs
search_by_ingredients_v1t3ls0n-os-1   | 2025-06-20T19:16:46.941286592Z [2025-06-20T19:16:46,941][INFO ][o.o.j.JobSchedulerPlugin ] [7f697bf4fc2b] Loaded scheduler extension: reports-scheduler, index: .opendistro-reports-definitions
search_by_ingredients_v1t3ls0n-os-1   | 2025-06-20T19:16:46.941752129Z [2025-06-20T19:16:46,941][INFO ][o.o.j.JobSchedulerPlugin ] [7f697bf4fc2b] Loaded scheduler extension: opendistro-index-management, index: .opendistro-ism-config
search_by_ingredients_v1t3ls0n-os-1   | 2025-06-20T19:16:46.942983936Z [2025-06-20T19:16:46,942][INFO ][o.o.j.JobSchedulerPlugin ] [7f697bf4fc2b] Loaded scheduler extension: checkBatchJobTaskStatus, index: .ml_commons_task_polling_job
search_by_ingredients_v1t3ls0n-os-1   | 2025-06-20T19:16:46.943515717Z [2025-06-20T19:16:46,943][INFO ][o.o.j.JobSchedulerPlugin ] [7f697bf4fc2b] Loaded scheduler extension: scheduler_geospatial_ip2geo_datasource, index: .scheduler-geospatial-ip2geo-datasource
search_by_ingredients_v1t3ls0n-os-1   | 2025-06-20T19:16:46.943862813Z [2025-06-20T19:16:46,943][INFO ][o.o.j.JobSchedulerPlugin ] [7f697bf4fc2b] Loaded scheduler extension: opensearch_sap_job, index: .opensearch-sap--job
search_by_ingredients_v1t3ls0n-os-1   | 2025-06-20T19:16:46.944533832Z [2025-06-20T19:16:46,944][INFO ][o.o.j.JobSchedulerPlugin ] [7f697bf4fc2b] Loaded scheduler extension: async-query-scheduler, index: .async-query-scheduler
search_by_ingredients_v1t3ls0n-os-1   | 2025-06-20T19:16:46.957774671Z [2025-06-20T19:16:46,957][INFO ][o.o.p.PluginsService     ] [7f697bf4fc2b] loaded module [aggs-matrix-stats]
search_by_ingredients_v1t3ls0n-os-1   | 2025-06-20T19:16:46.957792883Z [2025-06-20T19:16:46,957][INFO ][o.o.p.PluginsService     ] [7f697bf4fc2b] loaded module [analysis-common]
search_by_ingredients_v1t3ls0n-os-1   | 2025-06-20T19:16:46.957794274Z [2025-06-20T19:16:46,957][INFO ][o.o.p.PluginsService     ] [7f697bf4fc2b] loaded module [cache-common]
search_by_ingredients_v1t3ls0n-os-1   | 2025-06-20T19:16:46.957846807Z [2025-06-20T19:16:46,957][INFO ][o.o.p.PluginsService     ] [7f697bf4fc2b] loaded module [geo]
search_by_ingredients_v1t3ls0n-os-1   | 2025-06-20T19:16:46.957856780Z [2025-06-20T19:16:46,957][INFO ][o.o.p.PluginsService     ] [7f697bf4fc2b] loaded module [ingest-common]
search_by_ingredients_v1t3ls0n-os-1   | 2025-06-20T19:16:46.957977786Z [2025-06-20T19:16:46,957][INFO ][o.o.p.PluginsService     ] [7f697bf4fc2b] loaded module [ingest-geoip]
search_by_ingredients_v1t3ls0n-os-1   | 2025-06-20T19:16:46.957984769Z [2025-06-20T19:16:46,957][INFO ][o.o.p.PluginsService     ] [7f697bf4fc2b] loaded module [ingest-user-agent]
search_by_ingredients_v1t3ls0n-os-1   | 2025-06-20T19:16:46.957985917Z [2025-06-20T19:16:46,957][INFO ][o.o.p.PluginsService     ] [7f697bf4fc2b] loaded module [lang-expression]
search_by_ingredients_v1t3ls0n-os-1   | 2025-06-20T19:16:46.958010044Z [2025-06-20T19:16:46,957][INFO ][o.o.p.PluginsService     ] [7f697bf4fc2b] loaded module [lang-mustache]
search_by_ingredients_v1t3ls0n-os-1   | 2025-06-20T19:16:46.958158430Z [2025-06-20T19:16:46,957][INFO ][o.o.p.PluginsService     ] [7f697bf4fc2b] loaded module [lang-painless]
search_by_ingredients_v1t3ls0n-os-1   | 2025-06-20T19:16:46.958165578Z [2025-06-20T19:16:46,958][INFO ][o.o.p.PluginsService     ] [7f697bf4fc2b] loaded module [mapper-extras]
search_by_ingredients_v1t3ls0n-os-1   | 2025-06-20T19:16:46.958189760Z [2025-06-20T19:16:46,958][INFO ][o.o.p.PluginsService     ] [7f697bf4fc2b] loaded module [opensearch-dashboards]
search_by_ingredients_v1t3ls0n-os-1   | 2025-06-20T19:16:46.958226785Z [2025-06-20T19:16:46,958][INFO ][o.o.p.PluginsService     ] [7f697bf4fc2b] loaded module [parent-join]
search_by_ingredients_v1t3ls0n-os-1   | 2025-06-20T19:16:46.958231419Z [2025-06-20T19:16:46,958][INFO ][o.o.p.PluginsService     ] [7f697bf4fc2b] loaded module [percolator]
search_by_ingredients_v1t3ls0n-os-1   | 2025-06-20T19:16:46.958294529Z [2025-06-20T19:16:46,958][INFO ][o.o.p.PluginsService     ] [7f697bf4fc2b] loaded module [rank-eval]
search_by_ingredients_v1t3ls0n-os-1   | 2025-06-20T19:16:46.958420784Z [2025-06-20T19:16:46,958][INFO ][o.o.p.PluginsService     ] [7f697bf4fc2b] loaded module [reindex]
search_by_ingredients_v1t3ls0n-os-1   | 2025-06-20T19:16:46.958581509Z [2025-06-20T19:16:46,958][INFO ][o.o.p.PluginsService     ] [7f697bf4fc2b] loaded module [repository-url]
search_by_ingredients_v1t3ls0n-os-1   | 2025-06-20T19:16:46.958588194Z [2025-06-20T19:16:46,958][INFO ][o.o.p.PluginsService     ] [7f697bf4fc2b] loaded module [search-pipeline-common]
search_by_ingredients_v1t3ls0n-os-1   | 2025-06-20T19:16:46.958591436Z [2025-06-20T19:16:46,958][INFO ][o.o.p.PluginsService     ] [7f697bf4fc2b] loaded module [systemd]
search_by_ingredients_v1t3ls0n-os-1   | 2025-06-20T19:16:46.958660521Z [2025-06-20T19:16:46,958][INFO ][o.o.p.PluginsService     ] [7f697bf4fc2b] loaded module [transport-netty4]
search_by_ingredients_v1t3ls0n-os-1   | 2025-06-20T19:16:46.958890524Z [2025-06-20T19:16:46,958][INFO ][o.o.p.PluginsService     ] [7f697bf4fc2b] loaded plugin [opensearch-alerting]
search_by_ingredients_v1t3ls0n-os-1   | 2025-06-20T19:16:46.958904015Z [2025-06-20T19:16:46,958][INFO ][o.o.p.PluginsService     ] [7f697bf4fc2b] loaded plugin [opensearch-anomaly-detection]
search_by_ingredients_v1t3ls0n-os-1   | 2025-06-20T19:16:46.958948642Z [2025-06-20T19:16:46,958][INFO ][o.o.p.PluginsService     ] [7f697bf4fc2b] loaded plugin [opensearch-asynchronous-search]
search_by_ingredients_v1t3ls0n-os-1   | 2025-06-20T19:16:46.958991887Z [2025-06-20T19:16:46,958][INFO ][o.o.p.PluginsService     ] [7f697bf4fc2b] loaded plugin [opensearch-cross-cluster-replication]
search_by_ingredients_v1t3ls0n-os-1   | 2025-06-20T19:16:46.959019661Z [2025-06-20T19:16:46,958][INFO ][o.o.p.PluginsService     ] [7f697bf4fc2b] loaded plugin [opensearch-custom-codecs]
search_by_ingredients_v1t3ls0n-os-1   | 2025-06-20T19:16:46.959063041Z [2025-06-20T19:16:46,959][INFO ][o.o.p.PluginsService     ] [7f697bf4fc2b] loaded plugin [opensearch-flow-framework]
search_by_ingredients_v1t3ls0n-os-1   | 2025-06-20T19:16:46.959116285Z [2025-06-20T19:16:46,959][INFO ][o.o.p.PluginsService     ] [7f697bf4fc2b] loaded plugin [opensearch-geospatial]
search_by_ingredients_v1t3ls0n-os-1   | 2025-06-20T19:16:46.959141089Z [2025-06-20T19:16:46,959][INFO ][o.o.p.PluginsService     ] [7f697bf4fc2b] loaded plugin [opensearch-index-management]
search_by_ingredients_v1t3ls0n-os-1   | 2025-06-20T19:16:46.959243895Z [2025-06-20T19:16:46,959][INFO ][o.o.p.PluginsService     ] [7f697bf4fc2b] loaded plugin [opensearch-job-scheduler]
search_by_ingredients_v1t3ls0n-os-1   | 2025-06-20T19:16:46.959312089Z [2025-06-20T19:16:46,959][INFO ][o.o.p.PluginsService     ] [7f697bf4fc2b] loaded plugin [opensearch-knn]
search_by_ingredients_v1t3ls0n-os-1   | 2025-06-20T19:16:46.959357426Z [2025-06-20T19:16:46,959][INFO ][o.o.p.PluginsService     ] [7f697bf4fc2b] loaded plugin [opensearch-ltr]
search_by_ingredients_v1t3ls0n-os-1   | 2025-06-20T19:16:46.959504672Z [2025-06-20T19:16:46,959][INFO ][o.o.p.PluginsService     ] [7f697bf4fc2b] loaded plugin [opensearch-ml]
search_by_ingredients_v1t3ls0n-os-1   | 2025-06-20T19:16:46.959564022Z [2025-06-20T19:16:46,959][INFO ][o.o.p.PluginsService     ] [7f697bf4fc2b] loaded plugin [opensearch-neural-search]
search_by_ingredients_v1t3ls0n-os-1   | 2025-06-20T19:16:46.959617909Z [2025-06-20T19:16:46,959][INFO ][o.o.p.PluginsService     ] [7f697bf4fc2b] loaded plugin [opensearch-notifications]
search_by_ingredients_v1t3ls0n-os-1   | 2025-06-20T19:16:46.959625035Z [2025-06-20T19:16:46,959][INFO ][o.o.p.PluginsService     ] [7f697bf4fc2b] loaded plugin [opensearch-notifications-core]
search_by_ingredients_v1t3ls0n-os-1   | 2025-06-20T19:16:46.959676635Z [2025-06-20T19:16:46,959][INFO ][o.o.p.PluginsService     ] [7f697bf4fc2b] loaded plugin [opensearch-observability]
search_by_ingredients_v1t3ls0n-os-1   | 2025-06-20T19:16:46.959727645Z [2025-06-20T19:16:46,959][INFO ][o.o.p.PluginsService     ] [7f697bf4fc2b] loaded plugin [opensearch-performance-analyzer]
search_by_ingredients_v1t3ls0n-os-1   | 2025-06-20T19:16:46.959731697Z [2025-06-20T19:16:46,959][INFO ][o.o.p.PluginsService     ] [7f697bf4fc2b] loaded plugin [opensearch-reports-scheduler]
search_by_ingredients_v1t3ls0n-os-1   | 2025-06-20T19:16:46.959799989Z [2025-06-20T19:16:46,959][INFO ][o.o.p.PluginsService     ] [7f697bf4fc2b] loaded plugin [opensearch-security]
search_by_ingredients_v1t3ls0n-os-1   | 2025-06-20T19:16:46.959849163Z [2025-06-20T19:16:46,959][INFO ][o.o.p.PluginsService     ] [7f697bf4fc2b] loaded plugin [opensearch-security-analytics]
search_by_ingredients_v1t3ls0n-os-1   | 2025-06-20T19:16:46.959931302Z [2025-06-20T19:16:46,959][INFO ][o.o.p.PluginsService     ] [7f697bf4fc2b] loaded plugin [opensearch-skills]
search_by_ingredients_v1t3ls0n-os-1   | 2025-06-20T19:16:46.960028943Z [2025-06-20T19:16:46,959][INFO ][o.o.p.PluginsService     ] [7f697bf4fc2b] loaded plugin [opensearch-sql]
search_by_ingredients_v1t3ls0n-os-1   | 2025-06-20T19:16:46.960094230Z [2025-06-20T19:16:46,959][INFO ][o.o.p.PluginsService     ] [7f697bf4fc2b] loaded plugin [opensearch-system-templates]
search_by_ingredients_v1t3ls0n-os-1   | 2025-06-20T19:16:46.960143804Z [2025-06-20T19:16:46,960][INFO ][o.o.p.PluginsService     ] [7f697bf4fc2b] loaded plugin [query-insights]
search_by_ingredients_v1t3ls0n-os-1   | 2025-06-20T19:16:46.982728976Z [2025-06-20T19:16:46,982][WARN ][stderr                   ] [7f697bf4fc2b] WARNING: A restricted method in java.lang.foreign.Linker has been called
search_by_ingredients_v1t3ls0n-os-1   | 2025-06-20T19:16:46.982745178Z [2025-06-20T19:16:46,982][WARN ][stderr                   ] [7f697bf4fc2b] WARNING: java.lang.foreign.Linker::downcallHandle has been called by the unnamed module
search_by_ingredients_v1t3ls0n-os-1   | 2025-06-20T19:16:46.982861864Z [2025-06-20T19:16:46,982][WARN ][stderr                   ] [7f697bf4fc2b] WARNING: Use --enable-native-access=ALL-UNNAMED to avoid a warning for this module
search_by_ingredients_v1t3ls0n-os-1   | 2025-06-20T19:16:47.029962992Z [2025-06-20T19:16:47,029][INFO ][o.o.e.NodeEnvironment    ] [7f697bf4fc2b] using [1] data paths, mounts [[/usr/share/opensearch/data (/dev/sdd)]], net usable_space [214.1gb], net total_space [250.9gb], types [ext4]
search_by_ingredients_v1t3ls0n-os-1   | 2025-06-20T19:16:47.030006546Z [2025-06-20T19:16:47,029][INFO ][o.o.e.NodeEnvironment    ] [7f697bf4fc2b] heap size [512mb], compressed ordinary object pointers [true]
search_by_ingredients_v1t3ls0n-os-1   | 2025-06-20T19:16:47.096009002Z [2025-06-20T19:16:47,095][INFO ][o.o.n.Node               ] [7f697bf4fc2b] node name [7f697bf4fc2b], node ID [EyntKRspRLmKpIHnyi4NoA], cluster name [docker-cluster], roles [ingest, remote_cluster_client, data, cluster_manager]
search_by_ingredients_v1t3ls0n-os-1   | 2025-06-20T19:16:47.137054153Z [2025-06-20T19:16:47,136][INFO ][o.o.e.ExtensionsManager  ] [7f697bf4fc2b] ExtensionsManager initialized
search_by_ingredients_v1t3ls0n-os-1   | 2025-06-20T19:16:48.849927335Z [2025-06-20T19:16:48,849][WARN ][stderr                   ] [7f697bf4fc2b] SLF4J: Failed to load class "org.slf4j.impl.StaticLoggerBinder".
search_by_ingredients_v1t3ls0n-os-1   | 2025-06-20T19:16:48.849948075Z [2025-06-20T19:16:48,849][WARN ][stderr                   ] [7f697bf4fc2b] SLF4J: Defaulting to no-operation (NOP) logger implementation
search_by_ingredients_v1t3ls0n-os-1   | 2025-06-20T19:16:48.849978735Z [2025-06-20T19:16:48,849][WARN ][stderr                   ] [7f697bf4fc2b] SLF4J: See http://www.slf4j.org/codes.html#StaticLoggerBinder for further details.
search_by_ingredients_v1t3ls0n-os-1   | 2025-06-20T19:16:48.864197030Z [2025-06-20T19:16:48,864][INFO ][o.o.l.b.LTRCircuitBreakerService] [7f697bf4fc2b] Registered memory breaker.
search_by_ingredients_v1t3ls0n-os-1   | 2025-06-20T19:16:48.991491726Z [2025-06-20T19:16:48,991][INFO ][o.o.t.b.CircuitBreakerService] [7f697bf4fc2b] Registered memory breaker.
search_by_ingredients_v1t3ls0n-os-1   | 2025-06-20T19:16:49.173593616Z [2025-06-20T19:16:49,173][INFO ][o.o.r.m.c.i.SdkClientFactory] [7f697bf4fc2b] Using local opensearch cluster as metadata store.
search_by_ingredients_v1t3ls0n-os-1   | 2025-06-20T19:16:49.421449878Z [2025-06-20T19:16:49,421][INFO ][o.o.r.m.c.i.SdkClientFactory] [7f697bf4fc2b] Using local opensearch cluster as metadata store.
search_by_ingredients_v1t3ls0n-os-1   | 2025-06-20T19:16:49.433482475Z [2025-06-20T19:16:49,433][INFO ][o.o.m.b.MLCircuitBreakerService] [7f697bf4fc2b] Registered ML memory breaker.
search_by_ingredients_v1t3ls0n-os-1   | 2025-06-20T19:16:49.433899765Z [2025-06-20T19:16:49,433][INFO ][o.o.m.b.MLCircuitBreakerService] [7f697bf4fc2b] Registered ML disk breaker.
search_by_ingredients_v1t3ls0n-os-1   | 2025-06-20T19:16:49.433902976Z [2025-06-20T19:16:49,433][INFO ][o.o.m.b.MLCircuitBreakerService] [7f697bf4fc2b] Registered ML native memory breaker.
search_by_ingredients_v1t3ls0n-os-1   | 2025-06-20T19:16:49.492923177Z [2025-06-20T19:16:49,492][INFO ][o.r.Reflections          ] [7f697bf4fc2b] Reflections took 33 ms to scan 1 urls, producing 31 keys and 81 values 
search_by_ingredients_v1t3ls0n-os-1   | 2025-06-20T19:16:49.507110710Z [2025-06-20T19:16:49,506][INFO ][o.r.Reflections          ] [7f697bf4fc2b] Reflections took 1 ms to scan 1 urls, producing 3 keys and 5 values 
search_by_ingredients_v1t3ls0n-os-1   | 2025-06-20T19:16:49.625263460Z [2025-06-20T19:16:49,624][WARN ][o.o.s.p.SQLPlugin        ] [7f697bf4fc2b] Master key is a required config for using create and update datasource APIs. Please set plugins.query.datasources.encryption.masterkey config in opensearch.yml in all the cluster nodes. More details can be found here: https://github.com/opensearch-project/sql/blob/main/docs/user/ppl/admin/datasources.rst#master-key-config-for-encrypting-credential-information
search_by_ingredients_v1t3ls0n-os-1   | 2025-06-20T19:16:49.830816053Z [2025-06-20T19:16:49,830][INFO ][o.o.p.i.c.s.QueryInsightsService] [7f697bf4fc2b] Setting query insights index template priority to [1847]
search_by_ingredients_v1t3ls0n-os-1   | 2025-06-20T19:16:50.288739033Z [2025-06-20T19:16:50,288][INFO ][o.o.t.NettyAllocator     ] [7f697bf4fc2b] creating NettyAllocator with the following configs: [name=unpooled, suggested_max_allocation_size=256kb, factors={opensearch.unsafe.use_unpooled_allocator=null, g1gc_enabled=true, g1gc_region_size=1mb, heap_size=512mb}]
search_by_ingredients_v1t3ls0n-os-1   | 2025-06-20T19:16:50.372943301Z [2025-06-20T19:16:50,372][INFO ][o.o.d.DiscoveryModule    ] [7f697bf4fc2b] using discovery type [single-node] and seed hosts providers [settings]
search_by_ingredients_v1t3ls0n-os-1   | 2025-06-20T19:16:50.721042429Z [2025-06-20T19:16:50,720][WARN ][o.o.g.DanglingIndicesState] [7f697bf4fc2b] gateway.auto_import_dangling_indices is disabled, dangling indices will not be automatically detected or imported and must be managed manually
search_by_ingredients_v1t3ls0n-os-1   | 2025-06-20T19:16:51.137187439Z [2025-06-20T19:16:51,136][INFO ][o.o.p.h.c.PerformanceAnalyzerConfigAction] [7f697bf4fc2b] PerformanceAnalyzer Enabled: false
search_by_ingredients_v1t3ls0n-os-1   | 2025-06-20T19:16:51.171267318Z [2025-06-20T19:16:51,171][INFO ][o.o.n.Node               ] [7f697bf4fc2b] initialized
search_by_ingredients_v1t3ls0n-os-1   | 2025-06-20T19:16:51.171339978Z [2025-06-20T19:16:51,171][INFO ][o.o.n.Node               ] [7f697bf4fc2b] starting ...
search_by_ingredients_v1t3ls0n-os-1   | 2025-06-20T19:16:51.201309142Z [2025-06-20T19:16:51,201][INFO ][o.o.s.l.BuiltinLogTypeLoader] [7f697bf4fc2b] Loaded [windows_logtype.json] log type
search_by_ingredients_v1t3ls0n-os-1   | 2025-06-20T19:16:51.201619724Z [2025-06-20T19:16:51,201][INFO ][o.o.s.l.BuiltinLogTypeLoader] [7f697bf4fc2b] Loaded [waf_logtype.json] log type
search_by_ingredients_v1t3ls0n-os-1   | 2025-06-20T19:16:51.201776078Z [2025-06-20T19:16:51,201][INFO ][o.o.s.l.BuiltinLogTypeLoader] [7f697bf4fc2b] Loaded [vpcflow_logtype.json] log type
search_by_ingredients_v1t3ls0n-os-1   | 2025-06-20T19:16:51.201903844Z [2025-06-20T19:16:51,201][INFO ][o.o.s.l.BuiltinLogTypeLoader] [7f697bf4fc2b] Loaded [test_windows_logtype.json] log type
search_by_ingredients_v1t3ls0n-os-1   | 2025-06-20T19:16:51.202168773Z [2025-06-20T19:16:51,202][INFO ][o.o.s.l.BuiltinLogTypeLoader] [7f697bf4fc2b] Loaded [s3_logtype.json] log type
search_by_ingredients_v1t3ls0n-os-1   | 2025-06-20T19:16:51.202368861Z [2025-06-20T19:16:51,202][INFO ][o.o.s.l.BuiltinLogTypeLoader] [7f697bf4fc2b] Loaded [others_web_logtype.json] log type
search_by_ingredients_v1t3ls0n-os-1   | 2025-06-20T19:16:51.202504835Z [2025-06-20T19:16:51,202][INFO ][o.o.s.l.BuiltinLogTypeLoader] [7f697bf4fc2b] Loaded [others_proxy_logtype.json] log type
search_by_ingredients_v1t3ls0n-os-1   | 2025-06-20T19:16:51.202582010Z [2025-06-20T19:16:51,202][INFO ][o.o.s.l.BuiltinLogTypeLoader] [7f697bf4fc2b] Loaded [others_macos_logtype.json] log type
search_by_ingredients_v1t3ls0n-os-1   | 2025-06-20T19:16:51.202686058Z [2025-06-20T19:16:51,202][INFO ][o.o.s.l.BuiltinLogTypeLoader] [7f697bf4fc2b] Loaded [others_compliance_logtype.json] log type
search_by_ingredients_v1t3ls0n-os-1   | 2025-06-20T19:16:51.202853629Z [2025-06-20T19:16:51,202][INFO ][o.o.s.l.BuiltinLogTypeLoader] [7f697bf4fc2b] Loaded [others_cloud_logtype.json] log type
search_by_ingredients_v1t3ls0n-os-1   | 2025-06-20T19:16:51.202981643Z [2025-06-20T19:16:51,202][INFO ][o.o.s.l.BuiltinLogTypeLoader] [7f697bf4fc2b] Loaded [others_apt_logtype.json] log type
search_by_ingredients_v1t3ls0n-os-1   | 2025-06-20T19:16:51.203088270Z [2025-06-20T19:16:51,203][INFO ][o.o.s.l.BuiltinLogTypeLoader] [7f697bf4fc2b] Loaded [others_application_logtype.json] log type
search_by_ingredients_v1t3ls0n-os-1   | 2025-06-20T19:16:51.203191943Z [2025-06-20T19:16:51,203][INFO ][o.o.s.l.BuiltinLogTypeLoader] [7f697bf4fc2b] Loaded [okta_logtype.json] log type
search_by_ingredients_v1t3ls0n-os-1   | 2025-06-20T19:16:51.203506001Z [2025-06-20T19:16:51,203][INFO ][o.o.s.l.BuiltinLogTypeLoader] [7f697bf4fc2b] Loaded [network_logtype.json] log type
search_by_ingredients_v1t3ls0n-os-1   | 2025-06-20T19:16:51.203516251Z [2025-06-20T19:16:51,203][INFO ][o.o.s.l.BuiltinLogTypeLoader] [7f697bf4fc2b] Loaded [netflow_logtype.json] log type
search_by_ingredients_v1t3ls0n-os-1   | 2025-06-20T19:16:51.203781719Z [2025-06-20T19:16:51,203][INFO ][o.o.s.l.BuiltinLogTypeLoader] [7f697bf4fc2b] Loaded [m365_logtype.json] log type
search_by_ingredients_v1t3ls0n-os-1   | 2025-06-20T19:16:51.204021706Z [2025-06-20T19:16:51,203][INFO ][o.o.s.l.BuiltinLogTypeLoader] [7f697bf4fc2b] Loaded [linux_logtype.json] log type
search_by_ingredients_v1t3ls0n-os-1   | 2025-06-20T19:16:51.204060813Z [2025-06-20T19:16:51,203][INFO ][o.o.s.l.BuiltinLogTypeLoader] [7f697bf4fc2b] Loaded [gworkspace_logtype.json] log type
search_by_ingredients_v1t3ls0n-os-1   | 2025-06-20T19:16:51.204348291Z [2025-06-20T19:16:51,204][INFO ][o.o.s.l.BuiltinLogTypeLoader] [7f697bf4fc2b] Loaded [github_logtype.json] log type
search_by_ingredients_v1t3ls0n-os-1   | 2025-06-20T19:16:51.204633082Z [2025-06-20T19:16:51,204][INFO ][o.o.s.l.BuiltinLogTypeLoader] [7f697bf4fc2b] Loaded [dns_logtype.json] log type
search_by_ingredients_v1t3ls0n-os-1   | 2025-06-20T19:16:51.204871293Z [2025-06-20T19:16:51,204][INFO ][o.o.s.l.BuiltinLogTypeLoader] [7f697bf4fc2b] Loaded [cloudtrail_logtype.json] log type
search_by_ingredients_v1t3ls0n-os-1   | 2025-06-20T19:16:51.205198934Z [2025-06-20T19:16:51,205][INFO ][o.o.s.l.BuiltinLogTypeLoader] [7f697bf4fc2b] Loaded [azure_logtype.json] log type
search_by_ingredients_v1t3ls0n-os-1   | 2025-06-20T19:16:51.205279925Z [2025-06-20T19:16:51,205][INFO ][o.o.s.l.BuiltinLogTypeLoader] [7f697bf4fc2b] Loaded [apache_access_logtype.json] log type
search_by_ingredients_v1t3ls0n-os-1   | 2025-06-20T19:16:51.205481056Z [2025-06-20T19:16:51,205][INFO ][o.o.s.l.BuiltinLogTypeLoader] [7f697bf4fc2b] Loaded [ad_ldap_logtype.json] log type
search_by_ingredients_v1t3ls0n-os-1   | 2025-06-20T19:16:51.298303257Z [2025-06-20T19:16:51,298][INFO ][o.o.t.TransportService   ] [7f697bf4fc2b] publish_address {172.28.0.2:9300}, bound_addresses {0.0.0.0:9300}
search_by_ingredients_v1t3ls0n-os-1   | 2025-06-20T19:16:51.299243382Z [2025-06-20T19:16:51,299][INFO ][o.o.t.TransportService   ] [7f697bf4fc2b] Remote clusters initialized successfully.
search_by_ingredients_v1t3ls0n-os-1   | 2025-06-20T19:16:51.449853095Z [2025-06-20T19:16:51,449][WARN ][o.o.b.BootstrapChecks    ] [7f697bf4fc2b] max virtual memory areas vm.max_map_count [65530] is too low, increase to at least [262144]
search_by_ingredients_v1t3ls0n-os-1   | 2025-06-20T19:16:51.450448155Z [2025-06-20T19:16:51,450][INFO ][o.o.c.c.Coordinator      ] [7f697bf4fc2b] cluster UUID [T9eekrQxSg6vsmIBFQpQhA]
search_by_ingredients_v1t3ls0n-os-1   | 2025-06-20T19:16:51.546751311Z [2025-06-20T19:16:51,546][INFO ][o.o.c.s.ClusterManagerService] [7f697bf4fc2b] Tasks batched with key: org.opensearch.cluster.coordination.JoinHelper, count:3 and sample tasks: elected-as-cluster-manager ([1] nodes joined)[{7f697bf4fc2b}{EyntKRspRLmKpIHnyi4NoA}{TG3bCtb7TtycYJN3KWArHQ}{172.28.0.2}{172.28.0.2:9300}{dimr}{shard_indexing_pressure_enabled=true} elect leader, _BECOME_CLUSTER_MANAGER_TASK_, _FINISH_ELECTION_], term: 47, version: 483, delta: cluster-manager node changed {previous [], current [{7f697bf4fc2b}{EyntKRspRLmKpIHnyi4NoA}{TG3bCtb7TtycYJN3KWArHQ}{172.28.0.2}{172.28.0.2:9300}{dimr}{shard_indexing_pressure_enabled=true}]}
search_by_ingredients_v1t3ls0n-os-1   | 2025-06-20T19:16:51.576047092Z [2025-06-20T19:16:51,575][INFO ][o.o.c.s.ClusterApplierService] [7f697bf4fc2b] cluster-manager node changed {previous [], current [{7f697bf4fc2b}{EyntKRspRLmKpIHnyi4NoA}{TG3bCtb7TtycYJN3KWArHQ}{172.28.0.2}{172.28.0.2:9300}{dimr}{shard_indexing_pressure_enabled=true}]}, term: 47, version: 483, reason: Publication{term=47, version=483}
search_by_ingredients_v1t3ls0n-os-1   | 2025-06-20T19:16:51.580365346Z [2025-06-20T19:16:51,580][INFO ][o.o.t.i.IndexManagement  ] [7f697bf4fc2b] Candidate custom result indices are empty.
search_by_ingredients_v1t3ls0n-os-1   | 2025-06-20T19:16:51.580570490Z [2025-06-20T19:16:51,580][INFO ][o.o.t.i.IndexManagement  ] [7f697bf4fc2b] Candidate custom result indices are empty.
search_by_ingredients_v1t3ls0n-os-1   | 2025-06-20T19:16:51.580704062Z [2025-06-20T19:16:51,580][INFO ][o.o.t.c.ClusterEventListener] [7f697bf4fc2b] Cluster is not recovered yet.
search_by_ingredients_v1t3ls0n-os-1   | 2025-06-20T19:16:51.603704076Z [2025-06-20T19:16:51,603][INFO ][o.o.i.i.ManagedIndexCoordinator] [7f697bf4fc2b] Cache cluster manager node onClusterManager time: 1750447011603
search_by_ingredients_v1t3ls0n-os-1   | 2025-06-20T19:16:51.607936670Z [2025-06-20T19:16:51,607][WARN ][o.o.p.c.s.h.ConfigOverridesClusterSettingHandler] [7f697bf4fc2b] Config override setting update called with empty string. Ignoring.
search_by_ingredients_v1t3ls0n-os-1   | 2025-06-20T19:16:51.611635075Z [2025-06-20T19:16:51,611][INFO ][o.o.d.PeerFinder         ] [7f697bf4fc2b] setting findPeersInterval to [1s] as node commission status = [true] for local node [{7f697bf4fc2b}{EyntKRspRLmKpIHnyi4NoA}{TG3bCtb7TtycYJN3KWArHQ}{172.28.0.2}{172.28.0.2:9300}{dimr}{shard_indexing_pressure_enabled=true}]
search_by_ingredients_v1t3ls0n-os-1   | 2025-06-20T19:16:51.613564939Z [2025-06-20T19:16:51,613][WARN ][o.o.c.r.a.AllocationService] [7f697bf4fc2b] Falling back to single shard assignment since batch mode disable or multiple custom allocators set
search_by_ingredients_v1t3ls0n-os-1   | 2025-06-20T19:16:51.616022543Z [2025-06-20T19:16:51,615][INFO ][o.o.h.AbstractHttpServerTransport] [7f697bf4fc2b] publish_address {172.28.0.2:9200}, bound_addresses {0.0.0.0:9200}
search_by_ingredients_v1t3ls0n-os-1   | 2025-06-20T19:16:51.616031341Z [2025-06-20T19:16:51,615][INFO ][o.o.n.Node               ] [7f697bf4fc2b] started
search_by_ingredients_v1t3ls0n-os-1   | 2025-06-20T19:16:51.616531547Z [2025-06-20T19:16:51,616][INFO ][o.o.s.OpenSearchSecurityPlugin] [7f697bf4fc2b] 0 OpenSearch Security modules loaded so far: []
search_by_ingredients_v1t3ls0n-os-1   | 2025-06-20T19:16:51.621987697Z [2025-06-20T19:16:51,621][WARN ][o.o.c.r.a.AllocationService] [7f697bf4fc2b] Falling back to single shard assignment since batch mode disable or multiple custom allocators set
search_by_ingredients_v1t3ls0n-os-1   | 2025-06-20T19:16:51.654378005Z [2025-06-20T19:16:51,654][INFO ][o.o.t.c.HashRing         ] [7f697bf4fc2b] Node added: [EyntKRspRLmKpIHnyi4NoA]
search_by_ingredients_v1t3ls0n-os-1   | 2025-06-20T19:16:51.656529971Z [2025-06-20T19:16:51,656][INFO ][o.o.t.c.HashRing         ] [7f697bf4fc2b] Add data node to version hash ring: EyntKRspRLmKpIHnyi4NoA
search_by_ingredients_v1t3ls0n-os-1   | 2025-06-20T19:16:51.657571772Z [2025-06-20T19:16:51,657][INFO ][o.o.t.c.HashRing         ] [7f697bf4fc2b] All nodes with known version: {EyntKRspRLmKpIHnyi4NoA=ADNodeInfo{version=3.0.0, isEligibleDataNode=true}}
search_by_ingredients_v1t3ls0n-os-1   | 2025-06-20T19:16:51.657582171Z [2025-06-20T19:16:51,657][INFO ][o.o.t.c.HashRing         ] [7f697bf4fc2b] Rebuild hash ring for realtime with cooldown, nodeChangeEvents size 0
search_by_ingredients_v1t3ls0n-os-1   | 2025-06-20T19:16:51.657584890Z [2025-06-20T19:16:51,657][INFO ][o.o.t.c.HashRing         ] [7f697bf4fc2b] Build version hash ring successfully
search_by_ingredients_v1t3ls0n-os-1   | 2025-06-20T19:16:51.657923717Z [2025-06-20T19:16:51,657][INFO ][o.o.t.c.ADDataMigrator   ] [7f697bf4fc2b] Start migrating AD data
search_by_ingredients_v1t3ls0n-os-1   | 2025-06-20T19:16:51.657938119Z [2025-06-20T19:16:51,657][INFO ][o.o.t.c.ADDataMigrator   ] [7f697bf4fc2b] AD job index doesn't exist, no need to migrate
search_by_ingredients_v1t3ls0n-os-1   | 2025-06-20T19:16:51.658010911Z [2025-06-20T19:16:51,657][INFO ][o.o.t.c.ClusterEventListener] [7f697bf4fc2b] Init version hash ring successfully
search_by_ingredients_v1t3ls0n-os-1   | 2025-06-20T19:16:51.668271160Z [2025-06-20T19:16:51,668][INFO ][o.o.c.s.ClusterManagerTaskThrottler] [7f697bf4fc2b] Starting cluster manager throttling as all nodes are higher than or equal to 2.5.0
search_by_ingredients_v1t3ls0n-os-1   | 2025-06-20T19:16:51.668889114Z [2025-06-20T19:16:51,668][INFO ][o.o.g.GatewayService     ] [7f697bf4fc2b] recovered [10] indices into cluster_state
search_by_ingredients_v1t3ls0n-os-1   | 2025-06-20T19:16:51.669859892Z [2025-06-20T19:16:51,669][INFO ][o.o.s.l.LogTypeService   ] [7f697bf4fc2b] Loading builtin types!
search_by_ingredients_v1t3ls0n-os-1   | 2025-06-20T19:16:51.671556398Z [2025-06-20T19:16:51,671][INFO ][o.o.s.l.LogTypeService   ] [7f697bf4fc2b] Indexing [432] fieldMappingDocs from logTypes: 24
search_by_ingredients_v1t3ls0n-os-1   | 2025-06-20T19:16:51.685088606Z [2025-06-20T19:16:51,684][WARN ][o.o.c.r.a.AllocationService] [7f697bf4fc2b] Falling back to single shard assignment since batch mode disable or multiple custom allocators set
search_by_ingredients_v1t3ls0n-os-1   | 2025-06-20T19:16:51.689038014Z [2025-06-20T19:16:51,688][WARN ][o.o.s.SecurityAnalyticsPlugin] [7f697bf4fc2b] Failed to initialize LogType config index and builtin log types
search_by_ingredients_v1t3ls0n-os-1   | 2025-06-20T19:16:51.757340160Z [2025-06-20T19:16:51,757][INFO ][o.o.p.PluginsService     ] [7f697bf4fc2b] PluginService:onIndexModule index:[top_queries-2025.06.13-11037/bKInP0JWTgyPBEQklRVMaw]
search_by_ingredients_v1t3ls0n-os-1   | 2025-06-20T19:16:51.825473925Z [2025-06-20T19:16:51,825][INFO ][o.o.p.PluginsService     ] [7f697bf4fc2b] PluginService:onIndexModule index:[top_queries-2025.06.14-11038/44-ttSaXQs68W4meuWkunA]
search_by_ingredients_v1t3ls0n-os-1   | 2025-06-20T19:16:51.834438436Z [2025-06-20T19:16:51,834][INFO ][o.o.p.PluginsService     ] [7f697bf4fc2b] PluginService:onIndexModule index:[top_queries-2025.06.20-11065/91OY2F5EQTma_9SlZeRn1g]
search_by_ingredients_v1t3ls0n-os-1   | 2025-06-20T19:16:51.841327475Z [2025-06-20T19:16:51,841][INFO ][o.o.p.PluginsService     ] [7f697bf4fc2b] PluginService:onIndexModule index:[.plugins-ml-config/u5LjUPifRwy-d1SFFP0YHg]
search_by_ingredients_v1t3ls0n-os-1   | 2025-06-20T19:16:51.997756952Z [2025-06-20T19:16:51,997][WARN ][o.o.c.r.a.AllocationService] [7f697bf4fc2b] Falling back to single shard assignment since batch mode disable or multiple custom allocators set
search_by_ingredients_v1t3ls0n-os-1   | 2025-06-20T19:16:52.025451304Z [2025-06-20T19:16:52,025][INFO ][o.o.p.PluginsService     ] [7f697bf4fc2b] PluginService:onIndexModule index:[top_queries-2025.06.10-11034/32JLoxNlSKmnAoo-UytgOA]
search_by_ingredients_v1t3ls0n-os-1   | 2025-06-20T19:16:52.031459029Z [2025-06-20T19:16:52,031][INFO ][o.o.p.PluginsService     ] [7f697bf4fc2b] PluginService:onIndexModule index:[top_queries-2025.06.11-11035/68bATnXhQsGivvg36D6fRA]
search_by_ingredients_v1t3ls0n-os-1   | 2025-06-20T19:16:52.037967425Z [2025-06-20T19:16:52,037][INFO ][o.o.p.PluginsService     ] [7f697bf4fc2b] PluginService:onIndexModule index:[ingredients/Lz1bvnphRUOAQkVVDeF7sA]
search_by_ingredients_v1t3ls0n-os-1   | 2025-06-20T19:16:52.040144468Z [2025-06-20T19:16:52,039][INFO ][o.o.p.PluginsService     ] [7f697bf4fc2b] PluginService:onIndexModule index:[top_queries-2025.06.12-11036/OGcCwmmGTZ2TjtwnJmrFmQ]
search_by_ingredients_v1t3ls0n-os-1   | 2025-06-20T19:16:52.116889621Z [2025-06-20T19:16:52,116][WARN ][o.o.c.r.a.AllocationService] [7f697bf4fc2b] Falling back to single shard assignment since batch mode disable or multiple custom allocators set
search_by_ingredients_v1t3ls0n-os-1   | 2025-06-20T19:16:52.133537644Z [2025-06-20T19:16:52,133][INFO ][o.o.p.PluginsService     ] [7f697bf4fc2b] PluginService:onIndexModule index:[.opensearch-sap-log-types-config/kISrNAR0S4W7fab9CCGGxg]
search_by_ingredients_v1t3ls0n-os-1   | 2025-06-20T19:16:52.139519647Z [2025-06-20T19:16:52,139][INFO ][o.o.p.PluginsService     ] [7f697bf4fc2b] PluginService:onIndexModule index:[recipes/hGEVpajpQMCvlpK5sNw6ug]
search_by_ingredients_v1t3ls0n-os-1   | 2025-06-20T19:16:52.194687826Z [2025-06-20T19:16:52,194][INFO ][o.o.c.r.a.AllocationService] [7f697bf4fc2b] Cluster health status changed from [RED] to [YELLOW] (reason: [shards started [[.opensearch-sap-log-types-config][0]]]).
search_by_ingredients_v1t3ls0n-os-1   | 2025-06-20T19:16:52.217775751Z [2025-06-20T19:16:52,217][WARN ][o.o.c.r.a.AllocationService] [7f697bf4fc2b] Falling back to single shard assignment since batch mode disable or multiple custom allocators set
search_by_ingredients_v1t3ls0n-os-1   | 2025-06-20T19:16:52.610168955Z [2025-06-20T19:16:52,609][INFO ][o.o.s.l.LogTypeService   ] [7f697bf4fc2b] Loading builtin types!
search_by_ingredients_v1t3ls0n-os-1   | 2025-06-20T19:16:52.610912212Z [2025-06-20T19:16:52,610][INFO ][o.o.s.l.LogTypeService   ] [7f697bf4fc2b] Indexing [432] fieldMappingDocs from logTypes: 24
search_by_ingredients_v1t3ls0n-os-1   | 2025-06-20T19:16:52.619221044Z [2025-06-20T19:16:52,619][INFO ][o.o.s.l.LogTypeService   ] [7f697bf4fc2b] Loading builtin types!
search_by_ingredients_v1t3ls0n-os-1   | 2025-06-20T19:16:52.619498148Z [2025-06-20T19:16:52,619][INFO ][o.o.s.l.LogTypeService   ] [7f697bf4fc2b] Indexing [432] fieldMappingDocs from logTypes: 24
search_by_ingredients_v1t3ls0n-os-1   | 2025-06-20T19:16:52.620604639Z [2025-06-20T19:16:52,620][INFO ][o.o.s.i.DetectorIndexManagementService] [7f697bf4fc2b] info deleteOldIndices
search_by_ingredients_v1t3ls0n-os-1   | 2025-06-20T19:16:52.622152027Z [2025-06-20T19:16:52,622][INFO ][o.o.s.i.DetectorIndexManagementService] [7f697bf4fc2b] No Old Correlation Indices to delete
search_by_ingredients_v1t3ls0n-os-1   | 2025-06-20T19:16:52.622555399Z [2025-06-20T19:16:52,622][INFO ][o.o.s.i.DetectorIndexManagementService] [7f697bf4fc2b] info deleteOldIndices
search_by_ingredients_v1t3ls0n-os-1   | 2025-06-20T19:16:52.622763518Z [2025-06-20T19:16:52,622][INFO ][o.o.s.i.DetectorIndexManagementService] [7f697bf4fc2b] No Old IOC Findings Indices to delete
search_by_ingredients_v1t3ls0n-os-1   | 2025-06-20T19:16:52.722188104Z [2025-06-20T19:16:52,721][INFO ][o.o.s.l.LogTypeService   ] [7f697bf4fc2b] Indexing [432] fieldMappingDocs
search_by_ingredients_v1t3ls0n-os-1   | 2025-06-20T19:16:52.723289289Z [2025-06-20T19:16:52,722][INFO ][o.o.s.l.LogTypeService   ] [7f697bf4fc2b] Indexing [432] fieldMappingDocs
search_by_ingredients_v1t3ls0n-os-1   | 2025-06-20T19:16:52.941449278Z [2025-06-20T19:16:52,941][INFO ][o.o.s.l.LogTypeService   ] [7f697bf4fc2b] Loaded [432] field mapping docs successfully!
search_by_ingredients_v1t3ls0n-os-1   | 2025-06-20T19:16:52.943054735Z [2025-06-20T19:16:52,942][INFO ][o.o.s.l.LogTypeService   ] [7f697bf4fc2b] Loaded [432] field mapping docs successfully!
search_by_ingredients_v1t3ls0n-os-1   | 2025-06-20T19:16:52.949610723Z [2025-06-20T19:16:52,949][INFO ][o.o.s.l.LogTypeService   ] [7f697bf4fc2b] Indexing [23] customLogTypes
search_by_ingredients_v1t3ls0n-os-1   | 2025-06-20T19:16:52.955269410Z [2025-06-20T19:16:52,954][INFO ][o.o.s.l.LogTypeService   ] [7f697bf4fc2b] Indexing [23] customLogTypes
search_by_ingredients_v1t3ls0n-os-1   | 2025-06-20T19:16:52.977784684Z [2025-06-20T19:16:52,977][INFO ][o.o.s.l.LogTypeService   ] [7f697bf4fc2b] Loaded [23] customLogType docs successfully!
search_by_ingredients_v1t3ls0n-os-1   | 2025-06-20T19:16:52.989064478Z [2025-06-20T19:16:52,988][INFO ][o.o.s.l.LogTypeService   ] [7f697bf4fc2b] Loaded [23] customLogType docs successfully!
search_by_ingredients_v1t3ls0n-os-1   | 2025-06-20T19:16:53.034171035Z [2025-06-20T19:16:53,033][INFO ][o.o.s.i.DetectorIndexManagementService] [7f697bf4fc2b] info deleteOldIndices
search_by_ingredients_v1t3ls0n-os-1   | 2025-06-20T19:16:53.034201931Z [2025-06-20T19:16:53,033][INFO ][o.o.s.i.DetectorIndexManagementService] [7f697bf4fc2b] info deleteOldIndices
search_by_ingredients_v1t3ls0n-os-1   | 2025-06-20T19:16:53.034386879Z [2025-06-20T19:16:53,034][INFO ][o.o.s.i.DetectorIndexManagementService] [7f697bf4fc2b] No Old Alert Indices to delete
search_by_ingredients_v1t3ls0n-os-1   | 2025-06-20T19:16:53.034400240Z [2025-06-20T19:16:53,034][INFO ][o.o.s.i.DetectorIndexManagementService] [7f697bf4fc2b] No Old Finding Indices to delete
search_by_ingredients_v1t3ls0n-web-1  | 2025-06-20T19:16:54.729638715Z INFO:__main__:Found existing data: 225602 recipes and 246351 ingredients
search_by_ingredients_v1t3ls0n-web-1  | 2025-06-20T19:16:54.729671625Z INFO:__main__:Data already exists in OpenSearch, skipping indexing
search_by_ingredients_v1t3ls0n-web-1  | 2025-06-20T19:16:54.779800415Z ✅ Indexing completed
search_by_ingredients_v1t3ls0n-web-1  | 2025-06-20T19:16:54.780190907Z 🚀 Launching Flask app...
search_by_ingredients_v1t3ls0n-web-1  | 2025-06-20T19:16:54.971975324Z Traceback (most recent call last):
search_by_ingredients_v1t3ls0n-web-1  | 2025-06-20T19:16:54.972008654Z   File "/app/web/app.py", line 4, in <module>
search_by_ingredients_v1t3ls0n-web-1  | 2025-06-20T19:16:54.972822721Z     from diet_classifiers import is_keto, is_vegan
search_by_ingredients_v1t3ls0n-web-1  | 2025-06-20T19:16:54.972835680Z   File "/app/web/diet_classifiers.py", line 96
search_by_ingredients_v1t3ls0n-web-1  | 2025-06-20T19:16:54.972837501Z     from __future__ import annotations
search_by_ingredients_v1t3ls0n-web-1  | 2025-06-20T19:16:54.972838531Z     ^^^^^^^^^^^^^^^^^^^^^^^^^^^^^^^^^^
search_by_ingredients_v1t3ls0n-web-1  | 2025-06-20T19:16:54.972839657Z SyntaxError: from __future__ imports must occur at the beginning of the file
search_by_ingredients_v1t3ls0n-web-1 exited with code 1
search_by_ingredients_v1t3ls0n-os-1   | 2025-06-20T19:17:01.607428230Z [2025-06-20T19:17:01,606][INFO ][o.o.m.a.MLModelAutoReDeployer] [7f697bf4fc2b] Index not found, not performing auto reloading!
search_by_ingredients_v1t3ls0n-os-1   | 2025-06-20T19:17:01.607477803Z [2025-06-20T19:17:01,607][INFO ][o.o.m.c.MLCommonsClusterManagerEventListener] [7f697bf4fc2b] Starting ML sync up job...
search_by_ingredients_v1t3ls0n-os-1   | 2025-06-20T19:17:11.620085135Z [2025-06-20T19:17:11,619][INFO ][o.o.m.c.MLSyncUpCron     ] [7f697bf4fc2b] Skipping sync up job - ML model index not found
search_by_ingredients_v1t3ls0n-os-1   | 2025-06-20T19:17:11.621238038Z [2025-06-20T19:17:11,620][INFO ][o.o.m.c.MLSyncUpCron     ] [7f697bf4fc2b] ML configuration already initialized, no action needed
search_by_ingredients_v1t3ls0n-os-1   | 2025-06-20T19:17:16.219537485Z [2025-06-20T19:17:16,219][INFO ][o.o.n.Node               ] [7f697bf4fc2b] stopping ...
search_by_ingredients_v1t3ls0n-os-1   | 2025-06-20T19:17:16.246305576Z [2025-06-20T19:17:16,246][INFO ][o.o.n.Node               ] [7f697bf4fc2b] stopped
search_by_ingredients_v1t3ls0n-os-1   | 2025-06-20T19:17:16.246341196Z [2025-06-20T19:17:16,246][INFO ][o.o.n.Node               ] [7f697bf4fc2b] closing ...
search_by_ingredients_v1t3ls0n-os-1   | 2025-06-20T19:17:16.250851544Z [2025-06-20T19:17:16,250][INFO ][o.o.n.Node               ] [7f697bf4fc2b] closed
search_by_ingredients_v1t3ls0n-os-1 exited with code 143
