============================================
Pipeline Run Started: ×©×‘×ª 21 ×™×•×  2025 10:36:38
Configuration:
  - Sample Fraction: 1.0
  - Force Recompute: No
============================================
[2025-06-21 10:36:38] ðŸ› ï¸  Building Docker images...
#1 [internal] load .dockerignore
#1 transferring context: 2B done
#1 DONE 0.0s

#2 [internal] load build definition from Dockerfile
#2 transferring dockerfile: 32B done
#2 DONE 0.1s

#3 [internal] load metadata for docker.io/library/python:3.11-slim
#3 DONE 0.8s

#4 [ 1/12] FROM docker.io/library/python:3.11-slim@sha256:9e1912aab0a30bbd9488eb79063f68f42a68ab0946cbe98fecf197fe5b085506
#4 resolve docker.io/library/python:3.11-slim@sha256:9e1912aab0a30bbd9488eb79063f68f42a68ab0946cbe98fecf197fe5b085506 done
#4 DONE 0.0s

#5 [internal] load build context
#5 transferring context: 414B done
#5 DONE 0.0s

#6 [ 8/12] COPY requirements.txt .
#6 CACHED

#7 [ 7/12] RUN curl -L     https://fdc.nal.usda.gov/fdc-datasets/FoodData_Central_foundation_food_csv_2025-04-24.zip     -o /tmp/fdc.zip &&     unzip -q /tmp/fdc.zip -d /tmp &&     cp /tmp/FoodData_Central_foundation_food_csv_2025-04-24/food.csv        /tmp/FoodData_Central_foundation_food_csv_2025-04-24/food_nutrient.csv        /tmp/FoodData_Central_foundation_food_csv_2025-04-24/nutrient.csv        /app/data/usda/ &&     rm -rf /tmp/fdc.zip /tmp/FoodData_Central_foundation_food_csv_2025-04-24
#7 CACHED

#8 [ 5/12] RUN curl -L https://argmax.nyc3.digitaloceanspaces.com/recipes/allrecipes.parquet     -o /app/data/allrecipes.parquet
#8 CACHED

#9 [11/12] COPY --chmod=755 . /app/
#9 CACHED

#10 [ 2/12] WORKDIR /app
#10 CACHED

#11 [ 9/12] RUN pip install --no-cache-dir -r requirements.txt
#11 CACHED

#12 [ 6/12] RUN curl -L https://argmax.nyc3.digitaloceanspaces.com/recipes/ground_truth_sample.csv     -o /app/data/ground_truth_sample.csv
#12 CACHED

#13 [ 3/12] RUN apt-get update &&     apt-get install -y --no-install-recommends         build-essential         curl         unzip         dos2unix &&     rm -rf /var/lib/apt/lists/*
#13 CACHED

#14 [ 4/12] RUN mkdir -p /app/data/usda
#14 CACHED

#15 [10/12] RUN mkdir -p /app/pretrained_models
#15 CACHED

#16 [12/12] RUN if [ -f "/app/pretrained_models/models.zip" ]; then         echo "ðŸ”“ Extracting pretrained models..." &&         unzip -o /app/pretrained_models/models.zip -d /app/pretrained_models &&         rm /app/pretrained_models/models.zip;     else         echo "âœ… No pretrained models found, skipping extraction.";     fi
#16 CACHED

#17 exporting to image
#17 exporting layers done
#17 writing image sha256:2b39f8a1960c2f676e09f5d8364280818156cb719ba6220216b8365d9091daad done
#17 naming to docker.io/library/search_by_ingredients_v1t3ls0n-web done
#17 DONE 0.0s
[2025-06-21 10:36:39] ðŸš€ Starting services...
os Pulling 
1c3112c87ab2 Pulling fs layer 
ff4865a50634 Pulling fs layer 
7d604cfa63b2 Pulling fs layer 
2315e093daf2 Pulling fs layer 
4f4fb700ef54 Pulling fs layer 
77ca5659ae40 Pulling fs layer 
c60d2de8f758 Pulling fs layer 
2315e093daf2 Waiting 
4f4fb700ef54 Waiting 
77ca5659ae40 Waiting 
c60d2de8f758 Waiting 
7d604cfa63b2 Downloading [=============================>                     ]     934B/1.558kB
7d604cfa63b2 Downloading [==================================================>]  1.558kB/1.558kB
7d604cfa63b2 Verifying Checksum 
7d604cfa63b2 Download complete 
1c3112c87ab2 Downloading [>                                                  ]  527.8kB/53.88MB
1c3112c87ab2 Downloading [>                                                  ]  1.068MB/53.88MB
1c3112c87ab2 Downloading [=>                                                 ]  1.609MB/53.88MB
1c3112c87ab2 Downloading [=>                                                 ]   2.15MB/53.88MB
1c3112c87ab2 Downloading [==>                                                ]  2.677MB/53.88MB
1c3112c87ab2 Downloading [==>                                                ]  3.214MB/53.88MB
1c3112c87ab2 Downloading [===>                                               ]  3.754MB/53.88MB
1c3112c87ab2 Downloading [===>                                               ]  4.287MB/53.88MB
2315e093daf2 Downloading [>                                                  ]  540.1kB/982.7MB
1c3112c87ab2 Downloading [====>                                              ]  4.828MB/53.88MB
2315e093daf2 Downloading [>                                                  ]  1.081MB/982.7MB
2315e093daf2 Downloading [>                                                  ]  1.612MB/982.7MB
1c3112c87ab2 Downloading [====>                                              ]  5.368MB/53.88MB
ff4865a50634 Downloading  540.1kB
2315e093daf2 Downloading [>                                                  ]  2.145MB/982.7MB
2315e093daf2 Downloading [>                                                  ]  2.673MB/982.7MB
ff4865a50634 Downloading  1.073MB
1c3112c87ab2 Downloading [=====>                                             ]  5.901MB/53.88MB
ff4865a50634 Downloading  1.613MB
2315e093daf2 Downloading [>                                                  ]   3.21MB/982.7MB
ff4865a50634 Downloading  2.154MB
2315e093daf2 Downloading [>                                                  ]  3.738MB/982.7MB
2315e093daf2 Downloading [>                                                  ]  4.271MB/982.7MB
ff4865a50634 Downloading  2.695MB
2315e093daf2 Downloading [>                                                  ]  4.799MB/982.7MB
1c3112c87ab2 Downloading [=====>                                             ]  6.441MB/53.88MB
ff4865a50634 Downloading  3.234MB
2315e093daf2 Downloading [>                                                  ]  5.327MB/982.7MB
2315e093daf2 Downloading [>                                                  ]  5.864MB/982.7MB
ff4865a50634 Downloading  3.775MB
ff4865a50634 Downloading  4.303MB
2315e093daf2 Downloading [>                                                  ]  6.392MB/982.7MB
ff4865a50634 Verifying Checksum 
ff4865a50634 Download complete 
2315e093daf2 Downloading [>                                                  ]  6.925MB/982.7MB
1c3112c87ab2 Downloading [======>                                            ]  6.974MB/53.88MB
4f4fb700ef54 Downloading [==================================================>]      32B/32B
4f4fb700ef54 Verifying Checksum 
4f4fb700ef54 Download complete 
2315e093daf2 Downloading [>                                                  ]  7.457MB/982.7MB
2315e093daf2 Downloading [>                                                  ]  7.998MB/982.7MB
2315e093daf2 Downloading [>                                                  ]  8.539MB/982.7MB
77ca5659ae40 Downloading [==================================================>]     228B/228B
77ca5659ae40 Verifying Checksum 
77ca5659ae40 Download complete 
2315e093daf2 Downloading [>                                                  ]  9.079MB/982.7MB
1c3112c87ab2 Downloading [======>                                            ]  7.506MB/53.88MB
2315e093daf2 Downloading [>                                                  ]  9.612MB/982.7MB
c60d2de8f758 Downloading [========================>                          ]     933B/1.882kB
c60d2de8f758 Downloading [==================================================>]  1.882kB/1.882kB
c60d2de8f758 Verifying Checksum 
c60d2de8f758 Download complete 
2315e093daf2 Downloading [>                                                  ]  10.15MB/982.7MB
2315e093daf2 Downloading [>                                                  ]  10.69MB/982.7MB
2315e093daf2 Downloading [>                                                  ]  11.23MB/982.7MB
2315e093daf2 Downloading [>                                                  ]  11.77MB/982.7MB
2315e093daf2 Downloading [>                                                  ]  12.31MB/982.7MB
1c3112c87ab2 Downloading [=======>                                           ]  8.039MB/53.88MB
2315e093daf2 Downloading [>                                                  ]  12.85MB/982.7MB
2315e093daf2 Downloading [>                                                  ]  13.38MB/982.7MB
2315e093daf2 Downloading [>                                                  ]  13.92MB/982.7MB
2315e093daf2 Downloading [>                                                  ]  14.46MB/982.7MB
2315e093daf2 Downloading [>                                                  ]  14.99MB/982.7MB
2315e093daf2 Downloading [>                                                  ]  15.53MB/982.7MB
2315e093daf2 Downloading [>                                                  ]  16.07MB/982.7MB
2315e093daf2 Downloading [>                                                  ]  16.61MB/982.7MB
2315e093daf2 Downloading [>                                                  ]  17.15MB/982.7MB
2315e093daf2 Downloading [>                                                  ]  17.69MB/982.7MB
1c3112c87ab2 Downloading [=======>                                           ]   8.58MB/53.88MB
2315e093daf2 Downloading [>                                                  ]  18.23MB/982.7MB
2315e093daf2 Downloading [>                                                  ]  18.77MB/982.7MB
2315e093daf2 Downloading [>                                                  ]  19.31MB/982.7MB
2315e093daf2 Downloading [=>                                                 ]  19.84MB/982.7MB
2315e093daf2 Downloading [=>                                                 ]  20.38MB/982.7MB
2315e093daf2 Downloading [=>                                                 ]  20.92MB/982.7MB
2315e093daf2 Downloading [=>                                                 ]  21.46MB/982.7MB
2315e093daf2 Downloading [=>                                                 ]     22MB/982.7MB
1c3112c87ab2 Downloading [========>                                          ]  9.116MB/53.88MB
2315e093daf2 Downloading [=>                                                 ]  22.53MB/982.7MB
2315e093daf2 Downloading [=>                                                 ]  23.07MB/982.7MB
2315e093daf2 Downloading [=>                                                 ]   23.6MB/982.7MB
2315e093daf2 Downloading [=>                                                 ]  24.13MB/982.7MB
2315e093daf2 Downloading [=>                                                 ]  24.67MB/982.7MB
2315e093daf2 Downloading [=>                                                 ]  25.21MB/982.7MB
2315e093daf2 Downloading [=>                                                 ]  25.73MB/982.7MB
2315e093daf2 Downloading [=>                                                 ]  26.27MB/982.7MB
1c3112c87ab2 Downloading [========>                                          ]  9.653MB/53.88MB
2315e093daf2 Downloading [=>                                                 ]   26.8MB/982.7MB
2315e093daf2 Downloading [=>                                                 ]  27.34MB/982.7MB
2315e093daf2 Downloading [=>                                                 ]  27.88MB/982.7MB
2315e093daf2 Downloading [=>                                                 ]  28.42MB/982.7MB
2315e093daf2 Downloading [=>                                                 ]  28.96MB/982.7MB
2315e093daf2 Downloading [=>                                                 ]   29.5MB/982.7MB
2315e093daf2 Downloading [=>                                                 ]  30.03MB/982.7MB
2315e093daf2 Downloading [=>                                                 ]  30.56MB/982.7MB
2315e093daf2 Downloading [=>                                                 ]   31.1MB/982.7MB
2315e093daf2 Downloading [=>                                                 ]  31.64MB/982.7MB
2315e093daf2 Downloading [=>                                                 ]  32.18MB/982.7MB
1c3112c87ab2 Downloading [=========>                                         ]  10.19MB/53.88MB
2315e093daf2 Downloading [=>                                                 ]  32.72MB/982.7MB
2315e093daf2 Downloading [=>                                                 ]  33.25MB/982.7MB
2315e093daf2 Downloading [=>                                                 ]  33.77MB/982.7MB
2315e093daf2 Downloading [=>                                                 ]   34.3MB/982.7MB
2315e093daf2 Downloading [=>                                                 ]  34.83MB/982.7MB
2315e093daf2 Downloading [=>                                                 ]  35.37MB/982.7MB
2315e093daf2 Downloading [=>                                                 ]   35.9MB/982.7MB
2315e093daf2 Downloading [=>                                                 ]  36.43MB/982.7MB
1c3112c87ab2 Downloading [=========>                                         ]  10.73MB/53.88MB
2315e093daf2 Downloading [=>                                                 ]  36.96MB/982.7MB
2315e093daf2 Downloading [=>                                                 ]   37.5MB/982.7MB
2315e093daf2 Downloading [=>                                                 ]  38.03MB/982.7MB
2315e093daf2 Downloading [=>                                                 ]  38.57MB/982.7MB
2315e093daf2 Downloading [=>                                                 ]  39.11MB/982.7MB
2315e093daf2 Downloading [==>                                                ]  39.65MB/982.7MB
2315e093daf2 Downloading [==>                                                ]  40.19MB/982.7MB
2315e093daf2 Downloading [==>                                                ]  40.73MB/982.7MB
2315e093daf2 Downloading [==>                                                ]  41.27MB/982.7MB
2315e093daf2 Downloading [==>                                                ]   41.8MB/982.7MB
1c3112c87ab2 Downloading [==========>                                        ]  11.26MB/53.88MB
2315e093daf2 Downloading [==>                                                ]  42.34MB/982.7MB
2315e093daf2 Downloading [==>                                                ]  42.87MB/982.7MB
2315e093daf2 Downloading [==>                                                ]   43.4MB/982.7MB
2315e093daf2 Downloading [==>                                                ]  43.94MB/982.7MB
2315e093daf2 Downloading [==>                                                ]  44.47MB/982.7MB
2315e093daf2 Downloading [==>                                                ]  45.01MB/982.7MB
2315e093daf2 Downloading [==>                                                ]  45.55MB/982.7MB
1c3112c87ab2 Downloading [==========>                                        ]  11.79MB/53.88MB
2315e093daf2 Downloading [==>                                                ]  46.09MB/982.7MB
2315e093daf2 Downloading [==>                                                ]  46.63MB/982.7MB
2315e093daf2 Downloading [==>                                                ]  47.17MB/982.7MB
2315e093daf2 Downloading [==>                                                ]   47.7MB/982.7MB
2315e093daf2 Downloading [==>                                                ]  48.24MB/982.7MB
2315e093daf2 Downloading [==>                                                ]  48.78MB/982.7MB
2315e093daf2 Downloading [==>                                                ]  49.32MB/982.7MB
1c3112c87ab2 Downloading [===========>                                       ]  12.32MB/53.88MB
2315e093daf2 Downloading [==>                                                ]  49.86MB/982.7MB
2315e093daf2 Downloading [==>                                                ]  50.39MB/982.7MB
2315e093daf2 Downloading [==>                                                ]  50.92MB/982.7MB
2315e093daf2 Downloading [==>                                                ]  51.45MB/982.7MB
2315e093daf2 Downloading [==>                                                ]  51.98MB/982.7MB
2315e093daf2 Downloading [==>                                                ]  52.53MB/982.7MB
2315e093daf2 Downloading [==>                                                ]  53.06MB/982.7MB
1c3112c87ab2 Downloading [===========>                                       ]  12.86MB/53.88MB
2315e093daf2 Downloading [==>                                                ]   53.6MB/982.7MB
2315e093daf2 Downloading [==>                                                ]  54.14MB/982.7MB
2315e093daf2 Downloading [==>                                                ]  54.66MB/982.7MB
2315e093daf2 Downloading [==>                                                ]  55.19MB/982.7MB
2315e093daf2 Downloading [==>                                                ]  55.72MB/982.7MB
2315e093daf2 Downloading [==>                                                ]  56.27MB/982.7MB
2315e093daf2 Downloading [==>                                                ]   56.8MB/982.7MB
2315e093daf2 Downloading [==>                                                ]  57.33MB/982.7MB
1c3112c87ab2 Downloading [============>                                      ]  13.39MB/53.88MB
2315e093daf2 Downloading [==>                                                ]  57.87MB/982.7MB
2315e093daf2 Downloading [==>                                                ]  58.41MB/982.7MB
2315e093daf2 Downloading [==>                                                ]  58.95MB/982.7MB
2315e093daf2 Downloading [===>                                               ]  59.48MB/982.7MB
2315e093daf2 Downloading [===>                                               ]  60.02MB/982.7MB
1c3112c87ab2 Downloading [============>                                      ]  13.93MB/53.88MB
2315e093daf2 Downloading [===>                                               ]  60.55MB/982.7MB
2315e093daf2 Downloading [===>                                               ]  61.08MB/982.7MB
2315e093daf2 Downloading [===>                                               ]  61.61MB/982.7MB
2315e093daf2 Downloading [===>                                               ]  62.15MB/982.7MB
2315e093daf2 Downloading [===>                                               ]  62.69MB/982.7MB
2315e093daf2 Downloading [===>                                               ]  63.23MB/982.7MB
2315e093daf2 Downloading [===>                                               ]  63.76MB/982.7MB
2315e093daf2 Downloading [===>                                               ]  64.31MB/982.7MB
2315e093daf2 Downloading [===>                                               ]  64.83MB/982.7MB
1c3112c87ab2 Downloading [=============>                                     ]  14.47MB/53.88MB
2315e093daf2 Downloading [===>                                               ]  65.37MB/982.7MB
2315e093daf2 Downloading [===>                                               ]  65.92MB/982.7MB
2315e093daf2 Downloading [===>                                               ]  66.44MB/982.7MB
2315e093daf2 Downloading [===>                                               ]  66.98MB/982.7MB
2315e093daf2 Downloading [===>                                               ]  67.52MB/982.7MB
2315e093daf2 Downloading [===>                                               ]  68.06MB/982.7MB
2315e093daf2 Downloading [===>                                               ]   68.6MB/982.7MB
2315e093daf2 Downloading [===>                                               ]  69.13MB/982.7MB
2315e093daf2 Downloading [===>                                               ]  69.67MB/982.7MB
1c3112c87ab2 Downloading [=============>                                     ]     15MB/53.88MB
2315e093daf2 Downloading [===>                                               ]   70.2MB/982.7MB
2315e093daf2 Downloading [===>                                               ]  70.74MB/982.7MB
1c3112c87ab2 Downloading [==============>                                    ]  15.54MB/53.88MB
2315e093daf2 Downloading [===>                                               ]  71.28MB/982.7MB
2315e093daf2 Downloading [===>                                               ]  71.81MB/982.7MB
2315e093daf2 Downloading [===>                                               ]  72.34MB/982.7MB
2315e093daf2 Downloading [===>                                               ]  72.87MB/982.7MB
2315e093daf2 Downloading [===>                                               ]   73.4MB/982.7MB
2315e093daf2 Downloading [===>                                               ]  73.94MB/982.7MB
2315e093daf2 Downloading [===>                                               ]  74.48MB/982.7MB
2315e093daf2 Downloading [===>                                               ]  75.02MB/982.7MB
1c3112c87ab2 Downloading [==============>                                    ]  16.08MB/53.88MB
2315e093daf2 Downloading [===>                                               ]  75.56MB/982.7MB
2315e093daf2 Downloading [===>                                               ]  76.09MB/982.7MB
2315e093daf2 Downloading [===>                                               ]  76.63MB/982.7MB
2315e093daf2 Downloading [===>                                               ]  77.18MB/982.7MB
2315e093daf2 Downloading [===>                                               ]  77.71MB/982.7MB
2315e093daf2 Downloading [===>                                               ]  78.24MB/982.7MB
2315e093daf2 Downloading [====>                                              ]  78.78MB/982.7MB
2315e093daf2 Downloading [====>                                              ]  79.31MB/982.7MB
2315e093daf2 Downloading [====>                                              ]  79.84MB/982.7MB
2315e093daf2 Downloading [====>                                              ]  80.38MB/982.7MB
2315e093daf2 Downloading [====>                                              ]  80.91MB/982.7MB
2315e093daf2 Downloading [====>                                              ]  81.44MB/982.7MB
2315e093daf2 Downloading [====>                                              ]  81.97MB/982.7MB
2315e093daf2 Downloading [====>                                              ]   82.5MB/982.7MB
2315e093daf2 Downloading [====>                                              ]  83.03MB/982.7MB
2315e093daf2 Downloading [====>                                              ]  83.57MB/982.7MB
2315e093daf2 Downloading [====>                                              ]   84.1MB/982.7MB
1c3112c87ab2 Downloading [===============>                                   ]  16.62MB/53.88MB
2315e093daf2 Downloading [====>                                              ]  84.64MB/982.7MB
2315e093daf2 Downloading [====>                                              ]  85.18MB/982.7MB
2315e093daf2 Downloading [====>                                              ]  85.71MB/982.7MB
2315e093daf2 Downloading [====>                                              ]  86.24MB/982.7MB
2315e093daf2 Downloading [====>                                              ]  86.78MB/982.7MB
2315e093daf2 Downloading [====>                                              ]  87.31MB/982.7MB
2315e093daf2 Downloading [====>                                              ]  87.85MB/982.7MB
2315e093daf2 Downloading [====>                                              ]  88.39MB/982.7MB
1c3112c87ab2 Downloading [===============>                                   ]  17.15MB/53.88MB
2315e093daf2 Downloading [====>                                              ]  88.92MB/982.7MB
2315e093daf2 Downloading [====>                                              ]  89.46MB/982.7MB
2315e093daf2 Downloading [====>                                              ]     90MB/982.7MB
2315e093daf2 Downloading [====>                                              ]  90.54MB/982.7MB
2315e093daf2 Downloading [====>                                              ]  91.08MB/982.7MB
2315e093daf2 Downloading [====>                                              ]  91.62MB/982.7MB
2315e093daf2 Downloading [====>                                              ]  92.16MB/982.7MB
2315e093daf2 Downloading [====>                                              ]   92.7MB/982.7MB
2315e093daf2 Downloading [====>                                              ]  93.24MB/982.7MB
2315e093daf2 Downloading [====>                                              ]  93.78MB/982.7MB
2315e093daf2 Downloading [====>                                              ]  94.32MB/982.7MB
2315e093daf2 Downloading [====>                                              ]  94.86MB/982.7MB
1c3112c87ab2 Downloading [================>                                  ]  17.69MB/53.88MB
2315e093daf2 Downloading [====>                                              ]   95.4MB/982.7MB
2315e093daf2 Downloading [====>                                              ]  95.94MB/982.7MB
2315e093daf2 Downloading [====>                                              ]  96.47MB/982.7MB
2315e093daf2 Downloading [====>                                              ]     97MB/982.7MB
2315e093daf2 Downloading [====>                                              ]  97.53MB/982.7MB
2315e093daf2 Downloading [====>                                              ]  98.07MB/982.7MB
2315e093daf2 Downloading [=====>                                             ]   98.6MB/982.7MB
2315e093daf2 Downloading [=====>                                             ]  99.13MB/982.7MB
2315e093daf2 Downloading [=====>                                             ]  99.66MB/982.7MB
1c3112c87ab2 Downloading [================>                                  ]  18.23MB/53.88MB
2315e093daf2 Downloading [=====>                                             ]  100.2MB/982.7MB
2315e093daf2 Downloading [=====>                                             ]  100.7MB/982.7MB
2315e093daf2 Downloading [=====>                                             ]  101.3MB/982.7MB
2315e093daf2 Downloading [=====>                                             ]  101.8MB/982.7MB
2315e093daf2 Downloading [=====>                                             ]  102.4MB/982.7MB
2315e093daf2 Downloading [=====>                                             ]  102.9MB/982.7MB
1c3112c87ab2 Downloading [=================>                                 ]  18.77MB/53.88MB
2315e093daf2 Downloading [=====>                                             ]  103.4MB/982.7MB
2315e093daf2 Downloading [=====>                                             ]    104MB/982.7MB
2315e093daf2 Downloading [=====>                                             ]  104.5MB/982.7MB
2315e093daf2 Downloading [=====>                                             ]    105MB/982.7MB
2315e093daf2 Downloading [=====>                                             ]  105.6MB/982.7MB
2315e093daf2 Downloading [=====>                                             ]  106.1MB/982.7MB
2315e093daf2 Downloading [=====>                                             ]  106.7MB/982.7MB
2315e093daf2 Downloading [=====>                                             ]  107.2MB/982.7MB
1c3112c87ab2 Downloading [=================>                                 ]   19.3MB/53.88MB
2315e093daf2 Downloading [=====>                                             ]  107.7MB/982.7MB
2315e093daf2 Downloading [=====>                                             ]  108.3MB/982.7MB
2315e093daf2 Downloading [=====>                                             ]  108.8MB/982.7MB
2315e093daf2 Downloading [=====>                                             ]  109.3MB/982.7MB
2315e093daf2 Downloading [=====>                                             ]  109.9MB/982.7MB
2315e093daf2 Downloading [=====>                                             ]  110.4MB/982.7MB
2315e093daf2 Downloading [=====>                                             ]  110.9MB/982.7MB
2315e093daf2 Downloading [=====>                                             ]  111.5MB/982.7MB
2315e093daf2 Downloading [=====>                                             ]    112MB/982.7MB
2315e093daf2 Downloading [=====>                                             ]  112.5MB/982.7MB
2315e093daf2 Downloading [=====>                                             ]  113.1MB/982.7MB
2315e093daf2 Downloading [=====>                                             ]  113.6MB/982.7MB
2315e093daf2 Downloading [=====>                                             ]  114.2MB/982.7MB
2315e093daf2 Downloading [=====>                                             ]  114.7MB/982.7MB
1c3112c87ab2 Downloading [==================>                                ]  19.84MB/53.88MB
2315e093daf2 Downloading [=====>                                             ]  115.2MB/982.7MB
2315e093daf2 Downloading [=====>                                             ]  115.8MB/982.7MB
2315e093daf2 Downloading [=====>                                             ]  116.3MB/982.7MB
2315e093daf2 Downloading [=====>                                             ]  116.8MB/982.7MB
2315e093daf2 Downloading [=====>                                             ]  117.4MB/982.7MB
2315e093daf2 Downloading [======>                                            ]  117.9MB/982.7MB
2315e093daf2 Downloading [======>                                            ]  118.5MB/982.7MB
2315e093daf2 Downloading [======>                                            ]    119MB/982.7MB
2315e093daf2 Downloading [======>                                            ]  119.5MB/982.7MB
2315e093daf2 Downloading [======>                                            ]  120.1MB/982.7MB
2315e093daf2 Downloading [======>                                            ]  120.6MB/982.7MB
2315e093daf2 Downloading [======>                                            ]  121.1MB/982.7MB
2315e093daf2 Downloading [======>                                            ]  121.7MB/982.7MB
2315e093daf2 Downloading [======>                                            ]  122.2MB/982.7MB
2315e093daf2 Downloading [======>                                            ]  122.8MB/982.7MB
2315e093daf2 Downloading [======>                                            ]  123.3MB/982.7MB
2315e093daf2 Downloading [======>                                            ]  123.8MB/982.7MB
1c3112c87ab2 Downloading [==================>                                ]  20.38MB/53.88MB
2315e093daf2 Downloading [======>                                            ]  124.3MB/982.7MB
2315e093daf2 Downloading [======>                                            ]  124.9MB/982.7MB
2315e093daf2 Downloading [======>                                            ]  125.4MB/982.7MB
2315e093daf2 Downloading [======>                                            ]    126MB/982.7MB
2315e093daf2 Downloading [======>                                            ]  126.5MB/982.7MB
2315e093daf2 Downloading [======>                                            ]    127MB/982.7MB
2315e093daf2 Downloading [======>                                            ]  127.6MB/982.7MB
2315e093daf2 Downloading [======>                                            ]  128.1MB/982.7MB
2315e093daf2 Downloading [======>                                            ]  128.7MB/982.7MB
2315e093daf2 Downloading [======>                                            ]  129.2MB/982.7MB
2315e093daf2 Downloading [======>                                            ]  129.7MB/982.7MB
2315e093daf2 Downloading [======>                                            ]  130.3MB/982.7MB
2315e093daf2 Downloading [======>                                            ]  130.8MB/982.7MB
2315e093daf2 Downloading [======>                                            ]  131.3MB/982.7MB
2315e093daf2 Downloading [======>                                            ]  131.9MB/982.7MB
2315e093daf2 Downloading [======>                                            ]  132.4MB/982.7MB
2315e093daf2 Downloading [======>                                            ]  132.9MB/982.7MB
2315e093daf2 Downloading [======>                                            ]  133.5MB/982.7MB
2315e093daf2 Downloading [======>                                            ]    134MB/982.7MB
2315e093daf2 Downloading [======>                                            ]  134.5MB/982.7MB
1c3112c87ab2 Downloading [===================>                               ]  20.91MB/53.88MB
2315e093daf2 Downloading [======>                                            ]  135.1MB/982.7MB
2315e093daf2 Downloading [======>                                            ]  135.6MB/982.7MB
2315e093daf2 Downloading [======>                                            ]  136.2MB/982.7MB
2315e093daf2 Downloading [======>                                            ]  136.7MB/982.7MB
2315e093daf2 Downloading [======>                                            ]  137.2MB/982.7MB
2315e093daf2 Downloading [=======>                                           ]  137.8MB/982.7MB
2315e093daf2 Downloading [=======>                                           ]  138.3MB/982.7MB
2315e093daf2 Downloading [=======>                                           ]  138.8MB/982.7MB
2315e093daf2 Downloading [=======>                                           ]  139.4MB/982.7MB
2315e093daf2 Downloading [=======>                                           ]  139.9MB/982.7MB
2315e093daf2 Downloading [=======>                                           ]  140.4MB/982.7MB
2315e093daf2 Downloading [=======>                                           ]    141MB/982.7MB
2315e093daf2 Downloading [=======>                                           ]  141.5MB/982.7MB
2315e093daf2 Downloading [=======>                                           ]  142.1MB/982.7MB
2315e093daf2 Downloading [=======>                                           ]  142.6MB/982.7MB
2315e093daf2 Downloading [=======>                                           ]  143.1MB/982.7MB
2315e093daf2 Downloading [=======>                                           ]  143.7MB/982.7MB
1c3112c87ab2 Downloading [===================>                               ]  21.45MB/53.88MB
2315e093daf2 Downloading [=======>                                           ]  144.2MB/982.7MB
2315e093daf2 Downloading [=======>                                           ]  144.7MB/982.7MB
2315e093daf2 Downloading [=======>                                           ]  145.3MB/982.7MB
2315e093daf2 Downloading [=======>                                           ]  145.8MB/982.7MB
2315e093daf2 Downloading [=======>                                           ]  146.3MB/982.7MB
2315e093daf2 Downloading [=======>                                           ]  146.9MB/982.7MB
2315e093daf2 Downloading [=======>                                           ]  147.4MB/982.7MB
1c3112c87ab2 Downloading [====================>                              ]  21.99MB/53.88MB
2315e093daf2 Downloading [=======>                                           ]    148MB/982.7MB
2315e093daf2 Downloading [=======>                                           ]  148.5MB/982.7MB
2315e093daf2 Downloading [=======>                                           ]    149MB/982.7MB
2315e093daf2 Downloading [=======>                                           ]  149.5MB/982.7MB
2315e093daf2 Downloading [=======>                                           ]  150.1MB/982.7MB
2315e093daf2 Downloading [=======>                                           ]  150.6MB/982.7MB
2315e093daf2 Downloading [=======>                                           ]  151.2MB/982.7MB
2315e093daf2 Downloading [=======>                                           ]  151.7MB/982.7MB
2315e093daf2 Downloading [=======>                                           ]  152.2MB/982.7MB
2315e093daf2 Downloading [=======>                                           ]  152.8MB/982.7MB
2315e093daf2 Downloading [=======>                                           ]  153.3MB/982.7MB
2315e093daf2 Downloading [=======>                                           ]  153.9MB/982.7MB
2315e093daf2 Downloading [=======>                                           ]  154.4MB/982.7MB
2315e093daf2 Downloading [=======>                                           ]  154.9MB/982.7MB
2315e093daf2 Downloading [=======>                                           ]  155.5MB/982.7MB
2315e093daf2 Downloading [=======>                                           ]    156MB/982.7MB
2315e093daf2 Downloading [=======>                                           ]  156.5MB/982.7MB
2315e093daf2 Downloading [=======>                                           ]  157.1MB/982.7MB
2315e093daf2 Downloading [========>                                          ]  157.6MB/982.7MB
1c3112c87ab2 Downloading [====================>                              ]  22.53MB/53.88MB
2315e093daf2 Downloading [========>                                          ]  158.1MB/982.7MB
2315e093daf2 Downloading [========>                                          ]  158.7MB/982.7MB
2315e093daf2 Downloading [========>                                          ]  159.2MB/982.7MB
2315e093daf2 Downloading [========>                                          ]  159.8MB/982.7MB
2315e093daf2 Downloading [========>                                          ]  160.3MB/982.7MB
2315e093daf2 Downloading [========>                                          ]  160.8MB/982.7MB
2315e093daf2 Downloading [========>                                          ]  161.4MB/982.7MB
2315e093daf2 Downloading [========>                                          ]  161.9MB/982.7MB
2315e093daf2 Downloading [========>                                          ]  162.4MB/982.7MB
2315e093daf2 Downloading [========>                                          ]  162.9MB/982.7MB
2315e093daf2 Downloading [========>                                          ]  163.5MB/982.7MB
2315e093daf2 Downloading [========>                                          ]    164MB/982.7MB
2315e093daf2 Downloading [========>                                          ]  164.6MB/982.7MB
2315e093daf2 Downloading [========>                                          ]  165.1MB/982.7MB
2315e093daf2 Downloading [========>                                          ]  165.6MB/982.7MB
1c3112c87ab2 Downloading [=====================>                             ]  23.06MB/53.88MB
2315e093daf2 Downloading [========>                                          ]  166.2MB/982.7MB
2315e093daf2 Downloading [========>                                          ]  166.7MB/982.7MB
2315e093daf2 Downloading [========>                                          ]  167.2MB/982.7MB
2315e093daf2 Downloading [========>                                          ]  167.8MB/982.7MB
2315e093daf2 Downloading [========>                                          ]  168.3MB/982.7MB
2315e093daf2 Downloading [========>                                          ]  168.8MB/982.7MB
2315e093daf2 Downloading [========>                                          ]  169.4MB/982.7MB
2315e093daf2 Downloading [========>                                          ]  169.9MB/982.7MB
2315e093daf2 Downloading [========>                                          ]  170.4MB/982.7MB
2315e093daf2 Downloading [========>                                          ]    171MB/982.7MB
2315e093daf2 Downloading [========>                                          ]  171.5MB/982.7MB
2315e093daf2 Downloading [========>                                          ]    172MB/982.7MB
2315e093daf2 Downloading [========>                                          ]  172.6MB/982.7MB
2315e093daf2 Downloading [========>                                          ]  173.1MB/982.7MB
2315e093daf2 Downloading [========>                                          ]  173.7MB/982.7MB
1c3112c87ab2 Downloading [=====================>                             ]   23.6MB/53.88MB
2315e093daf2 Downloading [========>                                          ]  174.2MB/982.7MB
2315e093daf2 Downloading [========>                                          ]  174.7MB/982.7MB
2315e093daf2 Downloading [========>                                          ]  175.3MB/982.7MB
2315e093daf2 Downloading [========>                                          ]  175.8MB/982.7MB
2315e093daf2 Downloading [========>                                          ]  176.3MB/982.7MB
2315e093daf2 Downloading [========>                                          ]  176.9MB/982.7MB
2315e093daf2 Downloading [=========>                                         ]  177.4MB/982.7MB
2315e093daf2 Downloading [=========>                                         ]  177.9MB/982.7MB
2315e093daf2 Downloading [=========>                                         ]  178.5MB/982.7MB
2315e093daf2 Downloading [=========>                                         ]    179MB/982.7MB
2315e093daf2 Downloading [=========>                                         ]  179.6MB/982.7MB
2315e093daf2 Downloading [=========>                                         ]  180.1MB/982.7MB
2315e093daf2 Downloading [=========>                                         ]  180.6MB/982.7MB
1c3112c87ab2 Downloading [======================>                            ]  24.14MB/53.88MB
2315e093daf2 Downloading [=========>                                         ]  181.2MB/982.7MB
2315e093daf2 Downloading [=========>                                         ]  181.7MB/982.7MB
2315e093daf2 Downloading [=========>                                         ]  182.2MB/982.7MB
2315e093daf2 Downloading [=========>                                         ]  182.8MB/982.7MB
2315e093daf2 Downloading [=========>                                         ]  183.3MB/982.7MB
2315e093daf2 Downloading [=========>                                         ]  183.8MB/982.7MB
2315e093daf2 Downloading [=========>                                         ]  184.4MB/982.7MB
2315e093daf2 Downloading [=========>                                         ]  184.9MB/982.7MB
2315e093daf2 Downloading [=========>                                         ]  185.4MB/982.7MB
2315e093daf2 Downloading [=========>                                         ]    186MB/982.7MB
2315e093daf2 Downloading [=========>                                         ]  186.5MB/982.7MB
2315e093daf2 Downloading [=========>                                         ]  187.1MB/982.7MB
2315e093daf2 Downloading [=========>                                         ]  187.6MB/982.7MB
2315e093daf2 Downloading [=========>                                         ]  188.1MB/982.7MB
2315e093daf2 Downloading [=========>                                         ]  188.7MB/982.7MB
2315e093daf2 Downloading [=========>                                         ]  189.2MB/982.7MB
2315e093daf2 Downloading [=========>                                         ]  189.8MB/982.7MB
2315e093daf2 Downloading [=========>                                         ]  190.3MB/982.7MB
2315e093daf2 Downloading [=========>                                         ]  190.8MB/982.7MB
2315e093daf2 Downloading [=========>                                         ]  191.4MB/982.7MB
1c3112c87ab2 Downloading [======================>                            ]  24.68MB/53.88MB
2315e093daf2 Downloading [=========>                                         ]  191.9MB/982.7MB
2315e093daf2 Downloading [=========>                                         ]  192.4MB/982.7MB
2315e093daf2 Downloading [=========>                                         ]    193MB/982.7MB
2315e093daf2 Downloading [=========>                                         ]  193.5MB/982.7MB
2315e093daf2 Downloading [=========>                                         ]    194MB/982.7MB
2315e093daf2 Downloading [=========>                                         ]  194.6MB/982.7MB
2315e093daf2 Downloading [=========>                                         ]  195.1MB/982.7MB
2315e093daf2 Downloading [=========>                                         ]  195.6MB/982.7MB
2315e093daf2 Downloading [=========>                                         ]  196.2MB/982.7MB
2315e093daf2 Downloading [==========>                                        ]  196.7MB/982.7MB
2315e093daf2 Downloading [==========>                                        ]  197.2MB/982.7MB
2315e093daf2 Downloading [==========>                                        ]  197.8MB/982.7MB
2315e093daf2 Downloading [==========>                                        ]  198.3MB/982.7MB
2315e093daf2 Downloading [==========>                                        ]  198.9MB/982.7MB
2315e093daf2 Downloading [==========>                                        ]  199.4MB/982.7MB
2315e093daf2 Downloading [==========>                                        ]  199.9MB/982.7MB
2315e093daf2 Downloading [==========>                                        ]  200.5MB/982.7MB
2315e093daf2 Downloading [==========>                                        ]    201MB/982.7MB
2315e093daf2 Downloading [==========>                                        ]  201.5MB/982.7MB
2315e093daf2 Downloading [==========>                                        ]  202.1MB/982.7MB
2315e093daf2 Downloading [==========>                                        ]  202.6MB/982.7MB
1c3112c87ab2 Downloading [=======================>                           ]  25.21MB/53.88MB
2315e093daf2 Downloading [==========>                                        ]  203.1MB/982.7MB
2315e093daf2 Downloading [==========>                                        ]  203.7MB/982.7MB
2315e093daf2 Downloading [==========>                                        ]  204.2MB/982.7MB
2315e093daf2 Downloading [==========>                                        ]  204.7MB/982.7MB
2315e093daf2 Downloading [==========>                                        ]  205.3MB/982.7MB
2315e093daf2 Downloading [==========>                                        ]  205.8MB/982.7MB
2315e093daf2 Downloading [==========>                                        ]  206.4MB/982.7MB
2315e093daf2 Downloading [==========>                                        ]  206.9MB/982.7MB
2315e093daf2 Downloading [==========>                                        ]  207.4MB/982.7MB
2315e093daf2 Downloading [==========>                                        ]    208MB/982.7MB
2315e093daf2 Downloading [==========>                                        ]  208.5MB/982.7MB
2315e093daf2 Downloading [==========>                                        ]    209MB/982.7MB
2315e093daf2 Downloading [==========>                                        ]  209.6MB/982.7MB
2315e093daf2 Downloading [==========>                                        ]  210.1MB/982.7MB
2315e093daf2 Downloading [==========>                                        ]  210.6MB/982.7MB
2315e093daf2 Downloading [==========>                                        ]  211.2MB/982.7MB
2315e093daf2 Downloading [==========>                                        ]  211.7MB/982.7MB
2315e093daf2 Downloading [==========>                                        ]  212.2MB/982.7MB
2315e093daf2 Downloading [==========>                                        ]  212.8MB/982.7MB
2315e093daf2 Downloading [==========>                                        ]  213.3MB/982.7MB
2315e093daf2 Downloading [==========>                                        ]  213.8MB/982.7MB
1c3112c87ab2 Downloading [=======================>                           ]  25.75MB/53.88MB
2315e093daf2 Downloading [==========>                                        ]  214.4MB/982.7MB
2315e093daf2 Downloading [==========>                                        ]  214.9MB/982.7MB
2315e093daf2 Downloading [==========>                                        ]  215.4MB/982.7MB
2315e093daf2 Downloading [==========>                                        ]    216MB/982.7MB
2315e093daf2 Downloading [===========>                                       ]  216.5MB/982.7MB
2315e093daf2 Downloading [===========>                                       ]    217MB/982.7MB
2315e093daf2 Downloading [===========>                                       ]  217.6MB/982.7MB
2315e093daf2 Downloading [===========>                                       ]  218.1MB/982.7MB
2315e093daf2 Downloading [===========>                                       ]  218.7MB/982.7MB
2315e093daf2 Downloading [===========>                                       ]  219.2MB/982.7MB
2315e093daf2 Downloading [===========>                                       ]  219.7MB/982.7MB
2315e093daf2 Downloading [===========>                                       ]  220.3MB/982.7MB
2315e093daf2 Downloading [===========>                                       ]  220.8MB/982.7MB
2315e093daf2 Downloading [===========>                                       ]  221.4MB/982.7MB
2315e093daf2 Downloading [===========>                                       ]  221.9MB/982.7MB
2315e093daf2 Downloading [===========>                                       ]  222.4MB/982.7MB
2315e093daf2 Downloading [===========>                                       ]    223MB/982.7MB
2315e093daf2 Downloading [===========>                                       ]  223.5MB/982.7MB
2315e093daf2 Downloading [===========>                                       ]    224MB/982.7MB
2315e093daf2 Downloading [===========>                                       ]  224.6MB/982.7MB
1c3112c87ab2 Downloading [========================>                          ]  26.28MB/53.88MB
2315e093daf2 Downloading [===========>                                       ]  225.1MB/982.7MB
2315e093daf2 Downloading [===========>                                       ]  225.7MB/982.7MB
2315e093daf2 Downloading [===========>                                       ]  226.2MB/982.7MB
2315e093daf2 Downloading [===========>                                       ]  226.7MB/982.7MB
2315e093daf2 Downloading [===========>                                       ]  227.3MB/982.7MB
2315e093daf2 Downloading [===========>                                       ]  227.8MB/982.7MB
2315e093daf2 Downloading [===========>                                       ]  228.3MB/982.7MB
2315e093daf2 Downloading [===========>                                       ]  228.9MB/982.7MB
2315e093daf2 Downloading [===========>                                       ]  229.4MB/982.7MB
2315e093daf2 Downloading [===========>                                       ]  229.9MB/982.7MB
2315e093daf2 Downloading [===========>                                       ]  230.5MB/982.7MB
2315e093daf2 Downloading [===========>                                       ]    231MB/982.7MB
2315e093daf2 Downloading [===========>                                       ]  231.5MB/982.7MB
2315e093daf2 Downloading [===========>                                       ]  232.1MB/982.7MB
2315e093daf2 Downloading [===========>                                       ]  232.6MB/982.7MB
2315e093daf2 Downloading [===========>                                       ]  233.2MB/982.7MB
2315e093daf2 Downloading [===========>                                       ]  233.7MB/982.7MB
2315e093daf2 Downloading [===========>                                       ]  234.2MB/982.7MB
2315e093daf2 Downloading [===========>                                       ]  234.8MB/982.7MB
1c3112c87ab2 Downloading [========================>                          ]  26.81MB/53.88MB
2315e093daf2 Downloading [===========>                                       ]  235.3MB/982.7MB
2315e093daf2 Downloading [============>                                      ]  235.9MB/982.7MB
2315e093daf2 Downloading [============>                                      ]  236.4MB/982.7MB
2315e093daf2 Downloading [============>                                      ]  236.9MB/982.7MB
2315e093daf2 Downloading [============>                                      ]  237.5MB/982.7MB
2315e093daf2 Downloading [============>                                      ]    238MB/982.7MB
2315e093daf2 Downloading [============>                                      ]  238.5MB/982.7MB
1c3112c87ab2 Downloading [=========================>                         ]  27.34MB/53.88MB
2315e093daf2 Downloading [============>                                      ]  239.1MB/982.7MB
2315e093daf2 Downloading [============>                                      ]  239.6MB/982.7MB
2315e093daf2 Downloading [============>                                      ]  240.1MB/982.7MB
2315e093daf2 Downloading [============>                                      ]  240.7MB/982.7MB
2315e093daf2 Downloading [============>                                      ]  241.2MB/982.7MB
2315e093daf2 Downloading [============>                                      ]  241.8MB/982.7MB
2315e093daf2 Downloading [============>                                      ]  242.3MB/982.7MB
2315e093daf2 Downloading [============>                                      ]  242.8MB/982.7MB
2315e093daf2 Downloading [============>                                      ]  243.4MB/982.7MB
1c3112c87ab2 Downloading [=========================>                         ]  27.87MB/53.88MB
2315e093daf2 Downloading [============>                                      ]  243.9MB/982.7MB
2315e093daf2 Downloading [============>                                      ]  244.4MB/982.7MB
2315e093daf2 Downloading [============>                                      ]    245MB/982.7MB
2315e093daf2 Downloading [============>                                      ]  245.5MB/982.7MB
2315e093daf2 Downloading [============>                                      ]    246MB/982.7MB
2315e093daf2 Downloading [============>                                      ]  246.6MB/982.7MB
2315e093daf2 Downloading [============>                                      ]  247.1MB/982.7MB
2315e093daf2 Downloading [============>                                      ]  247.7MB/982.7MB
2315e093daf2 Downloading [============>                                      ]  248.2MB/982.7MB
2315e093daf2 Downloading [============>                                      ]  248.7MB/982.7MB
2315e093daf2 Downloading [============>                                      ]  249.3MB/982.7MB
2315e093daf2 Downloading [============>                                      ]  249.8MB/982.7MB
2315e093daf2 Downloading [============>                                      ]  250.3MB/982.7MB
1c3112c87ab2 Downloading [==========================>                        ]  28.41MB/53.88MB
2315e093daf2 Downloading [============>                                      ]  250.9MB/982.7MB
2315e093daf2 Downloading [============>                                      ]  251.4MB/982.7MB
2315e093daf2 Downloading [============>                                      ]    252MB/982.7MB
2315e093daf2 Downloading [============>                                      ]  252.5MB/982.7MB
2315e093daf2 Downloading [============>                                      ]    253MB/982.7MB
2315e093daf2 Downloading [============>                                      ]  253.6MB/982.7MB
2315e093daf2 Downloading [============>                                      ]  254.1MB/982.7MB
2315e093daf2 Downloading [============>                                      ]  254.6MB/982.7MB
2315e093daf2 Downloading [============>                                      ]  255.2MB/982.7MB
2315e093daf2 Downloading [=============>                                     ]  255.7MB/982.7MB
2315e093daf2 Downloading [=============>                                     ]  256.3MB/982.7MB
2315e093daf2 Downloading [=============>                                     ]  256.8MB/982.7MB
2315e093daf2 Downloading [=============>                                     ]  257.3MB/982.7MB
2315e093daf2 Downloading [=============>                                     ]  257.9MB/982.7MB
2315e093daf2 Downloading [=============>                                     ]  258.4MB/982.7MB
2315e093daf2 Downloading [=============>                                     ]  258.9MB/982.7MB
2315e093daf2 Downloading [=============>                                     ]  259.5MB/982.7MB
1c3112c87ab2 Downloading [==========================>                        ]  28.95MB/53.88MB
2315e093daf2 Downloading [=============>                                     ]    260MB/982.7MB
2315e093daf2 Downloading [=============>                                     ]  260.5MB/982.7MB
2315e093daf2 Downloading [=============>                                     ]  261.1MB/982.7MB
2315e093daf2 Downloading [=============>                                     ]  261.6MB/982.7MB
2315e093daf2 Downloading [=============>                                     ]  262.2MB/982.7MB
2315e093daf2 Downloading [=============>                                     ]  262.7MB/982.7MB
2315e093daf2 Downloading [=============>                                     ]  263.2MB/982.7MB
2315e093daf2 Downloading [=============>                                     ]  263.8MB/982.7MB
2315e093daf2 Downloading [=============>                                     ]  264.3MB/982.7MB
2315e093daf2 Downloading [=============>                                     ]  264.8MB/982.7MB
2315e093daf2 Downloading [=============>                                     ]  265.4MB/982.7MB
2315e093daf2 Downloading [=============>                                     ]  265.9MB/982.7MB
2315e093daf2 Downloading [=============>                                     ]  266.4MB/982.7MB
2315e093daf2 Downloading [=============>                                     ]    267MB/982.7MB
2315e093daf2 Downloading [=============>                                     ]  267.5MB/982.7MB
2315e093daf2 Downloading [=============>                                     ]  268.1MB/982.7MB
2315e093daf2 Downloading [=============>                                     ]  268.6MB/982.7MB
2315e093daf2 Downloading [=============>                                     ]  269.1MB/982.7MB
2315e093daf2 Downloading [=============>                                     ]  269.7MB/982.7MB
2315e093daf2 Downloading [=============>                                     ]  270.2MB/982.7MB
2315e093daf2 Downloading [=============>                                     ]  270.8MB/982.7MB
1c3112c87ab2 Downloading [===========================>                       ]  29.49MB/53.88MB
2315e093daf2 Downloading [=============>                                     ]  271.3MB/982.7MB
2315e093daf2 Downloading [=============>                                     ]  271.8MB/982.7MB
2315e093daf2 Downloading [=============>                                     ]  272.4MB/982.7MB
2315e093daf2 Downloading [=============>                                     ]  272.9MB/982.7MB
2315e093daf2 Downloading [=============>                                     ]  273.4MB/982.7MB
2315e093daf2 Downloading [=============>                                     ]    274MB/982.7MB
2315e093daf2 Downloading [=============>                                     ]  274.5MB/982.7MB
2315e093daf2 Downloading [=============>                                     ]    275MB/982.7MB
2315e093daf2 Downloading [==============>                                    ]  275.6MB/982.7MB
2315e093daf2 Downloading [==============>                                    ]  276.1MB/982.7MB
2315e093daf2 Downloading [==============>                                    ]  276.7MB/982.7MB
2315e093daf2 Downloading [==============>                                    ]  277.2MB/982.7MB
2315e093daf2 Downloading [==============>                                    ]  277.7MB/982.7MB
2315e093daf2 Downloading [==============>                                    ]  278.3MB/982.7MB
2315e093daf2 Downloading [==============>                                    ]  278.8MB/982.7MB
2315e093daf2 Downloading [==============>                                    ]  279.3MB/982.7MB
1c3112c87ab2 Downloading [===========================>                       ]  30.03MB/53.88MB
2315e093daf2 Downloading [==============>                                    ]  279.9MB/982.7MB
2315e093daf2 Downloading [==============>                                    ]  280.4MB/982.7MB
2315e093daf2 Downloading [==============>                                    ]    281MB/982.7MB
2315e093daf2 Downloading [==============>                                    ]  281.5MB/982.7MB
2315e093daf2 Downloading [==============>                                    ]    282MB/982.7MB
2315e093daf2 Downloading [==============>                                    ]  282.6MB/982.7MB
2315e093daf2 Downloading [==============>                                    ]  283.1MB/982.7MB
1c3112c87ab2 Downloading [============================>                      ]  30.56MB/53.88MB
2315e093daf2 Downloading [==============>                                    ]  283.7MB/982.7MB
2315e093daf2 Downloading [==============>                                    ]  284.2MB/982.7MB
2315e093daf2 Downloading [==============>                                    ]  284.7MB/982.7MB
2315e093daf2 Downloading [==============>                                    ]  285.3MB/982.7MB
2315e093daf2 Downloading [==============>                                    ]  285.8MB/982.7MB
2315e093daf2 Downloading [==============>                                    ]  286.3MB/982.7MB
1c3112c87ab2 Downloading [============================>                      ]  31.09MB/53.88MB
2315e093daf2 Downloading [==============>                                    ]  286.9MB/982.7MB
2315e093daf2 Downloading [==============>                                    ]  287.4MB/982.7MB
2315e093daf2 Downloading [==============>                                    ]  287.9MB/982.7MB
2315e093daf2 Downloading [==============>                                    ]  288.5MB/982.7MB
2315e093daf2 Downloading [==============>                                    ]    289MB/982.7MB
2315e093daf2 Downloading [==============>                                    ]  289.5MB/982.7MB
2315e093daf2 Downloading [==============>                                    ]  290.1MB/982.7MB
1c3112c87ab2 Downloading [=============================>                     ]  31.63MB/53.88MB
2315e093daf2 Downloading [==============>                                    ]  290.6MB/982.7MB
2315e093daf2 Downloading [==============>                                    ]  291.2MB/982.7MB
2315e093daf2 Downloading [==============>                                    ]  291.7MB/982.7MB
2315e093daf2 Downloading [==============>                                    ]  292.2MB/982.7MB
2315e093daf2 Downloading [==============>                                    ]  292.8MB/982.7MB
1c3112c87ab2 Downloading [=============================>                     ]  32.16MB/53.88MB
2315e093daf2 Downloading [==============>                                    ]  293.3MB/982.7MB
2315e093daf2 Downloading [==============>                                    ]  293.8MB/982.7MB
2315e093daf2 Downloading [==============>                                    ]  294.4MB/982.7MB
2315e093daf2 Downloading [===============>                                   ]  294.9MB/982.7MB
2315e093daf2 Downloading [===============>                                   ]  295.5MB/982.7MB
2315e093daf2 Downloading [===============>                                   ]    296MB/982.7MB
2315e093daf2 Downloading [===============>                                   ]  296.5MB/982.7MB
2315e093daf2 Downloading [===============>                                   ]  297.1MB/982.7MB
2315e093daf2 Downloading [===============>                                   ]  297.6MB/982.7MB
1c3112c87ab2 Downloading [==============================>                    ]  32.69MB/53.88MB
2315e093daf2 Downloading [===============>                                   ]  298.2MB/982.7MB
2315e093daf2 Downloading [===============>                                   ]  298.7MB/982.7MB
2315e093daf2 Downloading [===============>                                   ]  299.2MB/982.7MB
2315e093daf2 Downloading [===============>                                   ]  299.8MB/982.7MB
2315e093daf2 Downloading [===============>                                   ]  300.3MB/982.7MB
2315e093daf2 Downloading [===============>                                   ]  300.8MB/982.7MB
2315e093daf2 Downloading [===============>                                   ]  301.4MB/982.7MB
2315e093daf2 Downloading [===============>                                   ]  301.9MB/982.7MB
2315e093daf2 Downloading [===============>                                   ]  302.4MB/982.7MB
2315e093daf2 Downloading [===============>                                   ]    303MB/982.7MB
2315e093daf2 Downloading [===============>                                   ]  303.5MB/982.7MB
2315e093daf2 Downloading [===============>                                   ]  304.1MB/982.7MB
1c3112c87ab2 Downloading [==============================>                    ]  33.23MB/53.88MB
2315e093daf2 Downloading [===============>                                   ]  304.6MB/982.7MB
2315e093daf2 Downloading [===============>                                   ]  305.1MB/982.7MB
2315e093daf2 Downloading [===============>                                   ]  305.7MB/982.7MB
2315e093daf2 Downloading [===============>                                   ]  306.2MB/982.7MB
2315e093daf2 Downloading [===============>                                   ]  306.7MB/982.7MB
2315e093daf2 Downloading [===============>                                   ]  307.3MB/982.7MB
2315e093daf2 Downloading [===============>                                   ]  307.8MB/982.7MB
2315e093daf2 Downloading [===============>                                   ]  308.4MB/982.7MB
2315e093daf2 Downloading [===============>                                   ]  308.9MB/982.7MB
2315e093daf2 Downloading [===============>                                   ]  309.4MB/982.7MB
2315e093daf2 Downloading [===============>                                   ]    310MB/982.7MB
2315e093daf2 Downloading [===============>                                   ]  310.5MB/982.7MB
2315e093daf2 Downloading [===============>                                   ]    311MB/982.7MB
2315e093daf2 Downloading [===============>                                   ]  311.6MB/982.7MB
1c3112c87ab2 Downloading [===============================>                   ]  33.77MB/53.88MB
2315e093daf2 Downloading [===============>                                   ]  312.1MB/982.7MB
2315e093daf2 Downloading [===============>                                   ]  312.6MB/982.7MB
2315e093daf2 Downloading [===============>                                   ]  313.2MB/982.7MB
2315e093daf2 Downloading [===============>                                   ]  313.7MB/982.7MB
2315e093daf2 Downloading [===============>                                   ]  314.3MB/982.7MB
2315e093daf2 Downloading [================>                                  ]  314.8MB/982.7MB
2315e093daf2 Downloading [================>                                  ]  315.3MB/982.7MB
2315e093daf2 Downloading [================>                                  ]  315.9MB/982.7MB
2315e093daf2 Downloading [================>                                  ]  316.4MB/982.7MB
2315e093daf2 Downloading [================>                                  ]  316.9MB/982.7MB
2315e093daf2 Downloading [================>                                  ]  317.5MB/982.7MB
1c3112c87ab2 Downloading [===============================>                   ]  34.31MB/53.88MB
2315e093daf2 Downloading [================>                                  ]    318MB/982.7MB
2315e093daf2 Downloading [================>                                  ]  318.5MB/982.7MB
2315e093daf2 Downloading [================>                                  ]  319.1MB/982.7MB
2315e093daf2 Downloading [================>                                  ]  319.6MB/982.7MB
2315e093daf2 Downloading [================>                                  ]  320.2MB/982.7MB
2315e093daf2 Downloading [================>                                  ]  320.7MB/982.7MB
2315e093daf2 Downloading [================>                                  ]  321.2MB/982.7MB
2315e093daf2 Downloading [================>                                  ]  321.7MB/982.7MB
2315e093daf2 Downloading [================>                                  ]  322.3MB/982.7MB
2315e093daf2 Downloading [================>                                  ]  322.8MB/982.7MB
2315e093daf2 Downloading [================>                                  ]  323.4MB/982.7MB
2315e093daf2 Downloading [================>                                  ]  323.9MB/982.7MB
2315e093daf2 Downloading [================>                                  ]  324.4MB/982.7MB
2315e093daf2 Downloading [================>                                  ]    325MB/982.7MB
2315e093daf2 Downloading [================>                                  ]  325.5MB/982.7MB
1c3112c87ab2 Downloading [================================>                  ]  34.85MB/53.88MB
2315e093daf2 Downloading [================>                                  ]    326MB/982.7MB
2315e093daf2 Downloading [================>                                  ]  326.6MB/982.7MB
2315e093daf2 Downloading [================>                                  ]  327.1MB/982.7MB
2315e093daf2 Downloading [================>                                  ]  327.7MB/982.7MB
2315e093daf2 Downloading [================>                                  ]  328.2MB/982.7MB
2315e093daf2 Downloading [================>                                  ]  328.7MB/982.7MB
2315e093daf2 Downloading [================>                                  ]  329.3MB/982.7MB
1c3112c87ab2 Downloading [================================>                  ]  35.39MB/53.88MB
2315e093daf2 Downloading [================>                                  ]  329.8MB/982.7MB
2315e093daf2 Downloading [================>                                  ]  330.3MB/982.7MB
2315e093daf2 Downloading [================>                                  ]  330.9MB/982.7MB
2315e093daf2 Downloading [================>                                  ]  331.4MB/982.7MB
2315e093daf2 Downloading [================>                                  ]  331.9MB/982.7MB
2315e093daf2 Downloading [================>                                  ]  332.5MB/982.7MB
2315e093daf2 Downloading [================>                                  ]    333MB/982.7MB
2315e093daf2 Downloading [================>                                  ]  333.5MB/982.7MB
2315e093daf2 Downloading [================>                                  ]  334.1MB/982.7MB
2315e093daf2 Downloading [=================>                                 ]  334.6MB/982.7MB
2315e093daf2 Downloading [=================>                                 ]  335.1MB/982.7MB
2315e093daf2 Downloading [=================>                                 ]  335.7MB/982.7MB
1c3112c87ab2 Downloading [=================================>                 ]  35.92MB/53.88MB
2315e093daf2 Downloading [=================>                                 ]  336.2MB/982.7MB
2315e093daf2 Downloading [=================>                                 ]  336.7MB/982.7MB
2315e093daf2 Downloading [=================>                                 ]  337.3MB/982.7MB
2315e093daf2 Downloading [=================>                                 ]  337.8MB/982.7MB
2315e093daf2 Downloading [=================>                                 ]  338.3MB/982.7MB
2315e093daf2 Downloading [=================>                                 ]  338.9MB/982.7MB
2315e093daf2 Downloading [=================>                                 ]  339.4MB/982.7MB
1c3112c87ab2 Downloading [=================================>                 ]  36.44MB/53.88MB
2315e093daf2 Downloading [=================>                                 ]  339.9MB/982.7MB
2315e093daf2 Downloading [=================>                                 ]  340.5MB/982.7MB
2315e093daf2 Downloading [=================>                                 ]    341MB/982.7MB
2315e093daf2 Downloading [=================>                                 ]  341.6MB/982.7MB
2315e093daf2 Downloading [=================>                                 ]  342.1MB/982.7MB
2315e093daf2 Downloading [=================>                                 ]  342.6MB/982.7MB
2315e093daf2 Downloading [=================>                                 ]  343.2MB/982.7MB
2315e093daf2 Downloading [=================>                                 ]  343.7MB/982.7MB
2315e093daf2 Downloading [=================>                                 ]  344.2MB/982.7MB
2315e093daf2 Downloading [=================>                                 ]  344.7MB/982.7MB
2315e093daf2 Downloading [=================>                                 ]  345.3MB/982.7MB
2315e093daf2 Downloading [=================>                                 ]  345.8MB/982.7MB
2315e093daf2 Downloading [=================>                                 ]  346.4MB/982.7MB
2315e093daf2 Downloading [=================>                                 ]  346.9MB/982.7MB
2315e093daf2 Downloading [=================>                                 ]  347.4MB/982.7MB
1c3112c87ab2 Downloading [==================================>                ]  36.99MB/53.88MB
2315e093daf2 Downloading [=================>                                 ]    348MB/982.7MB
2315e093daf2 Downloading [=================>                                 ]  348.5MB/982.7MB
2315e093daf2 Downloading [=================>                                 ]    349MB/982.7MB
2315e093daf2 Downloading [=================>                                 ]  349.6MB/982.7MB
2315e093daf2 Downloading [=================>                                 ]  350.1MB/982.7MB
2315e093daf2 Downloading [=================>                                 ]  350.6MB/982.7MB
2315e093daf2 Downloading [=================>                                 ]  351.2MB/982.7MB
2315e093daf2 Downloading [=================>                                 ]  351.7MB/982.7MB
1c3112c87ab2 Downloading [==================================>                ]  37.53MB/53.88MB
2315e093daf2 Downloading [=================>                                 ]  352.3MB/982.7MB
2315e093daf2 Downloading [=================>                                 ]  352.8MB/982.7MB
2315e093daf2 Downloading [=================>                                 ]  353.3MB/982.7MB
2315e093daf2 Downloading [==================>                                ]  353.9MB/982.7MB
2315e093daf2 Downloading [==================>                                ]  354.4MB/982.7MB
2315e093daf2 Downloading [==================>                                ]  354.9MB/982.7MB
2315e093daf2 Downloading [==================>                                ]  355.5MB/982.7MB
2315e093daf2 Downloading [==================>                                ]    356MB/982.7MB
2315e093daf2 Downloading [==================>                                ]  356.5MB/982.7MB
2315e093daf2 Downloading [==================>                                ]  357.1MB/982.7MB
2315e093daf2 Downloading [==================>                                ]  357.6MB/982.7MB
2315e093daf2 Downloading [==================>                                ]  358.1MB/982.7MB
1c3112c87ab2 Downloading [===================================>               ]  38.05MB/53.88MB
2315e093daf2 Downloading [==================>                                ]  358.7MB/982.7MB
2315e093daf2 Downloading [==================>                                ]  359.2MB/982.7MB
2315e093daf2 Downloading [==================>                                ]  359.8MB/982.7MB
2315e093daf2 Downloading [==================>                                ]  360.3MB/982.7MB
2315e093daf2 Downloading [==================>                                ]  360.8MB/982.7MB
2315e093daf2 Downloading [==================>                                ]  361.9MB/982.7MB
2315e093daf2 Downloading [==================>                                ]  362.4MB/982.7MB
2315e093daf2 Downloading [==================>                                ]    363MB/982.7MB
2315e093daf2 Downloading [==================>                                ]  363.5MB/982.7MB
2315e093daf2 Downloading [==================>                                ]  364.1MB/982.7MB
1c3112c87ab2 Downloading [===================================>               ]   38.6MB/53.88MB
2315e093daf2 Downloading [==================>                                ]  364.6MB/982.7MB
2315e093daf2 Downloading [==================>                                ]  365.1MB/982.7MB
2315e093daf2 Downloading [==================>                                ]  365.7MB/982.7MB
2315e093daf2 Downloading [==================>                                ]  366.2MB/982.7MB
2315e093daf2 Downloading [==================>                                ]  366.7MB/982.7MB
2315e093daf2 Downloading [==================>                                ]  367.3MB/982.7MB
2315e093daf2 Downloading [==================>                                ]  367.8MB/982.7MB
2315e093daf2 Downloading [==================>                                ]  368.3MB/982.7MB
1c3112c87ab2 Downloading [====================================>              ]  39.14MB/53.88MB
2315e093daf2 Downloading [==================>                                ]  368.9MB/982.7MB
2315e093daf2 Downloading [==================>                                ]  369.4MB/982.7MB
2315e093daf2 Downloading [==================>                                ]  369.9MB/982.7MB
2315e093daf2 Downloading [==================>                                ]  370.5MB/982.7MB
2315e093daf2 Downloading [==================>                                ]    371MB/982.7MB
2315e093daf2 Downloading [==================>                                ]  371.5MB/982.7MB
2315e093daf2 Downloading [==================>                                ]  372.1MB/982.7MB
2315e093daf2 Downloading [==================>                                ]  372.6MB/982.7MB
2315e093daf2 Downloading [==================>                                ]  373.2MB/982.7MB
2315e093daf2 Downloading [===================>                               ]  373.7MB/982.7MB
2315e093daf2 Downloading [===================>                               ]  374.2MB/982.7MB
2315e093daf2 Downloading [===================>                               ]  374.8MB/982.7MB
2315e093daf2 Downloading [===================>                               ]  375.3MB/982.7MB
1c3112c87ab2 Downloading [====================================>              ]  39.68MB/53.88MB
2315e093daf2 Downloading [===================>                               ]  375.9MB/982.7MB
2315e093daf2 Downloading [===================>                               ]  376.4MB/982.7MB
2315e093daf2 Downloading [===================>                               ]  376.9MB/982.7MB
2315e093daf2 Downloading [===================>                               ]  377.5MB/982.7MB
2315e093daf2 Downloading [===================>                               ]    378MB/982.7MB
2315e093daf2 Downloading [===================>                               ]  378.5MB/982.7MB
2315e093daf2 Downloading [===================>                               ]  379.1MB/982.7MB
2315e093daf2 Downloading [===================>                               ]  379.6MB/982.7MB
2315e093daf2 Downloading [===================>                               ]  380.2MB/982.7MB
2315e093daf2 Downloading [===================>                               ]  380.7MB/982.7MB
2315e093daf2 Downloading [===================>                               ]  381.2MB/982.7MB
2315e093daf2 Downloading [===================>                               ]  381.8MB/982.7MB
2315e093daf2 Downloading [===================>                               ]  382.3MB/982.7MB
1c3112c87ab2 Downloading [=====================================>             ]  40.22MB/53.88MB
2315e093daf2 Downloading [===================>                               ]  382.9MB/982.7MB
2315e093daf2 Downloading [===================>                               ]  383.4MB/982.7MB
2315e093daf2 Downloading [===================>                               ]  383.9MB/982.7MB
2315e093daf2 Downloading [===================>                               ]  384.5MB/982.7MB
2315e093daf2 Downloading [===================>                               ]    385MB/982.7MB
2315e093daf2 Downloading [===================>                               ]  385.5MB/982.7MB
2315e093daf2 Downloading [===================>                               ]  386.1MB/982.7MB
2315e093daf2 Downloading [===================>                               ]  386.6MB/982.7MB
2315e093daf2 Downloading [===================>                               ]  387.1MB/982.7MB
2315e093daf2 Downloading [===================>                               ]  387.7MB/982.7MB
2315e093daf2 Downloading [===================>                               ]  388.2MB/982.7MB
2315e093daf2 Downloading [===================>                               ]  388.7MB/982.7MB
1c3112c87ab2 Downloading [=====================================>             ]  40.76MB/53.88MB
2315e093daf2 Downloading [===================>                               ]  389.3MB/982.7MB
2315e093daf2 Downloading [===================>                               ]  389.8MB/982.7MB
2315e093daf2 Downloading [===================>                               ]  390.4MB/982.7MB
2315e093daf2 Downloading [===================>                               ]  390.9MB/982.7MB
2315e093daf2 Downloading [===================>                               ]  391.4MB/982.7MB
2315e093daf2 Downloading [===================>                               ]    392MB/982.7MB
2315e093daf2 Downloading [===================>                               ]  392.5MB/982.7MB
2315e093daf2 Downloading [===================>                               ]    393MB/982.7MB
1c3112c87ab2 Downloading [======================================>            ]  41.29MB/53.88MB
2315e093daf2 Downloading [====================>                              ]  393.6MB/982.7MB
2315e093daf2 Downloading [====================>                              ]  394.1MB/982.7MB
2315e093daf2 Downloading [====================>                              ]  394.6MB/982.7MB
2315e093daf2 Downloading [====================>                              ]  395.2MB/982.7MB
2315e093daf2 Downloading [====================>                              ]  395.7MB/982.7MB
2315e093daf2 Downloading [====================>                              ]  396.3MB/982.7MB
2315e093daf2 Downloading [====================>                              ]  396.8MB/982.7MB
2315e093daf2 Downloading [====================>                              ]  397.3MB/982.7MB
2315e093daf2 Downloading [====================>                              ]  397.9MB/982.7MB
2315e093daf2 Downloading [====================>                              ]  398.4MB/982.7MB
1c3112c87ab2 Downloading [======================================>            ]  41.82MB/53.88MB
2315e093daf2 Downloading [====================>                              ]  398.9MB/982.7MB
2315e093daf2 Downloading [====================>                              ]  399.5MB/982.7MB
2315e093daf2 Downloading [====================>                              ]    400MB/982.7MB
2315e093daf2 Downloading [====================>                              ]  400.6MB/982.7MB
2315e093daf2 Downloading [====================>                              ]  401.1MB/982.7MB
2315e093daf2 Downloading [====================>                              ]  401.6MB/982.7MB
2315e093daf2 Downloading [====================>                              ]  402.2MB/982.7MB
2315e093daf2 Downloading [====================>                              ]  402.7MB/982.7MB
1c3112c87ab2 Downloading [=======================================>           ]  42.35MB/53.88MB
2315e093daf2 Downloading [====================>                              ]  403.2MB/982.7MB
2315e093daf2 Downloading [====================>                              ]  403.8MB/982.7MB
2315e093daf2 Downloading [====================>                              ]  404.3MB/982.7MB
1c3112c87ab2 Downloading [=======================================>           ]  42.89MB/53.88MB
2315e093daf2 Downloading [====================>                              ]  404.8MB/982.7MB
2315e093daf2 Downloading [====================>                              ]  405.4MB/982.7MB
2315e093daf2 Downloading [====================>                              ]  405.9MB/982.7MB
2315e093daf2 Downloading [====================>                              ]  406.4MB/982.7MB
2315e093daf2 Downloading [====================>                              ]    407MB/982.7MB
1c3112c87ab2 Downloading [========================================>          ]  43.43MB/53.88MB
2315e093daf2 Downloading [====================>                              ]  407.5MB/982.7MB
2315e093daf2 Downloading [====================>                              ]  408.1MB/982.7MB
2315e093daf2 Downloading [====================>                              ]  408.6MB/982.7MB
2315e093daf2 Downloading [====================>                              ]  409.1MB/982.7MB
2315e093daf2 Downloading [====================>                              ]  409.7MB/982.7MB
2315e093daf2 Downloading [====================>                              ]  410.2MB/982.7MB
1c3112c87ab2 Downloading [========================================>          ]  43.96MB/53.88MB
2315e093daf2 Downloading [====================>                              ]  410.7MB/982.7MB
2315e093daf2 Downloading [====================>                              ]  411.3MB/982.7MB
2315e093daf2 Downloading [====================>                              ]  411.8MB/982.7MB
1c3112c87ab2 Downloading [=========================================>         ]  44.49MB/53.88MB
2315e093daf2 Downloading [====================>                              ]  412.4MB/982.7MB
2315e093daf2 Downloading [=====================>                             ]  412.9MB/982.7MB
2315e093daf2 Downloading [=====================>                             ]  413.4MB/982.7MB
2315e093daf2 Downloading [=====================>                             ]    414MB/982.7MB
2315e093daf2 Downloading [=====================>                             ]  414.5MB/982.7MB
2315e093daf2 Downloading [=====================>                             ]    415MB/982.7MB
2315e093daf2 Downloading [=====================>                             ]  415.6MB/982.7MB
2315e093daf2 Downloading [=====================>                             ]  416.1MB/982.7MB
1c3112c87ab2 Downloading [=========================================>         ]  45.03MB/53.88MB
2315e093daf2 Downloading [=====================>                             ]  416.6MB/982.7MB
2315e093daf2 Downloading [=====================>                             ]  417.2MB/982.7MB
2315e093daf2 Downloading [=====================>                             ]  417.7MB/982.7MB
2315e093daf2 Downloading [=====================>                             ]  418.2MB/982.7MB
2315e093daf2 Downloading [=====================>                             ]  418.8MB/982.7MB
2315e093daf2 Downloading [=====================>                             ]  419.3MB/982.7MB
2315e093daf2 Downloading [=====================>                             ]  419.9MB/982.7MB
2315e093daf2 Downloading [=====================>                             ]  420.4MB/982.7MB
1c3112c87ab2 Downloading [==========================================>        ]  45.57MB/53.88MB
2315e093daf2 Downloading [=====================>                             ]  420.9MB/982.7MB
2315e093daf2 Downloading [=====================>                             ]  421.5MB/982.7MB
2315e093daf2 Downloading [=====================>                             ]    422MB/982.7MB
2315e093daf2 Downloading [=====================>                             ]  422.5MB/982.7MB
1c3112c87ab2 Downloading [==========================================>        ]  46.11MB/53.88MB
2315e093daf2 Downloading [=====================>                             ]  423.1MB/982.7MB
2315e093daf2 Downloading [=====================>                             ]  423.6MB/982.7MB
2315e093daf2 Downloading [=====================>                             ]  424.2MB/982.7MB
2315e093daf2 Downloading [=====================>                             ]  424.7MB/982.7MB
2315e093daf2 Downloading [=====================>                             ]  425.2MB/982.7MB
1c3112c87ab2 Downloading [===========================================>       ]  46.65MB/53.88MB
2315e093daf2 Downloading [=====================>                             ]  425.7MB/982.7MB
2315e093daf2 Downloading [=====================>                             ]  426.3MB/982.7MB
2315e093daf2 Downloading [=====================>                             ]  426.8MB/982.7MB
2315e093daf2 Downloading [=====================>                             ]  427.3MB/982.7MB
2315e093daf2 Downloading [=====================>                             ]  427.9MB/982.7MB
2315e093daf2 Downloading [=====================>                             ]  428.4MB/982.7MB
2315e093daf2 Downloading [=====================>                             ]  428.9MB/982.7MB
2315e093daf2 Downloading [=====================>                             ]  429.5MB/982.7MB
2315e093daf2 Downloading [=====================>                             ]    430MB/982.7MB
2315e093daf2 Downloading [=====================>                             ]  430.6MB/982.7MB
2315e093daf2 Downloading [=====================>                             ]  431.1MB/982.7MB
2315e093daf2 Downloading [=====================>                             ]  431.6MB/982.7MB
2315e093daf2 Downloading [=====================>                             ]  432.2MB/982.7MB
1c3112c87ab2 Downloading [===========================================>       ]  47.18MB/53.88MB
2315e093daf2 Downloading [======================>                            ]  432.7MB/982.7MB
2315e093daf2 Downloading [======================>                            ]  433.2MB/982.7MB
2315e093daf2 Downloading [======================>                            ]  433.8MB/982.7MB
2315e093daf2 Downloading [======================>                            ]  434.3MB/982.7MB
2315e093daf2 Downloading [======================>                            ]  434.8MB/982.7MB
2315e093daf2 Downloading [======================>                            ]  435.4MB/982.7MB
2315e093daf2 Downloading [======================>                            ]  435.9MB/982.7MB
1c3112c87ab2 Downloading [============================================>      ]  47.71MB/53.88MB
2315e093daf2 Downloading [======================>                            ]  436.5MB/982.7MB
2315e093daf2 Downloading [======================>                            ]    437MB/982.7MB
2315e093daf2 Downloading [======================>                            ]  437.5MB/982.7MB
2315e093daf2 Downloading [======================>                            ]  438.1MB/982.7MB
1c3112c87ab2 Downloading [============================================>      ]  48.25MB/53.88MB
2315e093daf2 Downloading [======================>                            ]  438.6MB/982.7MB
2315e093daf2 Downloading [======================>                            ]  439.1MB/982.7MB
2315e093daf2 Downloading [======================>                            ]  439.7MB/982.7MB
2315e093daf2 Downloading [======================>                            ]  440.2MB/982.7MB
2315e093daf2 Downloading [======================>                            ]  440.7MB/982.7MB
2315e093daf2 Downloading [======================>                            ]  441.3MB/982.7MB
2315e093daf2 Downloading [======================>                            ]  441.8MB/982.7MB
2315e093daf2 Downloading [======================>                            ]  442.3MB/982.7MB
2315e093daf2 Downloading [======================>                            ]  442.9MB/982.7MB
2315e093daf2 Downloading [======================>                            ]  443.4MB/982.7MB
2315e093daf2 Downloading [======================>                            ]  443.9MB/982.7MB
1c3112c87ab2 Downloading [=============================================>     ]  48.79MB/53.88MB
2315e093daf2 Downloading [======================>                            ]  444.5MB/982.7MB
2315e093daf2 Downloading [======================>                            ]    445MB/982.7MB
2315e093daf2 Downloading [======================>                            ]  445.5MB/982.7MB
2315e093daf2 Downloading [======================>                            ]  446.1MB/982.7MB
2315e093daf2 Downloading [======================>                            ]  446.6MB/982.7MB
2315e093daf2 Downloading [======================>                            ]  447.2MB/982.7MB
2315e093daf2 Downloading [======================>                            ]  447.7MB/982.7MB
2315e093daf2 Downloading [======================>                            ]  448.2MB/982.7MB
2315e093daf2 Downloading [======================>                            ]  448.8MB/982.7MB
2315e093daf2 Downloading [======================>                            ]  449.3MB/982.7MB
2315e093daf2 Downloading [======================>                            ]  449.8MB/982.7MB
1c3112c87ab2 Downloading [=============================================>     ]  49.33MB/53.88MB
2315e093daf2 Downloading [======================>                            ]  450.4MB/982.7MB
2315e093daf2 Downloading [======================>                            ]  450.9MB/982.7MB
2315e093daf2 Downloading [======================>                            ]  451.4MB/982.7MB
2315e093daf2 Downloading [======================>                            ]    452MB/982.7MB
2315e093daf2 Downloading [=======================>                           ]  452.5MB/982.7MB
2315e093daf2 Downloading [=======================>                           ]    453MB/982.7MB
2315e093daf2 Downloading [=======================>                           ]  453.6MB/982.7MB
2315e093daf2 Downloading [=======================>                           ]  454.1MB/982.7MB
2315e093daf2 Downloading [=======================>                           ]  454.7MB/982.7MB
2315e093daf2 Downloading [=======================>                           ]  455.2MB/982.7MB
2315e093daf2 Downloading [=======================>                           ]  455.7MB/982.7MB
2315e093daf2 Downloading [=======================>                           ]  456.3MB/982.7MB
2315e093daf2 Downloading [=======================>                           ]  456.8MB/982.7MB
1c3112c87ab2 Downloading [==============================================>    ]  49.87MB/53.88MB
2315e093daf2 Downloading [=======================>                           ]  457.3MB/982.7MB
2315e093daf2 Downloading [=======================>                           ]  457.9MB/982.7MB
2315e093daf2 Downloading [=======================>                           ]  458.4MB/982.7MB
2315e093daf2 Downloading [=======================>                           ]  458.9MB/982.7MB
2315e093daf2 Downloading [=======================>                           ]  459.5MB/982.7MB
2315e093daf2 Downloading [=======================>                           ]    460MB/982.7MB
2315e093daf2 Downloading [=======================>                           ]  460.5MB/982.7MB
2315e093daf2 Downloading [=======================>                           ]  461.1MB/982.7MB
2315e093daf2 Downloading [=======================>                           ]  461.6MB/982.7MB
1c3112c87ab2 Downloading [==============================================>    ]  50.41MB/53.88MB
2315e093daf2 Downloading [=======================>                           ]  462.2MB/982.7MB
2315e093daf2 Downloading [=======================>                           ]  462.7MB/982.7MB
2315e093daf2 Downloading [=======================>                           ]  463.2MB/982.7MB
2315e093daf2 Downloading [=======================>                           ]  463.8MB/982.7MB
2315e093daf2 Downloading [=======================>                           ]  464.3MB/982.7MB
2315e093daf2 Downloading [=======================>                           ]  464.8MB/982.7MB
2315e093daf2 Downloading [=======================>                           ]  465.4MB/982.7MB
2315e093daf2 Downloading [=======================>                           ]  465.9MB/982.7MB
2315e093daf2 Downloading [=======================>                           ]  466.4MB/982.7MB
1c3112c87ab2 Downloading [===============================================>   ]  50.94MB/53.88MB
2315e093daf2 Downloading [=======================>                           ]    467MB/982.7MB
2315e093daf2 Downloading [=======================>                           ]  467.5MB/982.7MB
2315e093daf2 Downloading [=======================>                           ]    468MB/982.7MB
2315e093daf2 Downloading [=======================>                           ]  468.6MB/982.7MB
2315e093daf2 Downloading [=======================>                           ]  469.1MB/982.7MB
1c3112c87ab2 Downloading [===============================================>   ]  51.48MB/53.88MB
