============================================
Pipeline Run Started: שבת 21 יונ 2025 11:38:05
Configuration:
  - Sample Fraction: 1.0
  - Force Recompute: No
============================================
[2025-06-21 11:38:05] 🛠️  Building Docker images...
#1 [internal] load build definition from Dockerfile
#1 transferring dockerfile: 32B done
#1 DONE 0.0s

#2 [internal] load .dockerignore
#2 transferring context: 2B done
#2 DONE 0.0s

#3 [internal] load metadata for docker.io/library/python:3.11-slim
#3 DONE 0.8s

#4 [ 1/12] FROM docker.io/library/python:3.11-slim@sha256:9e1912aab0a30bbd9488eb79063f68f42a68ab0946cbe98fecf197fe5b085506
#4 resolve docker.io/library/python:3.11-slim@sha256:9e1912aab0a30bbd9488eb79063f68f42a68ab0946cbe98fecf197fe5b085506 done
#4 DONE 0.0s

#5 [internal] load build context
#5 transferring context: 654.94kB done
#5 DONE 0.0s

#6 [ 9/12] RUN pip install --no-cache-dir -r requirements.txt
#6 CACHED

#7 [ 5/12] RUN curl -L https://argmax.nyc3.digitaloceanspaces.com/recipes/allrecipes.parquet     -o /app/data/allrecipes.parquet
#7 CACHED

#8 [ 6/12] RUN curl -L https://argmax.nyc3.digitaloceanspaces.com/recipes/ground_truth_sample.csv     -o /app/data/ground_truth_sample.csv
#8 CACHED

#9 [ 2/12] WORKDIR /app
#9 CACHED

#10 [ 3/12] RUN apt-get update &&     apt-get install -y --no-install-recommends         build-essential         curl         unzip         dos2unix &&     rm -rf /var/lib/apt/lists/*
#10 CACHED

#11 [ 8/12] COPY requirements.txt .
#11 CACHED

#12 [ 7/12] RUN curl -L     https://fdc.nal.usda.gov/fdc-datasets/FoodData_Central_foundation_food_csv_2025-04-24.zip     -o /tmp/fdc.zip &&     unzip -q /tmp/fdc.zip -d /tmp &&     cp /tmp/FoodData_Central_foundation_food_csv_2025-04-24/food.csv        /tmp/FoodData_Central_foundation_food_csv_2025-04-24/food_nutrient.csv        /tmp/FoodData_Central_foundation_food_csv_2025-04-24/nutrient.csv        /app/data/usda/ &&     rm -rf /tmp/fdc.zip /tmp/FoodData_Central_foundation_food_csv_2025-04-24
#12 CACHED

#13 [ 4/12] RUN mkdir -p /app/data/usda
#13 CACHED

#14 [10/12] RUN mkdir -p /app/pretrained_models
#14 CACHED

#15 [11/12] COPY --chmod=755 . /app/
#15 DONE 0.0s

#16 [12/12] RUN if [ -f "/app/pretrained_models/models.zip" ]; then         echo "🔓 Extracting pretrained models..." &&         unzip -o /app/pretrained_models/models.zip -d /app/pretrained_models &&         rm /app/pretrained_models/models.zip;     else         echo "✅ No pretrained models found, skipping extraction.";     fi
#16 0.230 ✅ No pretrained models found, skipping extraction.
#16 DONE 0.2s

#17 exporting to image
#17 exporting layers 0.0s done
#17 writing image sha256:dbc05a41c1eb2660824d28f435eee57ee652bf4fde25c10cb4b0e5fcb9f7b836 done
#17 naming to docker.io/library/search_by_ingredients_v1t3ls0n-web done
#17 DONE 0.0s
[2025-06-21 11:38:07] 🚀 Starting services...
Network search_by_ingredients_v1t3ls0n_argmax  Creating
Network search_by_ingredients_v1t3ls0n_argmax  Created
Container search_by_ingredients_v1t3ls0n-os-1  Creating
Container search_by_ingredients_v1t3ls0n-os-1  Created
Container search_by_ingredients_v1t3ls0n-web-1  Creating
Container search_by_ingredients_v1t3ls0n-web-1  Created
Container search_by_ingredients_v1t3ls0n-os-1  Starting
Container search_by_ingredients_v1t3ls0n-os-1  Started
Container search_by_ingredients_v1t3ls0n-os-1  Waiting
Container search_by_ingredients_v1t3ls0n-os-1  Healthy
Container search_by_ingredients_v1t3ls0n-web-1  Starting
Container search_by_ingredients_v1t3ls0n-web-1  Started
[2025-06-21 11:38:18] 📋 Starting container log collection...
[2025-06-21 11:38:18] ⏳ Waiting for services to initialize...
search_by_ingredients_v1t3ls0n-web-1  | 2025-06-21T08:38:18.743418546Z dos2unix: converting file web/init.sh to Unix format...
search_by_ingredients_v1t3ls0n-os-1   | 2025-06-21T08:38:07.932480711Z Disabling OpenSearch Security Plugin
search_by_ingredients_v1t3ls0n-os-1   | 2025-06-21T08:38:07.932559334Z Enabling execution of OPENSEARCH_HOME/bin/opensearch-performance-analyzer/performance-analyzer-agent-cli for OpenSearch Performance Analyzer Plugin
search_by_ingredients_v1t3ls0n-os-1   | 2025-06-21T08:38:08.963559632Z WARNING: Using incubator modules: jdk.incubator.vector
search_by_ingredients_v1t3ls0n-os-1   | 2025-06-21T08:38:08.965659061Z WARNING: Unknown module: org.apache.arrow.memory.core specified to --add-opens
search_by_ingredients_v1t3ls0n-web-1  | 2025-06-21T08:38:18.749941947Z 📊 Running initial indexing...
search_by_ingredients_v1t3ls0n-os-1   | 2025-06-21T08:38:09.977414456Z [2025-06-21T08:38:09,976][WARN ][stderr                   ] [b36e7557bd97] Jun 21, 2025 8:38:09 AM org.opensearch.javaagent.bootstrap.AgentPolicy setPolicy
search_by_ingredients_v1t3ls0n-os-1   | 2025-06-21T08:38:09.977463055Z [2025-06-21T08:38:09,977][WARN ][stderr                   ] [b36e7557bd97] INFO: Policy attached successfully: org.opensearch.bootstrap.OpenSearchPolicy@43b40233
search_by_ingredients_v1t3ls0n-os-1   | 2025-06-21T08:38:09.983525290Z [2025-06-21T08:38:09,983][INFO ][o.o.n.Node               ] [b36e7557bd97] version[3.0.0], pid[1], build[tar/dc4efa821904cc2d7ea7ef61c0f577d3fc0d8be9/2025-05-03T06:25:26.379676844Z], OS[Linux/5.15.167.4-microsoft-standard-WSL2/amd64], JVM[Eclipse Adoptium/OpenJDK 64-Bit Server VM/21.0.7/21.0.7+6-LTS]
search_by_ingredients_v1t3ls0n-os-1   | 2025-06-21T08:38:09.983543867Z [2025-06-21T08:38:09,983][INFO ][o.o.n.Node               ] [b36e7557bd97] JVM home [/usr/share/opensearch/jdk], using bundled JDK/JRE [true]
search_by_ingredients_v1t3ls0n-os-1   | 2025-06-21T08:38:09.983615301Z [2025-06-21T08:38:09,983][INFO ][o.o.n.Node               ] [b36e7557bd97] JVM arguments [-Xshare:auto, -Dopensearch.networkaddress.cache.ttl=60, -Dopensearch.networkaddress.cache.negative.ttl=10, -XX:+AlwaysPreTouch, -Xss1m, -Djava.awt.headless=true, -Dfile.encoding=UTF-8, -Djna.nosys=true, -XX:-OmitStackTraceInFastThrow, -XX:+ShowCodeDetailsInExceptionMessages, -Dio.netty.noUnsafe=true, -Dio.netty.noKeySetOptimization=true, -Dio.netty.recycler.maxCapacityPerThread=0, -Dio.netty.allocator.numDirectArenas=0, -Dlog4j.shutdownHookEnabled=false, -Dlog4j2.disable.jmx=true, -Djava.locale.providers=SPI,CLDR, -Xms1g, -Xmx1g, -XX:+UseG1GC, -XX:G1ReservePercent=25, -XX:InitiatingHeapOccupancyPercent=30, -Djava.io.tmpdir=/tmp/opensearch-17556506919078478573, -XX:+HeapDumpOnOutOfMemoryError, -XX:HeapDumpPath=data, -XX:ErrorFile=logs/hs_err_pid%p.log, -Xlog:gc*,gc+age=trace,safepoint:file=logs/gc.log:utctime,pid,tags:filecount=32,filesize=64m, --add-modules=jdk.incubator.vector, -javaagent:agent/opensearch-agent.jar, --add-opens=java.base/java.nio=org.apache.arrow.memory.core,ALL-UNNAMED, -Dclk.tck=100, -Djdk.attach.allowAttachSelf=true, -Djava.security.policy=/usr/share/opensearch/config/opensearch-performance-analyzer/opensearch_security.policy, --add-opens=jdk.attach/sun.tools.attach=ALL-UNNAMED, -Dopensearch.cgroups.hierarchy.override=/, -Xms512m, -Xmx512m, -XX:MaxDirectMemorySize=268435456, -Dopensearch.path.home=/usr/share/opensearch, -Dopensearch.path.conf=/usr/share/opensearch/config, -Dopensearch.distribution.type=tar, -Dopensearch.bundled_jdk=true]
search_by_ingredients_v1t3ls0n-os-1   | 2025-06-21T08:38:10.076629432Z [2025-06-21T08:38:10,076][WARN ][stderr                   ] [b36e7557bd97] Jun 21, 2025 8:38:10 AM org.apache.lucene.internal.vectorization.PanamaVectorizationProvider <init>
search_by_ingredients_v1t3ls0n-os-1   | 2025-06-21T08:38:10.076649829Z [2025-06-21T08:38:10,076][WARN ][stderr                   ] [b36e7557bd97] INFO: Java vector incubator API enabled; uses preferredBitSize=256; FMA enabled
search_by_ingredients_v1t3ls0n-os-1   | 2025-06-21T08:38:10.547977975Z [2025-06-21T08:38:10,547][INFO ][o.o.s.s.t.SSLConfig      ] [b36e7557bd97] SSL dual mode is disabled
search_by_ingredients_v1t3ls0n-os-1   | 2025-06-21T08:38:10.548231041Z [2025-06-21T08:38:10,548][WARN ][o.o.s.OpenSearchSecurityPlugin] [b36e7557bd97] OpenSearch Security plugin installed but disabled. This can expose your configuration (including passwords) to the public.
search_by_ingredients_v1t3ls0n-os-1   | 2025-06-21T08:38:11.015424920Z [2025-06-21T08:38:11,015][ERROR][o.o.p.c.c.PluginSettings ] [b36e7557bd97] Loading config file /usr/share/opensearch/config/opensearch-performance-analyzer/performance-analyzer.properties failed with error: org.opensearch.performanceanalyzer.commons.config.ConfigFileException: java.io.FileNotFoundException: /usr/share/opensearch/config/opensearch-performance-analyzer/performance-analyzer.properties (No such file or directory). Disabling plugin.
search_by_ingredients_v1t3ls0n-os-1   | 2025-06-21T08:38:11.015584957Z [2025-06-21T08:38:11,015][INFO ][o.o.p.c.c.PluginSettings ] [b36e7557bd97] Config: metricsLocation: /dev/shm/performanceanalyzer/, metricsDeletionInterval: 1, httpsEnabled: false, cleanup-metrics-db-files: false, batch-metrics-retention-period-minutes: 7, rpc-port: 9650, webservice-port 9600
search_by_ingredients_v1t3ls0n-os-1   | 2025-06-21T08:38:11.138240006Z [2025-06-21T08:38:11,136][ERROR][o.o.p.c.c.StatsCollector ] [b36e7557bd97] Error in loading metadata for folderLocation: /usr/share/opensearch/config/opensearch-performance-analyzer/, fileLocation: plugin-stats-metadata
search_by_ingredients_v1t3ls0n-os-1   | 2025-06-21T08:38:11.138257447Z java.io.FileNotFoundException: /usr/share/opensearch/config/opensearch-performance-analyzer/plugin-stats-metadata (No such file or directory)
search_by_ingredients_v1t3ls0n-os-1   | 2025-06-21T08:38:11.138258692Z 	at java.base/java.io.FileInputStream.open0(Native Method) ~[?:?]
search_by_ingredients_v1t3ls0n-os-1   | 2025-06-21T08:38:11.138259893Z 	at java.base/java.io.FileInputStream.open(FileInputStream.java:213) ~[?:?]
search_by_ingredients_v1t3ls0n-os-1   | 2025-06-21T08:38:11.138260883Z 	at java.base/java.io.FileInputStream.<init>(FileInputStream.java:152) ~[?:?]
search_by_ingredients_v1t3ls0n-os-1   | 2025-06-21T08:38:11.138261912Z 	at java.base/java.io.FileInputStream.<init>(FileInputStream.java:106) ~[?:?]
search_by_ingredients_v1t3ls0n-os-1   | 2025-06-21T08:38:11.138262851Z 	at org.opensearch.performanceanalyzer.commons.collectors.StatsCollector.loadMetadata(StatsCollector.java:158) ~[performance-analyzer-commons-2.0.0.jar:?]
search_by_ingredients_v1t3ls0n-os-1   | 2025-06-21T08:38:11.138263838Z 	at org.opensearch.performanceanalyzer.commons.collectors.StatsCollector.instance(StatsCollector.java:73) ~[performance-analyzer-commons-2.0.0.jar:?]
search_by_ingredients_v1t3ls0n-os-1   | 2025-06-21T08:38:11.138264787Z 	at org.opensearch.performanceanalyzer.PerformanceAnalyzerPlugin.scheduleRcaCollectors(PerformanceAnalyzerPlugin.java:264) ~[opensearch-performance-analyzer-3.0.0.0.jar:3.0.0.0]
search_by_ingredients_v1t3ls0n-os-1   | 2025-06-21T08:38:11.138265769Z 	at org.opensearch.performanceanalyzer.PerformanceAnalyzerPlugin.<init>(PerformanceAnalyzerPlugin.java:213) ~[opensearch-performance-analyzer-3.0.0.0.jar:3.0.0.0]
search_by_ingredients_v1t3ls0n-os-1   | 2025-06-21T08:38:11.138266783Z 	at java.base/jdk.internal.reflect.DirectConstructorHandleAccessor.newInstance(DirectConstructorHandleAccessor.java:62) [?:?]
search_by_ingredients_v1t3ls0n-os-1   | 2025-06-21T08:38:11.138267713Z 	at java.base/java.lang.reflect.Constructor.newInstanceWithCaller(Constructor.java:502) [?:?]
search_by_ingredients_v1t3ls0n-os-1   | 2025-06-21T08:38:11.138268638Z 	at java.base/java.lang.reflect.Constructor.newInstance(Constructor.java:486) [?:?]
search_by_ingredients_v1t3ls0n-os-1   | 2025-06-21T08:38:11.138269534Z 	at org.opensearch.plugins.PluginsService.loadPlugin(PluginsService.java:840) [opensearch-3.0.0.jar:3.0.0]
search_by_ingredients_v1t3ls0n-os-1   | 2025-06-21T08:38:11.138270449Z 	at org.opensearch.plugins.PluginsService.loadBundle(PluginsService.java:788) [opensearch-3.0.0.jar:3.0.0]
search_by_ingredients_v1t3ls0n-os-1   | 2025-06-21T08:38:11.138271356Z 	at org.opensearch.plugins.PluginsService.loadBundles(PluginsService.java:582) [opensearch-3.0.0.jar:3.0.0]
search_by_ingredients_v1t3ls0n-os-1   | 2025-06-21T08:38:11.138278961Z 	at org.opensearch.plugins.PluginsService.<init>(PluginsService.java:197) [opensearch-3.0.0.jar:3.0.0]
search_by_ingredients_v1t3ls0n-os-1   | 2025-06-21T08:38:11.138280538Z 	at org.opensearch.node.Node.<init>(Node.java:533) [opensearch-3.0.0.jar:3.0.0]
search_by_ingredients_v1t3ls0n-os-1   | 2025-06-21T08:38:11.138281573Z 	at org.opensearch.node.Node.<init>(Node.java:460) [opensearch-3.0.0.jar:3.0.0]
search_by_ingredients_v1t3ls0n-os-1   | 2025-06-21T08:38:11.138284858Z 	at org.opensearch.bootstrap.Bootstrap$5.<init>(Bootstrap.java:243) [opensearch-3.0.0.jar:3.0.0]
search_by_ingredients_v1t3ls0n-os-1   | 2025-06-21T08:38:11.138285849Z 	at org.opensearch.bootstrap.Bootstrap.setup(Bootstrap.java:243) [opensearch-3.0.0.jar:3.0.0]
search_by_ingredients_v1t3ls0n-os-1   | 2025-06-21T08:38:11.138286734Z 	at org.opensearch.bootstrap.Bootstrap.init(Bootstrap.java:405) [opensearch-3.0.0.jar:3.0.0]
search_by_ingredients_v1t3ls0n-os-1   | 2025-06-21T08:38:11.138287624Z 	at org.opensearch.bootstrap.OpenSearch.init(OpenSearch.java:168) [opensearch-3.0.0.jar:3.0.0]
search_by_ingredients_v1t3ls0n-os-1   | 2025-06-21T08:38:11.138288516Z 	at org.opensearch.bootstrap.OpenSearch.execute(OpenSearch.java:159) [opensearch-3.0.0.jar:3.0.0]
search_by_ingredients_v1t3ls0n-os-1   | 2025-06-21T08:38:11.138289418Z 	at org.opensearch.common.cli.EnvironmentAwareCommand.execute(EnvironmentAwareCommand.java:110) [opensearch-3.0.0.jar:3.0.0]
search_by_ingredients_v1t3ls0n-os-1   | 2025-06-21T08:38:11.138290378Z 	at org.opensearch.cli.Command.mainWithoutErrorHandling(Command.java:138) [opensearch-cli-3.0.0.jar:3.0.0]
search_by_ingredients_v1t3ls0n-os-1   | 2025-06-21T08:38:11.138291286Z 	at org.opensearch.cli.Command.main(Command.java:101) [opensearch-cli-3.0.0.jar:3.0.0]
search_by_ingredients_v1t3ls0n-os-1   | 2025-06-21T08:38:11.138292170Z 	at org.opensearch.bootstrap.OpenSearch.main(OpenSearch.java:125) [opensearch-3.0.0.jar:3.0.0]
search_by_ingredients_v1t3ls0n-os-1   | 2025-06-21T08:38:11.138293156Z 	at org.opensearch.bootstrap.OpenSearch.main(OpenSearch.java:91) [opensearch-3.0.0.jar:3.0.0]
search_by_ingredients_v1t3ls0n-os-1   | 2025-06-21T08:38:11.139599805Z [2025-06-21T08:38:11,139][INFO ][o.o.p.c.SearchBackPressureStatsCollector] [b36e7557bd97] SearchBackPressureStatsCollector started
search_by_ingredients_v1t3ls0n-os-1   | 2025-06-21T08:38:11.360184444Z [2025-06-21T08:38:11,359][INFO ][o.o.i.r.ReindexModulePlugin] [b36e7557bd97] ReindexPlugin reloadSPI called
search_by_ingredients_v1t3ls0n-os-1   | 2025-06-21T08:38:11.360626417Z [2025-06-21T08:38:11,360][INFO ][o.o.i.r.ReindexModulePlugin] [b36e7557bd97] Unable to find any implementation for RemoteReindexExtension
search_by_ingredients_v1t3ls0n-os-1   | 2025-06-21T08:38:11.379621731Z [2025-06-21T08:38:11,379][INFO ][o.o.j.JobSchedulerPlugin ] [b36e7557bd97] Loaded scheduler extension: opensearch_time_series_analytics, index: .opendistro-anomaly-detector-jobs
search_by_ingredients_v1t3ls0n-os-1   | 2025-06-21T08:38:11.399503555Z [2025-06-21T08:38:11,399][INFO ][o.o.j.JobSchedulerPlugin ] [b36e7557bd97] Loaded scheduler extension: reports-scheduler, index: .opendistro-reports-definitions
search_by_ingredients_v1t3ls0n-os-1   | 2025-06-21T08:38:11.400047788Z [2025-06-21T08:38:11,399][INFO ][o.o.j.JobSchedulerPlugin ] [b36e7557bd97] Loaded scheduler extension: opendistro-index-management, index: .opendistro-ism-config
search_by_ingredients_v1t3ls0n-os-1   | 2025-06-21T08:38:11.401451234Z [2025-06-21T08:38:11,401][INFO ][o.o.j.JobSchedulerPlugin ] [b36e7557bd97] Loaded scheduler extension: checkBatchJobTaskStatus, index: .ml_commons_task_polling_job
search_by_ingredients_v1t3ls0n-os-1   | 2025-06-21T08:38:11.402043965Z [2025-06-21T08:38:11,401][INFO ][o.o.j.JobSchedulerPlugin ] [b36e7557bd97] Loaded scheduler extension: scheduler_geospatial_ip2geo_datasource, index: .scheduler-geospatial-ip2geo-datasource
search_by_ingredients_v1t3ls0n-os-1   | 2025-06-21T08:38:11.402469921Z [2025-06-21T08:38:11,402][INFO ][o.o.j.JobSchedulerPlugin ] [b36e7557bd97] Loaded scheduler extension: opensearch_sap_job, index: .opensearch-sap--job
search_by_ingredients_v1t3ls0n-os-1   | 2025-06-21T08:38:11.403231164Z [2025-06-21T08:38:11,403][INFO ][o.o.j.JobSchedulerPlugin ] [b36e7557bd97] Loaded scheduler extension: async-query-scheduler, index: .async-query-scheduler
search_by_ingredients_v1t3ls0n-os-1   | 2025-06-21T08:38:11.417325059Z [2025-06-21T08:38:11,417][INFO ][o.o.p.PluginsService     ] [b36e7557bd97] loaded module [aggs-matrix-stats]
search_by_ingredients_v1t3ls0n-os-1   | 2025-06-21T08:38:11.417342055Z [2025-06-21T08:38:11,417][INFO ][o.o.p.PluginsService     ] [b36e7557bd97] loaded module [analysis-common]
search_by_ingredients_v1t3ls0n-os-1   | 2025-06-21T08:38:11.417343437Z [2025-06-21T08:38:11,417][INFO ][o.o.p.PluginsService     ] [b36e7557bd97] loaded module [cache-common]
search_by_ingredients_v1t3ls0n-os-1   | 2025-06-21T08:38:11.417387956Z [2025-06-21T08:38:11,417][INFO ][o.o.p.PluginsService     ] [b36e7557bd97] loaded module [geo]
search_by_ingredients_v1t3ls0n-os-1   | 2025-06-21T08:38:11.417399372Z [2025-06-21T08:38:11,417][INFO ][o.o.p.PluginsService     ] [b36e7557bd97] loaded module [ingest-common]
search_by_ingredients_v1t3ls0n-os-1   | 2025-06-21T08:38:11.417450048Z [2025-06-21T08:38:11,417][INFO ][o.o.p.PluginsService     ] [b36e7557bd97] loaded module [ingest-geoip]
search_by_ingredients_v1t3ls0n-os-1   | 2025-06-21T08:38:11.417492920Z [2025-06-21T08:38:11,417][INFO ][o.o.p.PluginsService     ] [b36e7557bd97] loaded module [ingest-user-agent]
search_by_ingredients_v1t3ls0n-os-1   | 2025-06-21T08:38:11.417520175Z [2025-06-21T08:38:11,417][INFO ][o.o.p.PluginsService     ] [b36e7557bd97] loaded module [lang-expression]
search_by_ingredients_v1t3ls0n-os-1   | 2025-06-21T08:38:11.417577582Z [2025-06-21T08:38:11,417][INFO ][o.o.p.PluginsService     ] [b36e7557bd97] loaded module [lang-mustache]
search_by_ingredients_v1t3ls0n-os-1   | 2025-06-21T08:38:11.417602859Z [2025-06-21T08:38:11,417][INFO ][o.o.p.PluginsService     ] [b36e7557bd97] loaded module [lang-painless]
search_by_ingredients_v1t3ls0n-os-1   | 2025-06-21T08:38:11.417653736Z [2025-06-21T08:38:11,417][INFO ][o.o.p.PluginsService     ] [b36e7557bd97] loaded module [mapper-extras]
search_by_ingredients_v1t3ls0n-os-1   | 2025-06-21T08:38:11.417686483Z [2025-06-21T08:38:11,417][INFO ][o.o.p.PluginsService     ] [b36e7557bd97] loaded module [opensearch-dashboards]
search_by_ingredients_v1t3ls0n-os-1   | 2025-06-21T08:38:11.417745687Z [2025-06-21T08:38:11,417][INFO ][o.o.p.PluginsService     ] [b36e7557bd97] loaded module [parent-join]
search_by_ingredients_v1t3ls0n-os-1   | 2025-06-21T08:38:11.417776939Z [2025-06-21T08:38:11,417][INFO ][o.o.p.PluginsService     ] [b36e7557bd97] loaded module [percolator]
search_by_ingredients_v1t3ls0n-os-1   | 2025-06-21T08:38:11.417807771Z [2025-06-21T08:38:11,417][INFO ][o.o.p.PluginsService     ] [b36e7557bd97] loaded module [rank-eval]
search_by_ingredients_v1t3ls0n-os-1   | 2025-06-21T08:38:11.417928732Z [2025-06-21T08:38:11,417][INFO ][o.o.p.PluginsService     ] [b36e7557bd97] loaded module [reindex]
search_by_ingredients_v1t3ls0n-os-1   | 2025-06-21T08:38:11.418023274Z [2025-06-21T08:38:11,417][INFO ][o.o.p.PluginsService     ] [b36e7557bd97] loaded module [repository-url]
search_by_ingredients_v1t3ls0n-os-1   | 2025-06-21T08:38:11.418026288Z [2025-06-21T08:38:11,417][INFO ][o.o.p.PluginsService     ] [b36e7557bd97] loaded module [search-pipeline-common]
search_by_ingredients_v1t3ls0n-os-1   | 2025-06-21T08:38:11.418027329Z [2025-06-21T08:38:11,417][INFO ][o.o.p.PluginsService     ] [b36e7557bd97] loaded module [systemd]
search_by_ingredients_v1t3ls0n-os-1   | 2025-06-21T08:38:11.418119183Z [2025-06-21T08:38:11,418][INFO ][o.o.p.PluginsService     ] [b36e7557bd97] loaded module [transport-netty4]
search_by_ingredients_v1t3ls0n-os-1   | 2025-06-21T08:38:11.418357759Z [2025-06-21T08:38:11,418][INFO ][o.o.p.PluginsService     ] [b36e7557bd97] loaded plugin [opensearch-alerting]
search_by_ingredients_v1t3ls0n-os-1   | 2025-06-21T08:38:11.418417649Z [2025-06-21T08:38:11,418][INFO ][o.o.p.PluginsService     ] [b36e7557bd97] loaded plugin [opensearch-anomaly-detection]
search_by_ingredients_v1t3ls0n-os-1   | 2025-06-21T08:38:11.418423867Z [2025-06-21T08:38:11,418][INFO ][o.o.p.PluginsService     ] [b36e7557bd97] loaded plugin [opensearch-asynchronous-search]
search_by_ingredients_v1t3ls0n-os-1   | 2025-06-21T08:38:11.418463117Z [2025-06-21T08:38:11,418][INFO ][o.o.p.PluginsService     ] [b36e7557bd97] loaded plugin [opensearch-cross-cluster-replication]
search_by_ingredients_v1t3ls0n-os-1   | 2025-06-21T08:38:11.418599843Z [2025-06-21T08:38:11,418][INFO ][o.o.p.PluginsService     ] [b36e7557bd97] loaded plugin [opensearch-custom-codecs]
search_by_ingredients_v1t3ls0n-os-1   | 2025-06-21T08:38:11.418609614Z [2025-06-21T08:38:11,418][INFO ][o.o.p.PluginsService     ] [b36e7557bd97] loaded plugin [opensearch-flow-framework]
search_by_ingredients_v1t3ls0n-os-1   | 2025-06-21T08:38:11.418612177Z [2025-06-21T08:38:11,418][INFO ][o.o.p.PluginsService     ] [b36e7557bd97] loaded plugin [opensearch-geospatial]
search_by_ingredients_v1t3ls0n-os-1   | 2025-06-21T08:38:11.418614080Z [2025-06-21T08:38:11,418][INFO ][o.o.p.PluginsService     ] [b36e7557bd97] loaded plugin [opensearch-index-management]
search_by_ingredients_v1t3ls0n-os-1   | 2025-06-21T08:38:11.418746500Z [2025-06-21T08:38:11,418][INFO ][o.o.p.PluginsService     ] [b36e7557bd97] loaded plugin [opensearch-job-scheduler]
search_by_ingredients_v1t3ls0n-os-1   | 2025-06-21T08:38:11.418888766Z [2025-06-21T08:38:11,418][INFO ][o.o.p.PluginsService     ] [b36e7557bd97] loaded plugin [opensearch-knn]
search_by_ingredients_v1t3ls0n-os-1   | 2025-06-21T08:38:11.418952219Z [2025-06-21T08:38:11,418][INFO ][o.o.p.PluginsService     ] [b36e7557bd97] loaded plugin [opensearch-ltr]
search_by_ingredients_v1t3ls0n-os-1   | 2025-06-21T08:38:11.419117706Z [2025-06-21T08:38:11,418][INFO ][o.o.p.PluginsService     ] [b36e7557bd97] loaded plugin [opensearch-ml]
search_by_ingredients_v1t3ls0n-os-1   | 2025-06-21T08:38:11.419339594Z [2025-06-21T08:38:11,419][INFO ][o.o.p.PluginsService     ] [b36e7557bd97] loaded plugin [opensearch-neural-search]
search_by_ingredients_v1t3ls0n-os-1   | 2025-06-21T08:38:11.419372699Z [2025-06-21T08:38:11,419][INFO ][o.o.p.PluginsService     ] [b36e7557bd97] loaded plugin [opensearch-notifications]
search_by_ingredients_v1t3ls0n-os-1   | 2025-06-21T08:38:11.419471525Z [2025-06-21T08:38:11,419][INFO ][o.o.p.PluginsService     ] [b36e7557bd97] loaded plugin [opensearch-notifications-core]
search_by_ingredients_v1t3ls0n-os-1   | 2025-06-21T08:38:11.419473916Z [2025-06-21T08:38:11,419][INFO ][o.o.p.PluginsService     ] [b36e7557bd97] loaded plugin [opensearch-observability]
search_by_ingredients_v1t3ls0n-os-1   | 2025-06-21T08:38:11.419474924Z [2025-06-21T08:38:11,419][INFO ][o.o.p.PluginsService     ] [b36e7557bd97] loaded plugin [opensearch-performance-analyzer]
search_by_ingredients_v1t3ls0n-os-1   | 2025-06-21T08:38:11.419500572Z [2025-06-21T08:38:11,419][INFO ][o.o.p.PluginsService     ] [b36e7557bd97] loaded plugin [opensearch-reports-scheduler]
search_by_ingredients_v1t3ls0n-os-1   | 2025-06-21T08:38:11.419542848Z [2025-06-21T08:38:11,419][INFO ][o.o.p.PluginsService     ] [b36e7557bd97] loaded plugin [opensearch-security]
search_by_ingredients_v1t3ls0n-os-1   | 2025-06-21T08:38:11.419590369Z [2025-06-21T08:38:11,419][INFO ][o.o.p.PluginsService     ] [b36e7557bd97] loaded plugin [opensearch-security-analytics]
search_by_ingredients_v1t3ls0n-os-1   | 2025-06-21T08:38:11.419707180Z [2025-06-21T08:38:11,419][INFO ][o.o.p.PluginsService     ] [b36e7557bd97] loaded plugin [opensearch-skills]
search_by_ingredients_v1t3ls0n-os-1   | 2025-06-21T08:38:11.419952840Z [2025-06-21T08:38:11,419][INFO ][o.o.p.PluginsService     ] [b36e7557bd97] loaded plugin [opensearch-sql]
search_by_ingredients_v1t3ls0n-os-1   | 2025-06-21T08:38:11.419995094Z [2025-06-21T08:38:11,419][INFO ][o.o.p.PluginsService     ] [b36e7557bd97] loaded plugin [opensearch-system-templates]
search_by_ingredients_v1t3ls0n-os-1   | 2025-06-21T08:38:11.420050369Z [2025-06-21T08:38:11,419][INFO ][o.o.p.PluginsService     ] [b36e7557bd97] loaded plugin [query-insights]
search_by_ingredients_v1t3ls0n-os-1   | 2025-06-21T08:38:11.443553153Z [2025-06-21T08:38:11,443][WARN ][stderr                   ] [b36e7557bd97] WARNING: A restricted method in java.lang.foreign.Linker has been called
search_by_ingredients_v1t3ls0n-os-1   | 2025-06-21T08:38:11.443572065Z [2025-06-21T08:38:11,443][WARN ][stderr                   ] [b36e7557bd97] WARNING: java.lang.foreign.Linker::downcallHandle has been called by the unnamed module
search_by_ingredients_v1t3ls0n-os-1   | 2025-06-21T08:38:11.443628348Z [2025-06-21T08:38:11,443][WARN ][stderr                   ] [b36e7557bd97] WARNING: Use --enable-native-access=ALL-UNNAMED to avoid a warning for this module
search_by_ingredients_v1t3ls0n-os-1   | 2025-06-21T08:38:11.496741716Z [2025-06-21T08:38:11,496][INFO ][o.o.e.NodeEnvironment    ] [b36e7557bd97] using [1] data paths, mounts [[/usr/share/opensearch/data (/dev/sdd)]], net usable_space [214.1gb], net total_space [250.9gb], types [ext4]
search_by_ingredients_v1t3ls0n-os-1   | 2025-06-21T08:38:11.496760422Z [2025-06-21T08:38:11,496][INFO ][o.o.e.NodeEnvironment    ] [b36e7557bd97] heap size [512mb], compressed ordinary object pointers [true]
search_by_ingredients_v1t3ls0n-os-1   | 2025-06-21T08:38:11.556351951Z [2025-06-21T08:38:11,556][INFO ][o.o.n.Node               ] [b36e7557bd97] node name [b36e7557bd97], node ID [EyntKRspRLmKpIHnyi4NoA], cluster name [docker-cluster], roles [ingest, remote_cluster_client, data, cluster_manager]
search_by_ingredients_v1t3ls0n-os-1   | 2025-06-21T08:38:11.596699518Z [2025-06-21T08:38:11,596][INFO ][o.o.e.ExtensionsManager  ] [b36e7557bd97] ExtensionsManager initialized
search_by_ingredients_v1t3ls0n-os-1   | 2025-06-21T08:38:13.363814088Z [2025-06-21T08:38:13,363][WARN ][stderr                   ] [b36e7557bd97] SLF4J: Failed to load class "org.slf4j.impl.StaticLoggerBinder".
search_by_ingredients_v1t3ls0n-os-1   | 2025-06-21T08:38:13.363834927Z [2025-06-21T08:38:13,363][WARN ][stderr                   ] [b36e7557bd97] SLF4J: Defaulting to no-operation (NOP) logger implementation
search_by_ingredients_v1t3ls0n-os-1   | 2025-06-21T08:38:13.363836293Z [2025-06-21T08:38:13,363][WARN ][stderr                   ] [b36e7557bd97] SLF4J: See http://www.slf4j.org/codes.html#StaticLoggerBinder for further details.
search_by_ingredients_v1t3ls0n-os-1   | 2025-06-21T08:38:13.378715828Z [2025-06-21T08:38:13,378][INFO ][o.o.l.b.LTRCircuitBreakerService] [b36e7557bd97] Registered memory breaker.
search_by_ingredients_v1t3ls0n-os-1   | 2025-06-21T08:38:13.498939246Z [2025-06-21T08:38:13,498][INFO ][o.o.t.b.CircuitBreakerService] [b36e7557bd97] Registered memory breaker.
search_by_ingredients_v1t3ls0n-os-1   | 2025-06-21T08:38:13.673446616Z [2025-06-21T08:38:13,673][INFO ][o.o.r.m.c.i.SdkClientFactory] [b36e7557bd97] Using local opensearch cluster as metadata store.
search_by_ingredients_v1t3ls0n-os-1   | 2025-06-21T08:38:13.908464626Z [2025-06-21T08:38:13,908][INFO ][o.o.r.m.c.i.SdkClientFactory] [b36e7557bd97] Using local opensearch cluster as metadata store.
search_by_ingredients_v1t3ls0n-os-1   | 2025-06-21T08:38:13.921268093Z [2025-06-21T08:38:13,921][INFO ][o.o.m.b.MLCircuitBreakerService] [b36e7557bd97] Registered ML memory breaker.
search_by_ingredients_v1t3ls0n-os-1   | 2025-06-21T08:38:13.921767234Z [2025-06-21T08:38:13,921][INFO ][o.o.m.b.MLCircuitBreakerService] [b36e7557bd97] Registered ML disk breaker.
search_by_ingredients_v1t3ls0n-os-1   | 2025-06-21T08:38:13.921804928Z [2025-06-21T08:38:13,921][INFO ][o.o.m.b.MLCircuitBreakerService] [b36e7557bd97] Registered ML native memory breaker.
search_by_ingredients_v1t3ls0n-os-1   | 2025-06-21T08:38:13.984387764Z [2025-06-21T08:38:13,984][INFO ][o.r.Reflections          ] [b36e7557bd97] Reflections took 35 ms to scan 1 urls, producing 31 keys and 81 values 
search_by_ingredients_v1t3ls0n-os-1   | 2025-06-21T08:38:13.999372852Z [2025-06-21T08:38:13,999][INFO ][o.r.Reflections          ] [b36e7557bd97] Reflections took 2 ms to scan 1 urls, producing 3 keys and 5 values 
search_by_ingredients_v1t3ls0n-os-1   | 2025-06-21T08:38:14.114544280Z [2025-06-21T08:38:14,114][WARN ][o.o.s.p.SQLPlugin        ] [b36e7557bd97] Master key is a required config for using create and update datasource APIs. Please set plugins.query.datasources.encryption.masterkey config in opensearch.yml in all the cluster nodes. More details can be found here: https://github.com/opensearch-project/sql/blob/main/docs/user/ppl/admin/datasources.rst#master-key-config-for-encrypting-credential-information
search_by_ingredients_v1t3ls0n-os-1   | 2025-06-21T08:38:14.311453457Z [2025-06-21T08:38:14,311][INFO ][o.o.p.i.c.s.QueryInsightsService] [b36e7557bd97] Setting query insights index template priority to [1847]
search_by_ingredients_v1t3ls0n-os-1   | 2025-06-21T08:38:14.776152021Z [2025-06-21T08:38:14,775][INFO ][o.o.t.NettyAllocator     ] [b36e7557bd97] creating NettyAllocator with the following configs: [name=unpooled, suggested_max_allocation_size=256kb, factors={opensearch.unsafe.use_unpooled_allocator=null, g1gc_enabled=true, g1gc_region_size=1mb, heap_size=512mb}]
search_by_ingredients_v1t3ls0n-os-1   | 2025-06-21T08:38:14.860197767Z [2025-06-21T08:38:14,859][INFO ][o.o.d.DiscoveryModule    ] [b36e7557bd97] using discovery type [single-node] and seed hosts providers [settings]
search_by_ingredients_v1t3ls0n-os-1   | 2025-06-21T08:38:15.214743710Z [2025-06-21T08:38:15,214][WARN ][o.o.g.DanglingIndicesState] [b36e7557bd97] gateway.auto_import_dangling_indices is disabled, dangling indices will not be automatically detected or imported and must be managed manually
search_by_ingredients_v1t3ls0n-os-1   | 2025-06-21T08:38:15.711029011Z [2025-06-21T08:38:15,710][INFO ][o.o.p.h.c.PerformanceAnalyzerConfigAction] [b36e7557bd97] PerformanceAnalyzer Enabled: false
search_by_ingredients_v1t3ls0n-os-1   | 2025-06-21T08:38:15.752742779Z [2025-06-21T08:38:15,752][INFO ][o.o.n.Node               ] [b36e7557bd97] initialized
search_by_ingredients_v1t3ls0n-os-1   | 2025-06-21T08:38:15.752772790Z [2025-06-21T08:38:15,752][INFO ][o.o.n.Node               ] [b36e7557bd97] starting ...
search_by_ingredients_v1t3ls0n-os-1   | 2025-06-21T08:38:15.791536035Z [2025-06-21T08:38:15,791][INFO ][o.o.s.l.BuiltinLogTypeLoader] [b36e7557bd97] Loaded [windows_logtype.json] log type
search_by_ingredients_v1t3ls0n-os-1   | 2025-06-21T08:38:15.791774575Z [2025-06-21T08:38:15,791][INFO ][o.o.s.l.BuiltinLogTypeLoader] [b36e7557bd97] Loaded [waf_logtype.json] log type
search_by_ingredients_v1t3ls0n-os-1   | 2025-06-21T08:38:15.792009176Z [2025-06-21T08:38:15,791][INFO ][o.o.s.l.BuiltinLogTypeLoader] [b36e7557bd97] Loaded [vpcflow_logtype.json] log type
search_by_ingredients_v1t3ls0n-os-1   | 2025-06-21T08:38:15.792090265Z [2025-06-21T08:38:15,791][INFO ][o.o.s.l.BuiltinLogTypeLoader] [b36e7557bd97] Loaded [test_windows_logtype.json] log type
search_by_ingredients_v1t3ls0n-os-1   | 2025-06-21T08:38:15.792321707Z [2025-06-21T08:38:15,792][INFO ][o.o.s.l.BuiltinLogTypeLoader] [b36e7557bd97] Loaded [s3_logtype.json] log type
search_by_ingredients_v1t3ls0n-os-1   | 2025-06-21T08:38:15.792497065Z [2025-06-21T08:38:15,792][INFO ][o.o.s.l.BuiltinLogTypeLoader] [b36e7557bd97] Loaded [others_web_logtype.json] log type
search_by_ingredients_v1t3ls0n-os-1   | 2025-06-21T08:38:15.792510165Z [2025-06-21T08:38:15,792][INFO ][o.o.s.l.BuiltinLogTypeLoader] [b36e7557bd97] Loaded [others_proxy_logtype.json] log type
search_by_ingredients_v1t3ls0n-os-1   | 2025-06-21T08:38:15.792636398Z [2025-06-21T08:38:15,792][INFO ][o.o.s.l.BuiltinLogTypeLoader] [b36e7557bd97] Loaded [others_macos_logtype.json] log type
search_by_ingredients_v1t3ls0n-os-1   | 2025-06-21T08:38:15.792831134Z [2025-06-21T08:38:15,792][INFO ][o.o.s.l.BuiltinLogTypeLoader] [b36e7557bd97] Loaded [others_compliance_logtype.json] log type
search_by_ingredients_v1t3ls0n-os-1   | 2025-06-21T08:38:15.793018945Z [2025-06-21T08:38:15,792][INFO ][o.o.s.l.BuiltinLogTypeLoader] [b36e7557bd97] Loaded [others_cloud_logtype.json] log type
search_by_ingredients_v1t3ls0n-os-1   | 2025-06-21T08:38:15.793143993Z [2025-06-21T08:38:15,792][INFO ][o.o.s.l.BuiltinLogTypeLoader] [b36e7557bd97] Loaded [others_apt_logtype.json] log type
search_by_ingredients_v1t3ls0n-os-1   | 2025-06-21T08:38:15.793250374Z [2025-06-21T08:38:15,793][INFO ][o.o.s.l.BuiltinLogTypeLoader] [b36e7557bd97] Loaded [others_application_logtype.json] log type
search_by_ingredients_v1t3ls0n-os-1   | 2025-06-21T08:38:15.793405506Z [2025-06-21T08:38:15,793][INFO ][o.o.s.l.BuiltinLogTypeLoader] [b36e7557bd97] Loaded [okta_logtype.json] log type
search_by_ingredients_v1t3ls0n-os-1   | 2025-06-21T08:38:15.793553879Z [2025-06-21T08:38:15,793][INFO ][o.o.s.l.BuiltinLogTypeLoader] [b36e7557bd97] Loaded [network_logtype.json] log type
search_by_ingredients_v1t3ls0n-os-1   | 2025-06-21T08:38:15.793630488Z [2025-06-21T08:38:15,793][INFO ][o.o.s.l.BuiltinLogTypeLoader] [b36e7557bd97] Loaded [netflow_logtype.json] log type
search_by_ingredients_v1t3ls0n-os-1   | 2025-06-21T08:38:15.793852876Z [2025-06-21T08:38:15,793][INFO ][o.o.s.l.BuiltinLogTypeLoader] [b36e7557bd97] Loaded [m365_logtype.json] log type
search_by_ingredients_v1t3ls0n-os-1   | 2025-06-21T08:38:15.793986704Z [2025-06-21T08:38:15,793][INFO ][o.o.s.l.BuiltinLogTypeLoader] [b36e7557bd97] Loaded [linux_logtype.json] log type
search_by_ingredients_v1t3ls0n-os-1   | 2025-06-21T08:38:15.794068427Z [2025-06-21T08:38:15,793][INFO ][o.o.s.l.BuiltinLogTypeLoader] [b36e7557bd97] Loaded [gworkspace_logtype.json] log type
search_by_ingredients_v1t3ls0n-os-1   | 2025-06-21T08:38:15.794257873Z [2025-06-21T08:38:15,794][INFO ][o.o.s.l.BuiltinLogTypeLoader] [b36e7557bd97] Loaded [github_logtype.json] log type
search_by_ingredients_v1t3ls0n-os-1   | 2025-06-21T08:38:15.794359596Z [2025-06-21T08:38:15,794][INFO ][o.o.s.l.BuiltinLogTypeLoader] [b36e7557bd97] Loaded [dns_logtype.json] log type
search_by_ingredients_v1t3ls0n-os-1   | 2025-06-21T08:38:15.794505733Z [2025-06-21T08:38:15,794][INFO ][o.o.s.l.BuiltinLogTypeLoader] [b36e7557bd97] Loaded [cloudtrail_logtype.json] log type
search_by_ingredients_v1t3ls0n-os-1   | 2025-06-21T08:38:15.794699770Z [2025-06-21T08:38:15,794][INFO ][o.o.s.l.BuiltinLogTypeLoader] [b36e7557bd97] Loaded [azure_logtype.json] log type
search_by_ingredients_v1t3ls0n-os-1   | 2025-06-21T08:38:15.794764730Z [2025-06-21T08:38:15,794][INFO ][o.o.s.l.BuiltinLogTypeLoader] [b36e7557bd97] Loaded [apache_access_logtype.json] log type
search_by_ingredients_v1t3ls0n-os-1   | 2025-06-21T08:38:15.794965270Z [2025-06-21T08:38:15,794][INFO ][o.o.s.l.BuiltinLogTypeLoader] [b36e7557bd97] Loaded [ad_ldap_logtype.json] log type
search_by_ingredients_v1t3ls0n-os-1   | 2025-06-21T08:38:15.902468083Z [2025-06-21T08:38:15,902][INFO ][o.o.t.TransportService   ] [b36e7557bd97] publish_address {172.20.0.2:9300}, bound_addresses {0.0.0.0:9300}
search_by_ingredients_v1t3ls0n-os-1   | 2025-06-21T08:38:15.903499777Z [2025-06-21T08:38:15,903][INFO ][o.o.t.TransportService   ] [b36e7557bd97] Remote clusters initialized successfully.
search_by_ingredients_v1t3ls0n-os-1   | 2025-06-21T08:38:16.051971546Z [2025-06-21T08:38:16,051][WARN ][o.o.b.BootstrapChecks    ] [b36e7557bd97] max virtual memory areas vm.max_map_count [65530] is too low, increase to at least [262144]
search_by_ingredients_v1t3ls0n-os-1   | 2025-06-21T08:38:16.052697707Z [2025-06-21T08:38:16,052][INFO ][o.o.c.c.Coordinator      ] [b36e7557bd97] cluster UUID [T9eekrQxSg6vsmIBFQpQhA]
search_by_ingredients_v1t3ls0n-os-1   | 2025-06-21T08:38:16.169976832Z [2025-06-21T08:38:16,169][INFO ][o.o.c.s.ClusterManagerService] [b36e7557bd97] Tasks batched with key: org.opensearch.cluster.coordination.JoinHelper, count:3 and sample tasks: elected-as-cluster-manager ([1] nodes joined)[{b36e7557bd97}{EyntKRspRLmKpIHnyi4NoA}{B0p_V76UQFGjk77up7kw6g}{172.20.0.2}{172.20.0.2:9300}{dimr}{shard_indexing_pressure_enabled=true} elect leader, _BECOME_CLUSTER_MANAGER_TASK_, _FINISH_ELECTION_], term: 64, version: 661, delta: cluster-manager node changed {previous [], current [{b36e7557bd97}{EyntKRspRLmKpIHnyi4NoA}{B0p_V76UQFGjk77up7kw6g}{172.20.0.2}{172.20.0.2:9300}{dimr}{shard_indexing_pressure_enabled=true}]}
search_by_ingredients_v1t3ls0n-os-1   | 2025-06-21T08:38:16.203332833Z [2025-06-21T08:38:16,203][INFO ][o.o.c.s.ClusterApplierService] [b36e7557bd97] cluster-manager node changed {previous [], current [{b36e7557bd97}{EyntKRspRLmKpIHnyi4NoA}{B0p_V76UQFGjk77up7kw6g}{172.20.0.2}{172.20.0.2:9300}{dimr}{shard_indexing_pressure_enabled=true}]}, term: 64, version: 661, reason: Publication{term=64, version=661}
search_by_ingredients_v1t3ls0n-os-1   | 2025-06-21T08:38:16.207902221Z [2025-06-21T08:38:16,207][INFO ][o.o.t.i.IndexManagement  ] [b36e7557bd97] Candidate custom result indices are empty.
search_by_ingredients_v1t3ls0n-os-1   | 2025-06-21T08:38:16.208145242Z [2025-06-21T08:38:16,207][INFO ][o.o.t.i.IndexManagement  ] [b36e7557bd97] Candidate custom result indices are empty.
search_by_ingredients_v1t3ls0n-os-1   | 2025-06-21T08:38:16.208276147Z [2025-06-21T08:38:16,208][INFO ][o.o.t.c.ClusterEventListener] [b36e7557bd97] Cluster is not recovered yet.
search_by_ingredients_v1t3ls0n-os-1   | 2025-06-21T08:38:16.234050887Z [2025-06-21T08:38:16,233][INFO ][o.o.i.i.ManagedIndexCoordinator] [b36e7557bd97] Cache cluster manager node onClusterManager time: 1750495096233
search_by_ingredients_v1t3ls0n-os-1   | 2025-06-21T08:38:16.239742760Z [2025-06-21T08:38:16,238][WARN ][o.o.p.c.s.h.ConfigOverridesClusterSettingHandler] [b36e7557bd97] Config override setting update called with empty string. Ignoring.
search_by_ingredients_v1t3ls0n-os-1   | 2025-06-21T08:38:16.244426647Z [2025-06-21T08:38:16,244][INFO ][o.o.d.PeerFinder         ] [b36e7557bd97] setting findPeersInterval to [1s] as node commission status = [true] for local node [{b36e7557bd97}{EyntKRspRLmKpIHnyi4NoA}{B0p_V76UQFGjk77up7kw6g}{172.20.0.2}{172.20.0.2:9300}{dimr}{shard_indexing_pressure_enabled=true}]
search_by_ingredients_v1t3ls0n-os-1   | 2025-06-21T08:38:16.245980096Z [2025-06-21T08:38:16,245][WARN ][o.o.c.r.a.AllocationService] [b36e7557bd97] Falling back to single shard assignment since batch mode disable or multiple custom allocators set
search_by_ingredients_v1t3ls0n-os-1   | 2025-06-21T08:38:16.249108128Z [2025-06-21T08:38:16,248][INFO ][o.o.h.AbstractHttpServerTransport] [b36e7557bd97] publish_address {172.20.0.2:9200}, bound_addresses {0.0.0.0:9200}
search_by_ingredients_v1t3ls0n-os-1   | 2025-06-21T08:38:16.249128470Z [2025-06-21T08:38:16,249][INFO ][o.o.n.Node               ] [b36e7557bd97] started
search_by_ingredients_v1t3ls0n-os-1   | 2025-06-21T08:38:16.249791736Z [2025-06-21T08:38:16,249][INFO ][o.o.s.OpenSearchSecurityPlugin] [b36e7557bd97] 0 OpenSearch Security modules loaded so far: []
search_by_ingredients_v1t3ls0n-os-1   | 2025-06-21T08:38:16.257256261Z [2025-06-21T08:38:16,257][WARN ][o.o.c.r.a.AllocationService] [b36e7557bd97] Falling back to single shard assignment since batch mode disable or multiple custom allocators set
search_by_ingredients_v1t3ls0n-os-1   | 2025-06-21T08:38:16.292881485Z [2025-06-21T08:38:16,292][INFO ][o.o.t.c.HashRing         ] [b36e7557bd97] Node added: [EyntKRspRLmKpIHnyi4NoA]
search_by_ingredients_v1t3ls0n-os-1   | 2025-06-21T08:38:16.294912533Z [2025-06-21T08:38:16,294][INFO ][o.o.t.c.HashRing         ] [b36e7557bd97] Add data node to version hash ring: EyntKRspRLmKpIHnyi4NoA
search_by_ingredients_v1t3ls0n-os-1   | 2025-06-21T08:38:16.295778392Z [2025-06-21T08:38:16,295][INFO ][o.o.t.c.HashRing         ] [b36e7557bd97] All nodes with known version: {EyntKRspRLmKpIHnyi4NoA=ADNodeInfo{version=3.0.0, isEligibleDataNode=true}}
search_by_ingredients_v1t3ls0n-os-1   | 2025-06-21T08:38:16.295801153Z [2025-06-21T08:38:16,295][INFO ][o.o.t.c.HashRing         ] [b36e7557bd97] Rebuild hash ring for realtime with cooldown, nodeChangeEvents size 0
search_by_ingredients_v1t3ls0n-os-1   | 2025-06-21T08:38:16.295888559Z [2025-06-21T08:38:16,295][INFO ][o.o.t.c.HashRing         ] [b36e7557bd97] Build version hash ring successfully
search_by_ingredients_v1t3ls0n-os-1   | 2025-06-21T08:38:16.296267169Z [2025-06-21T08:38:16,296][INFO ][o.o.t.c.ADDataMigrator   ] [b36e7557bd97] Start migrating AD data
search_by_ingredients_v1t3ls0n-os-1   | 2025-06-21T08:38:16.296302163Z [2025-06-21T08:38:16,296][INFO ][o.o.t.c.ADDataMigrator   ] [b36e7557bd97] AD job index doesn't exist, no need to migrate
search_by_ingredients_v1t3ls0n-os-1   | 2025-06-21T08:38:16.296338135Z [2025-06-21T08:38:16,296][INFO ][o.o.t.c.ClusterEventListener] [b36e7557bd97] Init version hash ring successfully
search_by_ingredients_v1t3ls0n-os-1   | 2025-06-21T08:38:16.308257586Z [2025-06-21T08:38:16,308][INFO ][o.o.c.s.ClusterManagerTaskThrottler] [b36e7557bd97] Starting cluster manager throttling as all nodes are higher than or equal to 2.5.0
search_by_ingredients_v1t3ls0n-os-1   | 2025-06-21T08:38:16.308876291Z [2025-06-21T08:38:16,308][INFO ][o.o.g.GatewayService     ] [b36e7557bd97] recovered [7] indices into cluster_state
search_by_ingredients_v1t3ls0n-os-1   | 2025-06-21T08:38:16.310031435Z [2025-06-21T08:38:16,309][INFO ][o.o.s.l.LogTypeService   ] [b36e7557bd97] Loading builtin types!
search_by_ingredients_v1t3ls0n-os-1   | 2025-06-21T08:38:16.311699424Z [2025-06-21T08:38:16,311][INFO ][o.o.s.l.LogTypeService   ] [b36e7557bd97] Indexing [432] fieldMappingDocs from logTypes: 24
search_by_ingredients_v1t3ls0n-os-1   | 2025-06-21T08:38:16.326165855Z [2025-06-21T08:38:16,325][WARN ][o.o.c.r.a.AllocationService] [b36e7557bd97] Falling back to single shard assignment since batch mode disable or multiple custom allocators set
search_by_ingredients_v1t3ls0n-os-1   | 2025-06-21T08:38:16.330823123Z [2025-06-21T08:38:16,330][WARN ][o.o.s.SecurityAnalyticsPlugin] [b36e7557bd97] Failed to initialize LogType config index and builtin log types
search_by_ingredients_v1t3ls0n-os-1   | 2025-06-21T08:38:16.400117314Z [2025-06-21T08:38:16,399][INFO ][o.o.p.PluginsService     ] [b36e7557bd97] PluginService:onIndexModule index:[top_queries-2025.06.14-11038/44-ttSaXQs68W4meuWkunA]
search_by_ingredients_v1t3ls0n-os-1   | 2025-06-21T08:38:16.476673415Z [2025-06-21T08:38:16,476][INFO ][o.o.p.PluginsService     ] [b36e7557bd97] PluginService:onIndexModule index:[top_queries-2025.06.20-11065/91OY2F5EQTma_9SlZeRn1g]
search_by_ingredients_v1t3ls0n-os-1   | 2025-06-21T08:38:16.487006033Z [2025-06-21T08:38:16,486][INFO ][o.o.p.PluginsService     ] [b36e7557bd97] PluginService:onIndexModule index:[.plugins-ml-config/u5LjUPifRwy-d1SFFP0YHg]
search_by_ingredients_v1t3ls0n-os-1   | 2025-06-21T08:38:16.492827269Z [2025-06-21T08:38:16,492][INFO ][o.o.p.PluginsService     ] [b36e7557bd97] PluginService:onIndexModule index:[top_queries-2025.06.21-11066/C1hvp6HBRdiJme7mHjb8cQ]
search_by_ingredients_v1t3ls0n-os-1   | 2025-06-21T08:38:16.682943247Z [2025-06-21T08:38:16,682][WARN ][o.o.c.r.a.AllocationService] [b36e7557bd97] Falling back to single shard assignment since batch mode disable or multiple custom allocators set
search_by_ingredients_v1t3ls0n-os-1   | 2025-06-21T08:38:16.719892000Z [2025-06-21T08:38:16,719][INFO ][o.o.p.PluginsService     ] [b36e7557bd97] PluginService:onIndexModule index:[.opensearch-sap-log-types-config/kISrNAR0S4W7fab9CCGGxg]
search_by_ingredients_v1t3ls0n-os-1   | 2025-06-21T08:38:16.726761024Z [2025-06-21T08:38:16,726][INFO ][o.o.p.PluginsService     ] [b36e7557bd97] PluginService:onIndexModule index:[recipes/hGEVpajpQMCvlpK5sNw6ug]
search_by_ingredients_v1t3ls0n-os-1   | 2025-06-21T08:38:16.731529192Z [2025-06-21T08:38:16,731][INFO ][o.o.p.PluginsService     ] [b36e7557bd97] PluginService:onIndexModule index:[ingredients/Lz1bvnphRUOAQkVVDeF7sA]
search_by_ingredients_v1t3ls0n-os-1   | 2025-06-21T08:38:16.832452326Z [2025-06-21T08:38:16,832][WARN ][o.o.c.r.a.AllocationService] [b36e7557bd97] Falling back to single shard assignment since batch mode disable or multiple custom allocators set
search_by_ingredients_v1t3ls0n-os-1   | 2025-06-21T08:38:16.853254664Z [2025-06-21T08:38:16,853][INFO ][o.o.c.r.a.AllocationService] [b36e7557bd97] Cluster health status changed from [RED] to [YELLOW] (reason: [shards started [[.opensearch-sap-log-types-config][0]]]).
search_by_ingredients_v1t3ls0n-os-1   | 2025-06-21T08:38:16.869025641Z [2025-06-21T08:38:16,868][WARN ][o.o.c.r.a.AllocationService] [b36e7557bd97] Falling back to single shard assignment since batch mode disable or multiple custom allocators set
search_by_ingredients_v1t3ls0n-os-1   | 2025-06-21T08:38:17.241991007Z [2025-06-21T08:38:17,241][INFO ][o.o.s.l.LogTypeService   ] [b36e7557bd97] Loading builtin types!
search_by_ingredients_v1t3ls0n-os-1   | 2025-06-21T08:38:17.242432985Z [2025-06-21T08:38:17,242][INFO ][o.o.s.l.LogTypeService   ] [b36e7557bd97] Indexing [432] fieldMappingDocs from logTypes: 24
search_by_ingredients_v1t3ls0n-os-1   | 2025-06-21T08:38:17.248567763Z [2025-06-21T08:38:17,248][INFO ][o.o.s.l.LogTypeService   ] [b36e7557bd97] Loading builtin types!
search_by_ingredients_v1t3ls0n-os-1   | 2025-06-21T08:38:17.248781192Z [2025-06-21T08:38:17,248][INFO ][o.o.s.l.LogTypeService   ] [b36e7557bd97] Indexing [432] fieldMappingDocs from logTypes: 24
search_by_ingredients_v1t3ls0n-os-1   | 2025-06-21T08:38:17.249711273Z [2025-06-21T08:38:17,249][INFO ][o.o.s.i.DetectorIndexManagementService] [b36e7557bd97] info deleteOldIndices
search_by_ingredients_v1t3ls0n-os-1   | 2025-06-21T08:38:17.250974002Z [2025-06-21T08:38:17,250][INFO ][o.o.s.i.DetectorIndexManagementService] [b36e7557bd97] No Old Correlation Indices to delete
search_by_ingredients_v1t3ls0n-os-1   | 2025-06-21T08:38:17.251403407Z [2025-06-21T08:38:17,251][INFO ][o.o.s.i.DetectorIndexManagementService] [b36e7557bd97] info deleteOldIndices
search_by_ingredients_v1t3ls0n-os-1   | 2025-06-21T08:38:17.251488522Z [2025-06-21T08:38:17,251][INFO ][o.o.s.i.DetectorIndexManagementService] [b36e7557bd97] No Old IOC Findings Indices to delete
search_by_ingredients_v1t3ls0n-os-1   | 2025-06-21T08:38:17.368775226Z [2025-06-21T08:38:17,368][INFO ][o.o.s.l.LogTypeService   ] [b36e7557bd97] Indexing [432] fieldMappingDocs
search_by_ingredients_v1t3ls0n-os-1   | 2025-06-21T08:38:17.369309444Z [2025-06-21T08:38:17,369][INFO ][o.o.s.l.LogTypeService   ] [b36e7557bd97] Indexing [432] fieldMappingDocs
search_by_ingredients_v1t3ls0n-os-1   | 2025-06-21T08:38:17.612010062Z [2025-06-21T08:38:17,611][INFO ][o.o.s.l.LogTypeService   ] [b36e7557bd97] Loaded [432] field mapping docs successfully!
search_by_ingredients_v1t3ls0n-os-1   | 2025-06-21T08:38:17.614702484Z [2025-06-21T08:38:17,614][INFO ][o.o.s.l.LogTypeService   ] [b36e7557bd97] Loaded [432] field mapping docs successfully!
search_by_ingredients_v1t3ls0n-os-1   | 2025-06-21T08:38:17.622562775Z [2025-06-21T08:38:17,622][INFO ][o.o.s.l.LogTypeService   ] [b36e7557bd97] Indexing [23] customLogTypes
search_by_ingredients_v1t3ls0n-os-1   | 2025-06-21T08:38:17.628602186Z [2025-06-21T08:38:17,628][INFO ][o.o.s.l.LogTypeService   ] [b36e7557bd97] Indexing [23] customLogTypes
search_by_ingredients_v1t3ls0n-os-1   | 2025-06-21T08:38:17.650677444Z [2025-06-21T08:38:17,650][INFO ][o.o.s.l.LogTypeService   ] [b36e7557bd97] Loaded [23] customLogType docs successfully!
search_by_ingredients_v1t3ls0n-os-1   | 2025-06-21T08:38:17.659701553Z [2025-06-21T08:38:17,659][INFO ][o.o.s.l.LogTypeService   ] [b36e7557bd97] Loaded [23] customLogType docs successfully!
search_by_ingredients_v1t3ls0n-os-1   | 2025-06-21T08:38:17.702762107Z [2025-06-21T08:38:17,702][INFO ][o.o.s.i.DetectorIndexManagementService] [b36e7557bd97] info deleteOldIndices
search_by_ingredients_v1t3ls0n-os-1   | 2025-06-21T08:38:17.702904654Z [2025-06-21T08:38:17,702][INFO ][o.o.s.i.DetectorIndexManagementService] [b36e7557bd97] info deleteOldIndices
search_by_ingredients_v1t3ls0n-os-1   | 2025-06-21T08:38:17.703021407Z [2025-06-21T08:38:17,702][INFO ][o.o.s.i.DetectorIndexManagementService] [b36e7557bd97] No Old Alert Indices to delete
search_by_ingredients_v1t3ls0n-os-1   | 2025-06-21T08:38:17.703294981Z [2025-06-21T08:38:17,703][INFO ][o.o.s.i.DetectorIndexManagementService] [b36e7557bd97] No Old Finding Indices to delete
search_by_ingredients_v1t3ls0n-web-1  | 2025-06-21T08:38:19.128895272Z INFO:__main__:Found existing data: 225602 recipes and 246351 ingredients
search_by_ingredients_v1t3ls0n-web-1  | 2025-06-21T08:38:19.128927498Z INFO:__main__:Data already exists in OpenSearch, skipping indexing
search_by_ingredients_v1t3ls0n-web-1  | 2025-06-21T08:38:19.179009521Z ✅ Indexing completed
search_by_ingredients_v1t3ls0n-web-1  | 2025-06-21T08:38:19.179209693Z 🚀 Launching Flask app...
search_by_ingredients_v1t3ls0n-os-1   | 2025-06-21T08:38:26.233534339Z [2025-06-21T08:38:26,233][INFO ][o.o.m.a.MLModelAutoReDeployer] [b36e7557bd97] Index not found, not performing au