============================================
Pipeline Run Started: יום ו 20 יונ 2025 22:15:20
============================================
[2025-06-20 22:15:20] 🛠️  Shutting down existing containers...
[2025-06-20 22:15:20] 🛠️  Building Docker images...
#1 [internal] load build definition from Dockerfile
#1 transferring dockerfile: 32B done
#1 DONE 0.0s

#2 [internal] load .dockerignore
#2 transferring context: 2B done
#2 DONE 0.0s

#3 [internal] load metadata for docker.io/library/python:3.11-slim
#3 DONE 3.5s

#4 [ 1/12] FROM docker.io/library/python:3.11-slim@sha256:9e1912aab0a30bbd9488eb79063f68f42a68ab0946cbe98fecf197fe5b085506
#4 resolve docker.io/library/python:3.11-slim@sha256:9e1912aab0a30bbd9488eb79063f68f42a68ab0946cbe98fecf197fe5b085506 done
#4 DONE 0.0s

#5 [internal] load build context
#5 transferring context: 647.98kB done
#5 DONE 0.0s

#6 [ 3/12] RUN apt-get update &&     apt-get install -y --no-install-recommends         build-essential         curl         unzip         dos2unix &&     rm -rf /var/lib/apt/lists/*
#6 CACHED

#7 [ 4/12] RUN mkdir -p /app/data/usda
#7 CACHED

#8 [ 5/12] RUN curl -L https://argmax.nyc3.digitaloceanspaces.com/recipes/allrecipes.parquet     -o /app/data/allrecipes.parquet
#8 CACHED

#9 [ 9/12] RUN pip install --no-cache-dir -r requirements.txt
#9 CACHED

#10 [ 2/12] WORKDIR /app
#10 CACHED

#11 [ 6/12] RUN curl -L https://argmax.nyc3.digitaloceanspaces.com/recipes/ground_truth_sample.csv     -o /app/data/ground_truth_sample.csv
#11 CACHED

#12 [ 8/12] COPY requirements.txt .
#12 CACHED

#13 [ 7/12] RUN curl -L     https://fdc.nal.usda.gov/fdc-datasets/FoodData_Central_foundation_food_csv_2025-04-24.zip     -o /tmp/fdc.zip &&     unzip -q /tmp/fdc.zip -d /tmp &&     cp /tmp/FoodData_Central_foundation_food_csv_2025-04-24/food.csv        /tmp/FoodData_Central_foundation_food_csv_2025-04-24/food_nutrient.csv        /tmp/FoodData_Central_foundation_food_csv_2025-04-24/nutrient.csv        /app/data/usda/ &&     rm -rf /tmp/fdc.zip /tmp/FoodData_Central_foundation_food_csv_2025-04-24
#13 CACHED

#14 [10/12] RUN mkdir -p /app/pretrained_models
#14 CACHED

#15 [11/12] COPY --chmod=755 . /app/
#15 DONE 0.0s

#16 [12/12] RUN if [ -f "/app/pretrained_models/models.zip" ]; then         echo "🔓 Extracting pretrained models..." &&         unzip -o /app/pretrained_models/models.zip -d /app/pretrained_models &&         rm /app/pretrained_models/models.zip;     else         echo "✅ No pretrained models found, skipping extraction.";     fi
#16 0.199 ✅ No pretrained models found, skipping extraction.
#16 DONE 0.2s

#17 exporting to image
#17 exporting layers 0.0s done
#17 writing image sha256:617564112ca69b94cdfbf9aede081d9c4ab61d4ac506ee28ebfddedb92e6e555 done
#17 naming to docker.io/library/search_by_ingredients_v1t3ls0n-web done
#17 DONE 0.0s
[2025-06-20 22:15:24] 🚀 Starting services...
Network search_by_ingredients_v1t3ls0n_argmax  Creating
Network search_by_ingredients_v1t3ls0n_argmax  Created
Container search_by_ingredients_v1t3ls0n-os-1  Creating
Container search_by_ingredients_v1t3ls0n-os-1  Created
Container search_by_ingredients_v1t3ls0n-web-1  Creating
Container search_by_ingredients_v1t3ls0n-web-1  Created
Container search_by_ingredients_v1t3ls0n-os-1  Starting
Container search_by_ingredients_v1t3ls0n-os-1  Started
Container search_by_ingredients_v1t3ls0n-os-1  Waiting
Container search_by_ingredients_v1t3ls0n-os-1  Healthy
Container search_by_ingredients_v1t3ls0n-web-1  Starting
Container search_by_ingredients_v1t3ls0n-web-1  Started
[2025-06-20 22:15:36] 📋 Starting container log collection...
[2025-06-20 22:15:36] ⏳ Waiting for services to initialize...
search_by_ingredients_v1t3ls0n-os-1   | 2025-06-20T19:15:25.258473557Z Disabling OpenSearch Security Plugin
search_by_ingredients_v1t3ls0n-os-1   | 2025-06-20T19:15:25.258564167Z Enabling execution of OPENSEARCH_HOME/bin/opensearch-performance-analyzer/performance-analyzer-agent-cli for OpenSearch Performance Analyzer Plugin
search_by_ingredients_v1t3ls0n-web-1  | 2025-06-20T19:15:36.099461684Z dos2unix: converting file web/init.sh to Unix format...
search_by_ingredients_v1t3ls0n-os-1   | 2025-06-20T19:15:26.308306924Z WARNING: Using incubator modules: jdk.incubator.vector
search_by_ingredients_v1t3ls0n-web-1  | 2025-06-20T19:15:36.104267375Z 📊 Running initial indexing...
search_by_ingredients_v1t3ls0n-os-1   | 2025-06-20T19:15:26.310072359Z WARNING: Unknown module: org.apache.arrow.memory.core specified to --add-opens
search_by_ingredients_v1t3ls0n-os-1   | 2025-06-20T19:15:27.292246768Z [2025-06-20T19:15:27,290][WARN ][stderr                   ] [86f36835c10d] Jun 20, 2025 7:15:27 PM org.opensearch.javaagent.bootstrap.AgentPolicy setPolicy
search_by_ingredients_v1t3ls0n-os-1   | 2025-06-20T19:15:27.292397576Z [2025-06-20T19:15:27,292][WARN ][stderr                   ] [86f36835c10d] INFO: Policy attached successfully: org.opensearch.bootstrap.OpenSearchPolicy@670d4d38
search_by_ingredients_v1t3ls0n-os-1   | 2025-06-20T19:15:27.298327062Z [2025-06-20T19:15:27,298][INFO ][o.o.n.Node               ] [86f36835c10d] version[3.0.0], pid[1], build[tar/dc4efa821904cc2d7ea7ef61c0f577d3fc0d8be9/2025-05-03T06:25:26.379676844Z], OS[Linux/5.15.167.4-microsoft-standard-WSL2/amd64], JVM[Eclipse Adoptium/OpenJDK 64-Bit Server VM/21.0.7/21.0.7+6-LTS]
search_by_ingredients_v1t3ls0n-os-1   | 2025-06-20T19:15:27.298343058Z [2025-06-20T19:15:27,298][INFO ][o.o.n.Node               ] [86f36835c10d] JVM home [/usr/share/opensearch/jdk], using bundled JDK/JRE [true]
search_by_ingredients_v1t3ls0n-os-1   | 2025-06-20T19:15:27.298430426Z [2025-06-20T19:15:27,298][INFO ][o.o.n.Node               ] [86f36835c10d] JVM arguments [-Xshare:auto, -Dopensearch.networkaddress.cache.ttl=60, -Dopensearch.networkaddress.cache.negative.ttl=10, -XX:+AlwaysPreTouch, -Xss1m, -Djava.awt.headless=true, -Dfile.encoding=UTF-8, -Djna.nosys=true, -XX:-OmitStackTraceInFastThrow, -XX:+ShowCodeDetailsInExceptionMessages, -Dio.netty.noUnsafe=true, -Dio.netty.noKeySetOptimization=true, -Dio.netty.recycler.maxCapacityPerThread=0, -Dio.netty.allocator.numDirectArenas=0, -Dlog4j.shutdownHookEnabled=false, -Dlog4j2.disable.jmx=true, -Djava.locale.providers=SPI,CLDR, -Xms1g, -Xmx1g, -XX:+UseG1GC, -XX:G1ReservePercent=25, -XX:InitiatingHeapOccupancyPercent=30, -Djava.io.tmpdir=/tmp/opensearch-11082794666748509584, -XX:+HeapDumpOnOutOfMemoryError, -XX:HeapDumpPath=data, -XX:ErrorFile=logs/hs_err_pid%p.log, -Xlog:gc*,gc+age=trace,safepoint:file=logs/gc.log:utctime,pid,tags:filecount=32,filesize=64m, --add-modules=jdk.incubator.vector, -javaagent:agent/opensearch-agent.jar, --add-opens=java.base/java.nio=org.apache.arrow.memory.core,ALL-UNNAMED, -Dclk.tck=100, -Djdk.attach.allowAttachSelf=true, -Djava.security.policy=/usr/share/opensearch/config/opensearch-performance-analyzer/opensearch_security.policy, --add-opens=jdk.attach/sun.tools.attach=ALL-UNNAMED, -Dopensearch.cgroups.hierarchy.override=/, -Xms512m, -Xmx512m, -XX:MaxDirectMemorySize=268435456, -Dopensearch.path.home=/usr/share/opensearch, -Dopensearch.path.conf=/usr/share/opensearch/config, -Dopensearch.distribution.type=tar, -Dopensearch.bundled_jdk=true]
search_by_ingredients_v1t3ls0n-os-1   | 2025-06-20T19:15:27.385195217Z [2025-06-20T19:15:27,385][WARN ][stderr                   ] [86f36835c10d] Jun 20, 2025 7:15:27 PM org.apache.lucene.internal.vectorization.PanamaVectorizationProvider <init>
search_by_ingredients_v1t3ls0n-os-1   | 2025-06-20T19:15:27.385213518Z [2025-06-20T19:15:27,385][WARN ][stderr                   ] [86f36835c10d] INFO: Java vector incubator API enabled; uses preferredBitSize=256; FMA enabled
search_by_ingredients_v1t3ls0n-os-1   | 2025-06-20T19:15:27.839669536Z [2025-06-20T19:15:27,839][INFO ][o.o.s.s.t.SSLConfig      ] [86f36835c10d] SSL dual mode is disabled
search_by_ingredients_v1t3ls0n-os-1   | 2025-06-20T19:15:27.839954065Z [2025-06-20T19:15:27,839][WARN ][o.o.s.OpenSearchSecurityPlugin] [86f36835c10d] OpenSearch Security plugin installed but disabled. This can expose your configuration (including passwords) to the public.
search_by_ingredients_v1t3ls0n-os-1   | 2025-06-20T19:15:28.246098785Z [2025-06-20T19:15:28,245][ERROR][o.o.p.c.c.PluginSettings ] [86f36835c10d] Loading config file /usr/share/opensearch/config/opensearch-performance-analyzer/performance-analyzer.properties failed with error: org.opensearch.performanceanalyzer.commons.config.ConfigFileException: java.io.FileNotFoundException: /usr/share/opensearch/config/opensearch-performance-analyzer/performance-analyzer.properties (No such file or directory). Disabling plugin.
search_by_ingredients_v1t3ls0n-os-1   | 2025-06-20T19:15:28.246339092Z [2025-06-20T19:15:28,246][INFO ][o.o.p.c.c.PluginSettings ] [86f36835c10d] Config: metricsLocation: /dev/shm/performanceanalyzer/, metricsDeletionInterval: 1, httpsEnabled: false, cleanup-metrics-db-files: false, batch-metrics-retention-period-minutes: 7, rpc-port: 9650, webservice-port 9600
search_by_ingredients_v1t3ls0n-os-1   | 2025-06-20T19:15:28.369421563Z [2025-06-20T19:15:28,367][ERROR][o.o.p.c.c.StatsCollector ] [86f36835c10d] Error in loading metadata for folderLocation: /usr/share/opensearch/config/opensearch-performance-analyzer/, fileLocation: plugin-stats-metadata
search_by_ingredients_v1t3ls0n-os-1   | 2025-06-20T19:15:28.369441593Z java.io.FileNotFoundException: /usr/share/opensearch/config/opensearch-performance-analyzer/plugin-stats-metadata (No such file or directory)
search_by_ingredients_v1t3ls0n-os-1   | 2025-06-20T19:15:28.369442977Z 	at java.base/java.io.FileInputStream.open0(Native Method) ~[?:?]
search_by_ingredients_v1t3ls0n-os-1   | 2025-06-20T19:15:28.369444129Z 	at java.base/java.io.FileInputStream.open(FileInputStream.java:213) ~[?:?]
search_by_ingredients_v1t3ls0n-os-1   | 2025-06-20T19:15:28.369445182Z 	at java.base/java.io.FileInputStream.<init>(FileInputStream.java:152) ~[?:?]
search_by_ingredients_v1t3ls0n-os-1   | 2025-06-20T19:15:28.369446273Z 	at java.base/java.io.FileInputStream.<init>(FileInputStream.java:106) ~[?:?]
search_by_ingredients_v1t3ls0n-os-1   | 2025-06-20T19:15:28.369447277Z 	at org.opensearch.performanceanalyzer.commons.collectors.StatsCollector.loadMetadata(StatsCollector.java:158) ~[performance-analyzer-commons-2.0.0.jar:?]
search_by_ingredients_v1t3ls0n-os-1   | 2025-06-20T19:15:28.369448275Z 	at org.opensearch.performanceanalyzer.commons.collectors.StatsCollector.instance(StatsCollector.java:73) ~[performance-analyzer-commons-2.0.0.jar:?]
search_by_ingredients_v1t3ls0n-os-1   | 2025-06-20T19:15:28.369449256Z 	at org.opensearch.performanceanalyzer.PerformanceAnalyzerPlugin.scheduleRcaCollectors(PerformanceAnalyzerPlugin.java:264) ~[opensearch-performance-analyzer-3.0.0.0.jar:3.0.0.0]
search_by_ingredients_v1t3ls0n-os-1   | 2025-06-20T19:15:28.369450263Z 	at org.opensearch.performanceanalyzer.PerformanceAnalyzerPlugin.<init>(PerformanceAnalyzerPlugin.java:213) ~[opensearch-performance-analyzer-3.0.0.0.jar:3.0.0.0]
search_by_ingredients_v1t3ls0n-os-1   | 2025-06-20T19:15:28.369451287Z 	at java.base/jdk.internal.reflect.DirectConstructorHandleAccessor.newInstance(DirectConstructorHandleAccessor.java:62) [?:?]
search_by_ingredients_v1t3ls0n-os-1   | 2025-06-20T19:15:28.369452254Z 	at java.base/java.lang.reflect.Constructor.newInstanceWithCaller(Constructor.java:502) [?:?]
search_by_ingredients_v1t3ls0n-os-1   | 2025-06-20T19:15:28.369453169Z 	at java.base/java.lang.reflect.Constructor.newInstance(Constructor.java:486) [?:?]
search_by_ingredients_v1t3ls0n-os-1   | 2025-06-20T19:15:28.369454053Z 	at org.opensearch.plugins.PluginsService.loadPlugin(PluginsService.java:840) [opensearch-3.0.0.jar:3.0.0]
search_by_ingredients_v1t3ls0n-os-1   | 2025-06-20T19:15:28.369454954Z 	at org.opensearch.plugins.PluginsService.loadBundle(PluginsService.java:788) [opensearch-3.0.0.jar:3.0.0]
search_by_ingredients_v1t3ls0n-os-1   | 2025-06-20T19:15:28.369455878Z 	at org.opensearch.plugins.PluginsService.loadBundles(PluginsService.java:582) [opensearch-3.0.0.jar:3.0.0]
search_by_ingredients_v1t3ls0n-os-1   | 2025-06-20T19:15:28.369463276Z 	at org.opensearch.plugins.PluginsService.<init>(PluginsService.java:197) [opensearch-3.0.0.jar:3.0.0]
search_by_ingredients_v1t3ls0n-os-1   | 2025-06-20T19:15:28.369464725Z 	at org.opensearch.node.Node.<init>(Node.java:533) [opensearch-3.0.0.jar:3.0.0]
search_by_ingredients_v1t3ls0n-os-1   | 2025-06-20T19:15:28.369465706Z 	at org.opensearch.node.Node.<init>(Node.java:460) [opensearch-3.0.0.jar:3.0.0]
search_by_ingredients_v1t3ls0n-os-1   | 2025-06-20T19:15:28.369466616Z 	at org.opensearch.bootstrap.Bootstrap$5.<init>(Bootstrap.java:243) [opensearch-3.0.0.jar:3.0.0]
search_by_ingredients_v1t3ls0n-os-1   | 2025-06-20T19:15:28.369467625Z 	at org.opensearch.bootstrap.Bootstrap.setup(Bootstrap.java:243) [opensearch-3.0.0.jar:3.0.0]
search_by_ingredients_v1t3ls0n-os-1   | 2025-06-20T19:15:28.369468524Z 	at org.opensearch.bootstrap.Bootstrap.init(Bootstrap.java:405) [opensearch-3.0.0.jar:3.0.0]
search_by_ingredients_v1t3ls0n-os-1   | 2025-06-20T19:15:28.369469431Z 	at org.opensearch.bootstrap.OpenSearch.init(OpenSearch.java:168) [opensearch-3.0.0.jar:3.0.0]
search_by_ingredients_v1t3ls0n-os-1   | 2025-06-20T19:15:28.369470343Z 	at org.opensearch.bootstrap.OpenSearch.execute(OpenSearch.java:159) [opensearch-3.0.0.jar:3.0.0]
search_by_ingredients_v1t3ls0n-os-1   | 2025-06-20T19:15:28.369471249Z 	at org.opensearch.common.cli.EnvironmentAwareCommand.execute(EnvironmentAwareCommand.java:110) [opensearch-3.0.0.jar:3.0.0]
search_by_ingredients_v1t3ls0n-os-1   | 2025-06-20T19:15:28.369472218Z 	at org.opensearch.cli.Command.mainWithoutErrorHandling(Command.java:138) [opensearch-cli-3.0.0.jar:3.0.0]
search_by_ingredients_v1t3ls0n-os-1   | 2025-06-20T19:15:28.369473130Z 	at org.opensearch.cli.Command.main(Command.java:101) [opensearch-cli-3.0.0.jar:3.0.0]
search_by_ingredients_v1t3ls0n-os-1   | 2025-06-20T19:15:28.369474109Z 	at org.opensearch.bootstrap.OpenSearch.main(OpenSearch.java:125) [opensearch-3.0.0.jar:3.0.0]
search_by_ingredients_v1t3ls0n-os-1   | 2025-06-20T19:15:28.369475037Z 	at org.opensearch.bootstrap.OpenSearch.main(OpenSearch.java:91) [opensearch-3.0.0.jar:3.0.0]
search_by_ingredients_v1t3ls0n-os-1   | 2025-06-20T19:15:28.370585864Z [2025-06-20T19:15:28,370][INFO ][o.o.p.c.SearchBackPressureStatsCollector] [86f36835c10d] SearchBackPressureStatsCollector started
search_by_ingredients_v1t3ls0n-os-1   | 2025-06-20T19:15:28.575603675Z [2025-06-20T19:15:28,575][INFO ][o.o.i.r.ReindexModulePlugin] [86f36835c10d] ReindexPlugin reloadSPI called
search_by_ingredients_v1t3ls0n-os-1   | 2025-06-20T19:15:28.576198646Z [2025-06-20T19:15:28,575][INFO ][o.o.i.r.ReindexModulePlugin] [86f36835c10d] Unable to find any implementation for RemoteReindexExtension
search_by_ingredients_v1t3ls0n-os-1   | 2025-06-20T19:15:28.602458690Z [2025-06-20T19:15:28,602][INFO ][o.o.j.JobSchedulerPlugin ] [86f36835c10d] Loaded scheduler extension: opensearch_time_series_analytics, index: .opendistro-anomaly-detector-jobs
search_by_ingredients_v1t3ls0n-os-1   | 2025-06-20T19:15:28.618006800Z [2025-06-20T19:15:28,617][INFO ][o.o.j.JobSchedulerPlugin ] [86f36835c10d] Loaded scheduler extension: reports-scheduler, index: .opendistro-reports-definitions
search_by_ingredients_v1t3ls0n-os-1   | 2025-06-20T19:15:28.618579349Z [2025-06-20T19:15:28,618][INFO ][o.o.j.JobSchedulerPlugin ] [86f36835c10d] Loaded scheduler extension: opendistro-index-management, index: .opendistro-ism-config
search_by_ingredients_v1t3ls0n-os-1   | 2025-06-20T19:15:28.619915027Z [2025-06-20T19:15:28,619][INFO ][o.o.j.JobSchedulerPlugin ] [86f36835c10d] Loaded scheduler extension: checkBatchJobTaskStatus, index: .ml_commons_task_polling_job
search_by_ingredients_v1t3ls0n-os-1   | 2025-06-20T19:15:28.620474337Z [2025-06-20T19:15:28,620][INFO ][o.o.j.JobSchedulerPlugin ] [86f36835c10d] Loaded scheduler extension: scheduler_geospatial_ip2geo_datasource, index: .scheduler-geospatial-ip2geo-datasource
search_by_ingredients_v1t3ls0n-os-1   | 2025-06-20T19:15:28.620848321Z [2025-06-20T19:15:28,620][INFO ][o.o.j.JobSchedulerPlugin ] [86f36835c10d] Loaded scheduler extension: opensearch_sap_job, index: .opensearch-sap--job
search_by_ingredients_v1t3ls0n-os-1   | 2025-06-20T19:15:28.621799635Z [2025-06-20T19:15:28,621][INFO ][o.o.j.JobSchedulerPlugin ] [86f36835c10d] Loaded scheduler extension: async-query-scheduler, index: .async-query-scheduler
search_by_ingredients_v1t3ls0n-os-1   | 2025-06-20T19:15:28.635453048Z [2025-06-20T19:15:28,635][INFO ][o.o.p.PluginsService     ] [86f36835c10d] loaded module [aggs-matrix-stats]
search_by_ingredients_v1t3ls0n-os-1   | 2025-06-20T19:15:28.635473311Z [2025-06-20T19:15:28,635][INFO ][o.o.p.PluginsService     ] [86f36835c10d] loaded module [analysis-common]
search_by_ingredients_v1t3ls0n-os-1   | 2025-06-20T19:15:28.635474746Z [2025-06-20T19:15:28,635][INFO ][o.o.p.PluginsService     ] [86f36835c10d] loaded module [cache-common]
search_by_ingredients_v1t3ls0n-os-1   | 2025-06-20T19:15:28.635528929Z [2025-06-20T19:15:28,635][INFO ][o.o.p.PluginsService     ] [86f36835c10d] loaded module [geo]
search_by_ingredients_v1t3ls0n-os-1   | 2025-06-20T19:15:28.635538667Z [2025-06-20T19:15:28,635][INFO ][o.o.p.PluginsService     ] [86f36835c10d] loaded module [ingest-common]
search_by_ingredients_v1t3ls0n-os-1   | 2025-06-20T19:15:28.635542244Z [2025-06-20T19:15:28,635][INFO ][o.o.p.PluginsService     ] [86f36835c10d] loaded module [ingest-geoip]
search_by_ingredients_v1t3ls0n-os-1   | 2025-06-20T19:15:28.635606062Z [2025-06-20T19:15:28,635][INFO ][o.o.p.PluginsService     ] [86f36835c10d] loaded module [ingest-user-agent]
search_by_ingredients_v1t3ls0n-os-1   | 2025-06-20T19:15:28.635624756Z [2025-06-20T19:15:28,635][INFO ][o.o.p.PluginsService     ] [86f36835c10d] loaded module [lang-expression]
search_by_ingredients_v1t3ls0n-os-1   | 2025-06-20T19:15:28.635673604Z [2025-06-20T19:15:28,635][INFO ][o.o.p.PluginsService     ] [86f36835c10d] loaded module [lang-mustache]
search_by_ingredients_v1t3ls0n-os-1   | 2025-06-20T19:15:28.635720861Z [2025-06-20T19:15:28,635][INFO ][o.o.p.PluginsService     ] [86f36835c10d] loaded module [lang-painless]
search_by_ingredients_v1t3ls0n-os-1   | 2025-06-20T19:15:28.635749480Z [2025-06-20T19:15:28,635][INFO ][o.o.p.PluginsService     ] [86f36835c10d] loaded module [mapper-extras]
search_by_ingredients_v1t3ls0n-os-1   | 2025-06-20T19:15:28.635811897Z [2025-06-20T19:15:28,635][INFO ][o.o.p.PluginsService     ] [86f36835c10d] loaded module [opensearch-dashboards]
search_by_ingredients_v1t3ls0n-os-1   | 2025-06-20T19:15:28.635818660Z [2025-06-20T19:15:28,635][INFO ][o.o.p.PluginsService     ] [86f36835c10d] loaded module [parent-join]
search_by_ingredients_v1t3ls0n-os-1   | 2025-06-20T19:15:28.635865822Z [2025-06-20T19:15:28,635][INFO ][o.o.p.PluginsService     ] [86f36835c10d] loaded module [percolator]
search_by_ingredients_v1t3ls0n-os-1   | 2025-06-20T19:15:28.635898486Z [2025-06-20T19:15:28,635][INFO ][o.o.p.PluginsService     ] [86f36835c10d] loaded module [rank-eval]
search_by_ingredients_v1t3ls0n-os-1   | 2025-06-20T19:15:28.635937418Z [2025-06-20T19:15:28,635][INFO ][o.o.p.PluginsService     ] [86f36835c10d] loaded module [reindex]
search_by_ingredients_v1t3ls0n-os-1   | 2025-06-20T19:15:28.636168504Z [2025-06-20T19:15:28,635][INFO ][o.o.p.PluginsService     ] [86f36835c10d] loaded module [repository-url]
search_by_ingredients_v1t3ls0n-os-1   | 2025-06-20T19:15:28.636171881Z [2025-06-20T19:15:28,636][INFO ][o.o.p.PluginsService     ] [86f36835c10d] loaded module [search-pipeline-common]
search_by_ingredients_v1t3ls0n-os-1   | 2025-06-20T19:15:28.636173041Z [2025-06-20T19:15:28,636][INFO ][o.o.p.PluginsService     ] [86f36835c10d] loaded module [systemd]
search_by_ingredients_v1t3ls0n-os-1   | 2025-06-20T19:15:28.636174079Z [2025-06-20T19:15:28,636][INFO ][o.o.p.PluginsService     ] [86f36835c10d] loaded module [transport-netty4]
search_by_ingredients_v1t3ls0n-os-1   | 2025-06-20T19:15:28.636496763Z [2025-06-20T19:15:28,636][INFO ][o.o.p.PluginsService     ] [86f36835c10d] loaded plugin [opensearch-alerting]
search_by_ingredients_v1t3ls0n-os-1   | 2025-06-20T19:15:28.636518794Z [2025-06-20T19:15:28,636][INFO ][o.o.p.PluginsService     ] [86f36835c10d] loaded plugin [opensearch-anomaly-detection]
search_by_ingredients_v1t3ls0n-os-1   | 2025-06-20T19:15:28.636521596Z [2025-06-20T19:15:28,636][INFO ][o.o.p.PluginsService     ] [86f36835c10d] loaded plugin [opensearch-asynchronous-search]
search_by_ingredients_v1t3ls0n-os-1   | 2025-06-20T19:15:28.636542786Z [2025-06-20T19:15:28,636][INFO ][o.o.p.PluginsService     ] [86f36835c10d] loaded plugin [opensearch-cross-cluster-replication]
search_by_ingredients_v1t3ls0n-os-1   | 2025-06-20T19:15:28.636603445Z [2025-06-20T19:15:28,636][INFO ][o.o.p.PluginsService     ] [86f36835c10d] loaded plugin [opensearch-custom-codecs]
search_by_ingredients_v1t3ls0n-os-1   | 2025-06-20T19:15:28.636609422Z [2025-06-20T19:15:28,636][INFO ][o.o.p.PluginsService     ] [86f36835c10d] loaded plugin [opensearch-flow-framework]
search_by_ingredients_v1t3ls0n-os-1   | 2025-06-20T19:15:28.636662615Z [2025-06-20T19:15:28,636][INFO ][o.o.p.PluginsService     ] [86f36835c10d] loaded plugin [opensearch-geospatial]
search_by_ingredients_v1t3ls0n-os-1   | 2025-06-20T19:15:28.636705512Z [2025-06-20T19:15:28,636][INFO ][o.o.p.PluginsService     ] [86f36835c10d] loaded plugin [opensearch-index-management]
search_by_ingredients_v1t3ls0n-os-1   | 2025-06-20T19:15:28.636804331Z [2025-06-20T19:15:28,636][INFO ][o.o.p.PluginsService     ] [86f36835c10d] loaded plugin [opensearch-job-scheduler]
search_by_ingredients_v1t3ls0n-os-1   | 2025-06-20T19:15:28.636887865Z [2025-06-20T19:15:28,636][INFO ][o.o.p.PluginsService     ] [86f36835c10d] loaded plugin [opensearch-knn]
search_by_ingredients_v1t3ls0n-os-1   | 2025-06-20T19:15:28.636890876Z [2025-06-20T19:15:28,636][INFO ][o.o.p.PluginsService     ] [86f36835c10d] loaded plugin [opensearch-ltr]
search_by_ingredients_v1t3ls0n-os-1   | 2025-06-20T19:15:28.637038831Z [2025-06-20T19:15:28,636][INFO ][o.o.p.PluginsService     ] [86f36835c10d] loaded plugin [opensearch-ml]
search_by_ingredients_v1t3ls0n-os-1   | 2025-06-20T19:15:28.637102326Z [2025-06-20T19:15:28,637][INFO ][o.o.p.PluginsService     ] [86f36835c10d] loaded plugin [opensearch-neural-search]
search_by_ingredients_v1t3ls0n-os-1   | 2025-06-20T19:15:28.637147454Z [2025-06-20T19:15:28,637][INFO ][o.o.p.PluginsService     ] [86f36835c10d] loaded plugin [opensearch-notifications]
search_by_ingredients_v1t3ls0n-os-1   | 2025-06-20T19:15:28.637182875Z [2025-06-20T19:15:28,637][INFO ][o.o.p.PluginsService     ] [86f36835c10d] loaded plugin [opensearch-notifications-core]
search_by_ingredients_v1t3ls0n-os-1   | 2025-06-20T19:15:28.637226040Z [2025-06-20T19:15:28,637][INFO ][o.o.p.PluginsService     ] [86f36835c10d] loaded plugin [opensearch-observability]
search_by_ingredients_v1t3ls0n-os-1   | 2025-06-20T19:15:28.637268431Z [2025-06-20T19:15:28,637][INFO ][o.o.p.PluginsService     ] [86f36835c10d] loaded plugin [opensearch-performance-analyzer]
search_by_ingredients_v1t3ls0n-os-1   | 2025-06-20T19:15:28.637295499Z [2025-06-20T19:15:28,637][INFO ][o.o.p.PluginsService     ] [86f36835c10d] loaded plugin [opensearch-reports-scheduler]
search_by_ingredients_v1t3ls0n-os-1   | 2025-06-20T19:15:28.637345795Z [2025-06-20T19:15:28,637][INFO ][o.o.p.PluginsService     ] [86f36835c10d] loaded plugin [opensearch-security]
search_by_ingredients_v1t3ls0n-os-1   | 2025-06-20T19:15:28.637373931Z [2025-06-20T19:15:28,637][INFO ][o.o.p.PluginsService     ] [86f36835c10d] loaded plugin [opensearch-security-analytics]
search_by_ingredients_v1t3ls0n-os-1   | 2025-06-20T19:15:28.637481810Z [2025-06-20T19:15:28,637][INFO ][o.o.p.PluginsService     ] [86f36835c10d] loaded plugin [opensearch-skills]
search_by_ingredients_v1t3ls0n-os-1   | 2025-06-20T19:15:28.637573631Z [2025-06-20T19:15:28,637][INFO ][o.o.p.PluginsService     ] [86f36835c10d] loaded plugin [opensearch-sql]
search_by_ingredients_v1t3ls0n-os-1   | 2025-06-20T19:15:28.637642103Z [2025-06-20T19:15:28,637][INFO ][o.o.p.PluginsService     ] [86f36835c10d] loaded plugin [opensearch-system-templates]
search_by_ingredients_v1t3ls0n-os-1   | 2025-06-20T19:15:28.637681059Z [2025-06-20T19:15:28,637][INFO ][o.o.p.PluginsService     ] [86f36835c10d] loaded plugin [query-insights]
search_by_ingredients_v1t3ls0n-os-1   | 2025-06-20T19:15:28.661447759Z [2025-06-20T19:15:28,661][WARN ][stderr                   ] [86f36835c10d] WARNING: A restricted method in java.lang.foreign.Linker has been called
search_by_ingredients_v1t3ls0n-os-1   | 2025-06-20T19:15:28.661466431Z [2025-06-20T19:15:28,661][WARN ][stderr                   ] [86f36835c10d] WARNING: java.lang.foreign.Linker::downcallHandle has been called by the unnamed module
search_by_ingredients_v1t3ls0n-os-1   | 2025-06-20T19:15:28.661590238Z [2025-06-20T19:15:28,661][WARN ][stderr                   ] [86f36835c10d] WARNING: Use --enable-native-access=ALL-UNNAMED to avoid a warning for this module
search_by_ingredients_v1t3ls0n-os-1   | 2025-06-20T19:15:28.706713261Z [2025-06-20T19:15:28,706][INFO ][o.o.e.NodeEnvironment    ] [86f36835c10d] using [1] data paths, mounts [[/usr/share/opensearch/data (/dev/sdd)]], net usable_space [214.1gb], net total_space [250.9gb], types [ext4]
search_by_ingredients_v1t3ls0n-os-1   | 2025-06-20T19:15:28.706771857Z [2025-06-20T19:15:28,706][INFO ][o.o.e.NodeEnvironment    ] [86f36835c10d] heap size [512mb], compressed ordinary object pointers [true]
search_by_ingredients_v1t3ls0n-os-1   | 2025-06-20T19:15:28.767959129Z [2025-06-20T19:15:28,767][INFO ][o.o.n.Node               ] [86f36835c10d] node name [86f36835c10d], node ID [EyntKRspRLmKpIHnyi4NoA], cluster name [docker-cluster], roles [ingest, remote_cluster_client, data, cluster_manager]
search_by_ingredients_v1t3ls0n-os-1   | 2025-06-20T19:15:28.807151090Z [2025-06-20T19:15:28,806][INFO ][o.o.e.ExtensionsManager  ] [86f36835c10d] ExtensionsManager initialized
search_by_ingredients_v1t3ls0n-os-1   | 2025-06-20T19:15:30.520140952Z [2025-06-20T19:15:30,519][WARN ][stderr                   ] [86f36835c10d] SLF4J: Failed to load class "org.slf4j.impl.StaticLoggerBinder".
search_by_ingredients_v1t3ls0n-os-1   | 2025-06-20T19:15:30.520161071Z [2025-06-20T19:15:30,520][WARN ][stderr                   ] [86f36835c10d] SLF4J: Defaulting to no-operation (NOP) logger implementation
search_by_ingredients_v1t3ls0n-os-1   | 2025-06-20T19:15:30.520189848Z [2025-06-20T19:15:30,520][WARN ][stderr                   ] [86f36835c10d] SLF4J: See http://www.slf4j.org/codes.html#StaticLoggerBinder for further details.
search_by_ingredients_v1t3ls0n-os-1   | 2025-06-20T19:15:30.535468206Z [2025-06-20T19:15:30,535][INFO ][o.o.l.b.LTRCircuitBreakerService] [86f36835c10d] Registered memory breaker.
search_by_ingredients_v1t3ls0n-os-1   | 2025-06-20T19:15:30.647864515Z [2025-06-20T19:15:30,647][INFO ][o.o.t.b.CircuitBreakerService] [86f36835c10d] Registered memory breaker.
search_by_ingredients_v1t3ls0n-os-1   | 2025-06-20T19:15:30.819574905Z [2025-06-20T19:15:30,819][INFO ][o.o.r.m.c.i.SdkClientFactory] [86f36835c10d] Using local opensearch cluster as metadata store.
search_by_ingredients_v1t3ls0n-os-1   | 2025-06-20T19:15:31.052423846Z [2025-06-20T19:15:31,052][INFO ][o.o.r.m.c.i.SdkClientFactory] [86f36835c10d] Using local opensearch cluster as metadata store.
search_by_ingredients_v1t3ls0n-os-1   | 2025-06-20T19:15:31.064630879Z [2025-06-20T19:15:31,064][INFO ][o.o.m.b.MLCircuitBreakerService] [86f36835c10d] Registered ML memory breaker.
search_by_ingredients_v1t3ls0n-os-1   | 2025-06-20T19:15:31.065039518Z [2025-06-20T19:15:31,064][INFO ][o.o.m.b.MLCircuitBreakerService] [86f36835c10d] Registered ML disk breaker.
search_by_ingredients_v1t3ls0n-os-1   | 2025-06-20T19:15:31.065049184Z [2025-06-20T19:15:31,064][INFO ][o.o.m.b.MLCircuitBreakerService] [86f36835c10d] Registered ML native memory breaker.
search_by_ingredients_v1t3ls0n-os-1   | 2025-06-20T19:15:31.121761088Z [2025-06-20T19:15:31,121][INFO ][o.r.Reflections          ] [86f36835c10d] Reflections took 31 ms to scan 1 urls, producing 31 keys and 81 values 
search_by_ingredients_v1t3ls0n-os-1   | 2025-06-20T19:15:31.139297195Z [2025-06-20T19:15:31,139][INFO ][o.r.Reflections          ] [86f36835c10d] Reflections took 1 ms to scan 1 urls, producing 3 keys and 5 values 
search_by_ingredients_v1t3ls0n-os-1   | 2025-06-20T19:15:31.249015943Z [2025-06-20T19:15:31,248][WARN ][o.o.s.p.SQLPlugin        ] [86f36835c10d] Master key is a required config for using create and update datasource APIs. Please set plugins.query.datasources.encryption.masterkey config in opensearch.yml in all the cluster nodes. More details can be found here: https://github.com/opensearch-project/sql/blob/main/docs/user/ppl/admin/datasources.rst#master-key-config-for-encrypting-credential-information
search_by_ingredients_v1t3ls0n-os-1   | 2025-06-20T19:15:31.448221081Z [2025-06-20T19:15:31,447][INFO ][o.o.p.i.c.s.QueryInsightsService] [86f36835c10d] Setting query insights index template priority to [1847]
search_by_ingredients_v1t3ls0n-os-1   | 2025-06-20T19:15:31.888476406Z [2025-06-20T19:15:31,888][INFO ][o.o.t.NettyAllocator     ] [86f36835c10d] creating NettyAllocator with the following configs: [name=unpooled, suggested_max_allocation_size=256kb, factors={opensearch.unsafe.use_unpooled_allocator=null, g1gc_enabled=true, g1gc_region_size=1mb, heap_size=512mb}]
search_by_ingredients_v1t3ls0n-os-1   | 2025-06-20T19:15:31.971333490Z [2025-06-20T19:15:31,971][INFO ][o.o.d.DiscoveryModule    ] [86f36835c10d] using discovery type [single-node] and seed hosts providers [settings]
search_by_ingredients_v1t3ls0n-os-1   | 2025-06-20T19:15:32.316197205Z [2025-06-20T19:15:32,316][WARN ][o.o.g.DanglingIndicesState] [86f36835c10d] gateway.auto_import_dangling_indices is disabled, dangling indices will not be automatically detected or imported and must be managed manually
search_by_ingredients_v1t3ls0n-os-1   | 2025-06-20T19:15:32.704316803Z [2025-06-20T19:15:32,704][INFO ][o.o.p.h.c.PerformanceAnalyzerConfigAction] [86f36835c10d] PerformanceAnalyzer Enabled: false
search_by_ingredients_v1t3ls0n-os-1   | 2025-06-20T19:15:32.737904320Z [2025-06-20T19:15:32,737][INFO ][o.o.n.Node               ] [86f36835c10d] initialized
search_by_ingredients_v1t3ls0n-os-1   | 2025-06-20T19:15:32.737929665Z [2025-06-20T19:15:32,737][INFO ][o.o.n.Node               ] [86f36835c10d] starting ...
search_by_ingredients_v1t3ls0n-os-1   | 2025-06-20T19:15:32.766381230Z [2025-06-20T19:15:32,766][INFO ][o.o.s.l.BuiltinLogTypeLoader] [86f36835c10d] Loaded [windows_logtype.json] log type
search_by_ingredients_v1t3ls0n-os-1   | 2025-06-20T19:15:32.766614409Z [2025-06-20T19:15:32,766][INFO ][o.o.s.l.BuiltinLogTypeLoader] [86f36835c10d] Loaded [waf_logtype.json] log type
search_by_ingredients_v1t3ls0n-os-1   | 2025-06-20T19:15:32.766920117Z [2025-06-20T19:15:32,766][INFO ][o.o.s.l.BuiltinLogTypeLoader] [86f36835c10d] Loaded [vpcflow_logtype.json] log type
search_by_ingredients_v1t3ls0n-os-1   | 2025-06-20T19:15:32.767060904Z [2025-06-20T19:15:32,766][INFO ][o.o.s.l.BuiltinLogTypeLoader] [86f36835c10d] Loaded [test_windows_logtype.json] log type
search_by_ingredients_v1t3ls0n-os-1   | 2025-06-20T19:15:32.767372820Z [2025-06-20T19:15:32,767][INFO ][o.o.s.l.BuiltinLogTypeLoader] [86f36835c10d] Loaded [s3_logtype.json] log type
search_by_ingredients_v1t3ls0n-os-1   | 2025-06-20T19:15:32.767518400Z [2025-06-20T19:15:32,767][INFO ][o.o.s.l.BuiltinLogTypeLoader] [86f36835c10d] Loaded [others_web_logtype.json] log type
search_by_ingredients_v1t3ls0n-os-1   | 2025-06-20T19:15:32.767695324Z [2025-06-20T19:15:32,767][INFO ][o.o.s.l.BuiltinLogTypeLoader] [86f36835c10d] Loaded [others_proxy_logtype.json] log type
search_by_ingredients_v1t3ls0n-os-1   | 2025-06-20T19:15:32.767799574Z [2025-06-20T19:15:32,767][INFO ][o.o.s.l.BuiltinLogTypeLoader] [86f36835c10d] Loaded [others_macos_logtype.json] log type
search_by_ingredients_v1t3ls0n-os-1   | 2025-06-20T19:15:32.768036459Z [2025-06-20T19:15:32,767][INFO ][o.o.s.l.BuiltinLogTypeLoader] [86f36835c10d] Loaded [others_compliance_logtype.json] log type
search_by_ingredients_v1t3ls0n-os-1   | 2025-06-20T19:15:32.768296858Z [2025-06-20T19:15:32,768][INFO ][o.o.s.l.BuiltinLogTypeLoader] [86f36835c10d] Loaded [others_cloud_logtype.json] log type
search_by_ingredients_v1t3ls0n-os-1   | 2025-06-20T19:15:32.768428902Z [2025-06-20T19:15:32,768][INFO ][o.o.s.l.BuiltinLogTypeLoader] [86f36835c10d] Loaded [others_apt_logtype.json] log type
search_by_ingredients_v1t3ls0n-os-1   | 2025-06-20T19:15:32.768930221Z [2025-06-20T19:15:32,768][INFO ][o.o.s.l.BuiltinLogTypeLoader] [86f36835c10d] Loaded [others_application_logtype.json] log type
search_by_ingredients_v1t3ls0n-os-1   | 2025-06-20T19:15:32.769126065Z [2025-06-20T19:15:32,769][INFO ][o.o.s.l.BuiltinLogTypeLoader] [86f36835c10d] Loaded [okta_logtype.json] log type
search_by_ingredients_v1t3ls0n-os-1   | 2025-06-20T19:15:32.769339921Z [2025-06-20T19:15:32,769][INFO ][o.o.s.l.BuiltinLogTypeLoader] [86f36835c10d] Loaded [network_logtype.json] log type
search_by_ingredients_v1t3ls0n-os-1   | 2025-06-20T19:15:32.769467232Z [2025-06-20T19:15:32,769][INFO ][o.o.s.l.BuiltinLogTypeLoader] [86f36835c10d] Loaded [netflow_logtype.json] log type
search_by_ingredients_v1t3ls0n-os-1   | 2025-06-20T19:15:32.769828440Z [2025-06-20T19:15:32,769][INFO ][o.o.s.l.BuiltinLogTypeLoader] [86f36835c10d] Loaded [m365_logtype.json] log type
search_by_ingredients_v1t3ls0n-os-1   | 2025-06-20T19:15:32.770107009Z [2025-06-20T19:15:32,769][INFO ][o.o.s.l.BuiltinLogTypeLoader] [86f36835c10d] Loaded [linux_logtype.json] log type
search_by_ingredients_v1t3ls0n-os-1   | 2025-06-20T19:15:32.770155758Z [2025-06-20T19:15:32,770][INFO ][o.o.s.l.BuiltinLogTypeLoader] [86f36835c10d] Loaded [gworkspace_logtype.json] log type
search_by_ingredients_v1t3ls0n-os-1   | 2025-06-20T19:15:32.770543489Z [2025-06-20T19:15:32,770][INFO ][o.o.s.l.BuiltinLogTypeLoader] [86f36835c10d] Loaded [github_logtype.json] log type
search_by_ingredients_v1t3ls0n-os-1   | 2025-06-20T19:15:32.770781423Z [2025-06-20T19:15:32,770][INFO ][o.o.s.l.BuiltinLogTypeLoader] [86f36835c10d] Loaded [dns_logtype.json] log type
search_by_ingredients_v1t3ls0n-os-1   | 2025-06-20T19:15:32.771010459Z [2025-06-20T19:15:32,770][INFO ][o.o.s.l.BuiltinLogTypeLoader] [86f36835c10d] Loaded [cloudtrail_logtype.json] log type
search_by_ingredients_v1t3ls0n-os-1   | 2025-06-20T19:15:32.771377004Z [2025-06-20T19:15:32,771][INFO ][o.o.s.l.BuiltinLogTypeLoader] [86f36835c10d] Loaded [azure_logtype.json] log type
search_by_ingredients_v1t3ls0n-os-1   | 2025-06-20T19:15:32.771417206Z [2025-06-20T19:15:32,771][INFO ][o.o.s.l.BuiltinLogTypeLoader] [86f36835c10d] Loaded [apache_access_logtype.json] log type
search_by_ingredients_v1t3ls0n-os-1   | 2025-06-20T19:15:32.771595217Z [2025-06-20T19:15:32,771][INFO ][o.o.s.l.BuiltinLogTypeLoader] [86f36835c10d] Loaded [ad_ldap_logtype.json] log type
search_by_ingredients_v1t3ls0n-os-1   | 2025-06-20T19:15:32.854285557Z [2025-06-20T19:15:32,854][INFO ][o.o.t.TransportService   ] [86f36835c10d] publish_address {172.26.0.2:9300}, bound_addresses {0.0.0.0:9300}
search_by_ingredients_v1t3ls0n-os-1   | 2025-06-20T19:15:32.855109283Z [2025-06-20T19:15:32,854][INFO ][o.o.t.TransportService   ] [86f36835c10d] Remote clusters initialized successfully.
search_by_ingredients_v1t3ls0n-os-1   | 2025-06-20T19:15:33.008201255Z [2025-06-20T19:15:33,007][WARN ][o.o.b.BootstrapChecks    ] [86f36835c10d] max virtual memory areas vm.max_map_count [65530] is too low, increase to at least [262144]
search_by_ingredients_v1t3ls0n-os-1   | 2025-06-20T19:15:33.008805758Z [2025-06-20T19:15:33,008][INFO ][o.o.c.c.Coordinator      ] [86f36835c10d] cluster UUID [T9eekrQxSg6vsmIBFQpQhA]
search_by_ingredients_v1t3ls0n-os-1   | 2025-06-20T19:15:33.091519025Z [2025-06-20T19:15:33,091][INFO ][o.o.c.s.ClusterManagerService] [86f36835c10d] Tasks batched with key: org.opensearch.cluster.coordination.JoinHelper, count:3 and sample tasks: elected-as-cluster-manager ([1] nodes joined)[{86f36835c10d}{EyntKRspRLmKpIHnyi4NoA}{tdNbtmxUT_G5yoM_k53aDg}{172.26.0.2}{172.26.0.2:9300}{dimr}{shard_indexing_pressure_enabled=true} elect leader, _BECOME_CLUSTER_MANAGER_TASK_, _FINISH_ELECTION_], term: 45, version: 461, delta: cluster-manager node changed {previous [], current [{86f36835c10d}{EyntKRspRLmKpIHnyi4NoA}{tdNbtmxUT_G5yoM_k53aDg}{172.26.0.2}{172.26.0.2:9300}{dimr}{shard_indexing_pressure_enabled=true}]}
search_by_ingredients_v1t3ls0n-os-1   | 2025-06-20T19:15:33.123834101Z [2025-06-20T19:15:33,123][INFO ][o.o.c.s.ClusterApplierService] [86f36835c10d] cluster-manager node changed {previous [], current [{86f36835c10d}{EyntKRspRLmKpIHnyi4NoA}{tdNbtmxUT_G5yoM_k53aDg}{172.26.0.2}{172.26.0.2:9300}{dimr}{shard_indexing_pressure_enabled=true}]}, term: 45, version: 461, reason: Publication{term=45, version=461}
search_by_ingredients_v1t3ls0n-os-1   | 2025-06-20T19:15:33.128449905Z [2025-06-20T19:15:33,128][INFO ][o.o.t.i.IndexManagement  ] [86f36835c10d] Candidate custom result indices are empty.
search_by_ingredients_v1t3ls0n-os-1   | 2025-06-20T19:15:33.128660456Z [2025-06-20T19:15:33,128][INFO ][o.o.t.i.IndexManagement  ] [86f36835c10d] Candidate custom result indices are empty.
search_by_ingredients_v1t3ls0n-os-1   | 2025-06-20T19:15:33.128939665Z [2025-06-20T19:15:33,128][INFO ][o.o.t.c.ClusterEventListener] [86f36835c10d] Cluster is not recovered yet.
search_by_ingredients_v1t3ls0n-os-1   | 2025-06-20T19:15:33.150630887Z [2025-06-20T19:15:33,150][INFO ][o.o.i.i.ManagedIndexCoordinator] [86f36835c10d] Cache cluster manager node onClusterManager time: 1750446933150
search_by_ingredients_v1t3ls0n-os-1   | 2025-06-20T19:15:33.154026029Z [2025-06-20T19:15:33,153][WARN ][o.o.p.c.s.h.ConfigOverridesClusterSettingHandler] [86f36835c10d] Config override setting update called with empty string. Ignoring.
search_by_ingredients_v1t3ls0n-os-1   | 2025-06-20T19:15:33.158146724Z [2025-06-20T19:15:33,157][INFO ][o.o.d.PeerFinder         ] [86f36835c10d] setting findPeersInterval to [1s] as node commission status = [true] for local node [{86f36835c10d}{EyntKRspRLmKpIHnyi4NoA}{tdNbtmxUT_G5yoM_k53aDg}{172.26.0.2}{172.26.0.2:9300}{dimr}{shard_indexing_pressure_enabled=true}]
search_by_ingredients_v1t3ls0n-os-1   | 2025-06-20T19:15:33.159614866Z [2025-06-20T19:15:33,159][WARN ][o.o.c.r.a.AllocationService] [86f36835c10d] Falling back to single shard assignment since batch mode disable or multiple custom allocators set
search_by_ingredients_v1t3ls0n-os-1   | 2025-06-20T19:15:33.161985237Z [2025-06-20T19:15:33,161][INFO ][o.o.h.AbstractHttpServerTransport] [86f36835c10d] publish_address {172.26.0.2:9200}, bound_addresses {0.0.0.0:9200}
search_by_ingredients_v1t3ls0n-os-1   | 2025-06-20T19:15:33.162007732Z [2025-06-20T19:15:33,161][INFO ][o.o.n.Node               ] [86f36835c10d] started
search_by_ingredients_v1t3ls0n-os-1   | 2025-06-20T19:15:33.162559589Z [2025-06-20T19:15:33,162][INFO ][o.o.s.OpenSearchSecurityPlugin] [86f36835c10d] 0 OpenSearch Security modules loaded so far: []
search_by_ingredients_v1t3ls0n-os-1   | 2025-06-20T19:15:33.167711138Z [2025-06-20T19:15:33,167][WARN ][o.o.c.r.a.AllocationService] [86f36835c10d] Falling back to single shard assignment since batch mode disable or multiple custom allocators set
search_by_ingredients_v1t3ls0n-os-1   | 2025-06-20T19:15:33.199945127Z [2025-06-20T19:15:33,199][INFO ][o.o.t.c.HashRing         ] [86f36835c10d] Node added: [EyntKRspRLmKpIHnyi4NoA]
search_by_ingredients_v1t3ls0n-os-1   | 2025-06-20T19:15:33.201869607Z [2025-06-20T19:15:33,201][INFO ][o.o.t.c.HashRing         ] [86f36835c10d] Add data node to version hash ring: EyntKRspRLmKpIHnyi4NoA
search_by_ingredients_v1t3ls0n-os-1   | 2025-06-20T19:15:33.202610699Z [2025-06-20T19:15:33,202][INFO ][o.o.t.c.HashRing         ] [86f36835c10d] All nodes with known version: {EyntKRspRLmKpIHnyi4NoA=ADNodeInfo{version=3.0.0, isEligibleDataNode=true}}
search_by_ingredients_v1t3ls0n-os-1   | 2025-06-20T19:15:33.202647309Z [2025-06-20T19:15:33,202][INFO ][o.o.t.c.HashRing         ] [86f36835c10d] Rebuild hash ring for realtime with cooldown, nodeChangeEvents size 0
search_by_ingredients_v1t3ls0n-os-1   | 2025-06-20T19:15:33.202715240Z [2025-06-20T19:15:33,202][INFO ][o.o.t.c.HashRing         ] [86f36835c10d] Build version hash ring successfully
search_by_ingredients_v1t3ls0n-os-1   | 2025-06-20T19:15:33.203076906Z [2025-06-20T19:15:33,202][INFO ][o.o.t.c.ADDataMigrator   ] [86f36835c10d] Start migrating AD data
search_by_ingredients_v1t3ls0n-os-1   | 2025-06-20T19:15:33.203112208Z [2025-06-20T19:15:33,203][INFO ][o.o.t.c.ADDataMigrator   ] [86f36835c10d] AD job index doesn't exist, no need to migrate
search_by_ingredients_v1t3ls0n-os-1   | 2025-06-20T19:15:33.203151328Z [2025-06-20T19:15:33,203][INFO ][o.o.t.c.ClusterEventListener] [86f36835c10d] Init version hash ring successfully
search_by_ingredients_v1t3ls0n-os-1   | 2025-06-20T19:15:33.214129591Z [2025-06-20T19:15:33,213][INFO ][o.o.c.s.ClusterManagerTaskThrottler] [86f36835c10d] Starting cluster manager throttling as all nodes are higher than or equal to 2.5.0
search_by_ingredients_v1t3ls0n-os-1   | 2025-06-20T19:15:33.214694799Z [2025-06-20T19:15:33,214][INFO ][o.o.g.GatewayService     ] [86f36835c10d] recovered [10] indices into cluster_state
search_by_ingredients_v1t3ls0n-os-1   | 2025-06-20T19:15:33.215633978Z [2025-06-20T19:15:33,215][INFO ][o.o.s.l.LogTypeService   ] [86f36835c10d] Loading builtin types!
search_by_ingredients_v1t3ls0n-os-1   | 2025-06-20T19:15:33.217067664Z [2025-06-20T19:15:33,216][INFO ][o.o.s.l.LogTypeService   ] [86f36835c10d] Indexing [432] fieldMappingDocs from logTypes: 24
search_by_ingredients_v1t3ls0n-os-1   | 2025-06-20T19:15:33.230370241Z [2025-06-20T19:15:33,230][WARN ][o.o.c.r.a.AllocationService] [86f36835c10d] Falling back to single shard assignment since batch mode disable or multiple custom allocators set
search_by_ingredients_v1t3ls0n-os-1   | 2025-06-20T19:15:33.233955743Z [2025-06-20T19:15:33,233][WARN ][o.o.s.SecurityAnalyticsPlugin] [86f36835c10d] Failed to initialize LogType config index and builtin log types
search_by_ingredients_v1t3ls0n-os-1   | 2025-06-20T19:15:33.304027188Z [2025-06-20T19:15:33,302][INFO ][o.o.p.PluginsService     ] [86f36835c10d] PluginService:onIndexModule index:[top_queries-2025.06.13-11037/bKInP0JWTgyPBEQklRVMaw]
search_by_ingredients_v1t3ls0n-os-1   | 2025-06-20T19:15:33.370214791Z [2025-06-20T19:15:33,369][INFO ][o.o.p.PluginsService     ] [86f36835c10d] PluginService:onIndexModule index:[top_queries-2025.06.14-11038/44-ttSaXQs68W4meuWkunA]
search_by_ingredients_v1t3ls0n-os-1   | 2025-06-20T19:15:33.377729475Z [2025-06-20T19:15:33,377][INFO ][o.o.p.PluginsService     ] [86f36835c10d] PluginService:onIndexModule index:[top_queries-2025.06.20-11065/91OY2F5EQTma_9SlZeRn1g]
search_by_ingredients_v1t3ls0n-os-1   | 2025-06-20T19:15:33.385748622Z [2025-06-20T19:15:33,385][INFO ][o.o.p.PluginsService     ] [86f36835c10d] PluginService:onIndexModule index:[.plugins-ml-config/u5LjUPifRwy-d1SFFP0YHg]
search_by_ingredients_v1t3ls0n-os-1   | 2025-06-20T19:15:33.541115497Z [2025-06-20T19:15:33,540][WARN ][o.o.c.r.a.AllocationService] [86f36835c10d] Falling back to single shard assignment since batch mode disable or multiple custom allocators set
search_by_ingredients_v1t3ls0n-os-1   | 2025-06-20T19:15:33.569319036Z [2025-06-20T19:15:33,569][INFO ][o.o.p.PluginsService     ] [86f36835c10d] PluginService:onIndexModule index:[top_queries-2025.06.10-11034/32JLoxNlSKmnAoo-UytgOA]
search_by_ingredients_v1t3ls0n-os-1   | 2025-06-20T19:15:33.575600431Z [2025-06-20T19:15:33,575][INFO ][o.o.p.PluginsService     ] [86f36835c10d] PluginService:onIndexModule index:[top_queries-2025.06.11-11035/68bATnXhQsGivvg36D6fRA]
search_by_ingredients_v1t3ls0n-os-1   | 2025-06-20T19:15:33.581346217Z [2025-06-20T19:15:33,581][INFO ][o.o.p.PluginsService     ] [86f36835c10d] PluginService:onIndexModule index:[top_queries-2025.06.12-11036/OGcCwmmGTZ2TjtwnJmrFmQ]
search_by_ingredients_v1t3ls0n-os-1   | 2025-06-20T19:15:33.655937687Z [2025-06-20T19:15:33,655][WARN ][o.o.c.r.a.AllocationService] [86f36835c10d] Falling back to single shard assignment since batch mode disable or multiple custom allocators set
search_by_ingredients_v1t3ls0n-os-1   | 2025-06-20T19:15:33.679194592Z [2025-06-20T19:15:33,679][INFO ][o.o.p.PluginsService     ] [86f36835c10d] PluginService:onIndexModule index:[.opensearch-sap-log-types-config/kISrNAR0S4W7fab9CCGGxg]
search_by_ingredients_v1t3ls0n-os-1   | 2025-06-20T19:15:33.684088854Z [2025-06-20T19:15:33,683][INFO ][o.o.p.PluginsService     ] [86f36835c10d] PluginService:onIndexModule index:[recipes/hGEVpajpQMCvlpK5sNw6ug]
search_by_ingredients_v1t3ls0n-os-1   | 2025-06-20T19:15:33.687316785Z [2025-06-20T19:15:33,687][INFO ][o.o.p.PluginsService     ] [86f36835c10d] PluginService:onIndexModule index:[ingredients/Lz1bvnphRUOAQkVVDeF7sA]
search_by_ingredients_v1t3ls0n-os-1   | 2025-06-20T19:15:33.731718744Z [2025-06-20T19:15:33,731][INFO ][o.o.c.r.a.AllocationService] [86f36835c10d] Cluster health status changed from [RED] to [YELLOW] (reason: [shards started [[recipes][0], [ingredients][0]]]).
search_by_ingredients_v1t3ls0n-os-1   | 2025-06-20T19:15:33.752786157Z [2025-06-20T19:15:33,752][WARN ][o.o.c.r.a.AllocationService] [86f36835c10d] Falling back to single shard assignment since batch mode disable or multiple custom allocators set
search_by_ingredients_v1t3ls0n-os-1   | 2025-06-20T19:15:34.157051998Z [2025-06-20T19:15:34,156][INFO ][o.o.s.l.LogTypeService   ] [86f36835c10d] Loading builtin types!
search_by_ingredients_v1t3ls0n-os-1   | 2025-06-20T19:15:34.157937386Z [2025-06-20T19:15:34,157][INFO ][o.o.s.l.LogTypeService   ] [86f36835c10d] Indexing [432] fieldMappingDocs from logTypes: 24
search_by_ingredients_v1t3ls0n-os-1   | 2025-06-20T19:15:34.166094974Z [2025-06-20T19:15:34,165][INFO ][o.o.s.l.LogTypeService   ] [86f36835c10d] Loading builtin types!
search_by_ingredients_v1t3ls0n-os-1   | 2025-06-20T19:15:34.166365047Z [2025-06-20T19:15:34,166][INFO ][o.o.s.l.LogTypeService   ] [86f36835c10d] Indexing [432] fieldMappingDocs from logTypes: 24
search_by_ingredients_v1t3ls0n-os-1   | 2025-06-20T19:15:34.167384118Z [2025-06-20T19:15:34,167][INFO ][o.o.s.i.DetectorIndexManagementService] [86f36835c10d] info deleteOldIndices
search_by_ingredients_v1t3ls0n-os-1   | 2025-06-20T19:15:34.168664769Z [2025-06-20T19:15:34,168][INFO ][o.o.s.i.DetectorIndexManagementService] [86f36835c10d] No Old Correlation Indices to delete
search_by_ingredients_v1t3ls0n-os-1   | 2025-06-20T19:15:34.169033718Z [2025-06-20T19:15:34,168][INFO ][o.o.s.i.DetectorIndexManagementService] [86f36835c10d] info deleteOldIndices
search_by_ingredients_v1t3ls0n-os-1   | 2025-06-20T19:15:34.169287872Z [2025-06-20T19:15:34,169][INFO ][o.o.s.i.DetectorIndexManagementService] [86f36835c10d] No Old IOC Findings Indices to delete
search_by_ingredients_v1t3ls0n-os-1   | 2025-06-20T19:15:34.258809041Z [2025-06-20T19:15:34,258][INFO ][o.o.s.l.LogTypeService   ] [86f36835c10d] Indexing [432] fieldMappingDocs
search_by_ingredients_v1t3ls0n-os-1   | 2025-06-20T19:15:34.259139554Z [2025-06-20T19:15:34,258][INFO ][o.o.s.l.LogTypeService   ] [86f36835c10d] Indexing [432] fieldMappingDocs
search_by_ingredients_v1t3ls0n-os-1   | 2025-06-20T19:15:34.504899253Z [2025-06-20T19:15:34,504][INFO ][o.o.s.l.LogTypeService   ] [86f36835c10d] Loaded [432] field mapping docs successfully!
search_by_ingredients_v1t3ls0n-os-1   | 2025-06-20T19:15:34.506650874Z [2025-06-20T19:15:34,506][INFO ][o.o.s.l.LogTypeService   ] [86f36835c10d] Loaded [432] field mapping docs successfully!
search_by_ingredients_v1t3ls0n-os-1   | 2025-06-20T19:15:34.513225532Z [2025-06-20T19:15:34,512][INFO ][o.o.s.l.LogTypeService   ] [86f36835c10d] Indexing [23] customLogTypes
search_by_ingredients_v1t3ls0n-os-1   | 2025-06-20T19:15:34.519075996Z [2025-06-20T19:15:34,518][INFO ][o.o.s.l.LogTypeService   ] [86f36835c10d] Indexing [23] customLogTypes
search_by_ingredients_v1t3ls0n-os-1   | 2025-06-20T19:15:34.539776139Z [2025-06-20T19:15:34,539][INFO ][o.o.s.l.LogTypeService   ] [86f36835c10d] Loaded [23] customLogType docs successfully!
search_by_ingredients_v1t3ls0n-os-1   | 2025-06-20T19:15:34.543859616Z [2025-06-20T19:15:34,543][INFO ][o.o.s.l.LogTypeService   ] [86f36835c10d] Loaded [23] customLogType docs successfully!
search_by_ingredients_v1t3ls0n-os-1   | 2025-06-20T19:15:34.583243608Z [2025-06-20T19:15:34,582][INFO ][o.o.s.i.DetectorIndexManagementService] [86f36835c10d] info deleteOldIndices
search_by_ingredients_v1t3ls0n-os-1   | 2025-06-20T19:15:34.583720186Z [2025-06-20T19:15:34,583][INFO ][o.o.s.i.DetectorIndexManagementService] [86f36835c10d] info deleteOldIndices
search_by_ingredients_v1t3ls0n-os-1   | 2025-06-20T19:15:34.583746036Z [2025-06-20T19:15:34,583][INFO ][o.o.s.i.DetectorIndexManagementService] [86f36835c10d] No Old Finding Indices to delete
search_by_ingredients_v1t3ls0n-os-1   | 2025-06-20T19:15:34.583997708Z [2025-06-20T19:15:34,583][INFO ][o.o.s.i.DetectorIndexManagementService] [86f36835c10d] No Old Alert Indices to delete
search_by_ingredients_v1t3ls0n-web-1  | 2025-06-20T19:15:36.480719776Z INFO:__main__:Found existing data: 225602 recipes and 246351 ingredients
search_by_ingredients_v1t3ls0n-web-1  | 2025-06-20T19:15:36.480749281Z INFO:__main__:Data already exists in OpenSearch, skipping indexing
search_by_ingredients_v1t3ls0n-web-1  | 2025-06-20T19:15:36.526965919Z ✅ Indexing completed
search_by_ingredients_v1t3ls0n-web-1  | 2025-06-20T19:15:36.527328084Z 🚀 Launching Flask app...
search_by_ingredients_v1t3ls0n-web-1  | 2025-06-20T19:15:36.725913831Z Traceback (most recent call last):
search_by_ingredients_v1t3ls0n-web-1  | 2025-06-20T19:15:36.725948562Z   File "/app/web/app.py", line 4, in <module>
search_by_ingredients_v1t3ls0n-web-1  | 2025-06-20T19:15:36.726919441Z     from diet_classifiers import is_keto, is_vegan
search_by_ingredients_v1t3ls0n-web-1  | 2025-06-20T19:15:36.726938232Z   File "/app/web/diet_classifiers.py", line 96
search_by_ingredients_v1t3ls0n-web-1  | 2025-06-20T19:15:36.726940414Z     from __future__ import annotations
search_by_ingredients_v1t3ls0n-web-1  | 2025-06-20T19:15:36.726941569Z     ^^^^^^^^^^^^^^^^^^^^^^^^^^^^^^^^^^
search_by_ingredients_v1t3ls0n-web-1  | 2025-06-20T19:15:36.726942608Z SyntaxError: from __future__ imports must occur at the beginning of the file
search_by_ingredients_v1t3ls0n-web-1 exited with code 1
search_by_ingredients_v1t3ls0n-os-1   | 2025-06-20T19:15:43.152436330Z [2025-06-20T19:15:43,151][INFO ][o.o.m.a.MLModelAutoReDeployer] [86f36835c10d] Index not found, not performing auto reloading!
search_by_ingredients_v1t3ls0n-os-1   | 2025-06-20T19:15:43.152493470Z [2025-06-20T19:15:43,152][INFO ][o.o.m.c.MLCommonsClusterManagerEventListener] [86f36835c10d] Starting ML sync up job...
search_by_ingredients_v1t3ls0n-os-1   | 2025-06-20T19:15:53.160414798Z [2025-06-20T19:15:53,160][INFO ][o.o.m.c.MLSyncUpCron     ] [86f36835c10d] Skipping sync up job - ML model index not found
search_by_ingredients_v1t3ls0n-os-1   | 2025-06-20T19:15:53.161524730Z [2025-06-20T19:15:53,161][INFO ][o.o.m.c.MLSyncUpCron     ] [86f36835c10d] ML configuration already initialized, no action needed
search_by_ingredients_v1t3ls0n-os-1   | 2025-06-20T19:16:00.016448272Z [2025-06-20T19:16:00,016][INFO ][o.o.n.Node               ] [86f36835c10d] stopping ...
search_by_ingredients_v1t3ls0n-os-1   | 2025-06-20T19:16:00.042890563Z [2025-06-20T19:16:00,042][INFO ][o.o.n.Node               ] [86f36835c10d] stopped
search_by_ingredients_v1t3ls0n-os-1   | 2025-06-20T19:16:00.042935206Z [2025-06-20T19:16:00,042][INFO ][o.o.n.Node               ] [86f36835c10d] closing ...
search_by_ingredients_v1t3ls0n-os-1   | 2025-06-20T19:16:00.046524629Z [2025-06-20T19:16:00,046][INFO ][o.o.n.Node               ] [86f36835c10d] closed
search_by_ingredients_v1t3ls0n-os-1 exited with code 143
