============================================
Pipeline Run Started: יום ו 20 יונ 2025 22:15:59
============================================
[2025-06-20 22:15:59] 🛠️  Shutting down existing containers...
Container search_by_ingredients_v1t3ls0n-web-1  Stopping
Container search_by_ingredients_v1t3ls0n-web-1  Stopping
Container search_by_ingredients_v1t3ls0n-web-1  Stopped
Container search_by_ingredients_v1t3ls0n-web-1  Removing
Container search_by_ingredients_v1t3ls0n-web-1  Removed
Container search_by_ingredients_v1t3ls0n-os-1  Stopping
Container search_by_ingredients_v1t3ls0n-os-1  Stopping
Container search_by_ingredients_v1t3ls0n-os-1  Stopped
Container search_by_ingredients_v1t3ls0n-os-1  Removing
Container search_by_ingredients_v1t3ls0n-os-1  Removed
Network search_by_ingredients_v1t3ls0n_argmax  Removing
Network search_by_ingredients_v1t3ls0n_argmax  Removed
[2025-06-20 22:16:00] 🛠️  Building Docker images...
#1 [internal] load build definition from Dockerfile
#1 transferring dockerfile: 32B done
#1 DONE 0.0s

#2 [internal] load .dockerignore
#2 transferring context: 2B done
#2 DONE 0.0s

#3 [internal] load metadata for docker.io/library/python:3.11-slim
#3 DONE 1.2s

#4 [ 1/12] FROM docker.io/library/python:3.11-slim@sha256:9e1912aab0a30bbd9488eb79063f68f42a68ab0946cbe98fecf197fe5b085506
#4 resolve docker.io/library/python:3.11-slim@sha256:9e1912aab0a30bbd9488eb79063f68f42a68ab0946cbe98fecf197fe5b085506 done
#4 DONE 0.0s

#5 [internal] load build context
#5 transferring context: 818B done
#5 DONE 0.0s

#6 [ 2/12] WORKDIR /app
#6 CACHED

#7 [10/12] RUN mkdir -p /app/pretrained_models
#7 CACHED

#8 [11/12] COPY --chmod=755 . /app/
#8 CACHED

#9 [ 5/12] RUN curl -L https://argmax.nyc3.digitaloceanspaces.com/recipes/allrecipes.parquet     -o /app/data/allrecipes.parquet
#9 CACHED

#10 [ 8/12] COPY requirements.txt .
#10 CACHED

#11 [ 9/12] RUN pip install --no-cache-dir -r requirements.txt
#11 CACHED

#12 [ 3/12] RUN apt-get update &&     apt-get install -y --no-install-recommends         build-essential         curl         unzip         dos2unix &&     rm -rf /var/lib/apt/lists/*
#12 CACHED

#13 [ 7/12] RUN curl -L     https://fdc.nal.usda.gov/fdc-datasets/FoodData_Central_foundation_food_csv_2025-04-24.zip     -o /tmp/fdc.zip &&     unzip -q /tmp/fdc.zip -d /tmp &&     cp /tmp/FoodData_Central_foundation_food_csv_2025-04-24/food.csv        /tmp/FoodData_Central_foundation_food_csv_2025-04-24/food_nutrient.csv        /tmp/FoodData_Central_foundation_food_csv_2025-04-24/nutrient.csv        /app/data/usda/ &&     rm -rf /tmp/fdc.zip /tmp/FoodData_Central_foundation_food_csv_2025-04-24
#13 CACHED

#14 [ 6/12] RUN curl -L https://argmax.nyc3.digitaloceanspaces.com/recipes/ground_truth_sample.csv     -o /app/data/ground_truth_sample.csv
#14 CACHED

#15 [ 4/12] RUN mkdir -p /app/data/usda
#15 CACHED

#16 [12/12] RUN if [ -f "/app/pretrained_models/models.zip" ]; then         echo "🔓 Extracting pretrained models..." &&         unzip -o /app/pretrained_models/models.zip -d /app/pretrained_models &&         rm /app/pretrained_models/models.zip;     else         echo "✅ No pretrained models found, skipping extraction.";     fi
#16 CACHED

#17 exporting to image
#17 exporting layers done
#17 writing image sha256:617564112ca69b94cdfbf9aede081d9c4ab61d4ac506ee28ebfddedb92e6e555 done
#17 naming to docker.io/library/search_by_ingredients_v1t3ls0n-web done
#17 DONE 0.0s
[2025-06-20 22:16:02] 🚀 Starting services...
Network search_by_ingredients_v1t3ls0n_argmax  Creating
Network search_by_ingredients_v1t3ls0n_argmax  Created
Container search_by_ingredients_v1t3ls0n-os-1  Creating
Container search_by_ingredients_v1t3ls0n-os-1  Created
Container search_by_ingredients_v1t3ls0n-web-1  Creating
Container search_by_ingredients_v1t3ls0n-web-1  Created
Container search_by_ingredients_v1t3ls0n-os-1  Starting
Container search_by_ingredients_v1t3ls0n-os-1  Started
Container search_by_ingredients_v1t3ls0n-os-1  Waiting
Container search_by_ingredients_v1t3ls0n-os-1  Healthy
Container search_by_ingredients_v1t3ls0n-web-1  Starting
Container search_by_ingredients_v1t3ls0n-web-1  Started
[2025-06-20 22:16:13] 📋 Starting container log collection...
[2025-06-20 22:16:13] ⏳ Waiting for services to initialize...
search_by_ingredients_v1t3ls0n-web-1  | 2025-06-20T19:16:13.839719773Z dos2unix: converting file web/init.sh to Unix format...
search_by_ingredients_v1t3ls0n-os-1   | 2025-06-20T19:16:02.981605754Z Disabling OpenSearch Security Plugin
search_by_ingredients_v1t3ls0n-os-1   | 2025-06-20T19:16:02.981621253Z Enabling execution of OPENSEARCH_HOME/bin/opensearch-performance-analyzer/performance-analyzer-agent-cli for OpenSearch Performance Analyzer Plugin
search_by_ingredients_v1t3ls0n-web-1  | 2025-06-20T19:16:13.846795952Z 📊 Running initial indexing...
search_by_ingredients_v1t3ls0n-os-1   | 2025-06-20T19:16:04.010286560Z WARNING: Using incubator modules: jdk.incubator.vector
search_by_ingredients_v1t3ls0n-os-1   | 2025-06-20T19:16:04.012127063Z WARNING: Unknown module: org.apache.arrow.memory.core specified to --add-opens
search_by_ingredients_v1t3ls0n-os-1   | 2025-06-20T19:16:05.018929339Z [2025-06-20T19:16:05,017][WARN ][stderr                   ] [1a9f930a6c63] Jun 20, 2025 7:16:05 PM org.opensearch.javaagent.bootstrap.AgentPolicy setPolicy
search_by_ingredients_v1t3ls0n-os-1   | 2025-06-20T19:16:05.018955834Z [2025-06-20T19:16:05,018][WARN ][stderr                   ] [1a9f930a6c63] INFO: Policy attached successfully: org.opensearch.bootstrap.OpenSearchPolicy@e9dc4d0
search_by_ingredients_v1t3ls0n-os-1   | 2025-06-20T19:16:05.025341372Z [2025-06-20T19:16:05,025][INFO ][o.o.n.Node               ] [1a9f930a6c63] version[3.0.0], pid[1], build[tar/dc4efa821904cc2d7ea7ef61c0f577d3fc0d8be9/2025-05-03T06:25:26.379676844Z], OS[Linux/5.15.167.4-microsoft-standard-WSL2/amd64], JVM[Eclipse Adoptium/OpenJDK 64-Bit Server VM/21.0.7/21.0.7+6-LTS]
search_by_ingredients_v1t3ls0n-os-1   | 2025-06-20T19:16:05.025398071Z [2025-06-20T19:16:05,025][INFO ][o.o.n.Node               ] [1a9f930a6c63] JVM home [/usr/share/opensearch/jdk], using bundled JDK/JRE [true]
search_by_ingredients_v1t3ls0n-os-1   | 2025-06-20T19:16:05.025563624Z [2025-06-20T19:16:05,025][INFO ][o.o.n.Node               ] [1a9f930a6c63] JVM arguments [-Xshare:auto, -Dopensearch.networkaddress.cache.ttl=60, -Dopensearch.networkaddress.cache.negative.ttl=10, -XX:+AlwaysPreTouch, -Xss1m, -Djava.awt.headless=true, -Dfile.encoding=UTF-8, -Djna.nosys=true, -XX:-OmitStackTraceInFastThrow, -XX:+ShowCodeDetailsInExceptionMessages, -Dio.netty.noUnsafe=true, -Dio.netty.noKeySetOptimization=true, -Dio.netty.recycler.maxCapacityPerThread=0, -Dio.netty.allocator.numDirectArenas=0, -Dlog4j.shutdownHookEnabled=false, -Dlog4j2.disable.jmx=true, -Djava.locale.providers=SPI,CLDR, -Xms1g, -Xmx1g, -XX:+UseG1GC, -XX:G1ReservePercent=25, -XX:InitiatingHeapOccupancyPercent=30, -Djava.io.tmpdir=/tmp/opensearch-12520692400251659831, -XX:+HeapDumpOnOutOfMemoryError, -XX:HeapDumpPath=data, -XX:ErrorFile=logs/hs_err_pid%p.log, -Xlog:gc*,gc+age=trace,safepoint:file=logs/gc.log:utctime,pid,tags:filecount=32,filesize=64m, --add-modules=jdk.incubator.vector, -javaagent:agent/opensearch-agent.jar, --add-opens=java.base/java.nio=org.apache.arrow.memory.core,ALL-UNNAMED, -Dclk.tck=100, -Djdk.attach.allowAttachSelf=true, -Djava.security.policy=/usr/share/opensearch/config/opensearch-performance-analyzer/opensearch_security.policy, --add-opens=jdk.attach/sun.tools.attach=ALL-UNNAMED, -Dopensearch.cgroups.hierarchy.override=/, -Xms512m, -Xmx512m, -XX:MaxDirectMemorySize=268435456, -Dopensearch.path.home=/usr/share/opensearch, -Dopensearch.path.conf=/usr/share/opensearch/config, -Dopensearch.distribution.type=tar, -Dopensearch.bundled_jdk=true]
search_by_ingredients_v1t3ls0n-os-1   | 2025-06-20T19:16:05.114436605Z [2025-06-20T19:16:05,114][WARN ][stderr                   ] [1a9f930a6c63] Jun 20, 2025 7:16:05 PM org.apache.lucene.internal.vectorization.PanamaVectorizationProvider <init>
search_by_ingredients_v1t3ls0n-os-1   | 2025-06-20T19:16:05.114456548Z [2025-06-20T19:16:05,114][WARN ][stderr                   ] [1a9f930a6c63] INFO: Java vector incubator API enabled; uses preferredBitSize=256; FMA enabled
search_by_ingredients_v1t3ls0n-os-1   | 2025-06-20T19:16:05.578822463Z [2025-06-20T19:16:05,578][INFO ][o.o.s.s.t.SSLConfig      ] [1a9f930a6c63] SSL dual mode is disabled
search_by_ingredients_v1t3ls0n-os-1   | 2025-06-20T19:16:05.579121145Z [2025-06-20T19:16:05,578][WARN ][o.o.s.OpenSearchSecurityPlugin] [1a9f930a6c63] OpenSearch Security plugin installed but disabled. This can expose your configuration (including passwords) to the public.
search_by_ingredients_v1t3ls0n-os-1   | 2025-06-20T19:16:06.030437803Z [2025-06-20T19:16:06,030][ERROR][o.o.p.c.c.PluginSettings ] [1a9f930a6c63] Loading config file /usr/share/opensearch/config/opensearch-performance-analyzer/performance-analyzer.properties failed with error: org.opensearch.performanceanalyzer.commons.config.ConfigFileException: java.io.FileNotFoundException: /usr/share/opensearch/config/opensearch-performance-analyzer/performance-analyzer.properties (No such file or directory). Disabling plugin.
search_by_ingredients_v1t3ls0n-os-1   | 2025-06-20T19:16:06.030607856Z [2025-06-20T19:16:06,030][INFO ][o.o.p.c.c.PluginSettings ] [1a9f930a6c63] Config: metricsLocation: /dev/shm/performanceanalyzer/, metricsDeletionInterval: 1, httpsEnabled: false, cleanup-metrics-db-files: false, batch-metrics-retention-period-minutes: 7, rpc-port: 9650, webservice-port 9600
search_by_ingredients_v1t3ls0n-os-1   | 2025-06-20T19:16:06.142930244Z [2025-06-20T19:16:06,140][ERROR][o.o.p.c.c.StatsCollector ] [1a9f930a6c63] Error in loading metadata for folderLocation: /usr/share/opensearch/config/opensearch-performance-analyzer/, fileLocation: plugin-stats-metadata
search_by_ingredients_v1t3ls0n-os-1   | 2025-06-20T19:16:06.142950735Z java.io.FileNotFoundException: /usr/share/opensearch/config/opensearch-performance-analyzer/plugin-stats-metadata (No such file or directory)
search_by_ingredients_v1t3ls0n-os-1   | 2025-06-20T19:16:06.142952067Z 	at java.base/java.io.FileInputStream.open0(Native Method) ~[?:?]
search_by_ingredients_v1t3ls0n-os-1   | 2025-06-20T19:16:06.142953330Z 	at java.base/java.io.FileInputStream.open(FileInputStream.java:213) ~[?:?]
search_by_ingredients_v1t3ls0n-os-1   | 2025-06-20T19:16:06.142954311Z 	at java.base/java.io.FileInputStream.<init>(FileInputStream.java:152) ~[?:?]
search_by_ingredients_v1t3ls0n-os-1   | 2025-06-20T19:16:06.142955350Z 	at java.base/java.io.FileInputStream.<init>(FileInputStream.java:106) ~[?:?]
search_by_ingredients_v1t3ls0n-os-1   | 2025-06-20T19:16:06.142956312Z 	at org.opensearch.performanceanalyzer.commons.collectors.StatsCollector.loadMetadata(StatsCollector.java:158) ~[performance-analyzer-commons-2.0.0.jar:?]
search_by_ingredients_v1t3ls0n-os-1   | 2025-06-20T19:16:06.142957284Z 	at org.opensearch.performanceanalyzer.commons.collectors.StatsCollector.instance(StatsCollector.java:73) ~[performance-analyzer-commons-2.0.0.jar:?]
search_by_ingredients_v1t3ls0n-os-1   | 2025-06-20T19:16:06.142958273Z 	at org.opensearch.performanceanalyzer.PerformanceAnalyzerPlugin.scheduleRcaCollectors(PerformanceAnalyzerPlugin.java:264) ~[opensearch-performance-analyzer-3.0.0.0.jar:3.0.0.0]
search_by_ingredients_v1t3ls0n-os-1   | 2025-06-20T19:16:06.142959230Z 	at org.opensearch.performanceanalyzer.PerformanceAnalyzerPlugin.<init>(PerformanceAnalyzerPlugin.java:213) ~[opensearch-performance-analyzer-3.0.0.0.jar:3.0.0.0]
search_by_ingredients_v1t3ls0n-os-1   | 2025-06-20T19:16:06.142960246Z 	at java.base/jdk.internal.reflect.DirectConstructorHandleAccessor.newInstance(DirectConstructorHandleAccessor.java:62) [?:?]
search_by_ingredients_v1t3ls0n-os-1   | 2025-06-20T19:16:06.142961158Z 	at java.base/java.lang.reflect.Constructor.newInstanceWithCaller(Constructor.java:502) [?:?]
search_by_ingredients_v1t3ls0n-os-1   | 2025-06-20T19:16:06.142962043Z 	at java.base/java.lang.reflect.Constructor.newInstance(Constructor.java:486) [?:?]
search_by_ingredients_v1t3ls0n-os-1   | 2025-06-20T19:16:06.142962931Z 	at org.opensearch.plugins.PluginsService.loadPlugin(PluginsService.java:840) [opensearch-3.0.0.jar:3.0.0]
search_by_ingredients_v1t3ls0n-os-1   | 2025-06-20T19:16:06.142963820Z 	at org.opensearch.plugins.PluginsService.loadBundle(PluginsService.java:788) [opensearch-3.0.0.jar:3.0.0]
search_by_ingredients_v1t3ls0n-os-1   | 2025-06-20T19:16:06.142964730Z 	at org.opensearch.plugins.PluginsService.loadBundles(PluginsService.java:582) [opensearch-3.0.0.jar:3.0.0]
search_by_ingredients_v1t3ls0n-os-1   | 2025-06-20T19:16:06.142972512Z 	at org.opensearch.plugins.PluginsService.<init>(PluginsService.java:197) [opensearch-3.0.0.jar:3.0.0]
search_by_ingredients_v1t3ls0n-os-1   | 2025-06-20T19:16:06.142973843Z 	at org.opensearch.node.Node.<init>(Node.java:533) [opensearch-3.0.0.jar:3.0.0]
search_by_ingredients_v1t3ls0n-os-1   | 2025-06-20T19:16:06.142974822Z 	at org.opensearch.node.Node.<init>(Node.java:460) [opensearch-3.0.0.jar:3.0.0]
search_by_ingredients_v1t3ls0n-os-1   | 2025-06-20T19:16:06.142975770Z 	at org.opensearch.bootstrap.Bootstrap$5.<init>(Bootstrap.java:243) [opensearch-3.0.0.jar:3.0.0]
search_by_ingredients_v1t3ls0n-os-1   | 2025-06-20T19:16:06.142976721Z 	at org.opensearch.bootstrap.Bootstrap.setup(Bootstrap.java:243) [opensearch-3.0.0.jar:3.0.0]
search_by_ingredients_v1t3ls0n-os-1   | 2025-06-20T19:16:06.142977613Z 	at org.opensearch.bootstrap.Bootstrap.init(Bootstrap.java:405) [opensearch-3.0.0.jar:3.0.0]
search_by_ingredients_v1t3ls0n-os-1   | 2025-06-20T19:16:06.142978508Z 	at org.opensearch.bootstrap.OpenSearch.init(OpenSearch.java:168) [opensearch-3.0.0.jar:3.0.0]
search_by_ingredients_v1t3ls0n-os-1   | 2025-06-20T19:16:06.142979426Z 	at org.opensearch.bootstrap.OpenSearch.execute(OpenSearch.java:159) [opensearch-3.0.0.jar:3.0.0]
search_by_ingredients_v1t3ls0n-os-1   | 2025-06-20T19:16:06.142980322Z 	at org.opensearch.common.cli.EnvironmentAwareCommand.execute(EnvironmentAwareCommand.java:110) [opensearch-3.0.0.jar:3.0.0]
search_by_ingredients_v1t3ls0n-os-1   | 2025-06-20T19:16:06.142981245Z 	at org.opensearch.cli.Command.mainWithoutErrorHandling(Command.java:138) [opensearch-cli-3.0.0.jar:3.0.0]
search_by_ingredients_v1t3ls0n-os-1   | 2025-06-20T19:16:06.142982140Z 	at org.opensearch.cli.Command.main(Command.java:101) [opensearch-cli-3.0.0.jar:3.0.0]
search_by_ingredients_v1t3ls0n-os-1   | 2025-06-20T19:16:06.142983102Z 	at org.opensearch.bootstrap.OpenSearch.main(OpenSearch.java:125) [opensearch-3.0.0.jar:3.0.0]
search_by_ingredients_v1t3ls0n-os-1   | 2025-06-20T19:16:06.142983987Z 	at org.opensearch.bootstrap.OpenSearch.main(OpenSearch.java:91) [opensearch-3.0.0.jar:3.0.0]
search_by_ingredients_v1t3ls0n-os-1   | 2025-06-20T19:16:06.144249153Z [2025-06-20T19:16:06,144][INFO ][o.o.p.c.SearchBackPressureStatsCollector] [1a9f930a6c63] SearchBackPressureStatsCollector started
search_by_ingredients_v1t3ls0n-os-1   | 2025-06-20T19:16:06.352398726Z [2025-06-20T19:16:06,352][INFO ][o.o.i.r.ReindexModulePlugin] [1a9f930a6c63] ReindexPlugin reloadSPI called
search_by_ingredients_v1t3ls0n-os-1   | 2025-06-20T19:16:06.352837996Z [2025-06-20T19:16:06,352][INFO ][o.o.i.r.ReindexModulePlugin] [1a9f930a6c63] Unable to find any implementation for RemoteReindexExtension
search_by_ingredients_v1t3ls0n-os-1   | 2025-06-20T19:16:06.372597208Z [2025-06-20T19:16:06,371][INFO ][o.o.j.JobSchedulerPlugin ] [1a9f930a6c63] Loaded scheduler extension: opensearch_time_series_analytics, index: .opendistro-anomaly-detector-jobs
search_by_ingredients_v1t3ls0n-os-1   | 2025-06-20T19:16:06.387809537Z [2025-06-20T19:16:06,387][INFO ][o.o.j.JobSchedulerPlugin ] [1a9f930a6c63] Loaded scheduler extension: reports-scheduler, index: .opendistro-reports-definitions
search_by_ingredients_v1t3ls0n-os-1   | 2025-06-20T19:16:06.388402742Z [2025-06-20T19:16:06,388][INFO ][o.o.j.JobSchedulerPlugin ] [1a9f930a6c63] Loaded scheduler extension: opendistro-index-management, index: .opendistro-ism-config
search_by_ingredients_v1t3ls0n-os-1   | 2025-06-20T19:16:06.389749361Z [2025-06-20T19:16:06,389][INFO ][o.o.j.JobSchedulerPlugin ] [1a9f930a6c63] Loaded scheduler extension: checkBatchJobTaskStatus, index: .ml_commons_task_polling_job
search_by_ingredients_v1t3ls0n-os-1   | 2025-06-20T19:16:06.390300513Z [2025-06-20T19:16:06,390][INFO ][o.o.j.JobSchedulerPlugin ] [1a9f930a6c63] Loaded scheduler extension: scheduler_geospatial_ip2geo_datasource, index: .scheduler-geospatial-ip2geo-datasource
search_by_ingredients_v1t3ls0n-os-1   | 2025-06-20T19:16:06.390720142Z [2025-06-20T19:16:06,390][INFO ][o.o.j.JobSchedulerPlugin ] [1a9f930a6c63] Loaded scheduler extension: opensearch_sap_job, index: .opensearch-sap--job
search_by_ingredients_v1t3ls0n-os-1   | 2025-06-20T19:16:06.391415719Z [2025-06-20T19:16:06,391][INFO ][o.o.j.JobSchedulerPlugin ] [1a9f930a6c63] Loaded scheduler extension: async-query-scheduler, index: .async-query-scheduler
search_by_ingredients_v1t3ls0n-os-1   | 2025-06-20T19:16:06.405045358Z [2025-06-20T19:16:06,404][INFO ][o.o.p.PluginsService     ] [1a9f930a6c63] loaded module [aggs-matrix-stats]
search_by_ingredients_v1t3ls0n-os-1   | 2025-06-20T19:16:06.405063131Z [2025-06-20T19:16:06,404][INFO ][o.o.p.PluginsService     ] [1a9f930a6c63] loaded module [analysis-common]
search_by_ingredients_v1t3ls0n-os-1   | 2025-06-20T19:16:06.405064348Z [2025-06-20T19:16:06,404][INFO ][o.o.p.PluginsService     ] [1a9f930a6c63] loaded module [cache-common]
search_by_ingredients_v1t3ls0n-os-1   | 2025-06-20T19:16:06.405065314Z [2025-06-20T19:16:06,404][INFO ][o.o.p.PluginsService     ] [1a9f930a6c63] loaded module [geo]
search_by_ingredients_v1t3ls0n-os-1   | 2025-06-20T19:16:06.405098168Z [2025-06-20T19:16:06,405][INFO ][o.o.p.PluginsService     ] [1a9f930a6c63] loaded module [ingest-common]
search_by_ingredients_v1t3ls0n-os-1   | 2025-06-20T19:16:06.405107992Z [2025-06-20T19:16:06,405][INFO ][o.o.p.PluginsService     ] [1a9f930a6c63] loaded module [ingest-geoip]
search_by_ingredients_v1t3ls0n-os-1   | 2025-06-20T19:16:06.405169692Z [2025-06-20T19:16:06,405][INFO ][o.o.p.PluginsService     ] [1a9f930a6c63] loaded module [ingest-user-agent]
search_by_ingredients_v1t3ls0n-os-1   | 2025-06-20T19:16:06.405208103Z [2025-06-20T19:16:06,405][INFO ][o.o.p.PluginsService     ] [1a9f930a6c63] loaded module [lang-expression]
search_by_ingredients_v1t3ls0n-os-1   | 2025-06-20T19:16:06.405238669Z [2025-06-20T19:16:06,405][INFO ][o.o.p.PluginsService     ] [1a9f930a6c63] loaded module [lang-mustache]
search_by_ingredients_v1t3ls0n-os-1   | 2025-06-20T19:16:06.405297179Z [2025-06-20T19:16:06,405][INFO ][o.o.p.PluginsService     ] [1a9f930a6c63] loaded module [lang-painless]
search_by_ingredients_v1t3ls0n-os-1   | 2025-06-20T19:16:06.405389911Z [2025-06-20T19:16:06,405][INFO ][o.o.p.PluginsService     ] [1a9f930a6c63] loaded module [mapper-extras]
search_by_ingredients_v1t3ls0n-os-1   | 2025-06-20T19:16:06.405396960Z [2025-06-20T19:16:06,405][INFO ][o.o.p.PluginsService     ] [1a9f930a6c63] loaded module [opensearch-dashboards]
search_by_ingredients_v1t3ls0n-os-1   | 2025-06-20T19:16:06.405398292Z [2025-06-20T19:16:06,405][INFO ][o.o.p.PluginsService     ] [1a9f930a6c63] loaded module [parent-join]
search_by_ingredients_v1t3ls0n-os-1   | 2025-06-20T19:16:06.405399350Z [2025-06-20T19:16:06,405][INFO ][o.o.p.PluginsService     ] [1a9f930a6c63] loaded module [percolator]
search_by_ingredients_v1t3ls0n-os-1   | 2025-06-20T19:16:06.405523977Z [2025-06-20T19:16:06,405][INFO ][o.o.p.PluginsService     ] [1a9f930a6c63] loaded module [rank-eval]
search_by_ingredients_v1t3ls0n-os-1   | 2025-06-20T19:16:06.405530919Z [2025-06-20T19:16:06,405][INFO ][o.o.p.PluginsService     ] [1a9f930a6c63] loaded module [reindex]
search_by_ingredients_v1t3ls0n-os-1   | 2025-06-20T19:16:06.405733605Z [2025-06-20T19:16:06,405][INFO ][o.o.p.PluginsService     ] [1a9f930a6c63] loaded module [repository-url]
search_by_ingredients_v1t3ls0n-os-1   | 2025-06-20T19:16:06.405740243Z [2025-06-20T19:16:06,405][INFO ][o.o.p.PluginsService     ] [1a9f930a6c63] loaded module [search-pipeline-common]
search_by_ingredients_v1t3ls0n-os-1   | 2025-06-20T19:16:06.405901973Z [2025-06-20T19:16:06,405][INFO ][o.o.p.PluginsService     ] [1a9f930a6c63] loaded module [systemd]
search_by_ingredients_v1t3ls0n-os-1   | 2025-06-20T19:16:06.405967425Z [2025-06-20T19:16:06,405][INFO ][o.o.p.PluginsService     ] [1a9f930a6c63] loaded module [transport-netty4]
search_by_ingredients_v1t3ls0n-os-1   | 2025-06-20T19:16:06.406194232Z [2025-06-20T19:16:06,406][INFO ][o.o.p.PluginsService     ] [1a9f930a6c63] loaded plugin [opensearch-alerting]
search_by_ingredients_v1t3ls0n-os-1   | 2025-06-20T19:16:06.406252056Z [2025-06-20T19:16:06,406][INFO ][o.o.p.PluginsService     ] [1a9f930a6c63] loaded plugin [opensearch-anomaly-detection]
search_by_ingredients_v1t3ls0n-os-1   | 2025-06-20T19:16:06.406295197Z [2025-06-20T19:16:06,406][INFO ][o.o.p.PluginsService     ] [1a9f930a6c63] loaded plugin [opensearch-asynchronous-search]
search_by_ingredients_v1t3ls0n-os-1   | 2025-06-20T19:16:06.406329324Z [2025-06-20T19:16:06,406][INFO ][o.o.p.PluginsService     ] [1a9f930a6c63] loaded plugin [opensearch-cross-cluster-replication]
search_by_ingredients_v1t3ls0n-os-1   | 2025-06-20T19:16:06.406377910Z [2025-06-20T19:16:06,406][INFO ][o.o.p.PluginsService     ] [1a9f930a6c63] loaded plugin [opensearch-custom-codecs]
search_by_ingredients_v1t3ls0n-os-1   | 2025-06-20T19:16:06.406406358Z [2025-06-20T19:16:06,406][INFO ][o.o.p.PluginsService     ] [1a9f930a6c63] loaded plugin [opensearch-flow-framework]
search_by_ingredients_v1t3ls0n-os-1   | 2025-06-20T19:16:06.406448409Z [2025-06-20T19:16:06,406][INFO ][o.o.p.PluginsService     ] [1a9f930a6c63] loaded plugin [opensearch-geospatial]
search_by_ingredients_v1t3ls0n-os-1   | 2025-06-20T19:16:06.406501008Z [2025-06-20T19:16:06,406][INFO ][o.o.p.PluginsService     ] [1a9f930a6c63] loaded plugin [opensearch-index-management]
search_by_ingredients_v1t3ls0n-os-1   | 2025-06-20T19:16:06.406643128Z [2025-06-20T19:16:06,406][INFO ][o.o.p.PluginsService     ] [1a9f930a6c63] loaded plugin [opensearch-job-scheduler]
search_by_ingredients_v1t3ls0n-os-1   | 2025-06-20T19:16:06.406687801Z [2025-06-20T19:16:06,406][INFO ][o.o.p.PluginsService     ] [1a9f930a6c63] loaded plugin [opensearch-knn]
search_by_ingredients_v1t3ls0n-os-1   | 2025-06-20T19:16:06.406730547Z [2025-06-20T19:16:06,406][INFO ][o.o.p.PluginsService     ] [1a9f930a6c63] loaded plugin [opensearch-ltr]
search_by_ingredients_v1t3ls0n-os-1   | 2025-06-20T19:16:06.406807967Z [2025-06-20T19:16:06,406][INFO ][o.o.p.PluginsService     ] [1a9f930a6c63] loaded plugin [opensearch-ml]
search_by_ingredients_v1t3ls0n-os-1   | 2025-06-20T19:16:06.406843008Z [2025-06-20T19:16:06,406][INFO ][o.o.p.PluginsService     ] [1a9f930a6c63] loaded plugin [opensearch-neural-search]
search_by_ingredients_v1t3ls0n-os-1   | 2025-06-20T19:16:06.406900523Z [2025-06-20T19:16:06,406][INFO ][o.o.p.PluginsService     ] [1a9f930a6c63] loaded plugin [opensearch-notifications]
search_by_ingredients_v1t3ls0n-os-1   | 2025-06-20T19:16:06.406933235Z [2025-06-20T19:16:06,406][INFO ][o.o.p.PluginsService     ] [1a9f930a6c63] loaded plugin [opensearch-notifications-core]
search_by_ingredients_v1t3ls0n-os-1   | 2025-06-20T19:16:06.406960282Z [2025-06-20T19:16:06,406][INFO ][o.o.p.PluginsService     ] [1a9f930a6c63] loaded plugin [opensearch-observability]
search_by_ingredients_v1t3ls0n-os-1   | 2025-06-20T19:16:06.407017024Z [2025-06-20T19:16:06,406][INFO ][o.o.p.PluginsService     ] [1a9f930a6c63] loaded plugin [opensearch-performance-analyzer]
search_by_ingredients_v1t3ls0n-os-1   | 2025-06-20T19:16:06.407051133Z [2025-06-20T19:16:06,406][INFO ][o.o.p.PluginsService     ] [1a9f930a6c63] loaded plugin [opensearch-reports-scheduler]
search_by_ingredients_v1t3ls0n-os-1   | 2025-06-20T19:16:06.407088133Z [2025-06-20T19:16:06,407][INFO ][o.o.p.PluginsService     ] [1a9f930a6c63] loaded plugin [opensearch-security]
search_by_ingredients_v1t3ls0n-os-1   | 2025-06-20T19:16:06.407126441Z [2025-06-20T19:16:06,407][INFO ][o.o.p.PluginsService     ] [1a9f930a6c63] loaded plugin [opensearch-security-analytics]
search_by_ingredients_v1t3ls0n-os-1   | 2025-06-20T19:16:06.407267108Z [2025-06-20T19:16:06,407][INFO ][o.o.p.PluginsService     ] [1a9f930a6c63] loaded plugin [opensearch-skills]
search_by_ingredients_v1t3ls0n-os-1   | 2025-06-20T19:16:06.407341777Z [2025-06-20T19:16:06,407][INFO ][o.o.p.PluginsService     ] [1a9f930a6c63] loaded plugin [opensearch-sql]
search_by_ingredients_v1t3ls0n-os-1   | 2025-06-20T19:16:06.407547904Z [2025-06-20T19:16:06,407][INFO ][o.o.p.PluginsService     ] [1a9f930a6c63] loaded plugin [opensearch-system-templates]
search_by_ingredients_v1t3ls0n-os-1   | 2025-06-20T19:16:06.407559540Z [2025-06-20T19:16:06,407][INFO ][o.o.p.PluginsService     ] [1a9f930a6c63] loaded plugin [query-insights]
search_by_ingredients_v1t3ls0n-os-1   | 2025-06-20T19:16:06.430569184Z [2025-06-20T19:16:06,430][WARN ][stderr                   ] [1a9f930a6c63] WARNING: A restricted method in java.lang.foreign.Linker has been called
search_by_ingredients_v1t3ls0n-os-1   | 2025-06-20T19:16:06.430587438Z [2025-06-20T19:16:06,430][WARN ][stderr                   ] [1a9f930a6c63] WARNING: java.lang.foreign.Linker::downcallHandle has been called by the unnamed module
search_by_ingredients_v1t3ls0n-os-1   | 2025-06-20T19:16:06.430743871Z [2025-06-20T19:16:06,430][WARN ][stderr                   ] [1a9f930a6c63] WARNING: Use --enable-native-access=ALL-UNNAMED to avoid a warning for this module
search_by_ingredients_v1t3ls0n-os-1   | 2025-06-20T19:16:06.477437585Z [2025-06-20T19:16:06,477][INFO ][o.o.e.NodeEnvironment    ] [1a9f930a6c63] using [1] data paths, mounts [[/usr/share/opensearch/data (/dev/sdd)]], net usable_space [214.1gb], net total_space [250.9gb], types [ext4]
search_by_ingredients_v1t3ls0n-os-1   | 2025-06-20T19:16:06.477455872Z [2025-06-20T19:16:06,477][INFO ][o.o.e.NodeEnvironment    ] [1a9f930a6c63] heap size [512mb], compressed ordinary object pointers [true]
search_by_ingredients_v1t3ls0n-os-1   | 2025-06-20T19:16:06.539470570Z [2025-06-20T19:16:06,539][INFO ][o.o.n.Node               ] [1a9f930a6c63] node name [1a9f930a6c63], node ID [EyntKRspRLmKpIHnyi4NoA], cluster name [docker-cluster], roles [ingest, remote_cluster_client, data, cluster_manager]
search_by_ingredients_v1t3ls0n-os-1   | 2025-06-20T19:16:06.579496878Z [2025-06-20T19:16:06,579][INFO ][o.o.e.ExtensionsManager  ] [1a9f930a6c63] ExtensionsManager initialized
search_by_ingredients_v1t3ls0n-os-1   | 2025-06-20T19:16:08.294954904Z [2025-06-20T19:16:08,294][WARN ][stderr                   ] [1a9f930a6c63] SLF4J: Failed to load class "org.slf4j.impl.StaticLoggerBinder".
search_by_ingredients_v1t3ls0n-os-1   | 2025-06-20T19:16:08.294978006Z [2025-06-20T19:16:08,294][WARN ][stderr                   ] [1a9f930a6c63] SLF4J: Defaulting to no-operation (NOP) logger implementation
search_by_ingredients_v1t3ls0n-os-1   | 2025-06-20T19:16:08.294997483Z [2025-06-20T19:16:08,294][WARN ][stderr                   ] [1a9f930a6c63] SLF4J: See http://www.slf4j.org/codes.html#StaticLoggerBinder for further details.
search_by_ingredients_v1t3ls0n-os-1   | 2025-06-20T19:16:08.309868186Z [2025-06-20T19:16:08,309][INFO ][o.o.l.b.LTRCircuitBreakerService] [1a9f930a6c63] Registered memory breaker.
search_by_ingredients_v1t3ls0n-os-1   | 2025-06-20T19:16:08.425218399Z [2025-06-20T19:16:08,425][INFO ][o.o.t.b.CircuitBreakerService] [1a9f930a6c63] Registered memory breaker.
search_by_ingredients_v1t3ls0n-os-1   | 2025-06-20T19:16:08.603174572Z [2025-06-20T19:16:08,602][INFO ][o.o.r.m.c.i.SdkClientFactory] [1a9f930a6c63] Using local opensearch cluster as metadata store.
search_by_ingredients_v1t3ls0n-os-1   | 2025-06-20T19:16:08.852758666Z [2025-06-20T19:16:08,852][INFO ][o.o.r.m.c.i.SdkClientFactory] [1a9f930a6c63] Using local opensearch cluster as metadata store.
search_by_ingredients_v1t3ls0n-os-1   | 2025-06-20T19:16:08.865912114Z [2025-06-20T19:16:08,865][INFO ][o.o.m.b.MLCircuitBreakerService] [1a9f930a6c63] Registered ML memory breaker.
search_by_ingredients_v1t3ls0n-os-1   | 2025-06-20T19:16:08.866341608Z [2025-06-20T19:16:08,866][INFO ][o.o.m.b.MLCircuitBreakerService] [1a9f930a6c63] Registered ML disk breaker.
search_by_ingredients_v1t3ls0n-os-1   | 2025-06-20T19:16:08.866381863Z [2025-06-20T19:16:08,866][INFO ][o.o.m.b.MLCircuitBreakerService] [1a9f930a6c63] Registered ML native memory breaker.
search_by_ingredients_v1t3ls0n-os-1   | 2025-06-20T19:16:08.926734899Z [2025-06-20T19:16:08,926][INFO ][o.r.Reflections          ] [1a9f930a6c63] Reflections took 33 ms to scan 1 urls, producing 31 keys and 81 values 
search_by_ingredients_v1t3ls0n-os-1   | 2025-06-20T19:16:08.941317154Z [2025-06-20T19:16:08,941][INFO ][o.r.Reflections          ] [1a9f930a6c63] Reflections took 1 ms to scan 1 urls, producing 3 keys and 5 values 
search_by_ingredients_v1t3ls0n-os-1   | 2025-06-20T19:16:09.054989210Z [2025-06-20T19:16:09,054][WARN ][o.o.s.p.SQLPlugin        ] [1a9f930a6c63] Master key is a required config for using create and update datasource APIs. Please set plugins.query.datasources.encryption.masterkey config in opensearch.yml in all the cluster nodes. More details can be found here: https://github.com/opensearch-project/sql/blob/main/docs/user/ppl/admin/datasources.rst#master-key-config-for-encrypting-credential-information
search_by_ingredients_v1t3ls0n-os-1   | 2025-06-20T19:16:09.270354877Z [2025-06-20T19:16:09,270][INFO ][o.o.p.i.c.s.QueryInsightsService] [1a9f930a6c63] Setting query insights index template priority to [1847]
search_by_ingredients_v1t3ls0n-os-1   | 2025-06-20T19:16:09.737954217Z [2025-06-20T19:16:09,737][INFO ][o.o.t.NettyAllocator     ] [1a9f930a6c63] creating NettyAllocator with the following configs: [name=unpooled, suggested_max_allocation_size=256kb, factors={opensearch.unsafe.use_unpooled_allocator=null, g1gc_enabled=true, g1gc_region_size=1mb, heap_size=512mb}]
search_by_ingredients_v1t3ls0n-os-1   | 2025-06-20T19:16:09.823559807Z [2025-06-20T19:16:09,823][INFO ][o.o.d.DiscoveryModule    ] [1a9f930a6c63] using discovery type [single-node] and seed hosts providers [settings]
search_by_ingredients_v1t3ls0n-os-1   | 2025-06-20T19:16:10.181943207Z [2025-06-20T19:16:10,181][WARN ][o.o.g.DanglingIndicesState] [1a9f930a6c63] gateway.auto_import_dangling_indices is disabled, dangling indices will not be automatically detected or imported and must be managed manually
search_by_ingredients_v1t3ls0n-os-1   | 2025-06-20T19:16:10.602395298Z [2025-06-20T19:16:10,602][INFO ][o.o.p.h.c.PerformanceAnalyzerConfigAction] [1a9f930a6c63] PerformanceAnalyzer Enabled: false
search_by_ingredients_v1t3ls0n-os-1   | 2025-06-20T19:16:10.635982920Z [2025-06-20T19:16:10,635][INFO ][o.o.n.Node               ] [1a9f930a6c63] initialized
search_by_ingredients_v1t3ls0n-os-1   | 2025-06-20T19:16:10.636002421Z [2025-06-20T19:16:10,635][INFO ][o.o.n.Node               ] [1a9f930a6c63] starting ...
search_by_ingredients_v1t3ls0n-os-1   | 2025-06-20T19:16:10.664030335Z [2025-06-20T19:16:10,663][INFO ][o.o.s.l.BuiltinLogTypeLoader] [1a9f930a6c63] Loaded [windows_logtype.json] log type
search_by_ingredients_v1t3ls0n-os-1   | 2025-06-20T19:16:10.664177932Z [2025-06-20T19:16:10,664][INFO ][o.o.s.l.BuiltinLogTypeLoader] [1a9f930a6c63] Loaded [waf_logtype.json] log type
search_by_ingredients_v1t3ls0n-os-1   | 2025-06-20T19:16:10.664490777Z [2025-06-20T19:16:10,664][INFO ][o.o.s.l.BuiltinLogTypeLoader] [1a9f930a6c63] Loaded [vpcflow_logtype.json] log type
search_by_ingredients_v1t3ls0n-os-1   | 2025-06-20T19:16:10.664656917Z [2025-06-20T19:16:10,664][INFO ][o.o.s.l.BuiltinLogTypeLoader] [1a9f930a6c63] Loaded [test_windows_logtype.json] log type
search_by_ingredients_v1t3ls0n-os-1   | 2025-06-20T19:16:10.664899664Z [2025-06-20T19:16:10,664][INFO ][o.o.s.l.BuiltinLogTypeLoader] [1a9f930a6c63] Loaded [s3_logtype.json] log type
search_by_ingredients_v1t3ls0n-os-1   | 2025-06-20T19:16:10.665123103Z [2025-06-20T19:16:10,665][INFO ][o.o.s.l.BuiltinLogTypeLoader] [1a9f930a6c63] Loaded [others_web_logtype.json] log type
search_by_ingredients_v1t3ls0n-os-1   | 2025-06-20T19:16:10.665256533Z [2025-06-20T19:16:10,665][INFO ][o.o.s.l.BuiltinLogTypeLoader] [1a9f930a6c63] Loaded [others_proxy_logtype.json] log type
search_by_ingredients_v1t3ls0n-os-1   | 2025-06-20T19:16:10.665378360Z [2025-06-20T19:16:10,665][INFO ][o.o.s.l.BuiltinLogTypeLoader] [1a9f930a6c63] Loaded [others_macos_logtype.json] log type
search_by_ingredients_v1t3ls0n-os-1   | 2025-06-20T19:16:10.665483743Z [2025-06-20T19:16:10,665][INFO ][o.o.s.l.BuiltinLogTypeLoader] [1a9f930a6c63] Loaded [others_compliance_logtype.json] log type
search_by_ingredients_v1t3ls0n-os-1   | 2025-06-20T19:16:10.665886561Z [2025-06-20T19:16:10,665][INFO ][o.o.s.l.BuiltinLogTypeLoader] [1a9f930a6c63] Loaded [others_cloud_logtype.json] log type
search_by_ingredients_v1t3ls0n-os-1   | 2025-06-20T19:16:10.666066251Z [2025-06-20T19:16:10,665][INFO ][o.o.s.l.BuiltinLogTypeLoader] [1a9f930a6c63] Loaded [others_apt_logtype.json] log type
search_by_ingredients_v1t3ls0n-os-1   | 2025-06-20T19:16:10.666196562Z [2025-06-20T19:16:10,666][INFO ][o.o.s.l.BuiltinLogTypeLoader] [1a9f930a6c63] Loaded [others_application_logtype.json] log type
search_by_ingredients_v1t3ls0n-os-1   | 2025-06-20T19:16:10.666309602Z [2025-06-20T19:16:10,666][INFO ][o.o.s.l.BuiltinLogTypeLoader] [1a9f930a6c63] Loaded [okta_logtype.json] log type
search_by_ingredients_v1t3ls0n-os-1   | 2025-06-20T19:16:10.666435392Z [2025-06-20T19:16:10,666][INFO ][o.o.s.l.BuiltinLogTypeLoader] [1a9f930a6c63] Loaded [network_logtype.json] log type
search_by_ingredients_v1t3ls0n-os-1   | 2025-06-20T19:16:10.666557017Z [2025-06-20T19:16:10,666][INFO ][o.o.s.l.BuiltinLogTypeLoader] [1a9f930a6c63] Loaded [netflow_logtype.json] log type
search_by_ingredients_v1t3ls0n-os-1   | 2025-06-20T19:16:10.667026451Z [2025-06-20T19:16:10,666][INFO ][o.o.s.l.BuiltinLogTypeLoader] [1a9f930a6c63] Loaded [m365_logtype.json] log type
search_by_ingredients_v1t3ls0n-os-1   | 2025-06-20T19:16:10.667269530Z [2025-06-20T19:16:10,667][INFO ][o.o.s.l.BuiltinLogTypeLoader] [1a9f930a6c63] Loaded [linux_logtype.json] log type
search_by_ingredients_v1t3ls0n-os-1   | 2025-06-20T19:16:10.667428479Z [2025-06-20T19:16:10,667][INFO ][o.o.s.l.BuiltinLogTypeLoader] [1a9f930a6c63] Loaded [gworkspace_logtype.json] log type
search_by_ingredients_v1t3ls0n-os-1   | 2025-06-20T19:16:10.667743719Z [2025-06-20T19:16:10,667][INFO ][o.o.s.l.BuiltinLogTypeLoader] [1a9f930a6c63] Loaded [github_logtype.json] log type
search_by_ingredients_v1t3ls0n-os-1   | 2025-06-20T19:16:10.667936876Z [2025-06-20T19:16:10,667][INFO ][o.o.s.l.BuiltinLogTypeLoader] [1a9f930a6c63] Loaded [dns_logtype.json] log type
search_by_ingredients_v1t3ls0n-os-1   | 2025-06-20T19:16:10.668168328Z [2025-06-20T19:16:10,668][INFO ][o.o.s.l.BuiltinLogTypeLoader] [1a9f930a6c63] Loaded [cloudtrail_logtype.json] log type
search_by_ingredients_v1t3ls0n-os-1   | 2025-06-20T19:16:10.668584778Z [2025-06-20T19:16:10,668][INFO ][o.o.s.l.BuiltinLogTypeLoader] [1a9f930a6c63] Loaded [azure_logtype.json] log type
search_by_ingredients_v1t3ls0n-os-1   | 2025-06-20T19:16:10.668592213Z [2025-06-20T19:16:10,668][INFO ][o.o.s.l.BuiltinLogTypeLoader] [1a9f930a6c63] Loaded [apache_access_logtype.json] log type
search_by_ingredients_v1t3ls0n-os-1   | 2025-06-20T19:16:10.668854918Z [2025-06-20T19:16:10,668][INFO ][o.o.s.l.BuiltinLogTypeLoader] [1a9f930a6c63] Loaded [ad_ldap_logtype.json] log type
search_by_ingredients_v1t3ls0n-os-1   | 2025-06-20T19:16:10.762307615Z [2025-06-20T19:16:10,762][INFO ][o.o.t.TransportService   ] [1a9f930a6c63] publish_address {172.27.0.2:9300}, bound_addresses {0.0.0.0:9300}
search_by_ingredients_v1t3ls0n-os-1   | 2025-06-20T19:16:10.763186977Z [2025-06-20T19:16:10,762][INFO ][o.o.t.TransportService   ] [1a9f930a6c63] Remote clusters initialized successfully.
search_by_ingredients_v1t3ls0n-os-1   | 2025-06-20T19:16:10.897082904Z [2025-06-20T19:16:10,896][WARN ][o.o.b.BootstrapChecks    ] [1a9f930a6c63] max virtual memory areas vm.max_map_count [65530] is too low, increase to at least [262144]
search_by_ingredients_v1t3ls0n-os-1   | 2025-06-20T19:16:10.897878245Z [2025-06-20T19:16:10,897][INFO ][o.o.c.c.Coordinator      ] [1a9f930a6c63] cluster UUID [T9eekrQxSg6vsmIBFQpQhA]
search_by_ingredients_v1t3ls0n-os-1   | 2025-06-20T19:16:11.033784697Z [2025-06-20T19:16:11,033][INFO ][o.o.c.s.ClusterManagerService] [1a9f930a6c63] Tasks batched with key: org.opensearch.cluster.coordination.JoinHelper, count:3 and sample tasks: elected-as-cluster-manager ([1] nodes joined)[{1a9f930a6c63}{EyntKRspRLmKpIHnyi4NoA}{leZ9Ws-0TzugooyblU2ewQ}{172.27.0.2}{172.27.0.2:9300}{dimr}{shard_indexing_pressure_enabled=true} elect leader, _BECOME_CLUSTER_MANAGER_TASK_, _FINISH_ELECTION_], term: 46, version: 472, delta: cluster-manager node changed {previous [], current [{1a9f930a6c63}{EyntKRspRLmKpIHnyi4NoA}{leZ9Ws-0TzugooyblU2ewQ}{172.27.0.2}{172.27.0.2:9300}{dimr}{shard_indexing_pressure_enabled=true}]}
search_by_ingredients_v1t3ls0n-os-1   | 2025-06-20T19:16:11.060658622Z [2025-06-20T19:16:11,060][INFO ][o.o.c.s.ClusterApplierService] [1a9f930a6c63] cluster-manager node changed {previous [], current [{1a9f930a6c63}{EyntKRspRLmKpIHnyi4NoA}{leZ9Ws-0TzugooyblU2ewQ}{172.27.0.2}{172.27.0.2:9300}{dimr}{shard_indexing_pressure_enabled=true}]}, term: 46, version: 472, reason: Publication{term=46, version=472}
search_by_ingredients_v1t3ls0n-os-1   | 2025-06-20T19:16:11.064903302Z [2025-06-20T19:16:11,064][INFO ][o.o.t.i.IndexManagement  ] [1a9f930a6c63] Candidate custom result indices are empty.
search_by_ingredients_v1t3ls0n-os-1   | 2025-06-20T19:16:11.065057945Z [2025-06-20T19:16:11,064][INFO ][o.o.t.i.IndexManagement  ] [1a9f930a6c63] Candidate custom result indices are empty.
search_by_ingredients_v1t3ls0n-os-1   | 2025-06-20T19:16:11.065270013Z [2025-06-20T19:16:11,065][INFO ][o.o.t.c.ClusterEventListener] [1a9f930a6c63] Cluster is not recovered yet.
search_by_ingredients_v1t3ls0n-os-1   | 2025-06-20T19:16:11.086980696Z [2025-06-20T19:16:11,086][INFO ][o.o.i.i.ManagedIndexCoordinator] [1a9f930a6c63] Cache cluster manager node onClusterManager time: 1750446971086
search_by_ingredients_v1t3ls0n-os-1   | 2025-06-20T19:16:11.090285582Z [2025-06-20T19:16:11,089][WARN ][o.o.p.c.s.h.ConfigOverridesClusterSettingHandler] [1a9f930a6c63] Config override setting update called with empty string. Ignoring.
search_by_ingredients_v1t3ls0n-os-1   | 2025-06-20T19:16:11.093842929Z [2025-06-20T19:16:11,093][INFO ][o.o.d.PeerFinder         ] [1a9f930a6c63] setting findPeersInterval to [1s] as node commission status = [true] for local node [{1a9f930a6c63}{EyntKRspRLmKpIHnyi4NoA}{leZ9Ws-0TzugooyblU2ewQ}{172.27.0.2}{172.27.0.2:9300}{dimr}{shard_indexing_pressure_enabled=true}]
search_by_ingredients_v1t3ls0n-os-1   | 2025-06-20T19:16:11.095290049Z [2025-06-20T19:16:11,095][WARN ][o.o.c.r.a.AllocationService] [1a9f930a6c63] Falling back to single shard assignment since batch mode disable or multiple custom allocators set
search_by_ingredients_v1t3ls0n-os-1   | 2025-06-20T19:16:11.098179389Z [2025-06-20T19:16:11,098][INFO ][o.o.h.AbstractHttpServerTransport] [1a9f930a6c63] publish_address {172.27.0.2:9200}, bound_addresses {0.0.0.0:9200}
search_by_ingredients_v1t3ls0n-os-1   | 2025-06-20T19:16:11.098188607Z [2025-06-20T19:16:11,098][INFO ][o.o.n.Node               ] [1a9f930a6c63] started
search_by_ingredients_v1t3ls0n-os-1   | 2025-06-20T19:16:11.098879642Z [2025-06-20T19:16:11,098][INFO ][o.o.s.OpenSearchSecurityPlugin] [1a9f930a6c63] 0 OpenSearch Security modules loaded so far: []
search_by_ingredients_v1t3ls0n-os-1   | 2025-06-20T19:16:11.103954553Z [2025-06-20T19:16:11,103][WARN ][o.o.c.r.a.AllocationService] [1a9f930a6c63] Falling back to single shard assignment since batch mode disable or multiple custom allocators set
search_by_ingredients_v1t3ls0n-os-1   | 2025-06-20T19:16:11.136031055Z [2025-06-20T19:16:11,135][INFO ][o.o.t.c.HashRing         ] [1a9f930a6c63] Node added: [EyntKRspRLmKpIHnyi4NoA]
search_by_ingredients_v1t3ls0n-os-1   | 2025-06-20T19:16:11.138475892Z [2025-06-20T19:16:11,138][INFO ][o.o.t.c.HashRing         ] [1a9f930a6c63] Add data node to version hash ring: EyntKRspRLmKpIHnyi4NoA
search_by_ingredients_v1t3ls0n-os-1   | 2025-06-20T19:16:11.139202707Z [2025-06-20T19:16:11,139][INFO ][o.o.t.c.HashRing         ] [1a9f930a6c63] All nodes with known version: {EyntKRspRLmKpIHnyi4NoA=ADNodeInfo{version=3.0.0, isEligibleDataNode=true}}
search_by_ingredients_v1t3ls0n-os-1   | 2025-06-20T19:16:11.139231956Z [2025-06-20T19:16:11,139][INFO ][o.o.t.c.HashRing         ] [1a9f930a6c63] Rebuild hash ring for realtime with cooldown, nodeChangeEvents size 0
search_by_ingredients_v1t3ls0n-os-1   | 2025-06-20T19:16:11.139317568Z [2025-06-20T19:16:11,139][INFO ][o.o.t.c.HashRing         ] [1a9f930a6c63] Build version hash ring successfully
search_by_ingredients_v1t3ls0n-os-1   | 2025-06-20T19:16:11.139679380Z [2025-06-20T19:16:11,139][INFO ][o.o.t.c.ADDataMigrator   ] [1a9f930a6c63] Start migrating AD data
search_by_ingredients_v1t3ls0n-os-1   | 2025-06-20T19:16:11.139695785Z [2025-06-20T19:16:11,139][INFO ][o.o.t.c.ADDataMigrator   ] [1a9f930a6c63] AD job index doesn't exist, no need to migrate
search_by_ingredients_v1t3ls0n-os-1   | 2025-06-20T19:16:11.139740257Z [2025-06-20T19:16:11,139][INFO ][o.o.t.c.ClusterEventListener] [1a9f930a6c63] Init version hash ring successfully
search_by_ingredients_v1t3ls0n-os-1   | 2025-06-20T19:16:11.150095123Z [2025-06-20T19:16:11,149][INFO ][o.o.c.s.ClusterManagerTaskThrottler] [1a9f930a6c63] Starting cluster manager throttling as all nodes are higher than or equal to 2.5.0
search_by_ingredients_v1t3ls0n-os-1   | 2025-06-20T19:16:11.150819049Z [2025-06-20T19:16:11,150][INFO ][o.o.g.GatewayService     ] [1a9f930a6c63] recovered [10] indices into cluster_state
search_by_ingredients_v1t3ls0n-os-1   | 2025-06-20T19:16:11.151824256Z [2025-06-20T19:16:11,151][INFO ][o.o.s.l.LogTypeService   ] [1a9f930a6c63] Loading builtin types!
search_by_ingredients_v1t3ls0n-os-1   | 2025-06-20T19:16:11.153238371Z [2025-06-20T19:16:11,153][INFO ][o.o.s.l.LogTypeService   ] [1a9f930a6c63] Indexing [432] fieldMappingDocs from logTypes: 24
search_by_ingredients_v1t3ls0n-os-1   | 2025-06-20T19:16:11.166817236Z [2025-06-20T19:16:11,166][WARN ][o.o.c.r.a.AllocationService] [1a9f930a6c63] Falling back to single shard assignment since batch mode disable or multiple custom allocators set
search_by_ingredients_v1t3ls0n-os-1   | 2025-06-20T19:16:11.171074213Z [2025-06-20T19:16:11,170][WARN ][o.o.s.SecurityAnalyticsPlugin] [1a9f930a6c63] Failed to initialize LogType config index and builtin log types
search_by_ingredients_v1t3ls0n-os-1   | 2025-06-20T19:16:11.239315618Z [2025-06-20T19:16:11,239][INFO ][o.o.p.PluginsService     ] [1a9f930a6c63] PluginService:onIndexModule index:[top_queries-2025.06.13-11037/bKInP0JWTgyPBEQklRVMaw]
search_by_ingredients_v1t3ls0n-os-1   | 2025-06-20T19:16:11.305979697Z [2025-06-20T19:16:11,305][INFO ][o.o.p.PluginsService     ] [1a9f930a6c63] PluginService:onIndexModule index:[top_queries-2025.06.14-11038/44-ttSaXQs68W4meuWkunA]
search_by_ingredients_v1t3ls0n-os-1   | 2025-06-20T19:16:11.313348403Z [2025-06-20T19:16:11,312][INFO ][o.o.p.PluginsService     ] [1a9f930a6c63] PluginService:onIndexModule index:[top_queries-2025.06.20-11065/91OY2F5EQTma_9SlZeRn1g]
search_by_ingredients_v1t3ls0n-os-1   | 2025-06-20T19:16:11.321259951Z [2025-06-20T19:16:11,321][INFO ][o.o.p.PluginsService     ] [1a9f930a6c63] PluginService:onIndexModule index:[.plugins-ml-config/u5LjUPifRwy-d1SFFP0YHg]
search_by_ingredients_v1t3ls0n-os-1   | 2025-06-20T19:16:11.479098375Z [2025-06-20T19:16:11,478][WARN ][o.o.c.r.a.AllocationService] [1a9f930a6c63] Falling back to single shard assignment since batch mode disable or multiple custom allocators set
search_by_ingredients_v1t3ls0n-os-1   | 2025-06-20T19:16:11.511841143Z [2025-06-20T19:16:11,511][INFO ][o.o.p.PluginsService     ] [1a9f930a6c63] PluginService:onIndexModule index:[top_queries-2025.06.10-11034/32JLoxNlSKmnAoo-UytgOA]
search_by_ingredients_v1t3ls0n-os-1   | 2025-06-20T19:16:11.518259773Z [2025-06-20T19:16:11,518][INFO ][o.o.p.PluginsService     ] [1a9f930a6c63] PluginService:onIndexModule index:[top_queries-2025.06.11-11035/68bATnXhQsGivvg36D6fRA]
search_by_ingredients_v1t3ls0n-os-1   | 2025-06-20T19:16:11.524959864Z [2025-06-20T19:16:11,524][INFO ][o.o.p.PluginsService     ] [1a9f930a6c63] PluginService:onIndexModule index:[ingredients/Lz1bvnphRUOAQkVVDeF7sA]
search_by_ingredients_v1t3ls0n-os-1   | 2025-06-20T19:16:11.527573781Z [2025-06-20T19:16:11,527][INFO ][o.o.p.PluginsService     ] [1a9f930a6c63] PluginService:onIndexModule index:[top_queries-2025.06.12-11036/OGcCwmmGTZ2TjtwnJmrFmQ]
search_by_ingredients_v1t3ls0n-os-1   | 2025-06-20T19:16:11.609552084Z [2025-06-20T19:16:11,609][WARN ][o.o.c.r.a.AllocationService] [1a9f930a6c63] Falling back to single shard assignment since batch mode disable or multiple custom allocators set
search_by_ingredients_v1t3ls0n-os-1   | 2025-06-20T19:16:11.625766079Z [2025-06-20T19:16:11,625][INFO ][o.o.p.PluginsService     ] [1a9f930a6c63] PluginService:onIndexModule index:[.opensearch-sap-log-types-config/kISrNAR0S4W7fab9CCGGxg]
search_by_ingredients_v1t3ls0n-os-1   | 2025-06-20T19:16:11.630390142Z [2025-06-20T19:16:11,630][INFO ][o.o.p.PluginsService     ] [1a9f930a6c63] PluginService:onIndexModule index:[recipes/hGEVpajpQMCvlpK5sNw6ug]
search_by_ingredients_v1t3ls0n-os-1   | 2025-06-20T19:16:11.681600067Z [2025-06-20T19:16:11,681][INFO ][o.o.c.r.a.AllocationService] [1a9f930a6c63] Cluster health status changed from [RED] to [YELLOW] (reason: [shards started [[.opensearch-sap-log-types-config][0]]]).
search_by_ingredients_v1t3ls0n-os-1   | 2025-06-20T19:16:11.704120567Z [2025-06-20T19:16:11,703][WARN ][o.o.c.r.a.AllocationService] [1a9f930a6c63] Falling back to single shard assignment since batch mode disable or multiple custom allocators set
search_by_ingredients_v1t3ls0n-os-1   | 2025-06-20T19:16:12.091723922Z [2025-06-20T19:16:12,091][INFO ][o.o.s.l.LogTypeService   ] [1a9f930a6c63] Loading builtin types!
search_by_ingredients_v1t3ls0n-os-1   | 2025-06-20T19:16:12.092159529Z [2025-06-20T19:16:12,092][INFO ][o.o.s.l.LogTypeService   ] [1a9f930a6c63] Indexing [432] fieldMappingDocs from logTypes: 24
search_by_ingredients_v1t3ls0n-os-1   | 2025-06-20T19:16:12.098664879Z [2025-06-20T19:16:12,098][INFO ][o.o.s.l.LogTypeService   ] [1a9f930a6c63] Loading builtin types!
search_by_ingredients_v1t3ls0n-os-1   | 2025-06-20T19:16:12.098883012Z [2025-06-20T19:16:12,098][INFO ][o.o.s.l.LogTypeService   ] [1a9f930a6c63] Indexing [432] fieldMappingDocs from logTypes: 24
search_by_ingredients_v1t3ls0n-os-1   | 2025-06-20T19:16:12.099869503Z [2025-06-20T19:16:12,099][INFO ][o.o.s.i.DetectorIndexManagementService] [1a9f930a6c63] info deleteOldIndices
search_by_ingredients_v1t3ls0n-os-1   | 2025-06-20T19:16:12.101549014Z [2025-06-20T19:16:12,101][INFO ][o.o.s.i.DetectorIndexManagementService] [1a9f930a6c63] No Old Correlation Indices to delete
search_by_ingredients_v1t3ls0n-os-1   | 2025-06-20T19:16:12.102069862Z [2025-06-20T19:16:12,101][INFO ][o.o.s.i.DetectorIndexManagementService] [1a9f930a6c63] info deleteOldIndices
search_by_ingredients_v1t3ls0n-os-1   | 2025-06-20T19:16:12.102231494Z [2025-06-20T19:16:12,102][INFO ][o.o.s.i.DetectorIndexManagementService] [1a9f930a6c63] No Old IOC Findings Indices to delete
search_by_ingredients_v1t3ls0n-os-1   | 2025-06-20T19:16:12.206042208Z [2025-06-20T19:16:12,205][INFO ][o.o.s.l.LogTypeService   ] [1a9f930a6c63] Indexing [432] fieldMappingDocs
search_by_ingredients_v1t3ls0n-os-1   | 2025-06-20T19:16:12.206100235Z [2025-06-20T19:16:12,205][INFO ][o.o.s.l.LogTypeService   ] [1a9f930a6c63] Indexing [432] fieldMappingDocs
search_by_ingredients_v1t3ls0n-os-1   | 2025-06-20T19:16:12.428434146Z [2025-06-20T19:16:12,428][INFO ][o.o.s.l.LogTypeService   ] [1a9f930a6c63] Loaded [432] field mapping docs successfully!
search_by_ingredients_v1t3ls0n-os-1   | 2025-06-20T19:16:12.429805339Z [2025-06-20T19:16:12,429][INFO ][o.o.s.l.LogTypeService   ] [1a9f930a6c63] Loaded [432] field mapping docs successfully!
search_by_ingredients_v1t3ls0n-os-1   | 2025-06-20T19:16:12.436377883Z [2025-06-20T19:16:12,435][INFO ][o.o.s.l.LogTypeService   ] [1a9f930a6c63] Indexing [23] customLogTypes
search_by_ingredients_v1t3ls0n-os-1   | 2025-06-20T19:16:12.442368676Z [2025-06-20T19:16:12,442][INFO ][o.o.s.l.LogTypeService   ] [1a9f930a6c63] Indexing [23] customLogTypes
search_by_ingredients_v1t3ls0n-os-1   | 2025-06-20T19:16:12.460140775Z [2025-06-20T19:16:12,459][INFO ][o.o.s.l.LogTypeService   ] [1a9f930a6c63] Loaded [23] customLogType docs successfully!
search_by_ingredients_v1t3ls0n-os-1   | 2025-06-20T19:16:12.467715488Z [2025-06-20T19:16:12,467][INFO ][o.o.s.l.LogTypeService   ] [1a9f930a6c63] Loaded [23] customLogType docs successfully!
search_by_ingredients_v1t3ls0n-os-1   | 2025-06-20T19:16:12.509119431Z [2025-06-20T19:16:12,508][INFO ][o.o.s.i.DetectorIndexManagementService] [1a9f930a6c63] info deleteOldIndices
search_by_ingredients_v1t3ls0n-os-1   | 2025-06-20T19:16:12.509413310Z [2025-06-20T19:16:12,509][INFO ][o.o.s.i.DetectorIndexManagementService] [1a9f930a6c63] info deleteOldIndices
search_by_ingredients_v1t3ls0n-os-1   | 2025-06-20T19:16:12.509431613Z [2025-06-20T19:16:12,509][INFO ][o.o.s.i.DetectorIndexManagementService] [1a9f930a6c63] No Old Alert Indices to delete
search_by_ingredients_v1t3ls0n-os-1   | 2025-06-20T19:16:12.509639759Z [2025-06-20T19:16:12,509][INFO ][o.o.s.i.DetectorIndexManagementService] [1a9f930a6c63] No Old Finding Indices to delete
search_by_ingredients_v1t3ls0n-web-1  | 2025-06-20T19:16:14.243649962Z INFO:__main__:Found existing data: 225602 recipes and 246351 ingredients
search_by_ingredients_v1t3ls0n-web-1  | 2025-06-20T19:16:14.243684564Z INFO:__main__:Data already exists in OpenSearch, skipping indexing
search_by_ingredients_v1t3ls0n-web-1  | 2025-06-20T19:16:14.296086206Z ✅ Indexing completed
search_by_ingredients_v1t3ls0n-web-1  | 2025-06-20T19:16:14.296283006Z 🚀 Launching Flask app...
search_by_ingredients_v1t3ls0n-web-1  | 2025-06-20T19:16:14.495886076Z Traceback (most recent call last):
search_by_ingredients_v1t3ls0n-web-1  | 2025-06-20T19:16:14.495917749Z   File "/app/web/app.py", line 4, in <module>
search_by_ingredients_v1t3ls0n-web-1  | 2025-06-20T19:16:14.496698597Z     from diet_classifiers import is_keto, is_vegan
search_by_ingredients_v1t3ls0n-web-1  | 2025-06-20T19:16:14.496718068Z   File "/app/web/diet_classifiers.py", line 96
search_by_ingredients_v1t3ls0n-web-1  | 2025-06-20T19:16:14.496720026Z     from __future__ import annotations
search_by_ingredients_v1t3ls0n-web-1  | 2025-06-20T19:16:14.496721145Z     ^^^^^^^^^^^^^^^^^^^^^^^^^^^^^^^^^^
search_by_ingredients_v1t3ls0n-web-1  | 2025-06-20T19:16:14.496722229Z SyntaxError: from __future__ imports must occur at the beginning of the file
search_by_ingredients_v1t3ls0n-web-1 exited with code 1
search_by_ingredients_v1t3ls0n-os-1   | 2025-06-20T19:16:21.091900698Z [2025-06-20T19:16:21,090][INFO ][o.o.m.a.MLModelAutoReDeployer] [1a9f930a6c63] Index not found, not performing auto reloading!
search_by_ingredients_v1t3ls0n-os-1   | 2025-06-20T19:16:21.092062148Z [2025-06-20T19:16:21,091][INFO ][o.o.m.c.MLCommonsClusterManagerEventListener] [1a9f930a6c63] Starting ML sync up job...
search_by_ingredients_v1t3ls0n-os-1   | 2025-06-20T19:16:31.104834409Z [2025-06-20T19:16:31,104][INFO ][o.o.m.c.MLSyncUpCron     ] [1a9f930a6c63] Skipping sync up job - ML model index not found
search_by_ingredients_v1t3ls0n-os-1   | 2025-06-20T19:16:31.105956571Z [2025-06-20T19:16:31,105][INFO ][o.o.m.c.MLSyncUpCron     ] [1a9f930a6c63] ML configuration already initialized, no action needed
search_by_ingredients_v1t3ls0n-os-1   | 2025-06-20T19:16:37.570616658Z [2025-06-20T19:16:37,570][INFO ][o.o.n.Node               ] [1a9f930a6c63] stopping ...
search_by_ingredients_v1t3ls0n-os-1   | 2025-06-20T19:16:37.603710089Z [2025-06-20T19:16:37,603][INFO ][o.o.n.Node               ] [1a9f930a6c63] stopped
search_by_ingredients_v1t3ls0n-os-1   | 2025-06-20T19:16:37.603736397Z [2025-06-20T19:16:37,603][INFO ][o.o.n.Node               ] [1a9f930a6c63] closing ...
search_by_ingredients_v1t3ls0n-os-1   | 2025-06-20T19:16:37.608104453Z [2025-06-20T19:16:37,607][INFO ][o.o.n.Node               ] [1a9f930a6c63] closed
search_by_ingredients_v1t3ls0n-os-1 exited with code 143
