============================================
Pipeline Run Started: יום ו 20 יונ 2025 22:53:26
============================================
[2025-06-20 22:53:26] 🛠️  Shutting down existing containers...
[2025-06-20 22:53:26] 🛠️  Building Docker images...
#1 [internal] load build definition from Dockerfile
#1 transferring dockerfile: 32B done
#1 DONE 0.0s

#2 [internal] load .dockerignore
#2 transferring context: 2B done
#2 DONE 0.0s

#3 [internal] load metadata for docker.io/library/python:3.11-slim
#3 DONE 2.6s

#4 [ 1/12] FROM docker.io/library/python:3.11-slim@sha256:9e1912aab0a30bbd9488eb79063f68f42a68ab0946cbe98fecf197fe5b085506
#4 resolve docker.io/library/python:3.11-slim@sha256:9e1912aab0a30bbd9488eb79063f68f42a68ab0946cbe98fecf197fe5b085506 done
#4 DONE 0.0s

#5 [internal] load build context
#5 transferring context: 644.80kB done
#5 DONE 0.0s

#6 [ 2/12] WORKDIR /app
#6 CACHED

#7 [ 8/12] COPY requirements.txt .
#7 CACHED

#8 [ 7/12] RUN curl -L     https://fdc.nal.usda.gov/fdc-datasets/FoodData_Central_foundation_food_csv_2025-04-24.zip     -o /tmp/fdc.zip &&     unzip -q /tmp/fdc.zip -d /tmp &&     cp /tmp/FoodData_Central_foundation_food_csv_2025-04-24/food.csv        /tmp/FoodData_Central_foundation_food_csv_2025-04-24/food_nutrient.csv        /tmp/FoodData_Central_foundation_food_csv_2025-04-24/nutrient.csv        /app/data/usda/ &&     rm -rf /tmp/fdc.zip /tmp/FoodData_Central_foundation_food_csv_2025-04-24
#8 CACHED

#9 [ 5/12] RUN curl -L https://argmax.nyc3.digitaloceanspaces.com/recipes/allrecipes.parquet     -o /app/data/allrecipes.parquet
#9 CACHED

#10 [ 6/12] RUN curl -L https://argmax.nyc3.digitaloceanspaces.com/recipes/ground_truth_sample.csv     -o /app/data/ground_truth_sample.csv
#10 CACHED

#11 [ 9/12] RUN pip install --no-cache-dir -r requirements.txt
#11 CACHED

#12 [ 3/12] RUN apt-get update &&     apt-get install -y --no-install-recommends         build-essential         curl         unzip         dos2unix &&     rm -rf /var/lib/apt/lists/*
#12 CACHED

#13 [ 4/12] RUN mkdir -p /app/data/usda
#13 CACHED

#14 [10/12] RUN mkdir -p /app/pretrained_models
#14 CACHED

#15 [11/12] COPY --chmod=755 . /app/
#15 DONE 0.0s

#16 [12/12] RUN if [ -f "/app/pretrained_models/models.zip" ]; then         echo "🔓 Extracting pretrained models..." &&         unzip -o /app/pretrained_models/models.zip -d /app/pretrained_models &&         rm /app/pretrained_models/models.zip;     else         echo "✅ No pretrained models found, skipping extraction.";     fi
#16 0.206 ✅ No pretrained models found, skipping extraction.
#16 DONE 0.2s

#17 exporting to image
#17 exporting layers 0.0s done
#17 writing image sha256:2c9024dd69c70e1238a2c3b2fe6d65dc41e936736bb1fc18686a72da6c0e18f2 done
#17 naming to docker.io/library/search_by_ingredients_v1t3ls0n-web done
#17 DONE 0.0s
[2025-06-20 22:53:29] 🚀 Starting services...
Network search_by_ingredients_v1t3ls0n_argmax  Creating
Network search_by_ingredients_v1t3ls0n_argmax  Created
Container search_by_ingredients_v1t3ls0n-os-1  Creating
Container search_by_ingredients_v1t3ls0n-os-1  Created
Container search_by_ingredients_v1t3ls0n-web-1  Creating
Container search_by_ingredients_v1t3ls0n-web-1  Created
Container search_by_ingredients_v1t3ls0n-os-1  Starting
Container search_by_ingredients_v1t3ls0n-os-1  Started
Container search_by_ingredients_v1t3ls0n-os-1  Waiting
Container search_by_ingredients_v1t3ls0n-os-1  Healthy
Container search_by_ingredients_v1t3ls0n-web-1  Starting
Container search_by_ingredients_v1t3ls0n-web-1  Started
[2025-06-20 22:53:51] 📋 Starting container log collection...
[2025-06-20 22:53:51] ⏳ Waiting for services to initialize...
search_by_ingredients_v1t3ls0n-os-1   | 2025-06-20T19:53:30.663155213Z Disabling OpenSearch Security Plugin
search_by_ingredients_v1t3ls0n-web-1  | 2025-06-20T19:53:51.434382672Z dos2unix: converting file web/init.sh to Unix format...
search_by_ingredients_v1t3ls0n-os-1   | 2025-06-20T19:53:30.663179793Z Enabling execution of OPENSEARCH_HOME/bin/opensearch-performance-analyzer/performance-analyzer-agent-cli for OpenSearch Performance Analyzer Plugin
search_by_ingredients_v1t3ls0n-os-1   | 2025-06-20T19:53:32.160717228Z WARNING: Using incubator modules: jdk.incubator.vector
search_by_ingredients_v1t3ls0n-os-1   | 2025-06-20T19:53:32.162607439Z WARNING: Unknown module: org.apache.arrow.memory.core specified to --add-opens
search_by_ingredients_v1t3ls0n-os-1   | 2025-06-20T19:53:33.482308571Z [2025-06-20T19:53:33,480][WARN ][stderr                   ] [4d15ea8031ea] Jun 20, 2025 7:53:33 PM org.opensearch.javaagent.bootstrap.AgentPolicy setPolicy
search_by_ingredients_v1t3ls0n-os-1   | 2025-06-20T19:53:33.482352851Z [2025-06-20T19:53:33,482][WARN ][stderr                   ] [4d15ea8031ea] INFO: Policy attached successfully: org.opensearch.bootstrap.OpenSearchPolicy@7fcf294e
search_by_ingredients_v1t3ls0n-web-1  | 2025-06-20T19:53:51.446063229Z 📊 Running initial indexing...
search_by_ingredients_v1t3ls0n-os-1   | 2025-06-20T19:53:33.488605628Z [2025-06-20T19:53:33,488][INFO ][o.o.n.Node               ] [4d15ea8031ea] version[3.0.0], pid[1], build[tar/dc4efa821904cc2d7ea7ef61c0f577d3fc0d8be9/2025-05-03T06:25:26.379676844Z], OS[Linux/5.15.167.4-microsoft-standard-WSL2/amd64], JVM[Eclipse Adoptium/OpenJDK 64-Bit Server VM/21.0.7/21.0.7+6-LTS]
search_by_ingredients_v1t3ls0n-os-1   | 2025-06-20T19:53:33.488619477Z [2025-06-20T19:53:33,488][INFO ][o.o.n.Node               ] [4d15ea8031ea] JVM home [/usr/share/opensearch/jdk], using bundled JDK/JRE [true]
search_by_ingredients_v1t3ls0n-os-1   | 2025-06-20T19:53:33.488758091Z [2025-06-20T19:53:33,488][INFO ][o.o.n.Node               ] [4d15ea8031ea] JVM arguments [-Xshare:auto, -Dopensearch.networkaddress.cache.ttl=60, -Dopensearch.networkaddress.cache.negative.ttl=10, -XX:+AlwaysPreTouch, -Xss1m, -Djava.awt.headless=true, -Dfile.encoding=UTF-8, -Djna.nosys=true, -XX:-OmitStackTraceInFastThrow, -XX:+ShowCodeDetailsInExceptionMessages, -Dio.netty.noUnsafe=true, -Dio.netty.noKeySetOptimization=true, -Dio.netty.recycler.maxCapacityPerThread=0, -Dio.netty.allocator.numDirectArenas=0, -Dlog4j.shutdownHookEnabled=false, -Dlog4j2.disable.jmx=true, -Djava.locale.providers=SPI,CLDR, -Xms1g, -Xmx1g, -XX:+UseG1GC, -XX:G1ReservePercent=25, -XX:InitiatingHeapOccupancyPercent=30, -Djava.io.tmpdir=/tmp/opensearch-12044864005710769688, -XX:+HeapDumpOnOutOfMemoryError, -XX:HeapDumpPath=data, -XX:ErrorFile=logs/hs_err_pid%p.log, -Xlog:gc*,gc+age=trace,safepoint:file=logs/gc.log:utctime,pid,tags:filecount=32,filesize=64m, --add-modules=jdk.incubator.vector, -javaagent:agent/opensearch-agent.jar, --add-opens=java.base/java.nio=org.apache.arrow.memory.core,ALL-UNNAMED, -Dclk.tck=100, -Djdk.attach.allowAttachSelf=true, -Djava.security.policy=/usr/share/opensearch/config/opensearch-performance-analyzer/opensearch_security.policy, --add-opens=jdk.attach/sun.tools.attach=ALL-UNNAMED, -Dopensearch.cgroups.hierarchy.override=/, -Xms512m, -Xmx512m, -XX:MaxDirectMemorySize=268435456, -Dopensearch.path.home=/usr/share/opensearch, -Dopensearch.path.conf=/usr/share/opensearch/config, -Dopensearch.distribution.type=tar, -Dopensearch.bundled_jdk=true]
search_by_ingredients_v1t3ls0n-os-1   | 2025-06-20T19:53:33.603131500Z [2025-06-20T19:53:33,602][WARN ][stderr                   ] [4d15ea8031ea] Jun 20, 2025 7:53:33 PM org.apache.lucene.internal.vectorization.PanamaVectorizationProvider <init>
search_by_ingredients_v1t3ls0n-os-1   | 2025-06-20T19:53:33.603151008Z [2025-06-20T19:53:33,603][WARN ][stderr                   ] [4d15ea8031ea] INFO: Java vector incubator API enabled; uses preferredBitSize=256; FMA enabled
search_by_ingredients_v1t3ls0n-os-1   | 2025-06-20T19:53:34.249120616Z [2025-06-20T19:53:34,248][INFO ][o.o.s.s.t.SSLConfig      ] [4d15ea8031ea] SSL dual mode is disabled
search_by_ingredients_v1t3ls0n-os-1   | 2025-06-20T19:53:34.249414184Z [2025-06-20T19:53:34,249][WARN ][o.o.s.OpenSearchSecurityPlugin] [4d15ea8031ea] OpenSearch Security plugin installed but disabled. This can expose your configuration (including passwords) to the public.
search_by_ingredients_v1t3ls0n-os-1   | 2025-06-20T19:53:34.980424512Z [2025-06-20T19:53:34,980][ERROR][o.o.p.c.c.PluginSettings ] [4d15ea8031ea] Loading config file /usr/share/opensearch/config/opensearch-performance-analyzer/performance-analyzer.properties failed with error: org.opensearch.performanceanalyzer.commons.config.ConfigFileException: java.io.FileNotFoundException: /usr/share/opensearch/config/opensearch-performance-analyzer/performance-analyzer.properties (No such file or directory). Disabling plugin.
search_by_ingredients_v1t3ls0n-os-1   | 2025-06-20T19:53:34.980588659Z [2025-06-20T19:53:34,980][INFO ][o.o.p.c.c.PluginSettings ] [4d15ea8031ea] Config: metricsLocation: /dev/shm/performanceanalyzer/, metricsDeletionInterval: 1, httpsEnabled: false, cleanup-metrics-db-files: false, batch-metrics-retention-period-minutes: 7, rpc-port: 9650, webservice-port 9600
search_by_ingredients_v1t3ls0n-os-1   | 2025-06-20T19:53:35.116132568Z [2025-06-20T19:53:35,114][ERROR][o.o.p.c.c.StatsCollector ] [4d15ea8031ea] Error in loading metadata for folderLocation: /usr/share/opensearch/config/opensearch-performance-analyzer/, fileLocation: plugin-stats-metadata
search_by_ingredients_v1t3ls0n-os-1   | 2025-06-20T19:53:35.116150258Z java.io.FileNotFoundException: /usr/share/opensearch/config/opensearch-performance-analyzer/plugin-stats-metadata (No such file or directory)
search_by_ingredients_v1t3ls0n-os-1   | 2025-06-20T19:53:35.116151611Z 	at java.base/java.io.FileInputStream.open0(Native Method) ~[?:?]
search_by_ingredients_v1t3ls0n-os-1   | 2025-06-20T19:53:35.116152716Z 	at java.base/java.io.FileInputStream.open(FileInputStream.java:213) ~[?:?]
search_by_ingredients_v1t3ls0n-os-1   | 2025-06-20T19:53:35.116153647Z 	at java.base/java.io.FileInputStream.<init>(FileInputStream.java:152) ~[?:?]
search_by_ingredients_v1t3ls0n-os-1   | 2025-06-20T19:53:35.116155139Z 	at java.base/java.io.FileInputStream.<init>(FileInputStream.java:106) ~[?:?]
search_by_ingredients_v1t3ls0n-os-1   | 2025-06-20T19:53:35.116156102Z 	at org.opensearch.performanceanalyzer.commons.collectors.StatsCollector.loadMetadata(StatsCollector.java:158) ~[performance-analyzer-commons-2.0.0.jar:?]
search_by_ingredients_v1t3ls0n-os-1   | 2025-06-20T19:53:35.116157050Z 	at org.opensearch.performanceanalyzer.commons.collectors.StatsCollector.instance(StatsCollector.java:73) ~[performance-analyzer-commons-2.0.0.jar:?]
search_by_ingredients_v1t3ls0n-os-1   | 2025-06-20T19:53:35.116158065Z 	at org.opensearch.performanceanalyzer.PerformanceAnalyzerPlugin.scheduleRcaCollectors(PerformanceAnalyzerPlugin.java:264) ~[opensearch-performance-analyzer-3.0.0.0.jar:3.0.0.0]
search_by_ingredients_v1t3ls0n-os-1   | 2025-06-20T19:53:35.116159043Z 	at org.opensearch.performanceanalyzer.PerformanceAnalyzerPlugin.<init>(PerformanceAnalyzerPlugin.java:213) ~[opensearch-performance-analyzer-3.0.0.0.jar:3.0.0.0]
search_by_ingredients_v1t3ls0n-os-1   | 2025-06-20T19:53:35.116160062Z 	at java.base/jdk.internal.reflect.DirectConstructorHandleAccessor.newInstance(DirectConstructorHandleAccessor.java:62) [?:?]
search_by_ingredients_v1t3ls0n-os-1   | 2025-06-20T19:53:35.116160991Z 	at java.base/java.lang.reflect.Constructor.newInstanceWithCaller(Constructor.java:502) [?:?]
search_by_ingredients_v1t3ls0n-os-1   | 2025-06-20T19:53:35.116161879Z 	at java.base/java.lang.reflect.Constructor.newInstance(Constructor.java:486) [?:?]
search_by_ingredients_v1t3ls0n-os-1   | 2025-06-20T19:53:35.116162761Z 	at org.opensearch.plugins.PluginsService.loadPlugin(PluginsService.java:840) [opensearch-3.0.0.jar:3.0.0]
search_by_ingredients_v1t3ls0n-os-1   | 2025-06-20T19:53:35.116163654Z 	at org.opensearch.plugins.PluginsService.loadBundle(PluginsService.java:788) [opensearch-3.0.0.jar:3.0.0]
search_by_ingredients_v1t3ls0n-os-1   | 2025-06-20T19:53:35.116164546Z 	at org.opensearch.plugins.PluginsService.loadBundles(PluginsService.java:582) [opensearch-3.0.0.jar:3.0.0]
search_by_ingredients_v1t3ls0n-os-1   | 2025-06-20T19:53:35.116172834Z 	at org.opensearch.plugins.PluginsService.<init>(PluginsService.java:197) [opensearch-3.0.0.jar:3.0.0]
search_by_ingredients_v1t3ls0n-os-1   | 2025-06-20T19:53:35.116174384Z 	at org.opensearch.node.Node.<init>(Node.java:533) [opensearch-3.0.0.jar:3.0.0]
search_by_ingredients_v1t3ls0n-os-1   | 2025-06-20T19:53:35.116175454Z 	at org.opensearch.node.Node.<init>(Node.java:460) [opensearch-3.0.0.jar:3.0.0]
search_by_ingredients_v1t3ls0n-os-1   | 2025-06-20T19:53:35.116176380Z 	at org.opensearch.bootstrap.Bootstrap$5.<init>(Bootstrap.java:243) [opensearch-3.0.0.jar:3.0.0]
search_by_ingredients_v1t3ls0n-os-1   | 2025-06-20T19:53:35.116177321Z 	at org.opensearch.bootstrap.Bootstrap.setup(Bootstrap.java:243) [opensearch-3.0.0.jar:3.0.0]
search_by_ingredients_v1t3ls0n-os-1   | 2025-06-20T19:53:35.116178209Z 	at org.opensearch.bootstrap.Bootstrap.init(Bootstrap.java:405) [opensearch-3.0.0.jar:3.0.0]
search_by_ingredients_v1t3ls0n-os-1   | 2025-06-20T19:53:35.116179105Z 	at org.opensearch.bootstrap.OpenSearch.init(OpenSearch.java:168) [opensearch-3.0.0.jar:3.0.0]
search_by_ingredients_v1t3ls0n-os-1   | 2025-06-20T19:53:35.116179978Z 	at org.opensearch.bootstrap.OpenSearch.execute(OpenSearch.java:159) [opensearch-3.0.0.jar:3.0.0]
search_by_ingredients_v1t3ls0n-os-1   | 2025-06-20T19:53:35.116180889Z 	at org.opensearch.common.cli.EnvironmentAwareCommand.execute(EnvironmentAwareCommand.java:110) [opensearch-3.0.0.jar:3.0.0]
search_by_ingredients_v1t3ls0n-os-1   | 2025-06-20T19:53:35.116181798Z 	at org.opensearch.cli.Command.mainWithoutErrorHandling(Command.java:138) [opensearch-cli-3.0.0.jar:3.0.0]
search_by_ingredients_v1t3ls0n-os-1   | 2025-06-20T19:53:35.116182712Z 	at org.opensearch.cli.Command.main(Command.java:101) [opensearch-cli-3.0.0.jar:3.0.0]
search_by_ingredients_v1t3ls0n-os-1   | 2025-06-20T19:53:35.116183612Z 	at org.opensearch.bootstrap.OpenSearch.main(OpenSearch.java:125) [opensearch-3.0.0.jar:3.0.0]
search_by_ingredients_v1t3ls0n-os-1   | 2025-06-20T19:53:35.116184491Z 	at org.opensearch.bootstrap.OpenSearch.main(OpenSearch.java:91) [opensearch-3.0.0.jar:3.0.0]
search_by_ingredients_v1t3ls0n-os-1   | 2025-06-20T19:53:35.117539106Z [2025-06-20T19:53:35,117][INFO ][o.o.p.c.SearchBackPressureStatsCollector] [4d15ea8031ea] SearchBackPressureStatsCollector started
search_by_ingredients_v1t3ls0n-os-1   | 2025-06-20T19:53:35.416387304Z [2025-06-20T19:53:35,416][INFO ][o.o.i.r.ReindexModulePlugin] [4d15ea8031ea] ReindexPlugin reloadSPI called
search_by_ingredients_v1t3ls0n-os-1   | 2025-06-20T19:53:35.416897672Z [2025-06-20T19:53:35,416][INFO ][o.o.i.r.ReindexModulePlugin] [4d15ea8031ea] Unable to find any implementation for RemoteReindexExtension
search_by_ingredients_v1t3ls0n-os-1   | 2025-06-20T19:53:35.444071315Z [2025-06-20T19:53:35,443][INFO ][o.o.j.JobSchedulerPlugin ] [4d15ea8031ea] Loaded scheduler extension: opensearch_time_series_analytics, index: .opendistro-anomaly-detector-jobs
search_by_ingredients_v1t3ls0n-os-1   | 2025-06-20T19:53:35.469664878Z [2025-06-20T19:53:35,469][INFO ][o.o.j.JobSchedulerPlugin ] [4d15ea8031ea] Loaded scheduler extension: reports-scheduler, index: .opendistro-reports-definitions
search_by_ingredients_v1t3ls0n-os-1   | 2025-06-20T19:53:35.470169569Z [2025-06-20T19:53:35,470][INFO ][o.o.j.JobSchedulerPlugin ] [4d15ea8031ea] Loaded scheduler extension: opendistro-index-management, index: .opendistro-ism-config
search_by_ingredients_v1t3ls0n-os-1   | 2025-06-20T19:53:35.472095736Z [2025-06-20T19:53:35,471][INFO ][o.o.j.JobSchedulerPlugin ] [4d15ea8031ea] Loaded scheduler extension: checkBatchJobTaskStatus, index: .ml_commons_task_polling_job
search_by_ingredients_v1t3ls0n-os-1   | 2025-06-20T19:53:35.472665934Z [2025-06-20T19:53:35,472][INFO ][o.o.j.JobSchedulerPlugin ] [4d15ea8031ea] Loaded scheduler extension: scheduler_geospatial_ip2geo_datasource, index: .scheduler-geospatial-ip2geo-datasource
search_by_ingredients_v1t3ls0n-os-1   | 2025-06-20T19:53:35.473044133Z [2025-06-20T19:53:35,472][INFO ][o.o.j.JobSchedulerPlugin ] [4d15ea8031ea] Loaded scheduler extension: opensearch_sap_job, index: .opensearch-sap--job
search_by_ingredients_v1t3ls0n-os-1   | 2025-06-20T19:53:35.474398943Z [2025-06-20T19:53:35,474][INFO ][o.o.j.JobSchedulerPlugin ] [4d15ea8031ea] Loaded scheduler extension: async-query-scheduler, index: .async-query-scheduler
search_by_ingredients_v1t3ls0n-os-1   | 2025-06-20T19:53:35.490764439Z [2025-06-20T19:53:35,490][INFO ][o.o.p.PluginsService     ] [4d15ea8031ea] loaded module [aggs-matrix-stats]
search_by_ingredients_v1t3ls0n-os-1   | 2025-06-20T19:53:35.490782180Z [2025-06-20T19:53:35,490][INFO ][o.o.p.PluginsService     ] [4d15ea8031ea] loaded module [analysis-common]
search_by_ingredients_v1t3ls0n-os-1   | 2025-06-20T19:53:35.490783503Z [2025-06-20T19:53:35,490][INFO ][o.o.p.PluginsService     ] [4d15ea8031ea] loaded module [cache-common]
search_by_ingredients_v1t3ls0n-os-1   | 2025-06-20T19:53:35.490870278Z [2025-06-20T19:53:35,490][INFO ][o.o.p.PluginsService     ] [4d15ea8031ea] loaded module [geo]
search_by_ingredients_v1t3ls0n-os-1   | 2025-06-20T19:53:35.490880173Z [2025-06-20T19:53:35,490][INFO ][o.o.p.PluginsService     ] [4d15ea8031ea] loaded module [ingest-common]
search_by_ingredients_v1t3ls0n-os-1   | 2025-06-20T19:53:35.490930954Z [2025-06-20T19:53:35,490][INFO ][o.o.p.PluginsService     ] [4d15ea8031ea] loaded module [ingest-geoip]
search_by_ingredients_v1t3ls0n-os-1   | 2025-06-20T19:53:35.490977148Z [2025-06-20T19:53:35,490][INFO ][o.o.p.PluginsService     ] [4d15ea8031ea] loaded module [ingest-user-agent]
search_by_ingredients_v1t3ls0n-os-1   | 2025-06-20T19:53:35.491009624Z [2025-06-20T19:53:35,490][INFO ][o.o.p.PluginsService     ] [4d15ea8031ea] loaded module [lang-expression]
search_by_ingredients_v1t3ls0n-os-1   | 2025-06-20T19:53:35.491040849Z [2025-06-20T19:53:35,490][INFO ][o.o.p.PluginsService     ] [4d15ea8031ea] loaded module [lang-mustache]
search_by_ingredients_v1t3ls0n-os-1   | 2025-06-20T19:53:35.491098721Z [2025-06-20T19:53:35,491][INFO ][o.o.p.PluginsService     ] [4d15ea8031ea] loaded module [lang-painless]
search_by_ingredients_v1t3ls0n-os-1   | 2025-06-20T19:53:35.491102927Z [2025-06-20T19:53:35,491][INFO ][o.o.p.PluginsService     ] [4d15ea8031ea] loaded module [mapper-extras]
search_by_ingredients_v1t3ls0n-os-1   | 2025-06-20T19:53:35.491166889Z [2025-06-20T19:53:35,491][INFO ][o.o.p.PluginsService     ] [4d15ea8031ea] loaded module [opensearch-dashboards]
search_by_ingredients_v1t3ls0n-os-1   | 2025-06-20T19:53:35.491220084Z [2025-06-20T19:53:35,491][INFO ][o.o.p.PluginsService     ] [4d15ea8031ea] loaded module [parent-join]
search_by_ingredients_v1t3ls0n-os-1   | 2025-06-20T19:53:35.491222322Z [2025-06-20T19:53:35,491][INFO ][o.o.p.PluginsService     ] [4d15ea8031ea] loaded module [percolator]
search_by_ingredients_v1t3ls0n-os-1   | 2025-06-20T19:53:35.491283878Z [2025-06-20T19:53:35,491][INFO ][o.o.p.PluginsService     ] [4d15ea8031ea] loaded module [rank-eval]
search_by_ingredients_v1t3ls0n-os-1   | 2025-06-20T19:53:35.491336958Z [2025-06-20T19:53:35,491][INFO ][o.o.p.PluginsService     ] [4d15ea8031ea] loaded module [reindex]
search_by_ingredients_v1t3ls0n-os-1   | 2025-06-20T19:53:35.491402436Z [2025-06-20T19:53:35,491][INFO ][o.o.p.PluginsService     ] [4d15ea8031ea] loaded module [repository-url]
search_by_ingredients_v1t3ls0n-os-1   | 2025-06-20T19:53:35.491451720Z [2025-06-20T19:53:35,491][INFO ][o.o.p.PluginsService     ] [4d15ea8031ea] loaded module [search-pipeline-common]
search_by_ingredients_v1t3ls0n-os-1   | 2025-06-20T19:53:35.491525335Z [2025-06-20T19:53:35,491][INFO ][o.o.p.PluginsService     ] [4d15ea8031ea] loaded module [systemd]
search_by_ingredients_v1t3ls0n-os-1   | 2025-06-20T19:53:35.491556905Z [2025-06-20T19:53:35,491][INFO ][o.o.p.PluginsService     ] [4d15ea8031ea] loaded module [transport-netty4]
search_by_ingredients_v1t3ls0n-os-1   | 2025-06-20T19:53:35.491762496Z [2025-06-20T19:53:35,491][INFO ][o.o.p.PluginsService     ] [4d15ea8031ea] loaded plugin [opensearch-alerting]
search_by_ingredients_v1t3ls0n-os-1   | 2025-06-20T19:53:35.491779782Z [2025-06-20T19:53:35,491][INFO ][o.o.p.PluginsService     ] [4d15ea8031ea] loaded plugin [opensearch-anomaly-detection]
search_by_ingredients_v1t3ls0n-os-1   | 2025-06-20T19:53:35.491837842Z [2025-06-20T19:53:35,491][INFO ][o.o.p.PluginsService     ] [4d15ea8031ea] loaded plugin [opensearch-asynchronous-search]
search_by_ingredients_v1t3ls0n-os-1   | 2025-06-20T19:53:35.491868572Z [2025-06-20T19:53:35,491][INFO ][o.o.p.PluginsService     ] [4d15ea8031ea] loaded plugin [opensearch-cross-cluster-replication]
search_by_ingredients_v1t3ls0n-os-1   | 2025-06-20T19:53:35.491913802Z [2025-06-20T19:53:35,491][INFO ][o.o.p.PluginsService     ] [4d15ea8031ea] loaded plugin [opensearch-custom-codecs]
search_by_ingredients_v1t3ls0n-os-1   | 2025-06-20T19:53:35.491957662Z [2025-06-20T19:53:35,491][INFO ][o.o.p.PluginsService     ] [4d15ea8031ea] loaded plugin [opensearch-flow-framework]
search_by_ingredients_v1t3ls0n-os-1   | 2025-06-20T19:53:35.491992750Z [2025-06-20T19:53:35,491][INFO ][o.o.p.PluginsService     ] [4d15ea8031ea] loaded plugin [opensearch-geospatial]
search_by_ingredients_v1t3ls0n-os-1   | 2025-06-20T19:53:35.492037479Z [2025-06-20T19:53:35,491][INFO ][o.o.p.PluginsService     ] [4d15ea8031ea] loaded plugin [opensearch-index-management]
search_by_ingredients_v1t3ls0n-os-1   | 2025-06-20T19:53:35.492117377Z [2025-06-20T19:53:35,492][INFO ][o.o.p.PluginsService     ] [4d15ea8031ea] loaded plugin [opensearch-job-scheduler]
search_by_ingredients_v1t3ls0n-os-1   | 2025-06-20T19:53:35.492237115Z [2025-06-20T19:53:35,492][INFO ][o.o.p.PluginsService     ] [4d15ea8031ea] loaded plugin [opensearch-knn]
search_by_ingredients_v1t3ls0n-os-1   | 2025-06-20T19:53:35.492239619Z [2025-06-20T19:53:35,492][INFO ][o.o.p.PluginsService     ] [4d15ea8031ea] loaded plugin [opensearch-ltr]
search_by_ingredients_v1t3ls0n-os-1   | 2025-06-20T19:53:35.492343906Z [2025-06-20T19:53:35,492][INFO ][o.o.p.PluginsService     ] [4d15ea8031ea] loaded plugin [opensearch-ml]
search_by_ingredients_v1t3ls0n-os-1   | 2025-06-20T19:53:35.492354000Z [2025-06-20T19:53:35,492][INFO ][o.o.p.PluginsService     ] [4d15ea8031ea] loaded plugin [opensearch-neural-search]
search_by_ingredients_v1t3ls0n-os-1   | 2025-06-20T19:53:35.492375744Z [2025-06-20T19:53:35,492][INFO ][o.o.p.PluginsService     ] [4d15ea8031ea] loaded plugin [opensearch-notifications]
search_by_ingredients_v1t3ls0n-os-1   | 2025-06-20T19:53:35.492432728Z [2025-06-20T19:53:35,492][INFO ][o.o.p.PluginsService     ] [4d15ea8031ea] loaded plugin [opensearch-notifications-core]
search_by_ingredients_v1t3ls0n-os-1   | 2025-06-20T19:53:35.492435766Z [2025-06-20T19:53:35,492][INFO ][o.o.p.PluginsService     ] [4d15ea8031ea] loaded plugin [opensearch-observability]
search_by_ingredients_v1t3ls0n-os-1   | 2025-06-20T19:53:35.492492774Z [2025-06-20T19:53:35,492][INFO ][o.o.p.PluginsService     ] [4d15ea8031ea] loaded plugin [opensearch-performance-analyzer]
search_by_ingredients_v1t3ls0n-os-1   | 2025-06-20T19:53:35.492533873Z [2025-06-20T19:53:35,492][INFO ][o.o.p.PluginsService     ] [4d15ea8031ea] loaded plugin [opensearch-reports-scheduler]
search_by_ingredients_v1t3ls0n-os-1   | 2025-06-20T19:53:35.492569376Z [2025-06-20T19:53:35,492][INFO ][o.o.p.PluginsService     ] [4d15ea8031ea] loaded plugin [opensearch-security]
search_by_ingredients_v1t3ls0n-os-1   | 2025-06-20T19:53:35.492602874Z [2025-06-20T19:53:35,492][INFO ][o.o.p.PluginsService     ] [4d15ea8031ea] loaded plugin [opensearch-security-analytics]
search_by_ingredients_v1t3ls0n-os-1   | 2025-06-20T19:53:35.492697844Z [2025-06-20T19:53:35,492][INFO ][o.o.p.PluginsService     ] [4d15ea8031ea] loaded plugin [opensearch-skills]
search_by_ingredients_v1t3ls0n-os-1   | 2025-06-20T19:53:35.492758459Z [2025-06-20T19:53:35,492][INFO ][o.o.p.PluginsService     ] [4d15ea8031ea] loaded plugin [opensearch-sql]
search_by_ingredients_v1t3ls0n-os-1   | 2025-06-20T19:53:35.492860617Z [2025-06-20T19:53:35,492][INFO ][o.o.p.PluginsService     ] [4d15ea8031ea] loaded plugin [opensearch-system-templates]
search_by_ingredients_v1t3ls0n-os-1   | 2025-06-20T19:53:35.492910495Z [2025-06-20T19:53:35,492][INFO ][o.o.p.PluginsService     ] [4d15ea8031ea] loaded plugin [query-insights]
search_by_ingredients_v1t3ls0n-os-1   | 2025-06-20T19:53:35.520334419Z [2025-06-20T19:53:35,520][WARN ][stderr                   ] [4d15ea8031ea] WARNING: A restricted method in java.lang.foreign.Linker has been called
search_by_ingredients_v1t3ls0n-os-1   | 2025-06-20T19:53:35.520351862Z [2025-06-20T19:53:35,520][WARN ][stderr                   ] [4d15ea8031ea] WARNING: java.lang.foreign.Linker::downcallHandle has been called by the unnamed module
search_by_ingredients_v1t3ls0n-os-1   | 2025-06-20T19:53:35.520399501Z [2025-06-20T19:53:35,520][WARN ][stderr                   ] [4d15ea8031ea] WARNING: Use --enable-native-access=ALL-UNNAMED to avoid a warning for this module
search_by_ingredients_v1t3ls0n-os-1   | 2025-06-20T19:53:35.567454540Z [2025-06-20T19:53:35,567][INFO ][o.o.e.NodeEnvironment    ] [4d15ea8031ea] using [1] data paths, mounts [[/usr/share/opensearch/data (/dev/sdd)]], net usable_space [214.1gb], net total_space [250.9gb], types [ext4]
search_by_ingredients_v1t3ls0n-os-1   | 2025-06-20T19:53:35.567476792Z [2025-06-20T19:53:35,567][INFO ][o.o.e.NodeEnvironment    ] [4d15ea8031ea] heap size [512mb], compressed ordinary object pointers [true]
search_by_ingredients_v1t3ls0n-os-1   | 2025-06-20T19:53:35.661202648Z [2025-06-20T19:53:35,661][INFO ][o.o.n.Node               ] [4d15ea8031ea] node name [4d15ea8031ea], node ID [EyntKRspRLmKpIHnyi4NoA], cluster name [docker-cluster], roles [ingest, remote_cluster_client, data, cluster_manager]
search_by_ingredients_v1t3ls0n-os-1   | 2025-06-20T19:53:35.710276593Z [2025-06-20T19:53:35,710][INFO ][o.o.e.ExtensionsManager  ] [4d15ea8031ea] ExtensionsManager initialized
search_by_ingredients_v1t3ls0n-os-1   | 2025-06-20T19:53:37.716538038Z [2025-06-20T19:53:37,716][WARN ][stderr                   ] [4d15ea8031ea] SLF4J: Failed to load class "org.slf4j.impl.StaticLoggerBinder".
search_by_ingredients_v1t3ls0n-os-1   | 2025-06-20T19:53:37.716555594Z [2025-06-20T19:53:37,716][WARN ][stderr                   ] [4d15ea8031ea] SLF4J: Defaulting to no-operation (NOP) logger implementation
search_by_ingredients_v1t3ls0n-os-1   | 2025-06-20T19:53:37.716587010Z [2025-06-20T19:53:37,716][WARN ][stderr                   ] [4d15ea8031ea] SLF4J: See http://www.slf4j.org/codes.html#StaticLoggerBinder for further details.
search_by_ingredients_v1t3ls0n-os-1   | 2025-06-20T19:53:37.732509319Z [2025-06-20T19:53:37,732][INFO ][o.o.l.b.LTRCircuitBreakerService] [4d15ea8031ea] Registered memory breaker.
search_by_ingredients_v1t3ls0n-os-1   | 2025-06-20T19:53:37.875228814Z [2025-06-20T19:53:37,874][INFO ][o.o.t.b.CircuitBreakerService] [4d15ea8031ea] Registered memory breaker.
search_by_ingredients_v1t3ls0n-os-1   | 2025-06-20T19:53:38.078193725Z [2025-06-20T19:53:38,077][INFO ][o.o.r.m.c.i.SdkClientFactory] [4d15ea8031ea] Using local opensearch cluster as metadata store.
search_by_ingredients_v1t3ls0n-os-1   | 2025-06-20T19:53:38.365737152Z [2025-06-20T19:53:38,365][INFO ][o.o.r.m.c.i.SdkClientFactory] [4d15ea8031ea] Using local opensearch cluster as metadata store.
search_by_ingredients_v1t3ls0n-os-1   | 2025-06-20T19:53:38.382466867Z [2025-06-20T19:53:38,382][INFO ][o.o.m.b.MLCircuitBreakerService] [4d15ea8031ea] Registered ML memory breaker.
search_by_ingredients_v1t3ls0n-os-1   | 2025-06-20T19:53:38.382973144Z [2025-06-20T19:53:38,382][INFO ][o.o.m.b.MLCircuitBreakerService] [4d15ea8031ea] Registered ML disk breaker.
search_by_ingredients_v1t3ls0n-os-1   | 2025-06-20T19:53:38.382987180Z [2025-06-20T19:53:38,382][INFO ][o.o.m.b.MLCircuitBreakerService] [4d15ea8031ea] Registered ML native memory breaker.
search_by_ingredients_v1t3ls0n-os-1   | 2025-06-20T19:53:38.455702155Z [2025-06-20T19:53:38,455][INFO ][o.r.Reflections          ] [4d15ea8031ea] Reflections took 38 ms to scan 1 urls, producing 31 keys and 81 values 
search_by_ingredients_v1t3ls0n-os-1   | 2025-06-20T19:53:38.470622548Z [2025-06-20T19:53:38,470][INFO ][o.r.Reflections          ] [4d15ea8031ea] Reflections took 2 ms to scan 1 urls, producing 3 keys and 5 values 
search_by_ingredients_v1t3ls0n-os-1   | 2025-06-20T19:53:38.620412049Z [2025-06-20T19:53:38,620][WARN ][o.o.s.p.SQLPlugin        ] [4d15ea8031ea] Master key is a required config for using create and update datasource APIs. Please set plugins.query.datasources.encryption.masterkey config in opensearch.yml in all the cluster nodes. More details can be found here: https://github.com/opensearch-project/sql/blob/main/docs/user/ppl/admin/datasources.rst#master-key-config-for-encrypting-credential-information
search_by_ingredients_v1t3ls0n-os-1   | 2025-06-20T19:53:38.853377278Z [2025-06-20T19:53:38,853][INFO ][o.o.p.i.c.s.QueryInsightsService] [4d15ea8031ea] Setting query insights index template priority to [1847]
search_by_ingredients_v1t3ls0n-os-1   | 2025-06-20T19:53:39.392537393Z [2025-06-20T19:53:39,392][INFO ][o.o.t.NettyAllocator     ] [4d15ea8031ea] creating NettyAllocator with the following configs: [name=unpooled, suggested_max_allocation_size=256kb, factors={opensearch.unsafe.use_unpooled_allocator=null, g1gc_enabled=true, g1gc_region_size=1mb, heap_size=512mb}]
search_by_ingredients_v1t3ls0n-os-1   | 2025-06-20T19:53:39.476902983Z [2025-06-20T19:53:39,476][INFO ][o.o.d.DiscoveryModule    ] [4d15ea8031ea] using discovery type [single-node] and seed hosts providers [settings]
search_by_ingredients_v1t3ls0n-os-1   | 2025-06-20T19:53:39.836238812Z [2025-06-20T19:53:39,836][WARN ][o.o.g.DanglingIndicesState] [4d15ea8031ea] gateway.auto_import_dangling_indices is disabled, dangling indices will not be automatically detected or imported and must be managed manually
search_by_ingredients_v1t3ls0n-os-1   | 2025-06-20T19:53:40.282521592Z [2025-06-20T19:53:40,282][INFO ][o.o.p.h.c.PerformanceAnalyzerConfigAction] [4d15ea8031ea] PerformanceAnalyzer Enabled: false
search_by_ingredients_v1t3ls0n-os-1   | 2025-06-20T19:53:40.325169635Z [2025-06-20T19:53:40,324][INFO ][o.o.n.Node               ] [4d15ea8031ea] initialized
search_by_ingredients_v1t3ls0n-os-1   | 2025-06-20T19:53:40.325279605Z [2025-06-20T19:53:40,325][INFO ][o.o.n.Node               ] [4d15ea8031ea] starting ...
search_by_ingredients_v1t3ls0n-os-1   | 2025-06-20T19:53:40.354705068Z [2025-06-20T19:53:40,354][INFO ][o.o.s.l.BuiltinLogTypeLoader] [4d15ea8031ea] Loaded [windows_logtype.json] log type
search_by_ingredients_v1t3ls0n-os-1   | 2025-06-20T19:53:40.354875076Z [2025-06-20T19:53:40,354][INFO ][o.o.s.l.BuiltinLogTypeLoader] [4d15ea8031ea] Loaded [waf_logtype.json] log type
search_by_ingredients_v1t3ls0n-os-1   | 2025-06-20T19:53:40.355041170Z [2025-06-20T19:53:40,354][INFO ][o.o.s.l.BuiltinLogTypeLoader] [4d15ea8031ea] Loaded [vpcflow_logtype.json] log type
search_by_ingredients_v1t3ls0n-os-1   | 2025-06-20T19:53:40.355212413Z [2025-06-20T19:53:40,355][INFO ][o.o.s.l.BuiltinLogTypeLoader] [4d15ea8031ea] Loaded [test_windows_logtype.json] log type
search_by_ingredients_v1t3ls0n-os-1   | 2025-06-20T19:53:40.355403634Z [2025-06-20T19:53:40,355][INFO ][o.o.s.l.BuiltinLogTypeLoader] [4d15ea8031ea] Loaded [s3_logtype.json] log type
search_by_ingredients_v1t3ls0n-os-1   | 2025-06-20T19:53:40.355471548Z [2025-06-20T19:53:40,355][INFO ][o.o.s.l.BuiltinLogTypeLoader] [4d15ea8031ea] Loaded [others_web_logtype.json] log type
search_by_ingredients_v1t3ls0n-os-1   | 2025-06-20T19:53:40.355657760Z [2025-06-20T19:53:40,355][INFO ][o.o.s.l.BuiltinLogTypeLoader] [4d15ea8031ea] Loaded [others_proxy_logtype.json] log type
search_by_ingredients_v1t3ls0n-os-1   | 2025-06-20T19:53:40.355736033Z [2025-06-20T19:53:40,355][INFO ][o.o.s.l.BuiltinLogTypeLoader] [4d15ea8031ea] Loaded [others_macos_logtype.json] log type
search_by_ingredients_v1t3ls0n-os-1   | 2025-06-20T19:53:40.355848028Z [2025-06-20T19:53:40,355][INFO ][o.o.s.l.BuiltinLogTypeLoader] [4d15ea8031ea] Loaded [others_compliance_logtype.json] log type
search_by_ingredients_v1t3ls0n-os-1   | 2025-06-20T19:53:40.356091781Z [2025-06-20T19:53:40,355][INFO ][o.o.s.l.BuiltinLogTypeLoader] [4d15ea8031ea] Loaded [others_cloud_logtype.json] log type
search_by_ingredients_v1t3ls0n-os-1   | 2025-06-20T19:53:40.356183648Z [2025-06-20T19:53:40,356][INFO ][o.o.s.l.BuiltinLogTypeLoader] [4d15ea8031ea] Loaded [others_apt_logtype.json] log type
search_by_ingredients_v1t3ls0n-os-1   | 2025-06-20T19:53:40.356260614Z [2025-06-20T19:53:40,356][INFO ][o.o.s.l.BuiltinLogTypeLoader] [4d15ea8031ea] Loaded [others_application_logtype.json] log type
search_by_ingredients_v1t3ls0n-os-1   | 2025-06-20T19:53:40.356369979Z [2025-06-20T19:53:40,356][INFO ][o.o.s.l.BuiltinLogTypeLoader] [4d15ea8031ea] Loaded [okta_logtype.json] log type
search_by_ingredients_v1t3ls0n-os-1   | 2025-06-20T19:53:40.356629508Z [2025-06-20T19:53:40,356][INFO ][o.o.s.l.BuiltinLogTypeLoader] [4d15ea8031ea] Loaded [network_logtype.json] log type
search_by_ingredients_v1t3ls0n-os-1   | 2025-06-20T19:53:40.356639285Z [2025-06-20T19:53:40,356][INFO ][o.o.s.l.BuiltinLogTypeLoader] [4d15ea8031ea] Loaded [netflow_logtype.json] log type
search_by_ingredients_v1t3ls0n-os-1   | 2025-06-20T19:53:40.356888306Z [2025-06-20T19:53:40,356][INFO ][o.o.s.l.BuiltinLogTypeLoader] [4d15ea8031ea] Loaded [m365_logtype.json] log type
search_by_ingredients_v1t3ls0n-os-1   | 2025-06-20T19:53:40.357022406Z [2025-06-20T19:53:40,356][INFO ][o.o.s.l.BuiltinLogTypeLoader] [4d15ea8031ea] Loaded [linux_logtype.json] log type
search_by_ingredients_v1t3ls0n-os-1   | 2025-06-20T19:53:40.357162647Z [2025-06-20T19:53:40,357][INFO ][o.o.s.l.BuiltinLogTypeLoader] [4d15ea8031ea] Loaded [gworkspace_logtype.json] log type
search_by_ingredients_v1t3ls0n-os-1   | 2025-06-20T19:53:40.357290768Z [2025-06-20T19:53:40,357][INFO ][o.o.s.l.BuiltinLogTypeLoader] [4d15ea8031ea] Loaded [github_logtype.json] log type
search_by_ingredients_v1t3ls0n-os-1   | 2025-06-20T19:53:40.357386802Z [2025-06-20T19:53:40,357][INFO ][o.o.s.l.BuiltinLogTypeLoader] [4d15ea8031ea] Loaded [dns_logtype.json] log type
search_by_ingredients_v1t3ls0n-os-1   | 2025-06-20T19:53:40.357563034Z [2025-06-20T19:53:40,357][INFO ][o.o.s.l.BuiltinLogTypeLoader] [4d15ea8031ea] Loaded [cloudtrail_logtype.json] log type
search_by_ingredients_v1t3ls0n-os-1   | 2025-06-20T19:53:40.357874395Z [2025-06-20T19:53:40,357][INFO ][o.o.s.l.BuiltinLogTypeLoader] [4d15ea8031ea] Loaded [azure_logtype.json] log type
search_by_ingredients_v1t3ls0n-os-1   | 2025-06-20T19:53:40.357897293Z [2025-06-20T19:53:40,357][INFO ][o.o.s.l.BuiltinLogTypeLoader] [4d15ea8031ea] Loaded [apache_access_logtype.json] log type
search_by_ingredients_v1t3ls0n-os-1   | 2025-06-20T19:53:40.358098357Z [2025-06-20T19:53:40,357][INFO ][o.o.s.l.BuiltinLogTypeLoader] [4d15ea8031ea] Loaded [ad_ldap_logtype.json] log type
search_by_ingredients_v1t3ls0n-os-1   | 2025-06-20T19:53:40.454762919Z [2025-06-20T19:53:40,454][INFO ][o.o.t.TransportService   ] [4d15ea8031ea] publish_address {172.31.0.2:9300}, bound_addresses {0.0.0.0:9300}
search_by_ingredients_v1t3ls0n-os-1   | 2025-06-20T19:53:40.455528069Z [2025-06-20T19:53:40,455][INFO ][o.o.t.TransportService   ] [4d15ea8031ea] Remote clusters initialized successfully.
search_by_ingredients_v1t3ls0n-os-1   | 2025-06-20T19:53:40.594317680Z [2025-06-20T19:53:40,594][WARN ][o.o.b.BootstrapChecks    ] [4d15ea8031ea] max virtual memory areas vm.max_map_count [65530] is too low, increase to at least [262144]
search_by_ingredients_v1t3ls0n-os-1   | 2025-06-20T19:53:40.594932129Z [2025-06-20T19:53:40,594][INFO ][o.o.c.c.Coordinator      ] [4d15ea8031ea] cluster UUID [T9eekrQxSg6vsmIBFQpQhA]
search_by_ingredients_v1t3ls0n-os-1   | 2025-06-20T19:53:40.635118270Z [2025-06-20T19:53:40,634][INFO ][o.o.c.s.ClusterManagerService] [4d15ea8031ea] Tasks batched with key: org.opensearch.cluster.coordination.JoinHelper, count:3 and sample tasks: elected-as-cluster-manager ([1] nodes joined)[{4d15ea8031ea}{EyntKRspRLmKpIHnyi4NoA}{qEbJ7LjXTSWabg0TYLjNig}{172.31.0.2}{172.31.0.2:9300}{dimr}{shard_indexing_pressure_enabled=true} elect leader, _BECOME_CLUSTER_MANAGER_TASK_, _FINISH_ELECTION_], term: 50, version: 519, delta: cluster-manager node changed {previous [], current [{4d15ea8031ea}{EyntKRspRLmKpIHnyi4NoA}{qEbJ7LjXTSWabg0TYLjNig}{172.31.0.2}{172.31.0.2:9300}{dimr}{shard_indexing_pressure_enabled=true}]}
search_by_ingredients_v1t3ls0n-os-1   | 2025-06-20T19:53:40.669627365Z [2025-06-20T19:53:40,669][INFO ][o.o.c.s.ClusterApplierService] [4d15ea8031ea] cluster-manager node changed {previous [], current [{4d15ea8031ea}{EyntKRspRLmKpIHnyi4NoA}{qEbJ7LjXTSWabg0TYLjNig}{172.31.0.2}{172.31.0.2:9300}{dimr}{shard_indexing_pressure_enabled=true}]}, term: 50, version: 519, reason: Publication{term=50, version=519}
search_by_ingredients_v1t3ls0n-os-1   | 2025-06-20T19:53:40.674087546Z [2025-06-20T19:53:40,673][INFO ][o.o.t.i.IndexManagement  ] [4d15ea8031ea] Candidate custom result indices are empty.
search_by_ingredients_v1t3ls0n-os-1   | 2025-06-20T19:53:40.674311242Z [2025-06-20T19:53:40,674][INFO ][o.o.t.i.IndexManagement  ] [4d15ea8031ea] Candidate custom result indices are empty.
search_by_ingredients_v1t3ls0n-os-1   | 2025-06-20T19:53:40.674603811Z [2025-06-20T19:53:40,674][INFO ][o.o.t.c.ClusterEventListener] [4d15ea8031ea] Cluster is not recovered yet.
search_by_ingredients_v1t3ls0n-os-1   | 2025-06-20T19:53:40.703388026Z [2025-06-20T19:53:40,703][INFO ][o.o.i.i.ManagedIndexCoordinator] [4d15ea8031ea] Cache cluster manager node onClusterManager time: 1750449220702
search_by_ingredients_v1t3ls0n-os-1   | 2025-06-20T19:53:40.707141866Z [2025-06-20T19:53:40,706][WARN ][o.o.p.c.s.h.ConfigOverridesClusterSettingHandler] [4d15ea8031ea] Config override setting update called with empty string. Ignoring.
search_by_ingredients_v1t3ls0n-os-1   | 2025-06-20T19:53:40.710640790Z [2025-06-20T19:53:40,710][INFO ][o.o.d.PeerFinder         ] [4d15ea8031ea] setting findPeersInterval to [1s] as node commission status = [true] for local node [{4d15ea8031ea}{EyntKRspRLmKpIHnyi4NoA}{qEbJ7LjXTSWabg0TYLjNig}{172.31.0.2}{172.31.0.2:9300}{dimr}{shard_indexing_pressure_enabled=true}]
search_by_ingredients_v1t3ls0n-os-1   | 2025-06-20T19:53:40.712251712Z [2025-06-20T19:53:40,712][WARN ][o.o.c.r.a.AllocationService] [4d15ea8031ea] Falling back to single shard assignment since batch mode disable or multiple custom allocators set
search_by_ingredients_v1t3ls0n-os-1   | 2025-06-20T19:53:40.718363090Z [2025-06-20T19:53:40,718][INFO ][o.o.h.AbstractHttpServerTransport] [4d15ea8031ea] publish_address {172.31.0.2:9200}, bound_addresses {0.0.0.0:9200}
search_by_ingredients_v1t3ls0n-os-1   | 2025-06-20T19:53:40.718375299Z [2025-06-20T19:53:40,718][INFO ][o.o.n.Node               ] [4d15ea8031ea] started
search_by_ingredients_v1t3ls0n-os-1   | 2025-06-20T19:53:40.719466580Z [2025-06-20T19:53:40,719][INFO ][o.o.s.OpenSearchSecurityPlugin] [4d15ea8031ea] 0 OpenSearch Security modules loaded so far: []
search_by_ingredients_v1t3ls0n-os-1   | 2025-06-20T19:53:40.720380425Z [2025-06-20T19:53:40,720][WARN ][o.o.c.r.a.AllocationService] [4d15ea8031ea] Falling back to single shard assignment since batch mode disable or multiple custom allocators set
search_by_ingredients_v1t3ls0n-os-1   | 2025-06-20T19:53:40.744338703Z [2025-06-20T19:53:40,744][INFO ][o.o.t.c.HashRing         ] [4d15ea8031ea] Node added: [EyntKRspRLmKpIHnyi4NoA]
search_by_ingredients_v1t3ls0n-os-1   | 2025-06-20T19:53:40.746262309Z [2025-06-20T19:53:40,746][INFO ][o.o.t.c.HashRing         ] [4d15ea8031ea] Add data node to version hash ring: EyntKRspRLmKpIHnyi4NoA
search_by_ingredients_v1t3ls0n-os-1   | 2025-06-20T19:53:40.746980766Z [2025-06-20T19:53:40,746][INFO ][o.o.t.c.HashRing         ] [4d15ea8031ea] All nodes with known version: {EyntKRspRLmKpIHnyi4NoA=ADNodeInfo{version=3.0.0, isEligibleDataNode=true}}
search_by_ingredients_v1t3ls0n-os-1   | 2025-06-20T19:53:40.747040607Z [2025-06-20T19:53:40,746][INFO ][o.o.t.c.HashRing         ] [4d15ea8031ea] Rebuild hash ring for realtime with cooldown, nodeChangeEvents size 0
search_by_ingredients_v1t3ls0n-os-1   | 2025-06-20T19:53:40.747189752Z [2025-06-20T19:53:40,747][INFO ][o.o.t.c.HashRing         ] [4d15ea8031ea] Build version hash ring successfully
search_by_ingredients_v1t3ls0n-os-1   | 2025-06-20T19:53:40.747533660Z [2025-06-20T19:53:40,747][INFO ][o.o.t.c.ADDataMigrator   ] [4d15ea8031ea] Start migrating AD data
search_by_ingredients_v1t3ls0n-os-1   | 2025-06-20T19:53:40.747547770Z [2025-06-20T19:53:40,747][INFO ][o.o.t.c.ADDataMigrator   ] [4d15ea8031ea] AD job index doesn't exist, no need to migrate
search_by_ingredients_v1t3ls0n-os-1   | 2025-06-20T19:53:40.747591711Z [2025-06-20T19:53:40,747][INFO ][o.o.t.c.ClusterEventListener] [4d15ea8031ea] Init version hash ring successfully
search_by_ingredients_v1t3ls0n-os-1   | 2025-06-20T19:53:40.760702258Z [2025-06-20T19:53:40,760][INFO ][o.o.c.s.ClusterManagerTaskThrottler] [4d15ea8031ea] Starting cluster manager throttling as all nodes are higher than or equal to 2.5.0
search_by_ingredients_v1t3ls0n-os-1   | 2025-06-20T19:53:40.761349626Z [2025-06-20T19:53:40,761][INFO ][o.o.g.GatewayService     ] [4d15ea8031ea] recovered [10] indices into cluster_state
search_by_ingredients_v1t3ls0n-os-1   | 2025-06-20T19:53:40.762314550Z [2025-06-20T19:53:40,762][INFO ][o.o.s.l.LogTypeService   ] [4d15ea8031ea] Loading builtin types!
search_by_ingredients_v1t3ls0n-os-1   | 2025-06-20T19:53:40.763873337Z [2025-06-20T19:53:40,763][INFO ][o.o.s.l.LogTypeService   ] [4d15ea8031ea] Indexing [432] fieldMappingDocs from logTypes: 24
search_by_ingredients_v1t3ls0n-os-1   | 2025-06-20T19:53:40.777364558Z [2025-06-20T19:53:40,776][WARN ][o.o.c.r.a.AllocationService] [4d15ea8031ea] Falling back to single shard assignment since batch mode disable or multiple custom allocators set
search_by_ingredients_v1t3ls0n-os-1   | 2025-06-20T19:53:40.781122623Z [2025-06-20T19:53:40,780][WARN ][o.o.s.SecurityAnalyticsPlugin] [4d15ea8031ea] Failed to initialize LogType config index and builtin log types
search_by_ingredients_v1t3ls0n-os-1   | 2025-06-20T19:53:40.840765886Z [2025-06-20T19:53:40,840][INFO ][o.o.p.PluginsService     ] [4d15ea8031ea] PluginService:onIndexModule index:[top_queries-2025.06.13-11037/bKInP0JWTgyPBEQklRVMaw]
search_by_ingredients_v1t3ls0n-os-1   | 2025-06-20T19:53:40.909403713Z [2025-06-20T19:53:40,909][INFO ][o.o.p.PluginsService     ] [4d15ea8031ea] PluginService:onIndexModule index:[top_queries-2025.06.14-11038/44-ttSaXQs68W4meuWkunA]
search_by_ingredients_v1t3ls0n-os-1   | 2025-06-20T19:53:40.918063439Z [2025-06-20T19:53:40,917][INFO ][o.o.p.PluginsService     ] [4d15ea8031ea] PluginService:onIndexModule index:[top_queries-2025.06.20-11065/91OY2F5EQTma_9SlZeRn1g]
search_by_ingredients_v1t3ls0n-os-1   | 2025-06-20T19:53:40.926345824Z [2025-06-20T19:53:40,926][INFO ][o.o.p.PluginsService     ] [4d15ea8031ea] PluginService:onIndexModule index:[.plugins-ml-config/u5LjUPifRwy-d1SFFP0YHg]
search_by_ingredients_v1t3ls0n-os-1   | 2025-06-20T19:53:41.081029991Z [2025-06-20T19:53:41,080][WARN ][o.o.c.r.a.AllocationService] [4d15ea8031ea] Falling back to single shard assignment since batch mode disable or multiple custom allocators set
search_by_ingredients_v1t3ls0n-os-1   | 2025-06-20T19:53:41.107027514Z [2025-06-20T19:53:41,106][INFO ][o.o.p.PluginsService     ] [4d15ea8031ea] PluginService:onIndexModule index:[top_queries-2025.06.10-11034/32JLoxNlSKmnAoo-UytgOA]
search_by_ingredients_v1t3ls0n-os-1   | 2025-06-20T19:53:41.112634631Z [2025-06-20T19:53:41,112][INFO ][o.o.p.PluginsService     ] [4d15ea8031ea] PluginService:onIndexModule index:[top_queries-2025.06.11-11035/68bATnXhQsGivvg36D6fRA]
search_by_ingredients_v1t3ls0n-os-1   | 2025-06-20T19:53:41.117732546Z [2025-06-20T19:53:41,117][INFO ][o.o.p.PluginsService     ] [4d15ea8031ea] PluginService:onIndexModule index:[ingredients/Lz1bvnphRUOAQkVVDeF7sA]
search_by_ingredients_v1t3ls0n-os-1   | 2025-06-20T19:53:41.120202099Z [2025-06-20T19:53:41,120][INFO ][o.o.p.PluginsService     ] [4d15ea8031ea] PluginService:onIndexModule index:[top_queries-2025.06.12-11036/OGcCwmmGTZ2TjtwnJmrFmQ]
search_by_ingredients_v1t3ls0n-os-1   | 2025-06-20T19:53:41.236947858Z [2025-06-20T19:53:41,236][WARN ][o.o.c.r.a.AllocationService] [4d15ea8031ea] Falling back to single shard assignment since batch mode disable or multiple custom allocators set
search_by_ingredients_v1t3ls0n-os-1   | 2025-06-20T19:53:41.261248113Z [2025-06-20T19:53:41,261][INFO ][o.o.p.PluginsService     ] [4d15ea8031ea] PluginService:onIndexModule index:[.opensearch-sap-log-types-config/kISrNAR0S4W7fab9CCGGxg]
search_by_ingredients_v1t3ls0n-os-1   | 2025-06-20T19:53:41.267703023Z [2025-06-20T19:53:41,267][INFO ][o.o.p.PluginsService     ] [4d15ea8031ea] PluginService:onIndexModule index:[recipes/hGEVpajpQMCvlpK5sNw6ug]
search_by_ingredients_v1t3ls0n-os-1   | 2025-06-20T19:53:41.312101953Z [2025-06-20T19:53:41,311][WARN ][o.o.c.r.a.AllocationService] [4d15ea8031ea] Falling back to single shard assignment since batch mode disable or multiple custom allocators set
search_by_ingredients_v1t3ls0n-os-1   | 2025-06-20T19:53:41.323435415Z [2025-06-20T19:53:41,323][INFO ][o.o.c.r.a.AllocationService] [4d15ea8031ea] Cluster health status changed from [RED] to [YELLOW] (reason: [shards started [[recipes][0]]]).
search_by_ingredients_v1t3ls0n-os-1   | 2025-06-20T19:53:41.338214130Z [2025-06-20T19:53:41,338][WARN ][o.o.c.r.a.AllocationService] [4d15ea8031ea] Falling back to single shard assignment since batch mode disable or multiple custom allocators set
search_by_ingredients_v1t3ls0n-os-1   | 2025-06-20T19:53:41.710963579Z [2025-06-20T19:53:41,710][INFO ][o.o.s.l.LogTypeService   ] [4d15ea8031ea] Loading builtin types!
search_by_ingredients_v1t3ls0n-os-1   | 2025-06-20T19:53:41.712011235Z [2025-06-20T19:53:41,711][INFO ][o.o.s.l.LogTypeService   ] [4d15ea8031ea] Indexing [432] fieldMappingDocs from logTypes: 24
search_by_ingredients_v1t3ls0n-os-1   | 2025-06-20T19:53:41.720779109Z [2025-06-20T19:53:41,720][INFO ][o.o.s.l.LogTypeService   ] [4d15ea8031ea] Loading builtin types!
search_by_ingredients_v1t3ls0n-os-1   | 2025-06-20T19:53:41.721010069Z [2025-06-20T19:53:41,720][INFO ][o.o.s.l.LogTypeService   ] [4d15ea8031ea] Indexing [432] fieldMappingDocs from logTypes: 24
search_by_ingredients_v1t3ls0n-os-1   | 2025-06-20T19:53:41.721938397Z [2025-06-20T19:53:41,721][INFO ][o.o.s.i.DetectorIndexManagementService] [4d15ea8031ea] info deleteOldIndices
search_by_ingredients_v1t3ls0n-os-1   | 2025-06-20T19:53:41.723566788Z [2025-06-20T19:53:41,723][INFO ][o.o.s.i.DetectorIndexManagementService] [4d15ea8031ea] No Old Correlation Indices to delete
search_by_ingredients_v1t3ls0n-os-1   | 2025-06-20T19:53:41.723926170Z [2025-06-20T19:53:41,723][INFO ][o.o.s.i.DetectorIndexManagementService] [4d15ea8031ea] info deleteOldIndices
search_by_ingredients_v1t3ls0n-os-1   | 2025-06-20T19:53:41.724126441Z [2025-06-20T19:53:41,724][INFO ][o.o.s.i.DetectorIndexManagementService] [4d15ea8031ea] No Old IOC Findings Indices to delete
search_by_ingredients_v1t3ls0n-os-1   | 2025-06-20T19:53:41.817158728Z [2025-06-20T19:53:41,816][INFO ][o.o.s.l.LogTypeService   ] [4d15ea8031ea] Indexing [432] fieldMappingDocs
search_by_ingredients_v1t3ls0n-os-1   | 2025-06-20T19:53:41.817234598Z [2025-06-20T19:53:41,816][INFO ][o.o.s.l.LogTypeService   ] [4d15ea8031ea] Indexing [432] fieldMappingDocs
search_by_ingredients_v1t3ls0n-os-1   | 2025-06-20T19:53:42.129921688Z [2025-06-20T19:53:42,129][INFO ][o.o.s.l.LogTypeService   ] [4d15ea8031ea] Loaded [432] field mapping docs successfully!
search_by_ingredients_v1t3ls0n-os-1   | 2025-06-20T19:53:42.131615536Z [2025-06-20T19:53:42,131][INFO ][o.o.s.l.LogTypeService   ] [4d15ea8031ea] Loaded [432] field mapping docs successfully!
search_by_ingredients_v1t3ls0n-os-1   | 2025-06-20T19:53:42.138533646Z [2025-06-20T19:53:42,138][INFO ][o.o.s.l.LogTypeService   ] [4d15ea8031ea] Indexing [23] customLogTypes
search_by_ingredients_v1t3ls0n-os-1   | 2025-06-20T19:53:42.144407965Z [2025-06-20T19:53:42,144][INFO ][o.o.s.l.LogTypeService   ] [4d15ea8031ea] Indexing [23] customLogTypes
search_by_ingredients_v1t3ls0n-os-1   | 2025-06-20T19:53:42.169263049Z [2025-06-20T19:53:42,168][INFO ][o.o.s.l.LogTypeService   ] [4d15ea8031ea] Loaded [23] customLogType docs successfully!
search_by_ingredients_v1t3ls0n-os-1   | 2025-06-20T19:53:42.173699863Z [2025-06-20T19:53:42,173][INFO ][o.o.s.l.LogTypeService   ] [4d15ea8031ea] Loaded [23] customLogType docs successfully!
search_by_ingredients_v1t3ls0n-os-1   | 2025-06-20T19:53:42.215096432Z [2025-06-20T19:53:42,214][INFO ][o.o.s.i.DetectorIndexManagementService] [4d15ea8031ea] info deleteOldIndices
search_by_ingredients_v1t3ls0n-os-1   | 2025-06-20T19:53:42.215132128Z [2025-06-20T19:53:42,214][INFO ][o.o.s.i.DetectorIndexManagementService] [4d15ea8031ea] info deleteOldIndices
search_by_ingredients_v1t3ls0n-os-1   | 2025-06-20T19:53:42.215332222Z [2025-06-20T19:53:42,215][INFO ][o.o.s.i.DetectorIndexManagementService] [4d15ea8031ea] No Old Alert Indices to delete
search_by_ingredients_v1t3ls0n-os-1   | 2025-06-20T19:53:42.215574772Z [2025-06-20T19:53:42,215][INFO ][o.o.s.i.DetectorIndexManagementService] [4d15ea8031ea] No Old Finding Indices to delete
search_by_ingredients_v1t3ls0n-os-1   | 2025-06-20T19:53:50.703978572Z [2025-06-20T19:53:50,703][INFO ][o.o.m.a.MLModelAutoReDeployer] [4d15ea8031ea] Index not found, not performing auto reloading!
search_by_ingredients_v1t3ls0n-os-1   | 2025-06-20T19:53:50.704024633Z [2025-06-20T19:53:50,703][INFO ][o.o.m.c.MLCommonsClusterManagerEventListener] [4d15ea8031ea] Starting ML sync up job...
search_by_ingredients_v1t3ls0n-web-1  | 2025-06-20T19:53:52.454337469Z INFO:__main__:Found existing data: 225602 recipes and 246351 ingredients
search_by_ingredients_v1t3ls0n-web-1  | 2025-06-20T19:53:52.454380843Z INFO:__main__:Data already exists in OpenSearch, skipping indexing
search_by_ingredients_v1t3ls0n-web-1  | 2025-06-20T19:53:52.521277809Z ✅ Indexing completed
search_by_ingredients_v1t3ls0n-web-1  | 2025-06-20T19:53:52.521552533Z 🚀 Launching Flask app...
search_by_ingredients_v1t3ls0n-os-1   | 2025-06-20T19:54:00.731696086Z [2025-06-20T19:54:00,731][INFO ][o.o.m.c.MLSyncUpCron     ] [4d15ea8031ea] Skipping sync up job - ML model index not found
search_by_ingredients_v1t3ls0n-os-1   | 2025-06-20T19:54:00.733053456Z [2025-06-20T19:54:00,732][INFO ][o.o.m.c.MLSyncUpCron     ] [4d15ea8031ea] ML configuration already initialized, no action needed
search_by_ingredients_v1t3ls0n-os-1   | 2025-06-20T19:54:10.731929728Z [2025-06-20T19:54:10,731][INFO ][o.o.m.c.MLSyncUpCron     ] [4d15ea8031ea] Skipping sync up job - ML model index not found
search_by_ingredients_v1t3ls0n-os-1   | 2025-06-20T19:54:20.732648061Z [2025-06-20T19:54:20,732][INFO ][o.o.m.c.MLSyncUpCron     ] [4d15ea8031ea] Skipping sync up job - ML model index not found
search_by_ingredients_v1t3ls0n-os-1   | 2025-06-20T19:54:30.733349803Z [2025-06-20T19:54:30,733][INFO ][o.o.m.c.MLSyncUpCron     ] [4d15ea8031ea] Skipping sync up job - ML model index not found
search_by_ingredients_v1t3ls0n-os-1   | 2025-06-20T19:54:40.733936812Z [2025-06-20T19:54:40,733][INFO ][o.o.m.c.MLSyncUpCron     ] [4d15ea8031ea] Skipping sync up job - ML model index not found
search_by_ingredients_v1t3ls0n-os-1   | 2025-06-20T19:54:50.735362689Z [2025-06-20T19:54:50,734][INFO ][o.o.m.c.MLSyncUpCron     ] [4d15ea8031ea] Skipping sync up job - ML model index not found
search_by_ingredients_v1t3ls0n-os-1   | 2025-06-20T19:55:00.736084043Z [2025-06-20T19:55:00,735][INFO ][o.o.m.c.MLSyncUpCron     ] [4d15ea8031ea] Skipping sync up job - ML model index not found
search_by_ingredients_v1t3ls0n-web-1  | 2025-06-20T19:55:01.860248697Z 19:55:01 │ INFO │ Logging system initialized successfully
search_by_ingredients_v1t3ls0n-web-1  | 2025-06-20T19:55:01.892073044Z INFO: Starting application initialization...
search_by_ingredients_v1t3ls0n-web-1  | 2025-06-20T19:55:01.966753923Z INFO: Application initialization completed successfully
search_by_ingredients_v1t3ls0n-web-1  | 2025-06-20T19:55:01.967682354Z Waiting for OpenSearch to be ready...
search_by_ingredients_v1t3ls0n-web-1  | 2025-06-20T19:55:01.967704597Z Successfully connected to OpenSearch!
search_by_ingredients_v1t3ls0n-web-1  | 2025-06-